2023-12-04 15:04:01,845 [INFO] Activator:176 - 


2023-12-04 15:04:01,850 [INFO] Activator:177 - !SESSION log4j initialized
2023-12-04 15:04:09,841 [INFO] LogOutputStream:77 - [STDOUT_REDIRECT] 
2023-12-04 15:04:12,285 [INFO] ApplicationProperties:184 - Using Application install path: C:\ST\STM32CubeIDE_1.12.0\STM32CubeIDE\plugins\com.st.stm32cube.common.mx_6.9.2.202309101412
2023-12-04 15:04:12,307 [INFO] DbMcusXml:78 - Set database path to: C:\ST\STM32CubeIDE_1.12.0\STM32CubeIDE\plugins\com.st.stm32cube.common.mx_6.9.2.202309101412\\db\/mcu/
2023-12-04 15:04:12,308 [INFO] ApiDb:274 - Set plugin database path to: C:\ST\STM32CubeIDE_1.12.0\STM32CubeIDE\plugins\com.st.stm32cube.common.mx_6.9.2.202309101412\\db\/plugins/boardmanager/
2023-12-04 15:04:12,308 [WARN] ApiDb:259 - Overriding images path with different value:  => C:\ST\STM32CubeIDE_1.12.0\STM32CubeIDE\plugins\com.st.stm32cube.common.mx_6.9.2.202309101412\\db\/plugins/mcufinder/images/
2023-12-04 15:04:12,324 [INFO] ApiDb:250 - Set database path to: C:\Users\umutu\.stmcufinder\plugins\mcufinder//mcu/
2023-12-04 15:04:12,325 [INFO] DbMcusAds:125 - Set database path to: C:\Users\umutu\.stmcufinder\plugins\mcufinder//mcu/
2023-12-04 15:04:12,327 [INFO] CrossReferenceDbSqlite:203 - Set database path to: C:\Users\umutu\.stmcufinder\plugins\mcufinder//mcu/cs/
2023-12-04 15:04:12,437 [INFO] RulesReader:64 - Compatibility file has been processed (293 Rules)
2023-12-04 15:04:12,529 [INFO] DbMcusXml:78 - Set database path to: C:\ST\STM32CubeIDE_1.12.0\STM32CubeIDE\plugins\com.st.stm32cube.common.mx_6.9.2.202309101412\\db\/mcu/
2023-12-04 15:04:12,529 [INFO] ApiDb:274 - Set plugin database path to: C:\ST\STM32CubeIDE_1.12.0\STM32CubeIDE\plugins\com.st.stm32cube.common.mx_6.9.2.202309101412\\db\/plugins/boardmanager/
2023-12-04 15:04:12,529 [INFO] ApiDb:261 - Set plugin images path to: C:\ST\STM32CubeIDE_1.12.0\STM32CubeIDE\plugins\com.st.stm32cube.common.mx_6.9.2.202309101412\\db\/plugins/mcufinder/images/
2023-12-04 15:04:12,530 [WARN] DbFile:41 - Overriding database path with different value: C:\Users\umutu\.stmcufinder\plugins\mcufinder/ => C:\Users\umutu\.stmcufinder\plugins\mcufinder
2023-12-04 15:04:12,531 [INFO] ApiDb:250 - Set database path to: C:\Users\umutu\.stmcufinder\plugins\mcufinder//mcu/
2023-12-04 15:04:12,531 [WARN] DbFile:41 - Overriding database path with different value: C:\Users\umutu\.stmcufinder\plugins\mcufinder/ => C:\Users\umutu\.stmcufinder\plugins\mcufinder
2023-12-04 15:04:12,531 [INFO] DbMcusAds:125 - Set database path to: C:\Users\umutu\.stmcufinder\plugins\mcufinder//mcu/
2023-12-04 15:04:12,531 [WARN] DbFile:41 - Overriding database path with different value: C:\Users\umutu\.stmcufinder\plugins\mcufinder/ => C:\Users\umutu\.stmcufinder\plugins\mcufinder
2023-12-04 15:04:12,531 [WARN] DbFile:41 - Overriding database path with different value: C:\Users\umutu\.stmcufinder\plugins\mcufinder/ => C:\Users\umutu\.stmcufinder\plugins\mcufinder
2023-12-04 15:04:12,531 [INFO] CrossReferenceDbSqlite:203 - Set database path to: C:\Users\umutu\.stmcufinder\plugins\mcufinder//mcu/cs/
2023-12-04 15:04:12,625 [INFO] MainPanel:262 - HeapMemory: 268435456
2023-12-04 15:04:12,761 [INFO] DbMcusXml:78 - Set database path to: C:\ST\STM32CubeIDE_1.12.0\STM32CubeIDE\plugins\com.st.stm32cube.common.mx_6.9.2.202309101412\\db\/mcu/
2023-12-04 15:04:12,761 [INFO] ApiDb:274 - Set plugin database path to: C:\ST\STM32CubeIDE_1.12.0\STM32CubeIDE\plugins\com.st.stm32cube.common.mx_6.9.2.202309101412\\db\/plugins/boardmanager/
2023-12-04 15:04:12,761 [INFO] ApiDb:261 - Set plugin images path to: C:\ST\STM32CubeIDE_1.12.0\STM32CubeIDE\plugins\com.st.stm32cube.common.mx_6.9.2.202309101412\\db\/plugins/mcufinder/images/
2023-12-04 15:04:12,761 [WARN] DbFile:41 - Overriding database path with different value: C:\Users\umutu\.stmcufinder\plugins\mcufinder/ => C:\Users\umutu\.stmcufinder\plugins\mcufinder
2023-12-04 15:04:12,761 [INFO] ApiDb:250 - Set database path to: C:\Users\umutu\.stmcufinder\plugins\mcufinder//mcu/
2023-12-04 15:04:12,761 [WARN] DbFile:41 - Overriding database path with different value: C:\Users\umutu\.stmcufinder\plugins\mcufinder/ => C:\Users\umutu\.stmcufinder\plugins\mcufinder
2023-12-04 15:04:12,761 [INFO] DbMcusAds:125 - Set database path to: C:\Users\umutu\.stmcufinder\plugins\mcufinder//mcu/
2023-12-04 15:04:12,761 [WARN] DbFile:41 - Overriding database path with different value: C:\Users\umutu\.stmcufinder\plugins\mcufinder/ => C:\Users\umutu\.stmcufinder\plugins\mcufinder
2023-12-04 15:04:12,761 [WARN] DbFile:41 - Overriding database path with different value: C:\Users\umutu\.stmcufinder\plugins\mcufinder/ => C:\Users\umutu\.stmcufinder\plugins\mcufinder
2023-12-04 15:04:12,763 [INFO] CrossReferenceDbSqlite:203 - Set database path to: C:\Users\umutu\.stmcufinder\plugins\mcufinder//mcu/cs/
2023-12-04 15:04:12,785 [INFO] ApplicationProperties:184 - Using Application install path: C:\ST\STM32CubeIDE_1.12.0\STM32CubeIDE\plugins\com.st.stm32cube.common.mx_6.9.2.202309101412
2023-12-04 15:04:12,786 [INFO] PluginManage:196 - Search for loadable plugins [exclusion list=, ]
2023-12-04 15:04:12,787 [INFO] PluginManage:310 - Check plugin analytics
2023-12-04 15:04:12,945 [INFO] AnalyticsPlugin:253 - Accepted Software Licenses: 
2023-12-04 15:04:12,945 [INFO] AnalyticsPlugin:255 - Accepted CMSIS Pack Licenses: 
2023-12-04 15:04:12,946 [INFO] AnalyticsPlugin:257 - Accepted Firmware Licenses: 
2023-12-04 15:04:12,959 [INFO] PluginManage:359 - Loaded plugin analytics (category:tool,tabindex:-1)
2023-12-04 15:04:12,960 [INFO] PluginManage:310 - Check plugin cadmodel
2023-12-04 15:04:12,978 [INFO] CADModel:105 - Init CAD model plugin
2023-12-04 15:04:12,978 [INFO] PluginManage:359 - Loaded plugin cadmodel (category:power,tabindex:5)
2023-12-04 15:04:12,978 [INFO] PluginManage:310 - Check plugin clock
2023-12-04 15:04:12,995 [INFO] PluginManage:359 - Loaded plugin clock (category:base,tabindex:2)
2023-12-04 15:04:12,995 [INFO] PluginManage:310 - Check plugin ddr
2023-12-04 15:04:12,998 [INFO] PluginManage:359 - Loaded plugin ddr (category:tool,tabindex:6)
2023-12-04 15:04:12,998 [INFO] PluginManage:310 - Check plugin filemanager
2023-12-04 15:04:13,142 [INFO] PluginManage:359 - Loaded plugin filemanager (category:base,tabindex:10)
2023-12-04 15:04:13,142 [INFO] PluginManage:310 - Check plugin ipmanager
2023-12-04 15:04:13,150 [INFO] PluginManage:359 - Loaded plugin ipmanager (category:base,tabindex:5)
2023-12-04 15:04:13,151 [INFO] PluginManage:310 - Check plugin lpbam
2023-12-04 15:04:13,302 [INFO] PluginManage:359 - Loaded plugin lpbam (category:base,tabindex:0)
2023-12-04 15:04:13,302 [INFO] PluginManage:310 - Check plugin memorymap
2023-12-04 15:04:13,427 [INFO] PluginManage:359 - Loaded plugin memorymap (category:base,tabindex:4)
2023-12-04 15:04:13,430 [INFO] PluginManage:310 - Check plugin pinoutandconfiguration
2023-12-04 15:04:13,442 [INFO] PluginManage:359 - Loaded plugin pinoutandconfiguration (category:base,tabindex:1)
2023-12-04 15:04:13,442 [INFO] PluginManage:310 - Check plugin pinoutconfig
2023-12-04 15:04:13,546 [WARN] SupportedApi:132 - Cannot load RTOS API schema: s4s-elt-must-match.1: The content of 'definitions' must match (annotation?, (simpleType | complexType)?, (unique | key | keyref)*)). A problem was found starting at: attribute.
2023-12-04 15:04:13,890 [INFO] PluginManage:359 - Loaded plugin pinoutconfig (category:base,tabindex:0)
2023-12-04 15:04:13,892 [INFO] PluginManage:310 - Check plugin power
2023-12-04 15:04:13,978 [INFO] PluginManage:359 - Loaded plugin power (category:power,tabindex:4)
2023-12-04 15:04:13,979 [INFO] PluginManage:310 - Check plugin projectmanager
2023-12-04 15:04:14,034 [INFO] PluginManage:359 - Loaded plugin projectmanager (category:projectmanager,tabindex:3)
2023-12-04 15:04:14,035 [INFO] PluginManage:310 - Check plugin thirdparty
2023-12-04 15:04:14,361 [INFO] PluginManage:359 - Loaded plugin thirdparty (category:base,tabindex:-1)
2023-12-04 15:04:14,361 [WARN] IntegrityCheckThread:84 - waiting for thirdparty lock release [integrity check]
2023-12-04 15:04:14,361 [INFO] PluginManage:310 - Check plugin tools
2023-12-04 15:04:14,361 [INFO] IntegrityCheckThread:86 - entering critical section [integrity check]
2023-12-04 15:04:14,361 [INFO] ThirdPartyUpdaterWithRetryManager:70 - Updater plugin not ready yet. [1/15]
2023-12-04 15:04:14,381 [INFO] PluginManage:359 - Loaded plugin tools (category:base,tabindex:7)
2023-12-04 15:04:14,381 [INFO] PluginManage:310 - Check plugin tutovideos
2023-12-04 15:04:14,701 [INFO] PluginManage:359 - Loaded plugin tutovideos (category:base,tabindex:-1)
2023-12-04 15:04:14,701 [INFO] PluginManage:310 - Check plugin updater
2023-12-04 15:04:14,718 [INFO] PluginManage:359 - Loaded plugin updater (category:base,tabindex:12)
2023-12-04 15:04:14,719 [INFO] PluginManage:310 - Check plugin userauth
2023-12-04 15:04:14,728 [INFO] UserAuth:113 - Init User Auth plugin
2023-12-04 15:04:14,728 [INFO] PluginManage:359 - Loaded plugin userauth (category:base,tabindex:14)
2023-12-04 15:04:14,728 [INFO] PluginManage:283 - PluginManage : Loaded plugins [17]
2023-12-04 15:04:15,094 [INFO] PinOutPanel:1499 - setPackage(No Configuration,No Configuration)
2023-12-04 15:04:15,209 [INFO] CADModel:165 - CPN selected for project level
2023-12-04 15:04:15,209 [INFO] CADModel:114 - Register for checkConnection events
2023-12-04 15:04:15,271 [INFO] IPUIPlugin:80 - create IPUIPlugin
2023-12-04 15:04:15,272 [INFO] PluginManager:220 - loadIPPluginJar : add adc
2023-12-04 15:04:15,293 [INFO] IPUIPlugin:80 - create IPUIPlugin
2023-12-04 15:04:15,294 [INFO] PluginManager:220 - loadIPPluginJar : add aes
2023-12-04 15:04:15,325 [INFO] IPUIPlugin:80 - create IPUIPlugin
2023-12-04 15:04:15,325 [INFO] PluginManager:220 - loadIPPluginJar : add can
2023-12-04 15:04:15,341 [INFO] IPUIPlugin:80 - create IPUIPlugin
2023-12-04 15:04:15,343 [INFO] PluginManager:220 - loadIPPluginJar : add comp
2023-12-04 15:04:15,362 [INFO] IPUIPlugin:80 - create IPUIPlugin
2023-12-04 15:04:15,363 [INFO] PluginManager:220 - loadIPPluginJar : add cryp
2023-12-04 15:04:15,380 [INFO] IPUIPlugin:80 - create IPUIPlugin
2023-12-04 15:04:15,380 [INFO] PluginManager:220 - loadIPPluginJar : add dfsdm
2023-12-04 15:04:15,424 [INFO] IPUIPlugin:80 - create IPUIPlugin
2023-12-04 15:04:15,424 [INFO] PluginManager:220 - loadIPPluginJar : add dma
2023-12-04 15:04:15,447 [INFO] IPUIPlugin:80 - create IPUIPlugin
2023-12-04 15:04:15,448 [INFO] PluginManager:220 - loadIPPluginJar : add dma3
2023-12-04 15:04:15,461 [INFO] IPUIPlugin:80 - create IPUIPlugin
2023-12-04 15:04:15,461 [INFO] PluginManager:220 - loadIPPluginJar : add fatfs
2023-12-04 15:04:15,485 [INFO] IPUIPlugin:80 - create IPUIPlugin
2023-12-04 15:04:15,486 [INFO] PluginManager:220 - loadIPPluginJar : add fmc
2023-12-04 15:04:15,497 [INFO] IPUIPlugin:80 - create IPUIPlugin
2023-12-04 15:04:15,497 [INFO] PluginManager:220 - loadIPPluginJar : add freertos
2023-12-04 15:04:15,511 [INFO] IPUIPlugin:80 - create IPUIPlugin
2023-12-04 15:04:15,511 [INFO] PluginManager:220 - loadIPPluginJar : add genericplugin
2023-12-04 15:04:15,558 [INFO] IPUIPlugin:80 - create IPUIPlugin
2023-12-04 15:04:15,558 [INFO] PluginManager:220 - loadIPPluginJar : add gfxmmu
2023-12-04 15:04:15,619 [INFO] IPUIPlugin:80 - create IPUIPlugin
2023-12-04 15:04:15,619 [INFO] PluginManager:220 - loadIPPluginJar : add gic
2023-12-04 15:04:15,773 [INFO] IPUIPlugin:80 - create IPUIPlugin
2023-12-04 15:04:15,773 [INFO] PluginManager:220 - loadIPPluginJar : add gpio
2023-12-04 15:04:15,825 [INFO] IPUIPlugin:80 - create IPUIPlugin
2023-12-04 15:04:15,825 [INFO] PluginManager:220 - loadIPPluginJar : add gtzc
2023-12-04 15:04:15,841 [INFO] IPUIPlugin:80 - create IPUIPlugin
2023-12-04 15:04:15,843 [INFO] PluginManager:220 - loadIPPluginJar : add hash
2023-12-04 15:04:15,874 [INFO] IPUIPlugin:80 - create IPUIPlugin
2023-12-04 15:04:15,874 [INFO] PluginManager:220 - loadIPPluginJar : add i2c
2023-12-04 15:04:15,901 [INFO] IPUIPlugin:80 - create IPUIPlugin
2023-12-04 15:04:15,901 [INFO] PluginManager:220 - loadIPPluginJar : add i2s
2023-12-04 15:04:15,926 [INFO] IPUIPlugin:80 - create IPUIPlugin
2023-12-04 15:04:15,926 [INFO] PluginManager:220 - loadIPPluginJar : add i3c
2023-12-04 15:04:15,975 [INFO] IPUIPlugin:80 - create IPUIPlugin
2023-12-04 15:04:15,976 [INFO] PluginManager:220 - loadIPPluginJar : add ipddr
2023-12-04 15:04:16,025 [INFO] IPUIPlugin:80 - create IPUIPlugin
2023-12-04 15:04:16,026 [INFO] PluginManager:220 - loadIPPluginJar : add linkedlist
2023-12-04 15:04:16,047 [INFO] IPUIPlugin:80 - create IPUIPlugin
2023-12-04 15:04:16,047 [INFO] PluginManager:220 - loadIPPluginJar : add lorawan
2023-12-04 15:04:16,067 [INFO] IPUIPlugin:80 - create IPUIPlugin
2023-12-04 15:04:16,067 [INFO] PluginManager:220 - loadIPPluginJar : add ltdc
2023-12-04 15:04:16,165 [INFO] IPUIPlugin:80 - create IPUIPlugin
2023-12-04 15:04:16,166 [INFO] PluginManager:220 - loadIPPluginJar : add mdma
2023-12-04 15:04:16,275 [INFO] IPUIPlugin:80 - create IPUIPlugin
2023-12-04 15:04:16,276 [INFO] PluginManager:220 - loadIPPluginJar : add nvic
2023-12-04 15:04:16,300 [INFO] IPUIPlugin:80 - create IPUIPlugin
2023-12-04 15:04:16,300 [INFO] PluginManager:220 - loadIPPluginJar : add opamp
2023-12-04 15:04:16,335 [INFO] IPUIPlugin:80 - create IPUIPlugin
2023-12-04 15:04:16,335 [INFO] PluginManager:220 - loadIPPluginJar : add openamp
2023-12-04 15:04:16,357 [INFO] IPUIPlugin:80 - create IPUIPlugin
2023-12-04 15:04:16,357 [INFO] PluginManager:220 - loadIPPluginJar : add pdm2pcm
2023-12-04 15:04:16,451 [INFO] IPUIPlugin:80 - create IPUIPlugin
2023-12-04 15:04:16,453 [INFO] PluginManager:220 - loadIPPluginJar : add plateformsettings
2023-12-04 15:04:16,465 [INFO] IPUIPlugin:80 - create IPUIPlugin
2023-12-04 15:04:16,465 [INFO] PluginManager:220 - loadIPPluginJar : add quadspi
2023-12-04 15:04:16,475 [INFO] IPUIPlugin:80 - create IPUIPlugin
2023-12-04 15:04:16,475 [INFO] PluginManager:220 - loadIPPluginJar : add resmgrutility
2023-12-04 15:04:16,497 [INFO] IPUIPlugin:80 - create IPUIPlugin
2023-12-04 15:04:16,498 [INFO] PluginManager:220 - loadIPPluginJar : add sai
2023-12-04 15:04:16,516 [INFO] IPUIPlugin:80 - create IPUIPlugin
2023-12-04 15:04:16,516 [INFO] PluginManager:220 - loadIPPluginJar : add spi
2023-12-04 15:04:16,542 [INFO] IPUIPlugin:80 - create IPUIPlugin
2023-12-04 15:04:16,542 [INFO] PluginManager:220 - loadIPPluginJar : add stm32_wpan
2023-12-04 15:04:16,557 [INFO] IPUIPlugin:80 - create IPUIPlugin
2023-12-04 15:04:16,557 [INFO] PluginManager:220 - loadIPPluginJar : add tim
2023-12-04 15:04:16,581 [INFO] IPUIPlugin:80 - create IPUIPlugin
2023-12-04 15:04:16,581 [INFO] PluginManager:220 - loadIPPluginJar : add touchsensing
2023-12-04 15:04:16,595 [INFO] IPUIPlugin:80 - create IPUIPlugin
2023-12-04 15:04:16,595 [INFO] PluginManager:220 - loadIPPluginJar : add tracer_emb
2023-12-04 15:04:16,608 [INFO] IPUIPlugin:80 - create IPUIPlugin
2023-12-04 15:04:16,608 [INFO] PluginManager:220 - loadIPPluginJar : add ts
2023-12-04 15:04:16,621 [INFO] IPUIPlugin:80 - create IPUIPlugin
2023-12-04 15:04:16,621 [INFO] PluginManager:220 - loadIPPluginJar : add tsc
2023-12-04 15:04:16,633 [INFO] IPUIPlugin:80 - create IPUIPlugin
2023-12-04 15:04:16,633 [INFO] PluginManager:220 - loadIPPluginJar : add ucpd
2023-12-04 15:04:16,654 [INFO] IPUIPlugin:80 - create IPUIPlugin
2023-12-04 15:04:16,654 [INFO] PluginManager:220 - loadIPPluginJar : add usart
2023-12-04 15:04:16,674 [INFO] IPUIPlugin:80 - create IPUIPlugin
2023-12-04 15:04:16,674 [INFO] PluginManager:220 - loadIPPluginJar : add usbx
2023-12-04 15:04:16,794 [INFO] CADModel:165 - CPN selected for project level
2023-12-04 15:04:16,794 [INFO] CADModel:114 - Register for checkConnection events
2023-12-04 15:04:16,794 [FATAL] Updater:308 - Updater called before beeing initialized
2023-12-04 15:04:16,794 [ERROR] CADModel:125 - Updater not yet initialized, retry later 
2023-12-04 15:04:16,953 [INFO] CADModel:165 - CPN selected for project level
2023-12-04 15:04:16,953 [INFO] CADModel:114 - Register for checkConnection events
2023-12-04 15:04:16,953 [FATAL] Updater:308 - Updater called before beeing initialized
2023-12-04 15:04:16,953 [ERROR] CADModel:125 - Updater not yet initialized, retry later 
2023-12-04 15:04:16,958 [FATAL] Updater:308 - Updater called before beeing initialized
2023-12-04 15:04:17,047 [FATAL] Updater:308 - Updater called before beeing initialized
2023-12-04 15:04:17,057 [INFO] DbMcusAds:53 - JSON generation date=Wed Nov 29 13:52:38 TRT 2023 (1701255158764)
2023-12-04 15:04:17,057 [FATAL] Updater:308 - Updater called before beeing initialized
2023-12-04 15:04:17,095 [WARN] DetailPanel:346 - Failed to get advertising image, set to default
2023-12-04 15:04:17,190 [FATAL] Updater:308 - Updater called before beeing initialized
2023-12-04 15:04:17,191 [FATAL] Updater:308 - Updater called before beeing initialized
2023-12-04 15:04:17,191 [FATAL] Updater:308 - Updater called before beeing initialized
2023-12-04 15:04:17,193 [WARN] DetailPanel:346 - Failed to get advertising image, set to default
2023-12-04 15:04:17,193 [FATAL] Updater:308 - Updater called before beeing initialized
2023-12-04 15:04:17,276 [ERROR] Updater:1120 - MainUpdater not yet initialized. External WinMGr cannot be set.
2023-12-04 15:04:17,283 [INFO] Updater:1056 - Updater Version found : 6.9.2
2023-12-04 15:04:17,314 [INFO] ApplicationProperties:184 - Using Application install path: C:\ST\STM32CubeIDE_1.12.0\STM32CubeIDE\plugins\com.st.stm32cube.common.mx_6.9.2.202309101412
2023-12-04 15:04:17,363 [INFO] ThirdPartyUpdaterWithRetryManager:70 - Updater plugin not ready yet. [2/15]
2023-12-04 15:04:18,189 [INFO] MainUpdater:2868 - connection check result : 10
2023-12-04 15:04:18,190 [INFO] MainUpdater:285 - Updater Check For Update Now.
2023-12-04 15:04:18,190 [INFO] MicroXplorer:498 - Change Database Version : DB.6.0.92
2023-12-04 15:04:18,201 [INFO] McuFinderGlobals:63 - Set McuFinder mode to 2 (CubeIDE integrated)
2023-12-04 15:04:18,386 [INFO] CheckServerUpdateThread:120 - End of CheckServer Thread
2023-12-04 15:04:20,627 [WARN] PackLoader:240 - Cannot read IP mode file for STMicroelectronics.X-CUBE-SMBUS.2.1.0
2023-12-04 15:04:20,735 [WARN] PackLoader:240 - Cannot read IP mode file for STMicroelectronics.X-CUBE-AZRTOS-F7.1.1.0
2023-12-04 15:04:20,789 [WARN] PackLoader:240 - Cannot read IP mode file for STMicroelectronics.FP-SNS-MOTENV1.4.3.2
2023-12-04 15:04:20,845 [WARN] PackLoader:240 - Cannot read IP mode file for STMicroelectronics.X-CUBE-BLE1.6.2.4
2023-12-04 15:04:20,878 [WARN] PackLoader:240 - Cannot read IP mode file for STMicroelectronics.FP-SNS-FLIGHT1.5.0.2
2023-12-04 15:04:20,902 [WARN] PackLoader:240 - Cannot read IP mode file for STMicroelectronics.X-CUBE-DISPLAY.3.0.0
2023-12-04 15:04:20,937 [WARN] PackLoader:240 - Cannot read IP mode file for STMicroelectronics.X-CUBE-BLE1.7.0.0
2023-12-04 15:04:20,968 [WARN] PackLoader:240 - Cannot read IP mode file for emotas.I-CUBE-CANOPEN.1.3.0
2023-12-04 15:04:20,986 [WARN] PackLoader:240 - Cannot read IP mode file for STMicroelectronics.X-CUBE-TOUCHGFX.4.22.0
2023-12-04 15:04:21,005 [WARN] PackLoader:240 - Cannot read IP mode file for STMicroelectronics.X-CUBE-TOUCHGFX.4.22.1
2023-12-04 15:04:21,015 [WARN] PackLoader:240 - Cannot read IP mode file for STMicroelectronics.FP-SNS-SMARTAG2.1.2.0
2023-12-04 15:04:21,031 [INFO] LogOutputStream:77 - [STDOUT_REDIRECT] 1 : Invalid condition id : UX_CORESTACK_Condition cause : null
2023-12-04 15:04:21,032 [INFO] LogOutputStream:77 - [STDOUT_REDIRECT] 1 : Invalid condition id : UX_CORESTACK_Condition cause : null
2023-12-04 15:04:21,035 [INFO] LogOutputStream:77 - [STDOUT_REDIRECT] 1 : Invalid condition id : UX_CORESTACK_Condition cause : null
2023-12-04 15:04:21,040 [INFO] LogOutputStream:77 - [STDOUT_REDIRECT] 1 : Invalid condition id : UX_CORESTACK_Condition cause : null
2023-12-04 15:04:21,041 [INFO] LogOutputStream:77 - [STDOUT_REDIRECT] 1 : Invalid condition id : UX_CORESTACK_Condition cause : null
2023-12-04 15:04:21,045 [WARN] PackLoader:240 - Cannot read IP mode file for STMicroelectronics.X-CUBE-AZRTOS-WL.2.0.0
2023-12-04 15:04:21,059 [WARN] PackLoader:240 - Cannot read IP mode file for WES.I-CUBE-Cesium.1.3.0
2023-12-04 15:04:21,084 [WARN] PackLoader:240 - Cannot read IP mode file for STMicroelectronics.X-CUBE-BLE2.3.3.0
2023-12-04 15:04:21,107 [WARN] PackLoader:240 - Cannot read IP mode file for STMicroelectronics.X-CUBE-ALGOBUILD.1.3.0
2023-12-04 15:04:21,127 [WARN] PackLoader:240 - Cannot read IP mode file for STMicroelectronics.X-CUBE-AZRTOS-G0.1.1.0
2023-12-04 15:04:21,154 [WARN] PackLoader:240 - Cannot read IP mode file for STMicroelectronics.X-CUBE-NFC4.3.0.0
2023-12-04 15:04:21,168 [WARN] PackLoader:240 - Cannot read IP mode file for STMicroelectronics.X-CUBE-BLEMGR.3.0.0
2023-12-04 15:04:21,201 [WARN] PackLoader:240 - Cannot read IP mode file for STMicroelectronics.FP-ATR-SIGFOX1.3.2.0
2023-12-04 15:04:21,245 [WARN] PackLoader:240 - Cannot read IP mode file for SEGGER.I-CUBE-embOS.1.3.1
2023-12-04 15:04:21,326 [WARN] PackLoader:240 - Cannot read IP mode file for STMicroelectronics.X-CUBE-GNSS1.6.0.0
2023-12-04 15:04:21,343 [WARN] PackLoader:240 - Cannot read IP mode file for STMicroelectronics.X-CUBE-AZRTOS-F4.1.1.0
2023-12-04 15:04:21,359 [WARN] PackLoader:240 - Cannot read IP mode file for wolfSSL.I-CUBE-wolfSSL.5.6.3
2023-12-04 15:04:21,390 [WARN] PackLoader:240 - Cannot read IP mode file for STMicroelectronics.X-CUBE-AZRTOS-L5.2.0.0
2023-12-04 15:04:21,470 [WARN] PackLoader:240 - Cannot read IP mode file for STMicroelectronics.X-CUBE-MEMS1.9.6.0
2023-12-04 15:04:21,676 [WARN] PackLoader:240 - Cannot read IP mode file for STMicroelectronics.X-CUBE-EEPRMA1.4.2.0
2023-12-04 15:04:21,711 [WARN] PackLoader:240 - Cannot read IP mode file for ITTIA_DB.I-CUBE-ITTIADB.8.8.0
2023-12-04 15:04:21,757 [WARN] PackLoader:240 - Cannot read IP mode file for STMicroelectronics.X-CUBE-BLEMGR.2.0.0
2023-12-04 15:04:21,780 [WARN] ConditionMgr:438 - getConditionDescription Invalid condition id : UX DEVICE CLASS RTOS Condition cause : null
2023-12-04 15:04:21,781 [WARN] ConditionMgr:438 - getConditionDescription Invalid condition id : UX DEVICE CLASS RTOS Condition cause : null
2023-12-04 15:04:21,786 [WARN] PackLoader:240 - Cannot read IP mode file for STMicroelectronics.X-CUBE-AZRTOS-H7.3.1.0
2023-12-04 15:04:21,789 [WARN] ConditionMgr:1039 - genDependencies : Invalid condition id : UX DEVICE CLASS RTOS Condition cause : null
2023-12-04 15:04:21,791 [WARN] ConditionMgr:1039 - genDependencies : Invalid condition id : UX DEVICE CLASS RTOS Condition cause : null
2023-12-04 15:04:21,792 [WARN] ConditionMgr:1039 - genDependencies : Invalid condition id : UX DEVICE CLASS RTOS Condition cause : null
2023-12-04 15:04:21,793 [WARN] ConditionMgr:1039 - genDependencies : Invalid condition id : UX DEVICE CLASS RTOS Condition cause : null
2023-12-04 15:04:21,793 [WARN] ConditionMgr:1039 - genDependencies : Invalid condition id : UX DEVICE CLASS RTOS Condition cause : null
2023-12-04 15:04:21,804 [WARN] PackLoader:240 - Cannot read IP mode file for STMicroelectronics.X-CUBE-NFC7.1.0.1
2023-12-04 15:04:21,825 [WARN] PackLoader:240 - Cannot read IP mode file for STMicroelectronics.X-CUBE-NFC6.3.0.0
2023-12-04 15:04:21,843 [WARN] PackLoader:240 - Cannot read IP mode file for STMicroelectronics.X-CUBE-EEPRMA1.4.1.0
2023-12-04 15:04:21,859 [WARN] PackLoader:240 - Cannot read IP mode file for STMicroelectronics.X-CUBE-AI.8.1.0
2023-12-04 15:04:21,906 [WARN] ConditionMgr:438 - getConditionDescription Invalid condition id : LAN8742 Phy interface Condition cause : null
2023-12-04 15:04:21,909 [WARN] PackLoader:240 - Cannot read IP mode file for STMicroelectronics.X-CUBE-AZRTOS-L4.2.0.0
2023-12-04 15:04:21,911 [WARN] ConditionMgr:1039 - genDependencies : Invalid condition id : LAN8742 Phy interface Condition cause : null
2023-12-04 15:04:21,912 [WARN] ConditionMgr:1039 - genDependencies : Invalid condition id : LAN8742 Phy interface Condition cause : null
2023-12-04 15:04:21,914 [WARN] ConditionMgr:1039 - genDependencies : Invalid condition id : LAN8742 Phy interface Condition cause : null
2023-12-04 15:04:21,935 [WARN] PackLoader:240 - Cannot read IP mode file for STMicroelectronics.X-CUBE-SFXS2LP1.4.0.0
2023-12-04 15:04:21,948 [WARN] PackLoader:240 - Cannot read IP mode file for STMicroelectronics.X-CUBE-ISPU.1.1.0
2023-12-04 15:04:21,998 [WARN] ConditionMgr:438 - getConditionDescription Invalid condition id : UX DEVICE CLASS RTOS Condition cause : null
2023-12-04 15:04:21,998 [WARN] ConditionMgr:438 - getConditionDescription Invalid condition id : UX DEVICE CLASS RTOS Condition cause : null
2023-12-04 15:04:22,002 [WARN] PackLoader:240 - Cannot read IP mode file for STMicroelectronics.X-CUBE-AZRTOS-WB.2.0.0
2023-12-04 15:04:22,004 [WARN] ConditionMgr:1039 - genDependencies : Invalid condition id : UX DEVICE CLASS RTOS Condition cause : null
2023-12-04 15:04:22,005 [WARN] ConditionMgr:1039 - genDependencies : Invalid condition id : UX DEVICE CLASS RTOS Condition cause : null
2023-12-04 15:04:22,006 [WARN] ConditionMgr:1039 - genDependencies : Invalid condition id : UX DEVICE CLASS RTOS Condition cause : null
2023-12-04 15:04:22,006 [WARN] ConditionMgr:1039 - genDependencies : Invalid condition id : UX DEVICE CLASS RTOS Condition cause : null
2023-12-04 15:04:22,006 [WARN] ConditionMgr:1039 - genDependencies : Invalid condition id : UX DEVICE CLASS RTOS Condition cause : null
2023-12-04 15:04:22,013 [WARN] PackLoader:240 - Cannot read IP mode file for STMicroelectronics.X-CUBE-FREERTOS.1.0.1
2023-12-04 15:04:22,042 [WARN] PackLoader:240 - Cannot read IP mode file for STMicroelectronics.X-CUBE-AZRTOS-L5.1.1.0
2023-12-04 15:04:22,075 [WARN] PackLoader:240 - Cannot read IP mode file for STMicroelectronics.X-CUBE-AI.8.0.1
2023-12-04 15:04:22,090 [WARN] PackLoader:240 - Cannot read IP mode file for STMicroelectronics.X-CUBE-SUBG2.5.0.0
2023-12-04 15:04:22,108 [WARN] PackLoader:240 - Cannot read IP mode file for STMicroelectronics.X-CUBE-TOF1.3.3.1
2023-12-04 15:04:22,129 [WARN] PackLoader:240 - Cannot read IP mode file for STMicroelectronics.X-CUBE-AZRTOS-G4.2.0.0
2023-12-04 15:04:22,161 [WARN] PackLoader:240 - Cannot read IP mode file for Infineon.AIROC-Wi-Fi-Bluetooth-STM32.1.5.1
2023-12-04 15:04:22,172 [WARN] PackLoader:240 - Cannot read IP mode file for STMicroelectronics.FP-SNS-MOTENVWB1.1.3.0
2023-12-04 15:04:22,182 [WARN] PackLoader:240 - Cannot read IP mode file for STMicroelectronics.FP-SNS-MOTENVWB1.1.3.1
2023-12-04 15:04:22,220 [WARN] PackLoader:240 - Cannot read IP mode file for STMicroelectronics.X-CUBE-MEMS1.10.0.0
2023-12-04 15:04:22,345 [WARN] PackLoader:240 - Cannot read IP mode file for STMicroelectronics.X-CUBE-FREERTOS.1.1.0
2023-12-04 15:04:22,360 [WARN] PackLoader:240 - Cannot read IP mode file for portGmbH.I-Cube-SoM-uGOAL.1.1.0
2023-12-04 15:04:22,378 [WARN] PackLoader:240 - Cannot read IP mode file for STMicroelectronics.X-CUBE-ALS.1.0.1
2023-12-04 15:04:22,393 [WARN] PackLoader:240 - Cannot read IP mode file for STMicroelectronics.X-CUBE-AZRTOS-WB.1.1.0
2023-12-04 15:04:22,416 [WARN] PackLoader:240 - Cannot read IP mode file for STMicroelectronics.FP-ATR-ASTRA1.2.0.0
2023-12-04 15:04:22,486 [WARN] PackLoader:240 - Cannot read IP mode file for STMicroelectronics.X-CUBE-TOF1.3.4.0
2023-12-04 15:04:22,506 [INFO] ThirdParty:978 - Integrity check success = true
2023-12-04 15:04:22,506 [INFO] IntegrityCheckThread:100 - exiting critical section [integrity check]
2023-12-04 15:04:22,506 [INFO] IntegrityCheckThread:103 - End integrity checks thread
2023-12-04 19:07:09,856 [INFO] Activator:176 - 


2023-12-04 19:07:09,859 [INFO] Activator:177 - !SESSION log4j initialized
2023-12-04 19:07:17,785 [INFO] LogOutputStream:77 - [STDOUT_REDIRECT] 
2023-12-04 19:07:20,478 [INFO] ApplicationProperties:184 - Using Application install path: C:\ST\STM32CubeIDE_1.12.0\STM32CubeIDE\plugins\com.st.stm32cube.common.mx_6.9.2.202309101412
2023-12-04 19:07:20,504 [INFO] DbMcusXml:78 - Set database path to: C:\ST\STM32CubeIDE_1.12.0\STM32CubeIDE\plugins\com.st.stm32cube.common.mx_6.9.2.202309101412\\db\/mcu/
2023-12-04 19:07:20,505 [INFO] ApiDb:274 - Set plugin database path to: C:\ST\STM32CubeIDE_1.12.0\STM32CubeIDE\plugins\com.st.stm32cube.common.mx_6.9.2.202309101412\\db\/plugins/boardmanager/
2023-12-04 19:07:20,506 [WARN] ApiDb:259 - Overriding images path with different value:  => C:\ST\STM32CubeIDE_1.12.0\STM32CubeIDE\plugins\com.st.stm32cube.common.mx_6.9.2.202309101412\\db\/plugins/mcufinder/images/
2023-12-04 19:07:20,531 [INFO] ApiDb:250 - Set database path to: C:\Users\umutu\.stmcufinder\plugins\mcufinder//mcu/
2023-12-04 19:07:20,534 [INFO] DbMcusAds:125 - Set database path to: C:\Users\umutu\.stmcufinder\plugins\mcufinder//mcu/
2023-12-04 19:07:20,538 [INFO] CrossReferenceDbSqlite:203 - Set database path to: C:\Users\umutu\.stmcufinder\plugins\mcufinder//mcu/cs/
2023-12-04 19:07:20,714 [INFO] RulesReader:64 - Compatibility file has been processed (293 Rules)
2023-12-04 19:07:20,825 [INFO] DbMcusXml:78 - Set database path to: C:\ST\STM32CubeIDE_1.12.0\STM32CubeIDE\plugins\com.st.stm32cube.common.mx_6.9.2.202309101412\\db\/mcu/
2023-12-04 19:07:20,825 [INFO] ApiDb:274 - Set plugin database path to: C:\ST\STM32CubeIDE_1.12.0\STM32CubeIDE\plugins\com.st.stm32cube.common.mx_6.9.2.202309101412\\db\/plugins/boardmanager/
2023-12-04 19:07:20,825 [INFO] ApiDb:261 - Set plugin images path to: C:\ST\STM32CubeIDE_1.12.0\STM32CubeIDE\plugins\com.st.stm32cube.common.mx_6.9.2.202309101412\\db\/plugins/mcufinder/images/
2023-12-04 19:07:20,825 [WARN] DbFile:41 - Overriding database path with different value: C:\Users\umutu\.stmcufinder\plugins\mcufinder/ => C:\Users\umutu\.stmcufinder\plugins\mcufinder
2023-12-04 19:07:20,825 [INFO] ApiDb:250 - Set database path to: C:\Users\umutu\.stmcufinder\plugins\mcufinder//mcu/
2023-12-04 19:07:20,826 [WARN] DbFile:41 - Overriding database path with different value: C:\Users\umutu\.stmcufinder\plugins\mcufinder/ => C:\Users\umutu\.stmcufinder\plugins\mcufinder
2023-12-04 19:07:20,826 [INFO] DbMcusAds:125 - Set database path to: C:\Users\umutu\.stmcufinder\plugins\mcufinder//mcu/
2023-12-04 19:07:20,826 [WARN] DbFile:41 - Overriding database path with different value: C:\Users\umutu\.stmcufinder\plugins\mcufinder/ => C:\Users\umutu\.stmcufinder\plugins\mcufinder
2023-12-04 19:07:20,826 [WARN] DbFile:41 - Overriding database path with different value: C:\Users\umutu\.stmcufinder\plugins\mcufinder/ => C:\Users\umutu\.stmcufinder\plugins\mcufinder
2023-12-04 19:07:20,827 [INFO] CrossReferenceDbSqlite:203 - Set database path to: C:\Users\umutu\.stmcufinder\plugins\mcufinder//mcu/cs/
2023-12-04 19:07:20,955 [INFO] MainPanel:262 - HeapMemory: 268435456
2023-12-04 19:07:21,116 [INFO] DbMcusXml:78 - Set database path to: C:\ST\STM32CubeIDE_1.12.0\STM32CubeIDE\plugins\com.st.stm32cube.common.mx_6.9.2.202309101412\\db\/mcu/
2023-12-04 19:07:21,116 [INFO] ApiDb:274 - Set plugin database path to: C:\ST\STM32CubeIDE_1.12.0\STM32CubeIDE\plugins\com.st.stm32cube.common.mx_6.9.2.202309101412\\db\/plugins/boardmanager/
2023-12-04 19:07:21,116 [INFO] ApiDb:261 - Set plugin images path to: C:\ST\STM32CubeIDE_1.12.0\STM32CubeIDE\plugins\com.st.stm32cube.common.mx_6.9.2.202309101412\\db\/plugins/mcufinder/images/
2023-12-04 19:07:21,117 [WARN] DbFile:41 - Overriding database path with different value: C:\Users\umutu\.stmcufinder\plugins\mcufinder/ => C:\Users\umutu\.stmcufinder\plugins\mcufinder
2023-12-04 19:07:21,117 [INFO] ApiDb:250 - Set database path to: C:\Users\umutu\.stmcufinder\plugins\mcufinder//mcu/
2023-12-04 19:07:21,117 [WARN] DbFile:41 - Overriding database path with different value: C:\Users\umutu\.stmcufinder\plugins\mcufinder/ => C:\Users\umutu\.stmcufinder\plugins\mcufinder
2023-12-04 19:07:21,117 [INFO] DbMcusAds:125 - Set database path to: C:\Users\umutu\.stmcufinder\plugins\mcufinder//mcu/
2023-12-04 19:07:21,117 [WARN] DbFile:41 - Overriding database path with different value: C:\Users\umutu\.stmcufinder\plugins\mcufinder/ => C:\Users\umutu\.stmcufinder\plugins\mcufinder
2023-12-04 19:07:21,117 [WARN] DbFile:41 - Overriding database path with different value: C:\Users\umutu\.stmcufinder\plugins\mcufinder/ => C:\Users\umutu\.stmcufinder\plugins\mcufinder
2023-12-04 19:07:21,117 [INFO] CrossReferenceDbSqlite:203 - Set database path to: C:\Users\umutu\.stmcufinder\plugins\mcufinder//mcu/cs/
2023-12-04 19:07:21,141 [INFO] ApplicationProperties:184 - Using Application install path: C:\ST\STM32CubeIDE_1.12.0\STM32CubeIDE\plugins\com.st.stm32cube.common.mx_6.9.2.202309101412
2023-12-04 19:07:21,143 [INFO] PluginManage:196 - Search for loadable plugins [exclusion list=, ]
2023-12-04 19:07:21,145 [INFO] PluginManage:310 - Check plugin analytics
2023-12-04 19:07:21,321 [INFO] AnalyticsPlugin:253 - Accepted Software Licenses: 
2023-12-04 19:07:21,322 [INFO] AnalyticsPlugin:255 - Accepted CMSIS Pack Licenses: 
2023-12-04 19:07:21,322 [INFO] AnalyticsPlugin:257 - Accepted Firmware Licenses: 
2023-12-04 19:07:21,326 [INFO] PluginManage:359 - Loaded plugin analytics (category:tool,tabindex:-1)
2023-12-04 19:07:21,326 [INFO] PluginManage:310 - Check plugin cadmodel
2023-12-04 19:07:21,336 [INFO] CADModel:105 - Init CAD model plugin
2023-12-04 19:07:21,336 [INFO] PluginManage:359 - Loaded plugin cadmodel (category:power,tabindex:5)
2023-12-04 19:07:21,336 [INFO] PluginManage:310 - Check plugin clock
2023-12-04 19:07:21,354 [INFO] PluginManage:359 - Loaded plugin clock (category:base,tabindex:2)
2023-12-04 19:07:21,355 [INFO] PluginManage:310 - Check plugin ddr
2023-12-04 19:07:21,358 [INFO] PluginManage:359 - Loaded plugin ddr (category:tool,tabindex:6)
2023-12-04 19:07:21,358 [INFO] PluginManage:310 - Check plugin filemanager
2023-12-04 19:07:21,519 [INFO] PluginManage:359 - Loaded plugin filemanager (category:base,tabindex:10)
2023-12-04 19:07:21,521 [INFO] PluginManage:310 - Check plugin ipmanager
2023-12-04 19:07:21,531 [INFO] PluginManage:359 - Loaded plugin ipmanager (category:base,tabindex:5)
2023-12-04 19:07:21,531 [INFO] PluginManage:310 - Check plugin lpbam
2023-12-04 19:07:21,543 [INFO] PluginManage:359 - Loaded plugin lpbam (category:base,tabindex:0)
2023-12-04 19:07:21,543 [INFO] PluginManage:310 - Check plugin memorymap
2023-12-04 19:07:21,570 [INFO] PluginManage:359 - Loaded plugin memorymap (category:base,tabindex:4)
2023-12-04 19:07:21,571 [INFO] PluginManage:310 - Check plugin pinoutandconfiguration
2023-12-04 19:07:21,580 [INFO] PluginManage:359 - Loaded plugin pinoutandconfiguration (category:base,tabindex:1)
2023-12-04 19:07:21,582 [INFO] PluginManage:310 - Check plugin pinoutconfig
2023-12-04 19:07:21,703 [WARN] SupportedApi:132 - Cannot load RTOS API schema: s4s-elt-must-match.1: The content of 'definitions' must match (annotation?, (simpleType | complexType)?, (unique | key | keyref)*)). A problem was found starting at: attribute.
2023-12-04 19:07:21,885 [INFO] PluginManage:359 - Loaded plugin pinoutconfig (category:base,tabindex:0)
2023-12-04 19:07:21,885 [INFO] PluginManage:310 - Check plugin power
2023-12-04 19:07:21,904 [INFO] PluginManage:359 - Loaded plugin power (category:power,tabindex:4)
2023-12-04 19:07:21,905 [INFO] PluginManage:310 - Check plugin projectmanager
2023-12-04 19:07:21,929 [INFO] PluginManage:359 - Loaded plugin projectmanager (category:projectmanager,tabindex:3)
2023-12-04 19:07:21,929 [INFO] PluginManage:310 - Check plugin thirdparty
2023-12-04 19:07:22,117 [INFO] PluginManage:359 - Loaded plugin thirdparty (category:base,tabindex:-1)
2023-12-04 19:07:22,117 [WARN] IntegrityCheckThread:84 - waiting for thirdparty lock release [integrity check]
2023-12-04 19:07:22,117 [INFO] PluginManage:310 - Check plugin tools
2023-12-04 19:07:22,117 [INFO] IntegrityCheckThread:86 - entering critical section [integrity check]
2023-12-04 19:07:22,118 [INFO] ThirdPartyUpdaterWithRetryManager:70 - Updater plugin not ready yet. [1/15]
2023-12-04 19:07:22,120 [INFO] PluginManage:359 - Loaded plugin tools (category:base,tabindex:7)
2023-12-04 19:07:22,121 [INFO] PluginManage:310 - Check plugin tutovideos
2023-12-04 19:07:22,308 [INFO] PluginManage:359 - Loaded plugin tutovideos (category:base,tabindex:-1)
2023-12-04 19:07:22,308 [INFO] PluginManage:310 - Check plugin updater
2023-12-04 19:07:22,322 [INFO] PluginManage:359 - Loaded plugin updater (category:base,tabindex:12)
2023-12-04 19:07:22,323 [INFO] PluginManage:310 - Check plugin userauth
2023-12-04 19:07:22,327 [INFO] UserAuth:113 - Init User Auth plugin
2023-12-04 19:07:22,327 [INFO] PluginManage:359 - Loaded plugin userauth (category:base,tabindex:14)
2023-12-04 19:07:22,327 [INFO] PluginManage:283 - PluginManage : Loaded plugins [17]
2023-12-04 19:07:22,578 [INFO] PinOutPanel:1499 - setPackage(No Configuration,No Configuration)
2023-12-04 19:07:22,693 [INFO] CADModel:165 - CPN selected for project level
2023-12-04 19:07:22,693 [INFO] CADModel:114 - Register for checkConnection events
2023-12-04 19:07:22,716 [INFO] IPUIPlugin:80 - create IPUIPlugin
2023-12-04 19:07:22,716 [INFO] PluginManager:220 - loadIPPluginJar : add adc
2023-12-04 19:07:22,720 [INFO] IPUIPlugin:80 - create IPUIPlugin
2023-12-04 19:07:22,720 [INFO] PluginManager:220 - loadIPPluginJar : add aes
2023-12-04 19:07:22,724 [INFO] IPUIPlugin:80 - create IPUIPlugin
2023-12-04 19:07:22,724 [INFO] PluginManager:220 - loadIPPluginJar : add can
2023-12-04 19:07:22,726 [INFO] IPUIPlugin:80 - create IPUIPlugin
2023-12-04 19:07:22,727 [INFO] PluginManager:220 - loadIPPluginJar : add comp
2023-12-04 19:07:22,731 [INFO] IPUIPlugin:80 - create IPUIPlugin
2023-12-04 19:07:22,731 [INFO] PluginManager:220 - loadIPPluginJar : add cryp
2023-12-04 19:07:22,734 [INFO] IPUIPlugin:80 - create IPUIPlugin
2023-12-04 19:07:22,734 [INFO] PluginManager:220 - loadIPPluginJar : add dfsdm
2023-12-04 19:07:22,739 [INFO] IPUIPlugin:80 - create IPUIPlugin
2023-12-04 19:07:22,740 [INFO] PluginManager:220 - loadIPPluginJar : add dma
2023-12-04 19:07:22,743 [INFO] IPUIPlugin:80 - create IPUIPlugin
2023-12-04 19:07:22,744 [INFO] PluginManager:220 - loadIPPluginJar : add dma3
2023-12-04 19:07:22,746 [INFO] IPUIPlugin:80 - create IPUIPlugin
2023-12-04 19:07:22,746 [INFO] PluginManager:220 - loadIPPluginJar : add fatfs
2023-12-04 19:07:22,753 [INFO] IPUIPlugin:80 - create IPUIPlugin
2023-12-04 19:07:22,753 [INFO] PluginManager:220 - loadIPPluginJar : add fmc
2023-12-04 19:07:22,759 [INFO] IPUIPlugin:80 - create IPUIPlugin
2023-12-04 19:07:22,760 [INFO] PluginManager:220 - loadIPPluginJar : add freertos
2023-12-04 19:07:22,762 [INFO] IPUIPlugin:80 - create IPUIPlugin
2023-12-04 19:07:22,762 [INFO] PluginManager:220 - loadIPPluginJar : add genericplugin
2023-12-04 19:07:22,766 [INFO] IPUIPlugin:80 - create IPUIPlugin
2023-12-04 19:07:22,766 [INFO] PluginManager:220 - loadIPPluginJar : add gfxmmu
2023-12-04 19:07:22,773 [INFO] IPUIPlugin:80 - create IPUIPlugin
2023-12-04 19:07:22,773 [INFO] PluginManager:220 - loadIPPluginJar : add gic
2023-12-04 19:07:22,778 [INFO] IPUIPlugin:80 - create IPUIPlugin
2023-12-04 19:07:22,778 [INFO] PluginManager:220 - loadIPPluginJar : add gpio
2023-12-04 19:07:22,783 [INFO] IPUIPlugin:80 - create IPUIPlugin
2023-12-04 19:07:22,783 [INFO] PluginManager:220 - loadIPPluginJar : add gtzc
2023-12-04 19:07:22,785 [INFO] IPUIPlugin:80 - create IPUIPlugin
2023-12-04 19:07:22,787 [INFO] PluginManager:220 - loadIPPluginJar : add hash
2023-12-04 19:07:22,790 [INFO] IPUIPlugin:80 - create IPUIPlugin
2023-12-04 19:07:22,790 [INFO] PluginManager:220 - loadIPPluginJar : add i2c
2023-12-04 19:07:22,794 [INFO] IPUIPlugin:80 - create IPUIPlugin
2023-12-04 19:07:22,794 [INFO] PluginManager:220 - loadIPPluginJar : add i2s
2023-12-04 19:07:22,798 [INFO] IPUIPlugin:80 - create IPUIPlugin
2023-12-04 19:07:22,798 [INFO] PluginManager:220 - loadIPPluginJar : add i3c
2023-12-04 19:07:22,804 [INFO] IPUIPlugin:80 - create IPUIPlugin
2023-12-04 19:07:22,804 [INFO] PluginManager:220 - loadIPPluginJar : add ipddr
2023-12-04 19:07:22,812 [INFO] IPUIPlugin:80 - create IPUIPlugin
2023-12-04 19:07:22,812 [INFO] PluginManager:220 - loadIPPluginJar : add linkedlist
2023-12-04 19:07:22,816 [INFO] IPUIPlugin:80 - create IPUIPlugin
2023-12-04 19:07:22,816 [INFO] PluginManager:220 - loadIPPluginJar : add lorawan
2023-12-04 19:07:22,818 [INFO] IPUIPlugin:80 - create IPUIPlugin
2023-12-04 19:07:22,818 [INFO] PluginManager:220 - loadIPPluginJar : add ltdc
2023-12-04 19:07:22,825 [INFO] IPUIPlugin:80 - create IPUIPlugin
2023-12-04 19:07:22,826 [INFO] PluginManager:220 - loadIPPluginJar : add mdma
2023-12-04 19:07:22,829 [INFO] IPUIPlugin:80 - create IPUIPlugin
2023-12-04 19:07:22,830 [INFO] PluginManager:220 - loadIPPluginJar : add nvic
2023-12-04 19:07:22,835 [INFO] IPUIPlugin:80 - create IPUIPlugin
2023-12-04 19:07:22,835 [INFO] PluginManager:220 - loadIPPluginJar : add opamp
2023-12-04 19:07:22,840 [INFO] IPUIPlugin:80 - create IPUIPlugin
2023-12-04 19:07:22,840 [INFO] PluginManager:220 - loadIPPluginJar : add openamp
2023-12-04 19:07:22,848 [INFO] IPUIPlugin:80 - create IPUIPlugin
2023-12-04 19:07:22,848 [INFO] PluginManager:220 - loadIPPluginJar : add pdm2pcm
2023-12-04 19:07:22,856 [INFO] IPUIPlugin:80 - create IPUIPlugin
2023-12-04 19:07:22,858 [INFO] PluginManager:220 - loadIPPluginJar : add plateformsettings
2023-12-04 19:07:22,861 [INFO] IPUIPlugin:80 - create IPUIPlugin
2023-12-04 19:07:22,861 [INFO] PluginManager:220 - loadIPPluginJar : add quadspi
2023-12-04 19:07:22,866 [INFO] IPUIPlugin:80 - create IPUIPlugin
2023-12-04 19:07:22,866 [INFO] PluginManager:220 - loadIPPluginJar : add resmgrutility
2023-12-04 19:07:22,870 [INFO] IPUIPlugin:80 - create IPUIPlugin
2023-12-04 19:07:22,870 [INFO] PluginManager:220 - loadIPPluginJar : add sai
2023-12-04 19:07:22,873 [INFO] IPUIPlugin:80 - create IPUIPlugin
2023-12-04 19:07:22,873 [INFO] PluginManager:220 - loadIPPluginJar : add spi
2023-12-04 19:07:22,879 [INFO] IPUIPlugin:80 - create IPUIPlugin
2023-12-04 19:07:22,881 [INFO] PluginManager:220 - loadIPPluginJar : add stm32_wpan
2023-12-04 19:07:22,883 [INFO] IPUIPlugin:80 - create IPUIPlugin
2023-12-04 19:07:22,883 [INFO] PluginManager:220 - loadIPPluginJar : add tim
2023-12-04 19:07:22,887 [INFO] IPUIPlugin:80 - create IPUIPlugin
2023-12-04 19:07:22,887 [INFO] PluginManager:220 - loadIPPluginJar : add touchsensing
2023-12-04 19:07:22,891 [INFO] IPUIPlugin:80 - create IPUIPlugin
2023-12-04 19:07:22,891 [INFO] PluginManager:220 - loadIPPluginJar : add tracer_emb
2023-12-04 19:07:22,895 [INFO] IPUIPlugin:80 - create IPUIPlugin
2023-12-04 19:07:22,895 [INFO] PluginManager:220 - loadIPPluginJar : add ts
2023-12-04 19:07:22,899 [INFO] IPUIPlugin:80 - create IPUIPlugin
2023-12-04 19:07:22,899 [INFO] PluginManager:220 - loadIPPluginJar : add tsc
2023-12-04 19:07:22,903 [INFO] IPUIPlugin:80 - create IPUIPlugin
2023-12-04 19:07:22,903 [INFO] PluginManager:220 - loadIPPluginJar : add ucpd
2023-12-04 19:07:22,907 [INFO] IPUIPlugin:80 - create IPUIPlugin
2023-12-04 19:07:22,907 [INFO] PluginManager:220 - loadIPPluginJar : add usart
2023-12-04 19:07:22,910 [INFO] IPUIPlugin:80 - create IPUIPlugin
2023-12-04 19:07:22,910 [INFO] PluginManager:220 - loadIPPluginJar : add usbx
2023-12-04 19:07:23,028 [INFO] CADModel:165 - CPN selected for project level
2023-12-04 19:07:23,029 [INFO] CADModel:114 - Register for checkConnection events
2023-12-04 19:07:23,030 [FATAL] Updater:308 - Updater called before beeing initialized
2023-12-04 19:07:23,030 [ERROR] CADModel:125 - Updater not yet initialized, retry later 
2023-12-04 19:07:23,224 [INFO] CADModel:165 - CPN selected for project level
2023-12-04 19:07:23,224 [INFO] CADModel:114 - Register for checkConnection events
2023-12-04 19:07:23,224 [FATAL] Updater:308 - Updater called before beeing initialized
2023-12-04 19:07:23,224 [ERROR] CADModel:125 - Updater not yet initialized, retry later 
2023-12-04 19:07:23,227 [FATAL] Updater:308 - Updater called before beeing initialized
2023-12-04 19:07:23,339 [FATAL] Updater:308 - Updater called before beeing initialized
2023-12-04 19:07:23,346 [INFO] DbMcusAds:53 - JSON generation date=Wed Nov 29 13:52:38 TRT 2023 (1701255158764)
2023-12-04 19:07:23,346 [FATAL] Updater:308 - Updater called before beeing initialized
2023-12-04 19:07:23,383 [WARN] DetailPanel:346 - Failed to get advertising image, set to default
2023-12-04 19:07:23,472 [FATAL] Updater:308 - Updater called before beeing initialized
2023-12-04 19:07:23,475 [FATAL] Updater:308 - Updater called before beeing initialized
2023-12-04 19:07:23,475 [FATAL] Updater:308 - Updater called before beeing initialized
2023-12-04 19:07:23,475 [WARN] DetailPanel:346 - Failed to get advertising image, set to default
2023-12-04 19:07:23,476 [FATAL] Updater:308 - Updater called before beeing initialized
2023-12-04 19:07:23,537 [ERROR] Updater:1120 - MainUpdater not yet initialized. External WinMGr cannot be set.
2023-12-04 19:07:23,540 [INFO] Updater:1056 - Updater Version found : 6.9.2
2023-12-04 19:07:23,573 [INFO] ApplicationProperties:184 - Using Application install path: C:\ST\STM32CubeIDE_1.12.0\STM32CubeIDE\plugins\com.st.stm32cube.common.mx_6.9.2.202309101412
2023-12-04 19:07:23,918 [INFO] MainUpdater:2868 - connection check result : 10
2023-12-04 19:07:23,919 [INFO] MainUpdater:285 - Updater Check For Update Now.
2023-12-04 19:07:23,919 [INFO] MicroXplorer:498 - Change Database Version : DB.6.0.92
2023-12-04 19:07:23,926 [INFO] McuFinderGlobals:63 - Set McuFinder mode to 2 (CubeIDE integrated)
2023-12-04 19:07:24,092 [INFO] CheckServerUpdateThread:120 - End of CheckServer Thread
2023-12-04 19:07:25,302 [WARN] PackLoader:240 - Cannot read IP mode file for STMicroelectronics.X-CUBE-SMBUS.2.1.0
2023-12-04 19:07:25,338 [WARN] PackLoader:240 - Cannot read IP mode file for STMicroelectronics.X-CUBE-AZRTOS-F7.1.1.0
2023-12-04 19:07:25,351 [WARN] PackLoader:240 - Cannot read IP mode file for STMicroelectronics.FP-SNS-MOTENV1.4.3.2
2023-12-04 19:07:25,363 [WARN] PackLoader:240 - Cannot read IP mode file for STMicroelectronics.X-CUBE-BLE1.6.2.4
2023-12-04 19:07:25,370 [WARN] PackLoader:240 - Cannot read IP mode file for STMicroelectronics.FP-SNS-FLIGHT1.5.0.2
2023-12-04 19:07:25,381 [WARN] PackLoader:240 - Cannot read IP mode file for STMicroelectronics.X-CUBE-DISPLAY.3.0.0
2023-12-04 19:07:25,393 [WARN] PackLoader:240 - Cannot read IP mode file for STMicroelectronics.X-CUBE-BLE1.7.0.0
2023-12-04 19:07:25,400 [WARN] PackLoader:240 - Cannot read IP mode file for emotas.I-CUBE-CANOPEN.1.3.0
2023-12-04 19:07:25,409 [WARN] PackLoader:240 - Cannot read IP mode file for STMicroelectronics.X-CUBE-TOUCHGFX.4.22.0
2023-12-04 19:07:25,413 [WARN] PackLoader:240 - Cannot read IP mode file for STMicroelectronics.X-CUBE-TOUCHGFX.4.22.1
2023-12-04 19:07:25,420 [WARN] PackLoader:240 - Cannot read IP mode file for STMicroelectronics.FP-SNS-SMARTAG2.1.2.0
2023-12-04 19:07:25,431 [INFO] LogOutputStream:77 - [STDOUT_REDIRECT] 1 : Invalid condition id : UX_CORESTACK_Condition cause : null
2023-12-04 19:07:25,432 [INFO] LogOutputStream:77 - [STDOUT_REDIRECT] 1 : Invalid condition id : UX_CORESTACK_Condition cause : null
2023-12-04 19:07:25,433 [INFO] LogOutputStream:77 - [STDOUT_REDIRECT] 1 : Invalid condition id : UX_CORESTACK_Condition cause : null
2023-12-04 19:07:25,434 [INFO] LogOutputStream:77 - [STDOUT_REDIRECT] 1 : Invalid condition id : UX_CORESTACK_Condition cause : null
2023-12-04 19:07:25,435 [INFO] LogOutputStream:77 - [STDOUT_REDIRECT] 1 : Invalid condition id : UX_CORESTACK_Condition cause : null
2023-12-04 19:07:25,438 [WARN] PackLoader:240 - Cannot read IP mode file for STMicroelectronics.X-CUBE-AZRTOS-WL.2.0.0
2023-12-04 19:07:25,451 [WARN] PackLoader:240 - Cannot read IP mode file for WES.I-CUBE-Cesium.1.3.0
2023-12-04 19:07:25,459 [WARN] PackLoader:240 - Cannot read IP mode file for STMicroelectronics.X-CUBE-BLE2.3.3.0
2023-12-04 19:07:25,468 [WARN] PackLoader:240 - Cannot read IP mode file for STMicroelectronics.X-CUBE-ALGOBUILD.1.3.0
2023-12-04 19:07:25,486 [WARN] PackLoader:240 - Cannot read IP mode file for STMicroelectronics.X-CUBE-AZRTOS-G0.1.1.0
2023-12-04 19:07:25,497 [WARN] PackLoader:240 - Cannot read IP mode file for STMicroelectronics.X-CUBE-NFC4.3.0.0
2023-12-04 19:07:25,513 [WARN] PackLoader:240 - Cannot read IP mode file for STMicroelectronics.X-CUBE-BLEMGR.3.0.0
2023-12-04 19:07:25,519 [WARN] PackLoader:240 - Cannot read IP mode file for STMicroelectronics.FP-ATR-SIGFOX1.3.2.0
2023-12-04 19:07:25,548 [WARN] PackLoader:240 - Cannot read IP mode file for SEGGER.I-CUBE-embOS.1.3.1
2023-12-04 19:07:25,593 [WARN] PackLoader:240 - Cannot read IP mode file for STMicroelectronics.X-CUBE-GNSS1.6.0.0
2023-12-04 19:07:25,609 [WARN] PackLoader:240 - Cannot read IP mode file for STMicroelectronics.X-CUBE-AZRTOS-F4.1.1.0
2023-12-04 19:07:25,618 [WARN] PackLoader:240 - Cannot read IP mode file for wolfSSL.I-CUBE-wolfSSL.5.6.3
2023-12-04 19:07:25,633 [WARN] PackLoader:240 - Cannot read IP mode file for STMicroelectronics.X-CUBE-AZRTOS-L5.2.0.0
2023-12-04 19:07:25,665 [WARN] PackLoader:240 - Cannot read IP mode file for STMicroelectronics.X-CUBE-MEMS1.9.6.0
2023-12-04 19:07:25,798 [WARN] PackLoader:240 - Cannot read IP mode file for STMicroelectronics.X-CUBE-EEPRMA1.4.2.0
2023-12-04 19:07:25,806 [WARN] PackLoader:240 - Cannot read IP mode file for ITTIA_DB.I-CUBE-ITTIADB.8.8.0
2023-12-04 19:07:25,817 [WARN] PackLoader:240 - Cannot read IP mode file for STMicroelectronics.X-CUBE-BLEMGR.2.0.0
2023-12-04 19:07:25,838 [WARN] ConditionMgr:438 - getConditionDescription Invalid condition id : UX DEVICE CLASS RTOS Condition cause : null
2023-12-04 19:07:25,838 [WARN] ConditionMgr:438 - getConditionDescription Invalid condition id : UX DEVICE CLASS RTOS Condition cause : null
2023-12-04 19:07:25,859 [WARN] PackLoader:240 - Cannot read IP mode file for STMicroelectronics.X-CUBE-AZRTOS-H7.3.1.0
2023-12-04 19:07:25,864 [WARN] ConditionMgr:1039 - genDependencies : Invalid condition id : UX DEVICE CLASS RTOS Condition cause : null
2023-12-04 19:07:25,864 [WARN] ConditionMgr:1039 - genDependencies : Invalid condition id : UX DEVICE CLASS RTOS Condition cause : null
2023-12-04 19:07:25,865 [WARN] ConditionMgr:1039 - genDependencies : Invalid condition id : UX DEVICE CLASS RTOS Condition cause : null
2023-12-04 19:07:25,866 [WARN] ConditionMgr:1039 - genDependencies : Invalid condition id : UX DEVICE CLASS RTOS Condition cause : null
2023-12-04 19:07:25,866 [WARN] ConditionMgr:1039 - genDependencies : Invalid condition id : UX DEVICE CLASS RTOS Condition cause : null
2023-12-04 19:07:25,884 [WARN] PackLoader:240 - Cannot read IP mode file for STMicroelectronics.X-CUBE-NFC7.1.0.1
2023-12-04 19:07:25,906 [WARN] PackLoader:240 - Cannot read IP mode file for STMicroelectronics.X-CUBE-NFC6.3.0.0
2023-12-04 19:07:25,953 [WARN] PackLoader:240 - Cannot read IP mode file for STMicroelectronics.X-CUBE-EEPRMA1.4.1.0
2023-12-04 19:07:25,965 [WARN] PackLoader:240 - Cannot read IP mode file for STMicroelectronics.X-CUBE-AI.8.1.0
2023-12-04 19:07:26,003 [WARN] ConditionMgr:438 - getConditionDescription Invalid condition id : LAN8742 Phy interface Condition cause : null
2023-12-04 19:07:26,004 [WARN] PackLoader:240 - Cannot read IP mode file for STMicroelectronics.X-CUBE-AZRTOS-L4.2.0.0
2023-12-04 19:07:26,007 [WARN] ConditionMgr:1039 - genDependencies : Invalid condition id : LAN8742 Phy interface Condition cause : null
2023-12-04 19:07:26,007 [WARN] ConditionMgr:1039 - genDependencies : Invalid condition id : LAN8742 Phy interface Condition cause : null
2023-12-04 19:07:26,009 [WARN] ConditionMgr:1039 - genDependencies : Invalid condition id : LAN8742 Phy interface Condition cause : null
2023-12-04 19:07:26,028 [WARN] PackLoader:240 - Cannot read IP mode file for STMicroelectronics.X-CUBE-SFXS2LP1.4.0.0
2023-12-04 19:07:26,036 [WARN] PackLoader:240 - Cannot read IP mode file for STMicroelectronics.X-CUBE-ISPU.1.1.0
2023-12-04 19:07:26,051 [WARN] ConditionMgr:438 - getConditionDescription Invalid condition id : UX DEVICE CLASS RTOS Condition cause : null
2023-12-04 19:07:26,051 [WARN] ConditionMgr:438 - getConditionDescription Invalid condition id : UX DEVICE CLASS RTOS Condition cause : null
2023-12-04 19:07:26,054 [WARN] PackLoader:240 - Cannot read IP mode file for STMicroelectronics.X-CUBE-AZRTOS-WB.2.0.0
2023-12-04 19:07:26,055 [WARN] ConditionMgr:1039 - genDependencies : Invalid condition id : UX DEVICE CLASS RTOS Condition cause : null
2023-12-04 19:07:26,055 [WARN] ConditionMgr:1039 - genDependencies : Invalid condition id : UX DEVICE CLASS RTOS Condition cause : null
2023-12-04 19:07:26,055 [WARN] ConditionMgr:1039 - genDependencies : Invalid condition id : UX DEVICE CLASS RTOS Condition cause : null
2023-12-04 19:07:26,056 [WARN] ConditionMgr:1039 - genDependencies : Invalid condition id : UX DEVICE CLASS RTOS Condition cause : null
2023-12-04 19:07:26,056 [WARN] ConditionMgr:1039 - genDependencies : Invalid condition id : UX DEVICE CLASS RTOS Condition cause : null
2023-12-04 19:07:26,067 [WARN] PackLoader:240 - Cannot read IP mode file for STMicroelectronics.X-CUBE-FREERTOS.1.0.1
2023-12-04 19:07:26,089 [WARN] PackLoader:240 - Cannot read IP mode file for STMicroelectronics.X-CUBE-AZRTOS-L5.1.1.0
2023-12-04 19:07:26,102 [WARN] PackLoader:240 - Cannot read IP mode file for STMicroelectronics.X-CUBE-AI.8.0.1
2023-12-04 19:07:26,117 [WARN] PackLoader:240 - Cannot read IP mode file for STMicroelectronics.X-CUBE-SUBG2.5.0.0
2023-12-04 19:07:26,141 [WARN] PackLoader:240 - Cannot read IP mode file for STMicroelectronics.X-CUBE-TOF1.3.3.1
2023-12-04 19:07:26,163 [WARN] PackLoader:240 - Cannot read IP mode file for STMicroelectronics.X-CUBE-AZRTOS-G4.2.0.0
2023-12-04 19:07:26,176 [WARN] PackLoader:240 - Cannot read IP mode file for Infineon.AIROC-Wi-Fi-Bluetooth-STM32.1.5.1
2023-12-04 19:07:26,186 [WARN] PackLoader:240 - Cannot read IP mode file for STMicroelectronics.FP-SNS-MOTENVWB1.1.3.0
2023-12-04 19:07:26,196 [WARN] PackLoader:240 - Cannot read IP mode file for STMicroelectronics.FP-SNS-MOTENVWB1.1.3.1
2023-12-04 19:07:26,229 [WARN] PackLoader:240 - Cannot read IP mode file for STMicroelectronics.X-CUBE-MEMS1.10.0.0
2023-12-04 19:07:26,306 [WARN] PackLoader:240 - Cannot read IP mode file for STMicroelectronics.X-CUBE-FREERTOS.1.1.0
2023-12-04 19:07:26,311 [WARN] PackLoader:240 - Cannot read IP mode file for portGmbH.I-Cube-SoM-uGOAL.1.1.0
2023-12-04 19:07:26,317 [WARN] PackLoader:240 - Cannot read IP mode file for STMicroelectronics.X-CUBE-ALS.1.0.1
2023-12-04 19:07:26,333 [WARN] PackLoader:240 - Cannot read IP mode file for STMicroelectronics.X-CUBE-AZRTOS-WB.1.1.0
2023-12-04 19:07:26,340 [WARN] PackLoader:240 - Cannot read IP mode file for STMicroelectronics.FP-ATR-ASTRA1.2.0.0
2023-12-04 19:07:26,354 [WARN] PackLoader:240 - Cannot read IP mode file for STMicroelectronics.X-CUBE-TOF1.3.4.0
2023-12-04 19:07:26,361 [INFO] ThirdParty:978 - Integrity check success = true
2023-12-04 19:07:26,361 [INFO] IntegrityCheckThread:100 - exiting critical section [integrity check]
2023-12-04 19:07:26,361 [INFO] IntegrityCheckThread:103 - End integrity checks thread
