2023-12-02 21:41:13,763 [INFO] Activator:176 - 


2023-12-02 21:41:13,764 [INFO] Activator:177 - !SESSION log4j initialized
2023-12-02 21:41:16,437 [INFO] LogOutputStream:77 - [STDOUT_REDIRECT] 
2023-12-02 21:41:19,338 [INFO] ApplicationProperties:184 - Using Application install path: C:\ST\STM32CubeIDE_1.12.0\STM32CubeIDE\plugins\com.st.stm32cube.common.mx_6.9.2.202309101412
2023-12-02 21:41:19,358 [INFO] DbMcusXml:78 - Set database path to: C:\ST\STM32CubeIDE_1.12.0\STM32CubeIDE\plugins\com.st.stm32cube.common.mx_6.9.2.202309101412\\db\/mcu/
2023-12-02 21:41:19,359 [INFO] ApiDb:274 - Set plugin database path to: C:\ST\STM32CubeIDE_1.12.0\STM32CubeIDE\plugins\com.st.stm32cube.common.mx_6.9.2.202309101412\\db\/plugins/boardmanager/
2023-12-02 21:41:19,366 [WARN] ApiDb:259 - Overriding images path with different value:  => C:\ST\STM32CubeIDE_1.12.0\STM32CubeIDE\plugins\com.st.stm32cube.common.mx_6.9.2.202309101412\\db\/plugins/mcufinder/images/
2023-12-02 21:41:19,376 [INFO] ApiDb:250 - Set database path to: C:\Users\umutu\.stmcufinder\plugins\mcufinder//mcu/
2023-12-02 21:41:19,377 [INFO] DbMcusAds:125 - Set database path to: C:\Users\umutu\.stmcufinder\plugins\mcufinder//mcu/
2023-12-02 21:41:19,380 [INFO] CrossReferenceDbSqlite:203 - Set database path to: C:\Users\umutu\.stmcufinder\plugins\mcufinder//mcu/cs/
2023-12-02 21:41:19,485 [INFO] RulesReader:64 - Compatibility file has been processed (293 Rules)
2023-12-02 21:41:19,541 [INFO] DbMcusXml:78 - Set database path to: C:\ST\STM32CubeIDE_1.12.0\STM32CubeIDE\plugins\com.st.stm32cube.common.mx_6.9.2.202309101412\\db\/mcu/
2023-12-02 21:41:19,542 [INFO] ApiDb:274 - Set plugin database path to: C:\ST\STM32CubeIDE_1.12.0\STM32CubeIDE\plugins\com.st.stm32cube.common.mx_6.9.2.202309101412\\db\/plugins/boardmanager/
2023-12-02 21:41:19,542 [INFO] ApiDb:261 - Set plugin images path to: C:\ST\STM32CubeIDE_1.12.0\STM32CubeIDE\plugins\com.st.stm32cube.common.mx_6.9.2.202309101412\\db\/plugins/mcufinder/images/
2023-12-02 21:41:19,542 [WARN] DbFile:41 - Overriding database path with different value: C:\Users\umutu\.stmcufinder\plugins\mcufinder/ => C:\Users\umutu\.stmcufinder\plugins\mcufinder
2023-12-02 21:41:19,542 [INFO] ApiDb:250 - Set database path to: C:\Users\umutu\.stmcufinder\plugins\mcufinder//mcu/
2023-12-02 21:41:19,542 [WARN] DbFile:41 - Overriding database path with different value: C:\Users\umutu\.stmcufinder\plugins\mcufinder/ => C:\Users\umutu\.stmcufinder\plugins\mcufinder
2023-12-02 21:41:19,542 [INFO] DbMcusAds:125 - Set database path to: C:\Users\umutu\.stmcufinder\plugins\mcufinder//mcu/
2023-12-02 21:41:19,542 [WARN] DbFile:41 - Overriding database path with different value: C:\Users\umutu\.stmcufinder\plugins\mcufinder/ => C:\Users\umutu\.stmcufinder\plugins\mcufinder
2023-12-02 21:41:19,542 [WARN] DbFile:41 - Overriding database path with different value: C:\Users\umutu\.stmcufinder\plugins\mcufinder/ => C:\Users\umutu\.stmcufinder\plugins\mcufinder
2023-12-02 21:41:19,542 [INFO] CrossReferenceDbSqlite:203 - Set database path to: C:\Users\umutu\.stmcufinder\plugins\mcufinder//mcu/cs/
2023-12-02 21:41:19,607 [INFO] MainPanel:262 - HeapMemory: 268435456
2023-12-02 21:41:19,666 [INFO] DbMcusXml:78 - Set database path to: C:\ST\STM32CubeIDE_1.12.0\STM32CubeIDE\plugins\com.st.stm32cube.common.mx_6.9.2.202309101412\\db\/mcu/
2023-12-02 21:41:19,666 [INFO] ApiDb:274 - Set plugin database path to: C:\ST\STM32CubeIDE_1.12.0\STM32CubeIDE\plugins\com.st.stm32cube.common.mx_6.9.2.202309101412\\db\/plugins/boardmanager/
2023-12-02 21:41:19,666 [INFO] ApiDb:261 - Set plugin images path to: C:\ST\STM32CubeIDE_1.12.0\STM32CubeIDE\plugins\com.st.stm32cube.common.mx_6.9.2.202309101412\\db\/plugins/mcufinder/images/
2023-12-02 21:41:19,666 [WARN] DbFile:41 - Overriding database path with different value: C:\Users\umutu\.stmcufinder\plugins\mcufinder/ => C:\Users\umutu\.stmcufinder\plugins\mcufinder
2023-12-02 21:41:19,666 [INFO] ApiDb:250 - Set database path to: C:\Users\umutu\.stmcufinder\plugins\mcufinder//mcu/
2023-12-02 21:41:19,666 [WARN] DbFile:41 - Overriding database path with different value: C:\Users\umutu\.stmcufinder\plugins\mcufinder/ => C:\Users\umutu\.stmcufinder\plugins\mcufinder
2023-12-02 21:41:19,666 [INFO] DbMcusAds:125 - Set database path to: C:\Users\umutu\.stmcufinder\plugins\mcufinder//mcu/
2023-12-02 21:41:19,667 [WARN] DbFile:41 - Overriding database path with different value: C:\Users\umutu\.stmcufinder\plugins\mcufinder/ => C:\Users\umutu\.stmcufinder\plugins\mcufinder
2023-12-02 21:41:19,667 [WARN] DbFile:41 - Overriding database path with different value: C:\Users\umutu\.stmcufinder\plugins\mcufinder/ => C:\Users\umutu\.stmcufinder\plugins\mcufinder
2023-12-02 21:41:19,667 [INFO] CrossReferenceDbSqlite:203 - Set database path to: C:\Users\umutu\.stmcufinder\plugins\mcufinder//mcu/cs/
2023-12-02 21:41:19,680 [INFO] ApplicationProperties:184 - Using Application install path: C:\ST\STM32CubeIDE_1.12.0\STM32CubeIDE\plugins\com.st.stm32cube.common.mx_6.9.2.202309101412
2023-12-02 21:41:19,682 [INFO] PluginManage:196 - Search for loadable plugins [exclusion list=, ]
2023-12-02 21:41:19,683 [INFO] PluginManage:310 - Check plugin analytics
2023-12-02 21:41:19,855 [INFO] AnalyticsPlugin:253 - Accepted Software Licenses: 
2023-12-02 21:41:19,856 [INFO] AnalyticsPlugin:255 - Accepted CMSIS Pack Licenses: 
2023-12-02 21:41:19,856 [INFO] AnalyticsPlugin:257 - Accepted Firmware Licenses: 
2023-12-02 21:41:19,859 [INFO] PluginManage:359 - Loaded plugin analytics (category:tool,tabindex:-1)
2023-12-02 21:41:19,859 [INFO] PluginManage:310 - Check plugin cadmodel
2023-12-02 21:41:19,863 [INFO] CADModel:105 - Init CAD model plugin
2023-12-02 21:41:19,863 [INFO] PluginManage:359 - Loaded plugin cadmodel (category:power,tabindex:5)
2023-12-02 21:41:19,864 [INFO] PluginManage:310 - Check plugin clock
2023-12-02 21:41:19,873 [INFO] PluginManage:359 - Loaded plugin clock (category:base,tabindex:2)
2023-12-02 21:41:19,874 [INFO] PluginManage:310 - Check plugin ddr
2023-12-02 21:41:19,875 [INFO] PluginManage:359 - Loaded plugin ddr (category:tool,tabindex:6)
2023-12-02 21:41:19,875 [INFO] PluginManage:310 - Check plugin filemanager
2023-12-02 21:41:20,006 [INFO] PluginManage:359 - Loaded plugin filemanager (category:base,tabindex:10)
2023-12-02 21:41:20,006 [INFO] PluginManage:310 - Check plugin ipmanager
2023-12-02 21:41:20,012 [INFO] PluginManage:359 - Loaded plugin ipmanager (category:base,tabindex:5)
2023-12-02 21:41:20,012 [INFO] PluginManage:310 - Check plugin lpbam
2023-12-02 21:41:20,020 [INFO] PluginManage:359 - Loaded plugin lpbam (category:base,tabindex:0)
2023-12-02 21:41:20,020 [INFO] PluginManage:310 - Check plugin memorymap
2023-12-02 21:41:20,029 [INFO] PluginManage:359 - Loaded plugin memorymap (category:base,tabindex:4)
2023-12-02 21:41:20,029 [INFO] PluginManage:310 - Check plugin pinoutandconfiguration
2023-12-02 21:41:20,036 [INFO] PluginManage:359 - Loaded plugin pinoutandconfiguration (category:base,tabindex:1)
2023-12-02 21:41:20,036 [INFO] PluginManage:310 - Check plugin pinoutconfig
2023-12-02 21:41:20,104 [WARN] SupportedApi:132 - Cannot load RTOS API schema: s4s-elt-must-match.1: The content of 'definitions' must match (annotation?, (simpleType | complexType)?, (unique | key | keyref)*)). A problem was found starting at: attribute.
2023-12-02 21:41:20,226 [INFO] PluginManage:359 - Loaded plugin pinoutconfig (category:base,tabindex:0)
2023-12-02 21:41:20,226 [INFO] PluginManage:310 - Check plugin power
2023-12-02 21:41:20,234 [INFO] PluginManage:359 - Loaded plugin power (category:power,tabindex:4)
2023-12-02 21:41:20,235 [INFO] PluginManage:310 - Check plugin projectmanager
2023-12-02 21:41:20,250 [INFO] PluginManage:359 - Loaded plugin projectmanager (category:projectmanager,tabindex:3)
2023-12-02 21:41:20,250 [INFO] PluginManage:310 - Check plugin thirdparty
2023-12-02 21:41:20,356 [INFO] PluginManage:359 - Loaded plugin thirdparty (category:base,tabindex:-1)
2023-12-02 21:41:20,356 [WARN] IntegrityCheckThread:84 - waiting for thirdparty lock release [integrity check]
2023-12-02 21:41:20,356 [INFO] PluginManage:310 - Check plugin tools
2023-12-02 21:41:20,356 [INFO] IntegrityCheckThread:86 - entering critical section [integrity check]
2023-12-02 21:41:20,357 [INFO] ThirdPartyUpdaterWithRetryManager:70 - Updater plugin not ready yet. [1/15]
2023-12-02 21:41:20,358 [INFO] PluginManage:359 - Loaded plugin tools (category:base,tabindex:7)
2023-12-02 21:41:20,359 [INFO] PluginManage:310 - Check plugin tutovideos
2023-12-02 21:41:20,502 [INFO] PluginManage:359 - Loaded plugin tutovideos (category:base,tabindex:-1)
2023-12-02 21:41:20,502 [INFO] PluginManage:310 - Check plugin updater
2023-12-02 21:41:20,513 [INFO] PluginManage:359 - Loaded plugin updater (category:base,tabindex:12)
2023-12-02 21:41:20,513 [INFO] PluginManage:310 - Check plugin userauth
2023-12-02 21:41:20,519 [INFO] UserAuth:113 - Init User Auth plugin
2023-12-02 21:41:20,519 [INFO] PluginManage:359 - Loaded plugin userauth (category:base,tabindex:14)
2023-12-02 21:41:20,520 [INFO] PluginManage:283 - PluginManage : Loaded plugins [17]
2023-12-02 21:41:20,688 [INFO] PinOutPanel:1499 - setPackage(No Configuration,No Configuration)
2023-12-02 21:41:20,770 [INFO] CADModel:165 - CPN selected for project level
2023-12-02 21:41:20,770 [INFO] CADModel:114 - Register for checkConnection events
2023-12-02 21:41:20,789 [INFO] IPUIPlugin:80 - create IPUIPlugin
2023-12-02 21:41:20,790 [INFO] PluginManager:220 - loadIPPluginJar : add adc
2023-12-02 21:41:20,793 [INFO] IPUIPlugin:80 - create IPUIPlugin
2023-12-02 21:41:20,793 [INFO] PluginManager:220 - loadIPPluginJar : add aes
2023-12-02 21:41:20,795 [INFO] IPUIPlugin:80 - create IPUIPlugin
2023-12-02 21:41:20,795 [INFO] PluginManager:220 - loadIPPluginJar : add can
2023-12-02 21:41:20,796 [INFO] IPUIPlugin:80 - create IPUIPlugin
2023-12-02 21:41:20,797 [INFO] PluginManager:220 - loadIPPluginJar : add comp
2023-12-02 21:41:20,799 [INFO] IPUIPlugin:80 - create IPUIPlugin
2023-12-02 21:41:20,799 [INFO] PluginManager:220 - loadIPPluginJar : add cryp
2023-12-02 21:41:20,801 [INFO] IPUIPlugin:80 - create IPUIPlugin
2023-12-02 21:41:20,801 [INFO] PluginManager:220 - loadIPPluginJar : add dfsdm
2023-12-02 21:41:20,809 [INFO] IPUIPlugin:80 - create IPUIPlugin
2023-12-02 21:41:20,809 [INFO] PluginManager:220 - loadIPPluginJar : add dma
2023-12-02 21:41:20,812 [INFO] IPUIPlugin:80 - create IPUIPlugin
2023-12-02 21:41:20,812 [INFO] PluginManager:220 - loadIPPluginJar : add dma3
2023-12-02 21:41:20,814 [INFO] IPUIPlugin:80 - create IPUIPlugin
2023-12-02 21:41:20,814 [INFO] PluginManager:220 - loadIPPluginJar : add fatfs
2023-12-02 21:41:20,818 [INFO] IPUIPlugin:80 - create IPUIPlugin
2023-12-02 21:41:20,819 [INFO] PluginManager:220 - loadIPPluginJar : add fmc
2023-12-02 21:41:20,824 [INFO] IPUIPlugin:80 - create IPUIPlugin
2023-12-02 21:41:20,824 [INFO] PluginManager:220 - loadIPPluginJar : add freertos
2023-12-02 21:41:20,825 [INFO] IPUIPlugin:80 - create IPUIPlugin
2023-12-02 21:41:20,825 [INFO] PluginManager:220 - loadIPPluginJar : add genericplugin
2023-12-02 21:41:20,827 [INFO] IPUIPlugin:80 - create IPUIPlugin
2023-12-02 21:41:20,827 [INFO] PluginManager:220 - loadIPPluginJar : add gfxmmu
2023-12-02 21:41:20,831 [INFO] IPUIPlugin:80 - create IPUIPlugin
2023-12-02 21:41:20,832 [INFO] PluginManager:220 - loadIPPluginJar : add gic
2023-12-02 21:41:20,835 [INFO] IPUIPlugin:80 - create IPUIPlugin
2023-12-02 21:41:20,835 [INFO] PluginManager:220 - loadIPPluginJar : add gpio
2023-12-02 21:41:20,837 [INFO] IPUIPlugin:80 - create IPUIPlugin
2023-12-02 21:41:20,837 [INFO] PluginManager:220 - loadIPPluginJar : add gtzc
2023-12-02 21:41:20,838 [INFO] IPUIPlugin:80 - create IPUIPlugin
2023-12-02 21:41:20,838 [INFO] PluginManager:220 - loadIPPluginJar : add hash
2023-12-02 21:41:20,840 [INFO] IPUIPlugin:80 - create IPUIPlugin
2023-12-02 21:41:20,840 [INFO] PluginManager:220 - loadIPPluginJar : add i2c
2023-12-02 21:41:20,841 [INFO] IPUIPlugin:80 - create IPUIPlugin
2023-12-02 21:41:20,841 [INFO] PluginManager:220 - loadIPPluginJar : add i2s
2023-12-02 21:41:20,844 [INFO] IPUIPlugin:80 - create IPUIPlugin
2023-12-02 21:41:20,844 [INFO] PluginManager:220 - loadIPPluginJar : add i3c
2023-12-02 21:41:20,846 [INFO] IPUIPlugin:80 - create IPUIPlugin
2023-12-02 21:41:20,846 [INFO] PluginManager:220 - loadIPPluginJar : add ipddr
2023-12-02 21:41:20,852 [INFO] IPUIPlugin:80 - create IPUIPlugin
2023-12-02 21:41:20,852 [INFO] PluginManager:220 - loadIPPluginJar : add linkedlist
2023-12-02 21:41:20,854 [INFO] IPUIPlugin:80 - create IPUIPlugin
2023-12-02 21:41:20,855 [INFO] PluginManager:220 - loadIPPluginJar : add lorawan
2023-12-02 21:41:20,856 [INFO] IPUIPlugin:80 - create IPUIPlugin
2023-12-02 21:41:20,856 [INFO] PluginManager:220 - loadIPPluginJar : add ltdc
2023-12-02 21:41:20,860 [INFO] IPUIPlugin:80 - create IPUIPlugin
2023-12-02 21:41:20,860 [INFO] PluginManager:220 - loadIPPluginJar : add mdma
2023-12-02 21:41:20,862 [INFO] IPUIPlugin:80 - create IPUIPlugin
2023-12-02 21:41:20,863 [INFO] PluginManager:220 - loadIPPluginJar : add nvic
2023-12-02 21:41:20,864 [INFO] IPUIPlugin:80 - create IPUIPlugin
2023-12-02 21:41:20,865 [INFO] PluginManager:220 - loadIPPluginJar : add opamp
2023-12-02 21:41:20,866 [INFO] IPUIPlugin:80 - create IPUIPlugin
2023-12-02 21:41:20,866 [INFO] PluginManager:220 - loadIPPluginJar : add openamp
2023-12-02 21:41:20,869 [INFO] IPUIPlugin:80 - create IPUIPlugin
2023-12-02 21:41:20,869 [INFO] PluginManager:220 - loadIPPluginJar : add pdm2pcm
2023-12-02 21:41:20,874 [INFO] IPUIPlugin:80 - create IPUIPlugin
2023-12-02 21:41:20,876 [INFO] PluginManager:220 - loadIPPluginJar : add plateformsettings
2023-12-02 21:41:20,877 [INFO] IPUIPlugin:80 - create IPUIPlugin
2023-12-02 21:41:20,877 [INFO] PluginManager:220 - loadIPPluginJar : add quadspi
2023-12-02 21:41:20,880 [INFO] IPUIPlugin:80 - create IPUIPlugin
2023-12-02 21:41:20,880 [INFO] PluginManager:220 - loadIPPluginJar : add resmgrutility
2023-12-02 21:41:20,883 [INFO] IPUIPlugin:80 - create IPUIPlugin
2023-12-02 21:41:20,884 [INFO] PluginManager:220 - loadIPPluginJar : add sai
2023-12-02 21:41:20,886 [INFO] IPUIPlugin:80 - create IPUIPlugin
2023-12-02 21:41:20,886 [INFO] PluginManager:220 - loadIPPluginJar : add spi
2023-12-02 21:41:20,891 [INFO] IPUIPlugin:80 - create IPUIPlugin
2023-12-02 21:41:20,891 [INFO] PluginManager:220 - loadIPPluginJar : add stm32_wpan
2023-12-02 21:41:20,892 [INFO] IPUIPlugin:80 - create IPUIPlugin
2023-12-02 21:41:20,892 [INFO] PluginManager:220 - loadIPPluginJar : add tim
2023-12-02 21:41:20,895 [INFO] IPUIPlugin:80 - create IPUIPlugin
2023-12-02 21:41:20,895 [INFO] PluginManager:220 - loadIPPluginJar : add touchsensing
2023-12-02 21:41:20,898 [INFO] IPUIPlugin:80 - create IPUIPlugin
2023-12-02 21:41:20,898 [INFO] PluginManager:220 - loadIPPluginJar : add tracer_emb
2023-12-02 21:41:20,900 [INFO] IPUIPlugin:80 - create IPUIPlugin
2023-12-02 21:41:20,900 [INFO] PluginManager:220 - loadIPPluginJar : add ts
2023-12-02 21:41:20,901 [INFO] IPUIPlugin:80 - create IPUIPlugin
2023-12-02 21:41:20,901 [INFO] PluginManager:220 - loadIPPluginJar : add tsc
2023-12-02 21:41:20,903 [INFO] IPUIPlugin:80 - create IPUIPlugin
2023-12-02 21:41:20,903 [INFO] PluginManager:220 - loadIPPluginJar : add ucpd
2023-12-02 21:41:20,906 [INFO] IPUIPlugin:80 - create IPUIPlugin
2023-12-02 21:41:20,906 [INFO] PluginManager:220 - loadIPPluginJar : add usart
2023-12-02 21:41:20,909 [INFO] IPUIPlugin:80 - create IPUIPlugin
2023-12-02 21:41:20,909 [INFO] PluginManager:220 - loadIPPluginJar : add usbx
2023-12-02 21:41:21,025 [INFO] CADModel:165 - CPN selected for project level
2023-12-02 21:41:21,025 [INFO] CADModel:114 - Register for checkConnection events
2023-12-02 21:41:21,025 [FATAL] Updater:308 - Updater called before beeing initialized
2023-12-02 21:41:21,025 [ERROR] CADModel:125 - Updater not yet initialized, retry later 
2023-12-02 21:41:21,125 [INFO] CADModel:165 - CPN selected for project level
2023-12-02 21:41:21,125 [INFO] CADModel:114 - Register for checkConnection events
2023-12-02 21:41:21,125 [FATAL] Updater:308 - Updater called before beeing initialized
2023-12-02 21:41:21,125 [ERROR] CADModel:125 - Updater not yet initialized, retry later 
2023-12-02 21:41:21,128 [FATAL] Updater:308 - Updater called before beeing initialized
2023-12-02 21:41:21,201 [FATAL] Updater:308 - Updater called before beeing initialized
2023-12-02 21:41:21,205 [INFO] DbMcusAds:53 - JSON generation date=Tue Mar 07 11:50:55 TRT 2023 (1678179055335)
2023-12-02 21:41:21,206 [FATAL] Updater:308 - Updater called before beeing initialized
2023-12-02 21:41:21,233 [WARN] DetailPanel:346 - Failed to get advertising image, set to default
2023-12-02 21:41:21,301 [FATAL] Updater:308 - Updater called before beeing initialized
2023-12-02 21:41:21,302 [FATAL] Updater:308 - Updater called before beeing initialized
2023-12-02 21:41:21,302 [FATAL] Updater:308 - Updater called before beeing initialized
2023-12-02 21:41:21,302 [WARN] DetailPanel:346 - Failed to get advertising image, set to default
2023-12-02 21:41:21,303 [FATAL] Updater:308 - Updater called before beeing initialized
2023-12-02 21:41:21,336 [ERROR] Updater:1120 - MainUpdater not yet initialized. External WinMGr cannot be set.
2023-12-02 21:41:21,336 [INFO] Updater:1056 - Updater Version found : 6.9.2
2023-12-02 21:41:21,352 [INFO] ApplicationProperties:184 - Using Application install path: C:\ST\STM32CubeIDE_1.12.0\STM32CubeIDE\plugins\com.st.stm32cube.common.mx_6.9.2.202309101412
2023-12-02 21:41:23,139 [INFO] MainUpdater:2868 - connection check result : 10
2023-12-02 21:41:23,139 [INFO] MainUpdater:285 - Updater Check For Update Now.
2023-12-02 21:41:23,140 [INFO] MicroXplorer:498 - Change Database Version : DB.6.0.92
2023-12-02 21:41:23,145 [INFO] McuFinderGlobals:63 - Set McuFinder mode to 2 (CubeIDE integrated)
2023-12-02 21:41:23,145 [INFO] McuFinderGlobals:63 - Set McuFinder mode to 2 (CubeIDE integrated)
2023-12-02 21:41:23,347 [INFO] CheckServerUpdateThread:120 - End of CheckServer Thread
2023-12-02 21:41:23,493 [WARN] PackLoader:240 - Cannot read IP mode file for STMicroelectronics.X-CUBE-SMBUS.2.1.0
2023-12-02 21:41:23,534 [WARN] PackLoader:240 - Cannot read IP mode file for STMicroelectronics.X-CUBE-AZRTOS-F7.1.1.0
2023-12-02 21:41:23,549 [WARN] PackLoader:240 - Cannot read IP mode file for STMicroelectronics.FP-SNS-MOTENV1.4.3.2
2023-12-02 21:41:23,585 [WARN] PackLoader:240 - Cannot read IP mode file for STMicroelectronics.X-CUBE-BLE1.6.2.4
2023-12-02 21:41:23,595 [WARN] PackLoader:240 - Cannot read IP mode file for STMicroelectronics.FP-SNS-FLIGHT1.5.0.2
2023-12-02 21:41:23,606 [WARN] PackLoader:240 - Cannot read IP mode file for STMicroelectronics.X-CUBE-DISPLAY.3.0.0
2023-12-02 21:41:23,622 [WARN] PackLoader:240 - Cannot read IP mode file for STMicroelectronics.X-CUBE-BLE1.7.0.0
2023-12-02 21:41:23,636 [WARN] PackLoader:240 - Cannot read IP mode file for emotas.I-CUBE-CANOPEN.1.3.0
2023-12-02 21:41:23,643 [WARN] PackLoader:240 - Cannot read IP mode file for STMicroelectronics.X-CUBE-TOUCHGFX.4.22.0
2023-12-02 21:41:23,646 [WARN] PackLoader:240 - Cannot read IP mode file for STMicroelectronics.X-CUBE-TOUCHGFX.4.22.1
2023-12-02 21:41:23,655 [WARN] PackLoader:240 - Cannot read IP mode file for STMicroelectronics.FP-SNS-SMARTAG2.1.2.0
2023-12-02 21:41:23,674 [INFO] LogOutputStream:77 - [STDOUT_REDIRECT] 1 : Invalid condition id : UX_CORESTACK_Condition cause : null
2023-12-02 21:41:23,677 [INFO] LogOutputStream:77 - [STDOUT_REDIRECT] 1 : Invalid condition id : UX_CORESTACK_Condition cause : null
2023-12-02 21:41:23,678 [INFO] LogOutputStream:77 - [STDOUT_REDIRECT] 1 : Invalid condition id : UX_CORESTACK_Condition cause : null
2023-12-02 21:41:23,679 [INFO] LogOutputStream:77 - [STDOUT_REDIRECT] 1 : Invalid condition id : UX_CORESTACK_Condition cause : null
2023-12-02 21:41:23,681 [INFO] LogOutputStream:77 - [STDOUT_REDIRECT] 1 : Invalid condition id : UX_CORESTACK_Condition cause : null
2023-12-02 21:41:23,685 [WARN] PackLoader:240 - Cannot read IP mode file for STMicroelectronics.X-CUBE-AZRTOS-WL.2.0.0
2023-12-02 21:41:23,694 [WARN] PackLoader:240 - Cannot read IP mode file for WES.I-CUBE-Cesium.1.3.0
2023-12-02 21:41:23,705 [WARN] PackLoader:240 - Cannot read IP mode file for STMicroelectronics.X-CUBE-BLE2.3.3.0
2023-12-02 21:41:23,716 [WARN] PackLoader:240 - Cannot read IP mode file for STMicroelectronics.X-CUBE-ALGOBUILD.1.3.0
2023-12-02 21:41:23,734 [WARN] PackLoader:240 - Cannot read IP mode file for STMicroelectronics.X-CUBE-AZRTOS-G0.1.1.0
2023-12-02 21:41:23,741 [WARN] PackLoader:240 - Cannot read IP mode file for STMicroelectronics.X-CUBE-NFC4.3.0.0
2023-12-02 21:41:23,755 [WARN] PackLoader:240 - Cannot read IP mode file for STMicroelectronics.X-CUBE-BLEMGR.3.0.0
2023-12-02 21:41:23,763 [WARN] PackLoader:240 - Cannot read IP mode file for STMicroelectronics.FP-ATR-SIGFOX1.3.2.0
2023-12-02 21:41:23,817 [WARN] PackLoader:240 - Cannot read IP mode file for SEGGER.I-CUBE-embOS.1.3.1
2023-12-02 21:41:23,863 [WARN] PackLoader:240 - Cannot read IP mode file for STMicroelectronics.X-CUBE-GNSS1.6.0.0
2023-12-02 21:41:23,883 [WARN] PackLoader:240 - Cannot read IP mode file for STMicroelectronics.X-CUBE-AZRTOS-F4.1.1.0
2023-12-02 21:41:23,895 [WARN] PackLoader:240 - Cannot read IP mode file for wolfSSL.I-CUBE-wolfSSL.5.6.3
2023-12-02 21:41:23,909 [WARN] PackLoader:240 - Cannot read IP mode file for STMicroelectronics.X-CUBE-AZRTOS-L5.2.0.0
2023-12-02 21:41:23,957 [WARN] PackLoader:240 - Cannot read IP mode file for STMicroelectronics.X-CUBE-MEMS1.9.6.0
2023-12-02 21:41:24,095 [WARN] PackLoader:240 - Cannot read IP mode file for STMicroelectronics.X-CUBE-EEPRMA1.4.2.0
2023-12-02 21:41:24,103 [WARN] PackLoader:240 - Cannot read IP mode file for ITTIA_DB.I-CUBE-ITTIADB.8.8.0
2023-12-02 21:41:24,113 [WARN] PackLoader:240 - Cannot read IP mode file for STMicroelectronics.X-CUBE-BLEMGR.2.0.0
2023-12-02 21:41:24,139 [WARN] ConditionMgr:438 - getConditionDescription Invalid condition id : UX DEVICE CLASS RTOS Condition cause : null
2023-12-02 21:41:24,139 [WARN] ConditionMgr:438 - getConditionDescription Invalid condition id : UX DEVICE CLASS RTOS Condition cause : null
2023-12-02 21:41:24,142 [WARN] PackLoader:240 - Cannot read IP mode file for STMicroelectronics.X-CUBE-AZRTOS-H7.3.1.0
2023-12-02 21:41:24,143 [WARN] ConditionMgr:1039 - genDependencies : Invalid condition id : UX DEVICE CLASS RTOS Condition cause : null
2023-12-02 21:41:24,143 [WARN] ConditionMgr:1039 - genDependencies : Invalid condition id : UX DEVICE CLASS RTOS Condition cause : null
2023-12-02 21:41:24,143 [WARN] ConditionMgr:1039 - genDependencies : Invalid condition id : UX DEVICE CLASS RTOS Condition cause : null
2023-12-02 21:41:24,144 [WARN] ConditionMgr:1039 - genDependencies : Invalid condition id : UX DEVICE CLASS RTOS Condition cause : null
2023-12-02 21:41:24,144 [WARN] ConditionMgr:1039 - genDependencies : Invalid condition id : UX DEVICE CLASS RTOS Condition cause : null
2023-12-02 21:41:24,151 [WARN] PackLoader:240 - Cannot read IP mode file for STMicroelectronics.X-CUBE-NFC7.1.0.1
2023-12-02 21:41:24,160 [WARN] PackLoader:240 - Cannot read IP mode file for STMicroelectronics.X-CUBE-NFC6.3.0.0
2023-12-02 21:41:24,171 [WARN] PackLoader:240 - Cannot read IP mode file for STMicroelectronics.X-CUBE-EEPRMA1.4.1.0
2023-12-02 21:41:24,181 [WARN] PackLoader:240 - Cannot read IP mode file for STMicroelectronics.X-CUBE-AI.8.1.0
2023-12-02 21:41:24,206 [WARN] ConditionMgr:438 - getConditionDescription Invalid condition id : LAN8742 Phy interface Condition cause : null
2023-12-02 21:41:24,207 [WARN] PackLoader:240 - Cannot read IP mode file for STMicroelectronics.X-CUBE-AZRTOS-L4.2.0.0
2023-12-02 21:41:24,207 [WARN] ConditionMgr:1039 - genDependencies : Invalid condition id : LAN8742 Phy interface Condition cause : null
2023-12-02 21:41:24,208 [WARN] ConditionMgr:1039 - genDependencies : Invalid condition id : LAN8742 Phy interface Condition cause : null
2023-12-02 21:41:24,209 [WARN] ConditionMgr:1039 - genDependencies : Invalid condition id : LAN8742 Phy interface Condition cause : null
2023-12-02 21:41:24,220 [WARN] PackLoader:240 - Cannot read IP mode file for STMicroelectronics.X-CUBE-SFXS2LP1.4.0.0
2023-12-02 21:41:24,232 [WARN] PackLoader:240 - Cannot read IP mode file for STMicroelectronics.X-CUBE-ISPU.1.1.0
2023-12-02 21:41:24,245 [WARN] ConditionMgr:438 - getConditionDescription Invalid condition id : UX DEVICE CLASS RTOS Condition cause : null
2023-12-02 21:41:24,246 [WARN] ConditionMgr:438 - getConditionDescription Invalid condition id : UX DEVICE CLASS RTOS Condition cause : null
2023-12-02 21:41:24,249 [WARN] PackLoader:240 - Cannot read IP mode file for STMicroelectronics.X-CUBE-AZRTOS-WB.2.0.0
2023-12-02 21:41:24,251 [WARN] ConditionMgr:1039 - genDependencies : Invalid condition id : UX DEVICE CLASS RTOS Condition cause : null
2023-12-02 21:41:24,252 [WARN] ConditionMgr:1039 - genDependencies : Invalid condition id : UX DEVICE CLASS RTOS Condition cause : null
2023-12-02 21:41:24,253 [WARN] ConditionMgr:1039 - genDependencies : Invalid condition id : UX DEVICE CLASS RTOS Condition cause : null
2023-12-02 21:41:24,254 [WARN] ConditionMgr:1039 - genDependencies : Invalid condition id : UX DEVICE CLASS RTOS Condition cause : null
2023-12-02 21:41:24,254 [WARN] ConditionMgr:1039 - genDependencies : Invalid condition id : UX DEVICE CLASS RTOS Condition cause : null
2023-12-02 21:41:24,266 [WARN] PackLoader:240 - Cannot read IP mode file for STMicroelectronics.X-CUBE-FREERTOS.1.0.1
2023-12-02 21:41:24,292 [WARN] PackLoader:240 - Cannot read IP mode file for STMicroelectronics.X-CUBE-AZRTOS-L5.1.1.0
2023-12-02 21:41:24,300 [WARN] PackLoader:240 - Cannot read IP mode file for STMicroelectronics.X-CUBE-AI.8.0.1
2023-12-02 21:41:24,310 [WARN] PackLoader:240 - Cannot read IP mode file for STMicroelectronics.X-CUBE-SUBG2.5.0.0
2023-12-02 21:41:24,332 [WARN] PackLoader:240 - Cannot read IP mode file for STMicroelectronics.X-CUBE-TOF1.3.3.1
2023-12-02 21:41:24,357 [WARN] PackLoader:240 - Cannot read IP mode file for STMicroelectronics.X-CUBE-AZRTOS-G4.2.0.0
2023-12-02 21:41:24,379 [WARN] PackLoader:240 - Cannot read IP mode file for Infineon.AIROC-Wi-Fi-Bluetooth-STM32.1.5.1
2023-12-02 21:41:24,389 [WARN] PackLoader:240 - Cannot read IP mode file for STMicroelectronics.FP-SNS-MOTENVWB1.1.3.0
2023-12-02 21:41:24,401 [WARN] PackLoader:240 - Cannot read IP mode file for STMicroelectronics.FP-SNS-MOTENVWB1.1.3.1
2023-12-02 21:41:24,435 [WARN] PackLoader:240 - Cannot read IP mode file for STMicroelectronics.X-CUBE-MEMS1.10.0.0
2023-12-02 21:41:24,538 [WARN] PackLoader:240 - Cannot read IP mode file for STMicroelectronics.X-CUBE-FREERTOS.1.1.0
2023-12-02 21:41:24,545 [WARN] PackLoader:240 - Cannot read IP mode file for portGmbH.I-Cube-SoM-uGOAL.1.1.0
2023-12-02 21:41:24,558 [WARN] PackLoader:240 - Cannot read IP mode file for STMicroelectronics.X-CUBE-ALS.1.0.1
2023-12-02 21:41:24,577 [WARN] PackLoader:240 - Cannot read IP mode file for STMicroelectronics.X-CUBE-AZRTOS-WB.1.1.0
2023-12-02 21:41:24,586 [WARN] PackLoader:240 - Cannot read IP mode file for STMicroelectronics.FP-ATR-ASTRA1.2.0.0
2023-12-02 21:41:24,607 [WARN] PackLoader:240 - Cannot read IP mode file for STMicroelectronics.X-CUBE-TOF1.3.4.0
2023-12-02 21:41:24,614 [INFO] ThirdParty:978 - Integrity check success = true
2023-12-02 21:41:24,614 [INFO] IntegrityCheckThread:100 - exiting critical section [integrity check]
2023-12-02 21:41:24,615 [INFO] IntegrityCheckThread:103 - End integrity checks thread
2023-12-02 21:41:55,732 [INFO] McuFinderGlobals:63 - Set McuFinder mode to 2 (CubeIDE integrated)
2023-12-02 21:41:55,755 [INFO] MainUpdater:2868 - connection check result : 10
2023-12-02 21:41:55,772 [INFO] McuFinderGlobals:76 - Set McuFinderConnectedMode to true
2023-12-02 21:41:57,530 [INFO] ServerAccessManage:473 - Download File mcusAds.json._tmp_
2023-12-02 21:41:57,642 [INFO] LoadUrlFilesThread:156 - End of LoadUrlFiles Thread
2023-12-02 21:41:58,353 [INFO] ServerAccessManage:473 - Download File cube-finder-db.zip
2023-12-02 21:42:09,128 [ERROR] ServerAccessManage:651 - User Cancel Download : cube-finder-db.zip.
2023-12-02 21:42:09,230 [INFO] LoadUrlFilesThread:156 - End of LoadUrlFiles Thread
2023-12-02 21:42:10,255 [INFO] DbMcusAds:53 - JSON generation date=Wed Nov 29 13:52:38 TRT 2023 (1701255158764)
2023-12-02 21:42:10,275 [ERROR] TargetSelectorAdapter:267 - Unable to refresh data
2023-12-02 21:42:10,919 [INFO] ApiDb:581 - Connected to CubeFinder SQLite database (C:\Users\umutu\.stmcufinder\plugins\mcufinder\mcu\cube-finder-db.db)
2023-12-02 21:42:11,014 [INFO] ApiDb:668 - CubeFinder database Data Model version=2.1
2023-12-02 21:42:11,014 [INFO] ApiDb:669 - CubeFinder database Configuration version=3.0.37
2023-12-02 21:42:11,015 [INFO] ApiDb:670 - CubeFinder database generation date=2023-10-13 (1697197505)
2023-12-02 21:42:11,015 [INFO] ApiDb:671 - CubeFinder database FW Pack versions=[FP-ATR-ASTRA1_V2.0.0, FP-SNS-FLIGHT1_V5.0.1, FP-SNS-FLIGHT1_V5.0.2, FP-SNS-MOTENV1_V4.3.1, FP-SNS-MOTENV1_V4.3.2, FP-SNS-SMARTAG2_V1.2.0, I-CUBE-ITTIADB_V8.6.3-1, STM32Cube_FW_C0_V1.1.0, STM32Cube_FW_F4_V1.27.1, STM32Cube_FW_F7_V1.17.0, STM32Cube_FW_G0_V1.6.1, STM32Cube_FW_G4_V1.5.1, STM32Cube_FW_H5_V0.5.1, STM32Cube_FW_H5_V1.1.1, STM32Cube_FW_H7_V1.11.0, STM32Cube_FW_L0_V1.12.2, STM32Cube_FW_L5_V1.5.0, STM32Cube_FW_U5_V1.3.0, STM32Cube_FW_U5_V1.3.0RC4, STM32Cube_FW_WBA_V1.0.0RC1, STM32Cube_FW_WBA_V1.1.0RC1, STM32Cube_FW_WBA_V1.1.1, STM32Cube_FW_WB_V1.15.0RC1, STM32Cube_FW_WB_V1.16.0, STM32Cube_FW_WB_V1.16.0RC2, STM32Cube_FW_WB_V1.17.3, STM32Cube_FW_WL_V1.3.0, X-CUBE-ALGOBUILD_V1.3.0, X-CUBE-ALS_V1.0.1, X-CUBE-AZRTOS-F4_V1.1.0, X-CUBE-AZRTOS-F7_V1.1.0, X-CUBE-AZRTOS-G0_V1.1.0, X-CUBE-AZRTOS-G4_V2.0.0, X-CUBE-AZRTOS-H7_V3.1.0, X-CUBE-AZRTOS-L4_V1.0.0, X-CUBE-AZRTOS-L4_V2.0.0, X-CUBE-AZRTOS-L5_V1.1.0, X-CUBE-AZRTOS-WB_V2.0.0, X-CUBE-AZRTOS-WL_V2.0.0, X-CUBE-BLE1_V7.0.0, X-CUBE-BLE2_V3.3.0, X-CUBE-BLEMGR_V2.0.0, X-CUBE-EEPRMA1_V4.1.0, X-CUBE-FREERTOS_V1.1.0, X-CUBE-GNSS1_V6.0.0, X-CUBE-MEMS1_V10.0.0, X-CUBE-MEMS1_V9.1.0, X-CUBE-MEMS1_V9.4.0, X-CUBE-MEMS1_V9.6.0, X-CUBE-NFC4_V3.0.0, X-CUBE-NFC7_V1.0.1, X-CUBE-SFXS2LP1_V4.0.0, X-CUBE-SUBG2_V5.0.0, X-CUBE-TOF1_V3.3.1]
2023-12-02 21:42:11,137 [INFO] DbBoardsSqlite:226 - include board P-NUCLEO-WB55-NUCLEO as a kit item of type 'Nucleo-64'
2023-12-02 21:42:11,137 [INFO] DbBoardsSqlite:226 - include board P-NUCLEO-WB55-USBDONGLE as a kit item of type 'Nucleo USB Dongle'
2023-12-02 21:42:11,139 [INFO] DbBoardsSqlite:226 - include board STEVAL-IDP005V1 as a kit item of type 'Evaluation Board'
2023-12-02 21:42:11,140 [INFO] DbBoardsSqlite:226 - include board STEVAL-IDP005V2 as a kit item of type 'Evaluation Board'
2023-12-02 21:42:11,458 [INFO] ApiDb:240 - Found 323 in-development CPN: [B-G473E-ZEST1S, B-WB1M-WPAN1, B-WL5M-SUBG1, NUCLEO-C031C6, NUCLEO-H503RB, NUCLEO-H563ZI, NUCLEO-U545RE-Q, NUCLEO-U5A5ZJ-Q, NUCLEO-WBA52CG, STEVAL-PROTEUS1, STEVAL-SMARTAG2, STEVAL-STWINBX1, STM320518-EVAL, STM32C0116-DK, STM32C011D6Y3TR, STM32C011D6Y6TR, STM32C011F4P3, STM32C011F4P6, STM32C011F4U3, STM32C011F4U6TR, STM32C011F6P3, STM32C011F6P6, STM32C011F6U3, STM32C011F6U6TR, STM32C011J4M3, STM32C011J4M6, STM32C011J6M3, STM32C011J6M6, STM32C0316-DK, STM32C031C4T3, STM32C031C4T6, STM32C031C4U3, STM32C031C4U6, STM32C031C6T3, STM32C031C6T6, STM32C031C6U3, STM32C031C6U6, STM32C031F4P3, STM32C031F4P6, STM32C031F6P3, STM32C031F6P6, STM32C031G4U3, STM32C031G4U6, STM32C031G6U3, STM32C031G6U6, STM32C031K4T3, STM32C031K4T6, STM32C031K4U3, STM32C031K4U6, STM32C031K6T3, STM32C031K6T6, STM32C031K6U3, STM32C031K6U6, STM32G071K8TXN, STM32G071K8UXN, STM32G081GBU6N, STM32G081KBT6N, STM32G081KBUXN, STM32G0B1CCT6N, STM32G0B1KCT6, STM32G0B1NEY6TR, STM32G0B1RCT6N, STM32G0C1CCT6, STM32G0C1CCT6N, STM32G0C1CCU6N, STM32G0C1CET6N, STM32G0C1CEU6N, STM32G0C1KCT6, STM32G0C1NEY6TR, STM32G0C1RCI6N, STM32G0C1RCT6N, STM32G0C1REI6N, STM32G0C1RET6N, STM32G0C1VCI6, STM32G0C1VEI6, STM32G471CCT6, STM32G471CCU6, STM32G471CET3, STM32G471CET6, STM32G471CEU3, STM32G471CEU6, STM32G471MCT6, STM32G471MET3, STM32G471MET6, STM32G471MEY6TR, STM32G471QCT6, STM32G471QET3, STM32G471RCT6, STM32G471RET3, STM32G471RET6, STM32G471VCH6, STM32G471VCI6, STM32G471VCT6, STM32G471VEH3, STM32G471VEH6, STM32G471VEI3, STM32G471VEI6, STM32G471VET3, STM32G471VET6, STM32G474CCT6, STM32H503CBT6, STM32H503CBU6, STM32H503EBY6TR, STM32H503KBU6, STM32H503RBT6, STM32H562AGI6, STM32H562AII6, STM32H562IGK6, STM32H562IGT6, STM32H562IIK6, STM32H562IIT6, STM32H562RGT6, STM32H562RGV6, STM32H562RIT6, STM32H562RIV6, STM32H562VGT6, STM32H562VIT6, STM32H562ZGT6, STM32H562ZIT6, STM32H563AGI6, STM32H563AII3Q, STM32H563AII6, STM32H563IGK6, STM32H563IGT6, STM32H563IIK3Q, STM32H563IIK6, STM32H563IIT3Q, STM32H563IIT6, STM32H563MIY3QTR, STM32H563RGT6, STM32H563RGV6, STM32H563RIT6, STM32H563RIV6, STM32H563VGT6, STM32H563VIT3Q, STM32H563VIT6, STM32H563ZGT6, STM32H563ZIT3Q, STM32H563ZIT6, STM32H573AII3Q, STM32H573AII6, STM32H573I-DK, STM32H573IIK3Q, STM32H573IIK6, STM32H573IIT3Q, STM32H573IIT6, STM32H573MIY3QTR, STM32H573RIT6, STM32H573RIV6, STM32H573VIT3Q, STM32H573VIT6, STM32H573ZIT3Q, STM32H573ZIT6, STM32L4R5QGI6STR, STM32MP131AAE3, STM32MP131AAF3, STM32MP131AAG3, STM32MP131CAE3, STM32MP131CAF3, STM32MP131CAG3, STM32MP131DAE7, STM32MP131DAF7, STM32MP131DAG7, STM32MP131FAE7, STM32MP131FAF7, STM32MP131FAG7, STM32MP133AAE3, STM32MP133AAF3, STM32MP133AAG3, STM32MP133CAE3, STM32MP133CAF3, STM32MP133CAG3, STM32MP133DAE7, STM32MP133DAF7, STM32MP133DAG7, STM32MP133FAE7, STM32MP133FAF7, STM32MP133FAG7, STM32MP135AAE3, STM32MP135AAF3, STM32MP135AAG3, STM32MP135CAE3, STM32MP135CAF3, STM32MP135CAG3, STM32MP135DAE7, STM32MP135DAF7, STM32MP135DAG7, STM32MP135F-DK, STM32MP135FAE7, STM32MP135FAF7, STM32MP135FAF7T, STM32MP135FAF7U, STM32MP135FAG7, STM32U535CBT6, STM32U535CBT6Q, STM32U535CBU6, STM32U535CBU6Q, STM32U535CCT6, STM32U535CCT6Q, STM32U535CCU6, STM32U535CCU6Q, STM32U535CET6, STM32U535CET6Q, STM32U535CEU6, STM32U535CEU6Q, STM32U535JEY6QTR, STM32U535NCY6QTR, STM32U535NEY6QTR, STM32U535RBI6, STM32U535RBI6Q, STM32U535RBT6, STM32U535RBT6Q, STM32U535RCI6, STM32U535RCI6Q, STM32U535RCT6, STM32U535RCT6Q, STM32U535REI6, STM32U535REI6Q, STM32U535RET6, STM32U535RET6Q, STM32U535VCI6, STM32U535VCI6Q, STM32U535VCT6, STM32U535VCT6Q, STM32U535VEI6, STM32U535VEI6Q, STM32U535VET6, STM32U535VET6Q, STM32U545CET6, STM32U545CET6Q, STM32U545CEU6, STM32U545CEU6Q, STM32U545JEY6QTR, STM32U545NEY6QTR, STM32U545REI6, STM32U545REI6Q, STM32U545RET6, STM32U545RET6Q, STM32U545VEI6, STM32U545VEI6Q, STM32U545VET6, STM32U545VET6Q, STM32U595AIH6, STM32U595AIH6Q, STM32U595AJH6, STM32U595AJH6Q, STM32U595QII6, STM32U595QII6Q, STM32U595QJI6, STM32U595QJI6Q, STM32U595RIT6, STM32U595RIT6Q, STM32U595RJT6, STM32U595RJT6Q, STM32U595VIT6, STM32U595VIT6Q, STM32U595VJT6, STM32U595VJT6Q, STM32U595ZIT6, STM32U595ZIT6Q, STM32U595ZIY6QTR, STM32U595ZJT6, STM32U595ZJT6Q, STM32U595ZJY6QTR, STM32U599BJY6QTR, STM32U599NIH6Q, STM32U599NJH6Q, STM32U599VIT6Q, STM32U599VJT6, STM32U599VJT6Q, STM32U599ZIT6Q, STM32U599ZIY6QTR, STM32U599ZJT6Q, STM32U599ZJY6QTR, STM32U5A5AJH6, STM32U5A5AJH6Q, STM32U5A5QJI6, STM32U5A5QJI6Q, STM32U5A5RJT6, STM32U5A5RJT6Q, STM32U5A5VJT6, STM32U5A5VJT6Q, STM32U5A5ZJT6, STM32U5A5ZJT6Q, STM32U5A5ZJY6QTR, STM32U5A9BJY6QTR, STM32U5A9J-DK, STM32U5A9NJH6Q, STM32U5A9VJT6Q, STM32U5A9ZJT6Q, STM32U5A9ZJY6QTR, STM32U5F7VIT6, STM32U5F7VIT6Q, STM32U5F7VJT6, STM32U5F7VJT6Q, STM32U5F9BJY6QTR, STM32U5F9NJH6Q, STM32U5F9VIT6Q, STM32U5F9VJT6Q, STM32U5F9ZIJ6QTR, STM32U5F9ZIT6Q, STM32U5F9ZJJ6QTR, STM32U5F9ZJT6Q, STM32U5G7VJT6, STM32U5G7VJT6Q, STM32U5G9BJY6QTR, STM32U5G9J-DK1, STM32U5G9J-DK2, STM32U5G9NJH6Q, STM32U5G9VJT6Q, STM32U5G9ZJJ6QTR, STM32U5G9ZJT6Q, STM32WB1MMCH6, STM32WBA52CEU6, STM32WBA52CEU6T, STM32WBA52CGU6, STM32WBA52CGU6T, STM32WBA52KEU6, STM32WBA52KEU6T, STM32WBA52KGU6, STM32WBA52KGU6T, STM32WL5MOCH6, STM32WL5MOCH6TR]
2023-12-02 21:42:11,550 [INFO] BoardInfo:880 - No configuration file found for board P-NUCLEO-WB55
2023-12-02 21:42:11,550 [INFO] DbBoards:157 - Kit is not supported: P-NUCLEO-WB55
2023-12-02 21:42:11,554 [INFO] BoardInfo:880 - No configuration file found for board STEVAL-BFA001V1B
2023-12-02 21:42:11,554 [INFO] DbBoards:157 - Kit is not supported: STEVAL-BFA001V1B
2023-12-02 21:42:11,556 [INFO] BoardInfo:880 - No configuration file found for board STEVAL-BFA001V2B
2023-12-02 21:42:11,556 [INFO] DbBoards:157 - Kit is not supported: STEVAL-BFA001V2B
2023-12-02 21:42:11,637 [INFO] DbBoards:161 - Found 190 boards, 187 are supported
2023-12-02 21:42:11,641 [INFO] ApiDb:668 - CubeFinder database Data Model version=2.1
2023-12-02 21:42:11,641 [INFO] ApiDb:669 - CubeFinder database Configuration version=3.0.37
2023-12-02 21:42:11,641 [INFO] ApiDb:670 - CubeFinder database generation date=2023-10-13 (1697197505)
2023-12-02 21:42:11,641 [INFO] ApiDb:671 - CubeFinder database FW Pack versions=[FP-ATR-ASTRA1_V2.0.0, FP-SNS-FLIGHT1_V5.0.1, FP-SNS-FLIGHT1_V5.0.2, FP-SNS-MOTENV1_V4.3.1, FP-SNS-MOTENV1_V4.3.2, FP-SNS-SMARTAG2_V1.2.0, I-CUBE-ITTIADB_V8.6.3-1, STM32Cube_FW_C0_V1.1.0, STM32Cube_FW_F4_V1.27.1, STM32Cube_FW_F7_V1.17.0, STM32Cube_FW_G0_V1.6.1, STM32Cube_FW_G4_V1.5.1, STM32Cube_FW_H5_V0.5.1, STM32Cube_FW_H5_V1.1.1, STM32Cube_FW_H7_V1.11.0, STM32Cube_FW_L0_V1.12.2, STM32Cube_FW_L5_V1.5.0, STM32Cube_FW_U5_V1.3.0, STM32Cube_FW_U5_V1.3.0RC4, STM32Cube_FW_WBA_V1.0.0RC1, STM32Cube_FW_WBA_V1.1.0RC1, STM32Cube_FW_WBA_V1.1.1, STM32Cube_FW_WB_V1.15.0RC1, STM32Cube_FW_WB_V1.16.0, STM32Cube_FW_WB_V1.16.0RC2, STM32Cube_FW_WB_V1.17.3, STM32Cube_FW_WL_V1.3.0, X-CUBE-ALGOBUILD_V1.3.0, X-CUBE-ALS_V1.0.1, X-CUBE-AZRTOS-F4_V1.1.0, X-CUBE-AZRTOS-F7_V1.1.0, X-CUBE-AZRTOS-G0_V1.1.0, X-CUBE-AZRTOS-G4_V2.0.0, X-CUBE-AZRTOS-H7_V3.1.0, X-CUBE-AZRTOS-L4_V1.0.0, X-CUBE-AZRTOS-L4_V2.0.0, X-CUBE-AZRTOS-L5_V1.1.0, X-CUBE-AZRTOS-WB_V2.0.0, X-CUBE-AZRTOS-WL_V2.0.0, X-CUBE-BLE1_V7.0.0, X-CUBE-BLE2_V3.3.0, X-CUBE-BLEMGR_V2.0.0, X-CUBE-EEPRMA1_V4.1.0, X-CUBE-FREERTOS_V1.1.0, X-CUBE-GNSS1_V6.0.0, X-CUBE-MEMS1_V10.0.0, X-CUBE-MEMS1_V9.1.0, X-CUBE-MEMS1_V9.4.0, X-CUBE-MEMS1_V9.6.0, X-CUBE-NFC4_V3.0.0, X-CUBE-NFC7_V1.0.1, X-CUBE-SFXS2LP1_V4.0.0, X-CUBE-SUBG2_V5.0.0, X-CUBE-TOF1_V3.3.1]
2023-12-02 21:42:13,027 [INFO] ApiDb:240 - Found 323 in-development CPN: [B-G473E-ZEST1S, B-WB1M-WPAN1, B-WL5M-SUBG1, NUCLEO-C031C6, NUCLEO-H503RB, NUCLEO-H563ZI, NUCLEO-U545RE-Q, NUCLEO-U5A5ZJ-Q, NUCLEO-WBA52CG, STEVAL-PROTEUS1, STEVAL-SMARTAG2, STEVAL-STWINBX1, STM320518-EVAL, STM32C0116-DK, STM32C011D6Y3TR, STM32C011D6Y6TR, STM32C011F4P3, STM32C011F4P6, STM32C011F4U3, STM32C011F4U6TR, STM32C011F6P3, STM32C011F6P6, STM32C011F6U3, STM32C011F6U6TR, STM32C011J4M3, STM32C011J4M6, STM32C011J6M3, STM32C011J6M6, STM32C0316-DK, STM32C031C4T3, STM32C031C4T6, STM32C031C4U3, STM32C031C4U6, STM32C031C6T3, STM32C031C6T6, STM32C031C6U3, STM32C031C6U6, STM32C031F4P3, STM32C031F4P6, STM32C031F6P3, STM32C031F6P6, STM32C031G4U3, STM32C031G4U6, STM32C031G6U3, STM32C031G6U6, STM32C031K4T3, STM32C031K4T6, STM32C031K4U3, STM32C031K4U6, STM32C031K6T3, STM32C031K6T6, STM32C031K6U3, STM32C031K6U6, STM32G071K8TXN, STM32G071K8UXN, STM32G081GBU6N, STM32G081KBT6N, STM32G081KBUXN, STM32G0B1CCT6N, STM32G0B1KCT6, STM32G0B1NEY6TR, STM32G0B1RCT6N, STM32G0C1CCT6, STM32G0C1CCT6N, STM32G0C1CCU6N, STM32G0C1CET6N, STM32G0C1CEU6N, STM32G0C1KCT6, STM32G0C1NEY6TR, STM32G0C1RCI6N, STM32G0C1RCT6N, STM32G0C1REI6N, STM32G0C1RET6N, STM32G0C1VCI6, STM32G0C1VEI6, STM32G471CCT6, STM32G471CCU6, STM32G471CET3, STM32G471CET6, STM32G471CEU3, STM32G471CEU6, STM32G471MCT6, STM32G471MET3, STM32G471MET6, STM32G471MEY6TR, STM32G471QCT6, STM32G471QET3, STM32G471RCT6, STM32G471RET3, STM32G471RET6, STM32G471VCH6, STM32G471VCI6, STM32G471VCT6, STM32G471VEH3, STM32G471VEH6, STM32G471VEI3, STM32G471VEI6, STM32G471VET3, STM32G471VET6, STM32G474CCT6, STM32H503CBT6, STM32H503CBU6, STM32H503EBY6TR, STM32H503KBU6, STM32H503RBT6, STM32H562AGI6, STM32H562AII6, STM32H562IGK6, STM32H562IGT6, STM32H562IIK6, STM32H562IIT6, STM32H562RGT6, STM32H562RGV6, STM32H562RIT6, STM32H562RIV6, STM32H562VGT6, STM32H562VIT6, STM32H562ZGT6, STM32H562ZIT6, STM32H563AGI6, STM32H563AII3Q, STM32H563AII6, STM32H563IGK6, STM32H563IGT6, STM32H563IIK3Q, STM32H563IIK6, STM32H563IIT3Q, STM32H563IIT6, STM32H563MIY3QTR, STM32H563RGT6, STM32H563RGV6, STM32H563RIT6, STM32H563RIV6, STM32H563VGT6, STM32H563VIT3Q, STM32H563VIT6, STM32H563ZGT6, STM32H563ZIT3Q, STM32H563ZIT6, STM32H573AII3Q, STM32H573AII6, STM32H573I-DK, STM32H573IIK3Q, STM32H573IIK6, STM32H573IIT3Q, STM32H573IIT6, STM32H573MIY3QTR, STM32H573RIT6, STM32H573RIV6, STM32H573VIT3Q, STM32H573VIT6, STM32H573ZIT3Q, STM32H573ZIT6, STM32L4R5QGI6STR, STM32MP131AAE3, STM32MP131AAF3, STM32MP131AAG3, STM32MP131CAE3, STM32MP131CAF3, STM32MP131CAG3, STM32MP131DAE7, STM32MP131DAF7, STM32MP131DAG7, STM32MP131FAE7, STM32MP131FAF7, STM32MP131FAG7, STM32MP133AAE3, STM32MP133AAF3, STM32MP133AAG3, STM32MP133CAE3, STM32MP133CAF3, STM32MP133CAG3, STM32MP133DAE7, STM32MP133DAF7, STM32MP133DAG7, STM32MP133FAE7, STM32MP133FAF7, STM32MP133FAG7, STM32MP135AAE3, STM32MP135AAF3, STM32MP135AAG3, STM32MP135CAE3, STM32MP135CAF3, STM32MP135CAG3, STM32MP135DAE7, STM32MP135DAF7, STM32MP135DAG7, STM32MP135F-DK, STM32MP135FAE7, STM32MP135FAF7, STM32MP135FAF7T, STM32MP135FAF7U, STM32MP135FAG7, STM32U535CBT6, STM32U535CBT6Q, STM32U535CBU6, STM32U535CBU6Q, STM32U535CCT6, STM32U535CCT6Q, STM32U535CCU6, STM32U535CCU6Q, STM32U535CET6, STM32U535CET6Q, STM32U535CEU6, STM32U535CEU6Q, STM32U535JEY6QTR, STM32U535NCY6QTR, STM32U535NEY6QTR, STM32U535RBI6, STM32U535RBI6Q, STM32U535RBT6, STM32U535RBT6Q, STM32U535RCI6, STM32U535RCI6Q, STM32U535RCT6, STM32U535RCT6Q, STM32U535REI6, STM32U535REI6Q, STM32U535RET6, STM32U535RET6Q, STM32U535VCI6, STM32U535VCI6Q, STM32U535VCT6, STM32U535VCT6Q, STM32U535VEI6, STM32U535VEI6Q, STM32U535VET6, STM32U535VET6Q, STM32U545CET6, STM32U545CET6Q, STM32U545CEU6, STM32U545CEU6Q, STM32U545JEY6QTR, STM32U545NEY6QTR, STM32U545REI6, STM32U545REI6Q, STM32U545RET6, STM32U545RET6Q, STM32U545VEI6, STM32U545VEI6Q, STM32U545VET6, STM32U545VET6Q, STM32U595AIH6, STM32U595AIH6Q, STM32U595AJH6, STM32U595AJH6Q, STM32U595QII6, STM32U595QII6Q, STM32U595QJI6, STM32U595QJI6Q, STM32U595RIT6, STM32U595RIT6Q, STM32U595RJT6, STM32U595RJT6Q, STM32U595VIT6, STM32U595VIT6Q, STM32U595VJT6, STM32U595VJT6Q, STM32U595ZIT6, STM32U595ZIT6Q, STM32U595ZIY6QTR, STM32U595ZJT6, STM32U595ZJT6Q, STM32U595ZJY6QTR, STM32U599BJY6QTR, STM32U599NIH6Q, STM32U599NJH6Q, STM32U599VIT6Q, STM32U599VJT6, STM32U599VJT6Q, STM32U599ZIT6Q, STM32U599ZIY6QTR, STM32U599ZJT6Q, STM32U599ZJY6QTR, STM32U5A5AJH6, STM32U5A5AJH6Q, STM32U5A5QJI6, STM32U5A5QJI6Q, STM32U5A5RJT6, STM32U5A5RJT6Q, STM32U5A5VJT6, STM32U5A5VJT6Q, STM32U5A5ZJT6, STM32U5A5ZJT6Q, STM32U5A5ZJY6QTR, STM32U5A9BJY6QTR, STM32U5A9J-DK, STM32U5A9NJH6Q, STM32U5A9VJT6Q, STM32U5A9ZJT6Q, STM32U5A9ZJY6QTR, STM32U5F7VIT6, STM32U5F7VIT6Q, STM32U5F7VJT6, STM32U5F7VJT6Q, STM32U5F9BJY6QTR, STM32U5F9NJH6Q, STM32U5F9VIT6Q, STM32U5F9VJT6Q, STM32U5F9ZIJ6QTR, STM32U5F9ZIT6Q, STM32U5F9ZJJ6QTR, STM32U5F9ZJT6Q, STM32U5G7VJT6, STM32U5G7VJT6Q, STM32U5G9BJY6QTR, STM32U5G9J-DK1, STM32U5G9J-DK2, STM32U5G9NJH6Q, STM32U5G9VJT6Q, STM32U5G9ZJJ6QTR, STM32U5G9ZJT6Q, STM32WB1MMCH6, STM32WBA52CEU6, STM32WBA52CEU6T, STM32WBA52CGU6, STM32WBA52CGU6T, STM32WBA52KEU6, STM32WBA52KEU6T, STM32WBA52KGU6, STM32WBA52KGU6T, STM32WL5MOCH6, STM32WL5MOCH6TR]
2023-12-02 21:42:13,033 [INFO] DbMcus:217 - Found 3848 MCUs, 3848 are supported
2023-12-02 21:42:13,035 [INFO] ApiDb:423 - Load user favorites file C:\Users\umutu/.stm32cubeide/favorites.mcus.txt: 0 item(s)
2023-12-02 21:42:13,035 [INFO] ApiDb:427 - User favorites MCUs=[]
2023-12-02 21:42:13,036 [INFO] DbMcus:223 - Set 0 / 0 favorites MCUs
2023-12-02 21:42:13,190 [INFO] ApiDb:423 - Load user favorites file C:\Users\umutu/.stm32cubeide/favorites.boards.txt: 1 item(s)
2023-12-02 21:42:13,190 [INFO] ApiDb:427 - User favorites Boards=[NUCLEO-F401RE]
2023-12-02 21:42:13,190 [INFO] DbBoards:190 - Set 1 / 1 favorites Boards
2023-12-02 21:42:13,190 [INFO] McuFinderGlobals:76 - Set McuFinderConnectedMode to true
2023-12-02 21:42:13,197 [INFO] MultiScanPanel:200 - Auto-refresh data requested => check proxy status ongoing
2023-12-02 21:42:13,199 [INFO] FinderPluginLoader:95 - Searching for filters in installed packs
2023-12-02 21:42:14,491 [INFO] ServerAccessManage:473 - Download File 
2023-12-02 21:42:14,608 [INFO] LoadUrlFilesThread:185 - End of LoadServerUrlFiles without Thread
2023-12-02 21:42:14,631 [INFO] DetailPanel:341 - Set advertising image to C:/Users/umutu/STM32Cube/Repository/\en.prom-stm32wl3-mcu-finder.jpg
2023-12-02 21:42:44,165 [INFO] MainUpdater:2868 - connection check result : 10
2023-12-02 21:42:44,165 [INFO] MainUpdater:2868 - connection check result : 10
2023-12-02 21:42:44,205 [INFO] MicroXplorer:468 - Change Database Path : 
2023-12-02 21:42:44,205 [INFO] MicroXplorer:498 - Change Database Version : DB.6.0.92
2023-12-02 21:42:44,211 [WARN] ThirdParty:871 - waiting for thirdparty lock release [close project]
2023-12-02 21:42:44,211 [INFO] ThirdParty:873 - entering critical section [close project]
2023-12-02 21:42:44,213 [INFO] ThirdParty:883 - exiting critical section [close project]
2023-12-02 21:42:44,215 [INFO] PinOutPanel:1499 - setPackage(No Configuration,No Configuration)
2023-12-02 21:42:44,224 [INFO] UtilMem:75 - Begin LoadConfig() Used Memory: 291137496 Bytes (654311424)
2023-12-02 21:42:44,227 [INFO] MicroXplorer:468 - Change Database Path : 
2023-12-02 21:42:44,227 [INFO] MicroXplorer:498 - Change Database Version : DB.6.0.92
2023-12-02 21:42:44,227 [INFO] OpenFileManager:308 - Change cursor
2023-12-02 21:42:44,413 [INFO] Mcu:1946 - Initializing MCU STM32G031K8Tx STM32G031K8Tx STM32G031K8T6
2023-12-02 21:42:46,182 [INFO] Context:659 - Trying to add GPIOservice into a context  which must be forbidden
2023-12-02 21:42:46,582 [INFO] ImportTextPane:194 - (OptionalMessage_ERROR) Unable to find key (Mcu.ThirdPartyNb) in loaded IOC file
2023-12-02 21:42:46,582 [INFO] ImportTextPane:194 - (OptionalMessage_ERROR) Unable to find key (Mcu.PinsNb) in loaded IOC file
2023-12-02 21:42:46,582 [INFO] ImportTextPane:194 - (OptionalMessage_ERROR) Unable to find key (Mcu.IPNb) in loaded IOC file
2023-12-02 21:42:46,830 [INFO] RtosManager:555 - Registered RTOS mode: class=CMSIS, group=RTOS, mode=CMSIS_V1, owner=FREERTOS
2023-12-02 21:42:46,830 [INFO] RtosManager:555 - Registered RTOS mode: class=CMSIS, group=RTOS2, mode=CMSIS_V2, owner=FREERTOS
2023-12-02 21:42:46,830 [INFO] RtosManager:555 - Registered RTOS mode: class=RTOS, group=Core, mode=CMSIS_V1, owner=FREERTOS
2023-12-02 21:42:46,830 [INFO] RtosManager:555 - Registered RTOS mode: class=RTOS, group=Core, mode=CMSIS_V2, owner=FREERTOS
2023-12-02 21:42:46,830 [WARN] ModelIntegratedComponent:184 - Missing modes for component STMicroelectronics:FreeRTOS:0.0.1:STMicroelectronics:RTOS:FreeRTOS:Core:::10.2.0:
2023-12-02 21:42:46,859 [WARN] ModelIntegratedComponent:63 - No mode defined for component null
2023-12-02 21:42:46,859 [WARN] ModelIntegratedComponent:63 - No mode defined for component null
2023-12-02 21:42:46,859 [WARN] ModelIntegratedComponent:63 - No mode defined for component null
2023-12-02 21:42:46,859 [WARN] ModelIntegratedComponent:63 - No mode defined for component null
2023-12-02 21:42:46,859 [WARN] ModelIntegratedComponent:63 - No mode defined for component null
2023-12-02 21:42:46,859 [WARN] ModelIntegratedComponent:63 - No mode defined for component null
2023-12-02 21:42:46,859 [WARN] ModelIntegratedComponent:63 - No mode defined for component null
2023-12-02 21:42:46,859 [WARN] ModelIntegratedComponent:63 - No mode defined for component null
2023-12-02 21:42:46,859 [WARN] ModelIntegratedComponent:63 - No mode defined for component null
2023-12-02 21:42:46,859 [WARN] ModelIntegratedComponent:63 - No mode defined for component null
2023-12-02 21:42:46,859 [WARN] ModelIntegratedComponent:63 - No mode defined for component null
2023-12-02 21:42:46,859 [WARN] ModelIntegratedComponent:63 - No mode defined for component null
2023-12-02 21:42:46,859 [WARN] ModelIntegratedComponent:63 - No mode defined for component null
2023-12-02 21:42:46,860 [WARN] ModelIntegratedComponent:63 - No mode defined for component null
2023-12-02 21:42:46,860 [WARN] ModelIntegratedComponent:63 - No mode defined for component null
2023-12-02 21:42:46,860 [WARN] ModelIntegratedComponent:63 - No mode defined for component null
2023-12-02 21:42:46,860 [WARN] ModelIntegratedComponent:63 - No mode defined for component null
2023-12-02 21:42:46,860 [WARN] ModelIntegratedComponent:63 - No mode defined for component null
2023-12-02 21:42:46,860 [WARN] ModelIntegratedComponent:63 - No mode defined for component null
2023-12-02 21:42:46,860 [WARN] ModelIntegratedComponent:63 - No mode defined for component null
2023-12-02 21:42:46,860 [WARN] ModelIntegratedComponent:63 - No mode defined for component null
2023-12-02 21:42:46,860 [WARN] ModelIntegratedComponent:63 - No mode defined for component null
2023-12-02 21:42:46,860 [WARN] ModelIntegratedComponent:63 - No mode defined for component null
2023-12-02 21:42:46,860 [WARN] ModelIntegratedComponent:63 - No mode defined for component null
2023-12-02 21:42:46,860 [WARN] ModelIntegratedComponent:63 - No mode defined for component null
2023-12-02 21:42:46,860 [WARN] ModelIntegratedComponent:63 - No mode defined for component null
2023-12-02 21:42:46,860 [WARN] ModelIntegratedComponent:63 - No mode defined for component null
2023-12-02 21:42:46,860 [WARN] ModelIntegratedComponent:63 - No mode defined for component null
2023-12-02 21:42:46,860 [WARN] ModelIntegratedComponent:63 - No mode defined for component null
2023-12-02 21:42:46,860 [WARN] ModelIntegratedComponent:63 - No mode defined for component null
2023-12-02 21:42:46,860 [WARN] ModelIntegratedComponent:63 - No mode defined for component null
2023-12-02 21:42:46,860 [WARN] ModelIntegratedComponent:63 - No mode defined for component null
2023-12-02 21:42:46,860 [WARN] ModelIntegratedComponent:63 - No mode defined for component null
2023-12-02 21:42:47,062 [INFO] ThirdPartyModel:298 - Start build external matchings
2023-12-02 21:42:47,670 [INFO] ThirdPartyModel:316 - End build external matchings
2023-12-02 21:42:47,934 [INFO] UtilMem:75 - End LoadConfig() Used Memory: 475735360 Bytes (654311424)
2023-12-02 21:42:48,084 [WARN] ThirdParty:833 - waiting for thirdparty lock release [change project]
2023-12-02 21:42:48,084 [INFO] ThirdParty:835 - entering critical section [change project]
2023-12-02 21:42:48,084 [INFO] ThirdParty:1030 - CMSIS Pack Vendor :STMicroelectronics X-CUBE-ISPU 1.1.0
2023-12-02 21:42:48,085 [INFO] ThirdParty:1030 - CMSIS Pack Vendor :STMicroelectronics USBPD 4.1
2023-12-02 21:42:48,085 [INFO] ThirdParty:1030 - CMSIS Pack Vendor :STMicroelectronics X-CUBE-GNSS1 6.0.0
2023-12-02 21:42:48,085 [INFO] ThirdParty:1030 - CMSIS Pack Vendor :STMicroelectronics USB_HOST 2.0.0
2023-12-02 21:42:48,085 [INFO] ThirdParty:1030 - CMSIS Pack Vendor :STMicroelectronics X-CUBE-AZRTOS-F4 1.1.0
2023-12-02 21:42:48,085 [INFO] ThirdParty:1030 - CMSIS Pack Vendor :STMicroelectronics LIBJPEG 8.0.0
2023-12-02 21:42:48,085 [INFO] ThirdParty:1030 - CMSIS Pack Vendor :wolfSSL I-CUBE-wolfSSL 5.6.3
2023-12-02 21:42:48,085 [INFO] ThirdParty:1030 - CMSIS Pack Vendor :STMicroelectronics X-CUBE-SMBUS 2.1.0
2023-12-02 21:42:48,085 [INFO] ThirdParty:1030 - CMSIS Pack Vendor :STMicroelectronics USB_DEVICE 3.0.0
2023-12-02 21:42:48,085 [INFO] ThirdParty:1030 - CMSIS Pack Vendor :STMicroelectronics X-CUBE-AZRTOS-WB 2.0.0
2023-12-02 21:42:48,085 [INFO] ThirdParty:1030 - CMSIS Pack Vendor :STMicroelectronics X-CUBE-FREERTOS 1.0.1
2023-12-02 21:42:48,085 [INFO] ThirdParty:1030 - CMSIS Pack Vendor :STMicroelectronics X-CUBE-AZRTOS-F7 1.1.0
2023-12-02 21:42:48,085 [INFO] ThirdParty:1030 - CMSIS Pack Vendor :STMicroelectronics X-CUBE-AZRTOS-L5 2.0.0
2023-12-02 21:42:48,085 [INFO] ThirdParty:1030 - CMSIS Pack Vendor :STMicroelectronics USB_DEVICE 2.0.0
2023-12-02 21:42:48,085 [INFO] ThirdParty:1030 - CMSIS Pack Vendor :STMicroelectronics X-CUBE-MEMS1 9.6.0
2023-12-02 21:42:48,085 [INFO] ThirdParty:1030 - CMSIS Pack Vendor :STMicroelectronics X-CUBE-EEPRMA1 4.2.0
2023-12-02 21:42:48,085 [INFO] ThirdParty:1030 - CMSIS Pack Vendor :ITTIA_DB I-CUBE-ITTIADB 8.8.0
2023-12-02 21:42:48,085 [INFO] ThirdParty:1030 - CMSIS Pack Vendor :STMicroelectronics FP-SNS-MOTENV1 4.3.2
2023-12-02 21:42:48,085 [INFO] ThirdParty:1030 - CMSIS Pack Vendor :STMicroelectronics X-CUBE-ALGOBUILD 1.3.0
2023-12-02 21:42:48,085 [INFO] ThirdParty:1030 - CMSIS Pack Vendor :STMicroelectronics X-CUBE-BLE1 6.2.4
2023-12-02 21:42:48,085 [INFO] ThirdParty:1030 - CMSIS Pack Vendor :STMicroelectronics X-CUBE-AZRTOS-L5 1.1.0
2023-12-02 21:42:48,085 [INFO] ThirdParty:1030 - CMSIS Pack Vendor :STMicroelectronics FreeRTOS 0.0.1
2023-12-02 21:42:48,085 [INFO] ThirdParty:1030 - CMSIS Pack Vendor :STMicroelectronics X-CUBE-AZRTOS-G0 1.1.0
2023-12-02 21:42:48,085 [INFO] ThirdParty:1030 - CMSIS Pack Vendor :STMicroelectronics X-CUBE-BLEMGR 2.0.0
2023-12-02 21:42:48,085 [INFO] ThirdParty:1030 - CMSIS Pack Vendor :STMicroelectronics X-CUBE-AI 8.0.1
2023-12-02 21:42:48,086 [INFO] ThirdParty:1030 - CMSIS Pack Vendor :STMicroelectronics X-CUBE-NFC4 3.0.0
2023-12-02 21:42:48,086 [INFO] ThirdParty:1030 - CMSIS Pack Vendor :STMicroelectronics X-CUBE-SUBG2 5.0.0
2023-12-02 21:42:48,086 [INFO] ThirdParty:1030 - CMSIS Pack Vendor :STMicroelectronics STM32_WPAN 1.0.0
2023-12-02 21:42:48,086 [INFO] ThirdParty:1030 - CMSIS Pack Vendor :STMicroelectronics lwIP 2.0.3
2023-12-02 21:42:48,086 [INFO] ThirdParty:1030 - CMSIS Pack Vendor :STMicroelectronics FP-SNS-FLIGHT1 5.0.2
2023-12-02 21:42:48,086 [INFO] ThirdParty:1030 - CMSIS Pack Vendor :STMicroelectronics USB_HOST 1.0.0
2023-12-02 21:42:48,086 [INFO] ThirdParty:1030 - CMSIS Pack Vendor :STMicroelectronics X-CUBE-TOF1 3.3.1
2023-12-02 21:42:48,086 [INFO] ThirdParty:1030 - CMSIS Pack Vendor :STMicroelectronics X-CUBE-AZRTOS-G4 2.0.0
2023-12-02 21:42:48,086 [INFO] ThirdParty:1030 - CMSIS Pack Vendor :STMicroelectronics PDM2PCM 3.1.0
2023-12-02 21:42:48,086 [INFO] ThirdParty:1030 - CMSIS Pack Vendor :STMicroelectronics X-CUBE-AZRTOS-H7 3.1.0
2023-12-02 21:42:48,086 [INFO] ThirdParty:1030 - CMSIS Pack Vendor :Infineon AIROC-Wi-Fi-Bluetooth-STM32 1.5.1
2023-12-02 21:42:48,086 [INFO] ThirdParty:1030 - CMSIS Pack Vendor :STMicroelectronics X-CUBE-BLEMGR 3.0.0
2023-12-02 21:42:48,086 [INFO] ThirdParty:1030 - CMSIS Pack Vendor :STMicroelectronics PDM2PCM 3.3.0
2023-12-02 21:42:48,086 [INFO] ThirdParty:1030 - CMSIS Pack Vendor :STMicroelectronics X-CUBE-DISPLAY 3.0.0
2023-12-02 21:42:48,086 [INFO] ThirdParty:1030 - CMSIS Pack Vendor :STMicroelectronics FP-SNS-MOTENVWB1 1.3.0
2023-12-02 21:42:48,086 [INFO] ThirdParty:1030 - CMSIS Pack Vendor :STMicroelectronics FP-SNS-MOTENVWB1 1.3.1
2023-12-02 21:42:48,086 [INFO] ThirdParty:1030 - CMSIS Pack Vendor :STMicroelectronics X-CUBE-BLE1 7.0.0
2023-12-02 21:42:48,086 [INFO] ThirdParty:1030 - CMSIS Pack Vendor :STMicroelectronics FP-ATR-SIGFOX1 3.2.0
2023-12-02 21:42:48,086 [INFO] ThirdParty:1030 - CMSIS Pack Vendor :STMicroelectronics HAL Drivers 0.0.0
2023-12-02 21:42:48,086 [INFO] ThirdParty:1030 - CMSIS Pack Vendor :STMicroelectronics MBEDTLS 2.16.2
2023-12-02 21:42:48,086 [INFO] ThirdParty:1030 - CMSIS Pack Vendor :emotas I-CUBE-CANOPEN 1.3.0
2023-12-02 21:42:48,086 [INFO] ThirdParty:1030 - CMSIS Pack Vendor :STMicroelectronics X-CUBE-MEMS1 10.0.0
2023-12-02 21:42:48,086 [INFO] ThirdParty:1030 - CMSIS Pack Vendor :STMicroelectronics X-CUBE-FREERTOS 1.1.0
2023-12-02 21:42:48,086 [INFO] ThirdParty:1030 - CMSIS Pack Vendor :STMicroelectronics X-CUBE-TOUCHGFX 4.22.0
2023-12-02 21:42:48,086 [INFO] ThirdParty:1030 - CMSIS Pack Vendor :STMicroelectronics X-CUBE-NFC7 1.0.1
2023-12-02 21:42:48,086 [INFO] ThirdParty:1030 - CMSIS Pack Vendor :STMicroelectronics MBEDTLS 2.14.1
2023-12-02 21:42:48,086 [INFO] ThirdParty:1030 - CMSIS Pack Vendor :STMicroelectronics X-CUBE-TOUCHGFX 4.22.1
2023-12-02 21:42:48,087 [INFO] ThirdParty:1030 - CMSIS Pack Vendor :STMicroelectronics X-CUBE-NFC6 3.0.0
2023-12-02 21:42:48,087 [INFO] ThirdParty:1030 - CMSIS Pack Vendor :STMicroelectronics X-CUBE-EEPRMA1 4.1.0
2023-12-02 21:42:48,087 [INFO] ThirdParty:1030 - CMSIS Pack Vendor :portGmbH I-Cube-SoM-uGOAL 1.1.0
2023-12-02 21:42:48,087 [INFO] ThirdParty:1030 - CMSIS Pack Vendor :STMicroelectronics X-CUBE-ALS 1.0.1
2023-12-02 21:42:48,087 [INFO] ThirdParty:1030 - CMSIS Pack Vendor :STMicroelectronics ThreadX 1.0.0
2023-12-02 21:42:48,087 [INFO] ThirdParty:1030 - CMSIS Pack Vendor :STMicroelectronics FP-SNS-SMARTAG2 1.2.0
2023-12-02 21:42:48,087 [INFO] ThirdParty:1030 - CMSIS Pack Vendor :STMicroelectronics X-CUBE-AZRTOS-WB 1.1.0
2023-12-02 21:42:48,087 [INFO] ThirdParty:1030 - CMSIS Pack Vendor :STMicroelectronics X-CUBE-AZRTOS-WL 2.0.0
2023-12-02 21:42:48,087 [INFO] ThirdParty:1030 - CMSIS Pack Vendor :SEGGER I-CUBE-embOS 1.3.1
2023-12-02 21:42:48,087 [INFO] ThirdParty:1030 - CMSIS Pack Vendor :STMicroelectronics USB_DEVICE 1.0.0
2023-12-02 21:42:48,087 [INFO] ThirdParty:1030 - CMSIS Pack Vendor :STMicroelectronics X-CUBE-AI 8.1.0
2023-12-02 21:42:48,087 [INFO] ThirdParty:1030 - CMSIS Pack Vendor :STMicroelectronics X-CUBE-AZRTOS-L4 2.0.0
2023-12-02 21:42:48,087 [INFO] ThirdParty:1030 - CMSIS Pack Vendor :STMicroelectronics ThreadX 0.0.2
2023-12-02 21:42:48,087 [INFO] ThirdParty:1030 - CMSIS Pack Vendor :WES I-CUBE-Cesium 1.3.0
2023-12-02 21:42:48,087 [INFO] ThirdParty:1030 - CMSIS Pack Vendor :STMicroelectronics FP-ATR-ASTRA1 2.0.0
2023-12-02 21:42:48,087 [INFO] ThirdParty:1030 - CMSIS Pack Vendor :STMicroelectronics lwIP 2.1.2
2023-12-02 21:42:48,087 [INFO] ThirdParty:1030 - CMSIS Pack Vendor :STMicroelectronics X-CUBE-SFXS2LP1 4.0.0
2023-12-02 21:42:48,087 [INFO] ThirdParty:1030 - CMSIS Pack Vendor :STMicroelectronics X-CUBE-BLE2 3.3.0
2023-12-02 21:42:48,087 [INFO] ThirdParty:1030 - CMSIS Pack Vendor :STMicroelectronics X-CUBE-TOF1 3.4.0
2023-12-02 21:42:48,087 [INFO] ThirdParty:1030 - CMSIS Pack Vendor :STMicroelectronics PDM2PCM 3.2.0
2023-12-02 21:42:48,088 [INFO] ThirdParty:841 - exiting critical section [change project]
2023-12-02 21:42:48,475 [INFO] PinOutPanel:1499 - setPackage(No Configuration,No Configuration)
2023-12-02 21:42:48,479 [INFO] PinOutPanel:1499 - setPackage(STM32G031K8Tx,LQFP32)
2023-12-02 21:42:48,983 [INFO] UtilMem:75 - Before build in PCC Used Memory: 229664760 Bytes (654311424)
2023-12-02 21:42:49,845 [INFO] UtilMem:75 - After build in PCC Used Memory: 361785336 Bytes (654311424)
2023-12-02 21:42:49,873 [INFO] IPUIPlugin:80 - create IPUIPlugin
2023-12-02 21:42:49,873 [INFO] IPUIPlugin:80 - create IPUIPlugin
2023-12-02 21:42:49,874 [INFO] IPUIPlugin:80 - create IPUIPlugin
2023-12-02 21:42:49,874 [INFO] IPUIPlugin:80 - create IPUIPlugin
2023-12-02 21:42:49,874 [INFO] IPUIPlugin:80 - create IPUIPlugin
2023-12-02 21:42:49,874 [INFO] IPUIPlugin:80 - create IPUIPlugin
2023-12-02 21:42:49,874 [INFO] IPUIPlugin:80 - create IPUIPlugin
2023-12-02 21:42:49,874 [INFO] IPUIPlugin:80 - create IPUIPlugin
2023-12-02 21:42:49,874 [INFO] IPUIPlugin:80 - create IPUIPlugin
2023-12-02 21:42:49,875 [INFO] IPUIPlugin:80 - create IPUIPlugin
2023-12-02 21:42:49,875 [INFO] IPUIPlugin:80 - create IPUIPlugin
2023-12-02 21:42:49,875 [INFO] IPUIPlugin:80 - create IPUIPlugin
2023-12-02 21:42:49,875 [INFO] IPUIPlugin:80 - create IPUIPlugin
2023-12-02 21:42:49,876 [INFO] IPUIPlugin:80 - create IPUIPlugin
2023-12-02 21:42:49,876 [INFO] IPUIPlugin:80 - create IPUIPlugin
2023-12-02 21:42:49,876 [INFO] IPUIPlugin:80 - create IPUIPlugin
2023-12-02 21:42:49,876 [INFO] IPUIPlugin:80 - create IPUIPlugin
2023-12-02 21:42:49,876 [INFO] IPUIPlugin:80 - create IPUIPlugin
2023-12-02 21:42:49,876 [INFO] IPUIPlugin:80 - create IPUIPlugin
2023-12-02 21:42:49,877 [INFO] IPUIPlugin:80 - create IPUIPlugin
2023-12-02 21:42:49,877 [INFO] IPUIPlugin:80 - create IPUIPlugin
2023-12-02 21:42:49,877 [INFO] IPUIPlugin:80 - create IPUIPlugin
2023-12-02 21:42:49,877 [INFO] IPUIPlugin:80 - create IPUIPlugin
2023-12-02 21:42:49,877 [INFO] IPUIPlugin:80 - create IPUIPlugin
2023-12-02 21:42:49,878 [INFO] IPUIPlugin:80 - create IPUIPlugin
2023-12-02 21:42:49,878 [INFO] IPUIPlugin:80 - create IPUIPlugin
2023-12-02 21:42:49,878 [INFO] IPUIPlugin:80 - create IPUIPlugin
2023-12-02 21:42:49,878 [INFO] IPUIPlugin:80 - create IPUIPlugin
2023-12-02 21:42:49,878 [INFO] IPUIPlugin:80 - create IPUIPlugin
2023-12-02 21:42:50,096 [INFO] CADModel:165 - CPN selected for project levelSTM32G031K8T6
2023-12-02 21:42:50,097 [INFO] CADModel:114 - Register for checkConnection events
2023-12-02 21:42:50,147 [INFO] OpenFileManager:328 - Restore cursor
2023-12-02 21:42:51,599 [INFO] UtilMem:75 - End SaveConfig() Used Memory: 487088120 Bytes (654311424)
2023-12-02 21:42:52,583 [INFO] ServerAccessManage:473 - Download File stm32cube_fw_g0_v160.zip
2023-12-02 21:48:13,078 [INFO] AnalyticsPlugin:363 - Accepted License(s) without tracking enabled: [FW.G0.1.6.0]
2023-12-02 21:48:13,078 [INFO] FileExtend:240 - Unzip File : stm32cube_fw_g0_v160.zip
2023-12-02 21:48:13,082 [INFO] FileExtend:255 - Standard Zip Deflate
2023-12-02 21:48:31,775 [INFO] ServerAccessManage:473 - Download File stm32cube_fw_g0_v161.zip
2023-12-02 21:48:34,261 [INFO] FileExtend:240 - Unzip File : stm32cube_fw_g0_v161.zip
2023-12-02 21:48:34,262 [INFO] FileExtend:255 - Standard Zip Deflate
2023-12-02 21:48:34,748 [INFO] LoadServerPackagesThread:196 - End of LoadServerPackages Thread
2023-12-02 21:48:34,896 [INFO] ThirdPartyModel:298 - Start build external matchings
2023-12-02 21:48:34,903 [INFO] UtilMem:75 - End SaveConfig() Used Memory: 576395680 Bytes (1073741824)
2023-12-02 21:48:35,568 [INFO] BlockDiagram:2759 - set Specific Code input for plugin: NVIC
2023-12-02 21:48:35,568 [INFO] BlockDiagram:2759 - set Specific Code input for plugin: RCC
2023-12-02 21:48:35,570 [INFO] CodeGenerator:799 - code generatio: config db path: C:\ST\STM32CubeIDE_1.12.0\STM32CubeIDE\plugins\com.st.stm32cube.common.mx_6.9.2.202309101412\\db\
2023-12-02 21:48:36,084 [INFO] CodeEngine:255 - oldGeneratedFile, D:\EE3.1\ELM335_WS\lab3\problem1\MXTmpFiles\license.tmp_save
2023-12-02 21:48:36,238 [INFO] ThirdPartyModel:316 - End build external matchings
2023-12-02 21:48:36,277 [INFO] CheckServerUpdateThread:120 - End of CheckServer Thread
2023-12-02 21:48:36,581 [INFO] CodeEngine:279 - Generated code: D:\EE3.1\ELM335_WS\lab3\problem1\MXTmpFiles\license.tmp
2023-12-02 21:48:36,616 [INFO] CodeEngine:255 - oldGeneratedFile, D:\EE3.1\ELM335_WS\lab3\problem1\Core\Src\stm32g0xx_it.c_save
2023-12-02 21:48:36,801 [INFO] CodeEngine:279 - Generated code: D:\EE3.1\ELM335_WS\lab3\problem1\Core\Src\stm32g0xx_it.c
2023-12-02 21:48:36,819 [INFO] CodeEngine:255 - oldGeneratedFile, D:\EE3.1\ELM335_WS\lab3\problem1\Core\Inc\stm32g0xx_it.h_save
2023-12-02 21:48:36,915 [INFO] CodeEngine:279 - Generated code: D:\EE3.1\ELM335_WS\lab3\problem1\Core\Inc\stm32g0xx_it.h
2023-12-02 21:48:37,066 [INFO] CodeEngine:255 - oldGeneratedFile, D:\EE3.1\ELM335_WS\lab3\problem1\Core\Src\stm32g0xx_hal_msp.c_save
2023-12-02 21:48:37,194 [INFO] CodeEngine:279 - Generated code: D:\EE3.1\ELM335_WS\lab3\problem1\Core\Src\stm32g0xx_hal_msp.c
2023-12-02 21:48:37,204 [INFO] CodeEngine:255 - oldGeneratedFile, D:\EE3.1\ELM335_WS\lab3\problem1\MXTmpFiles\system.tmp_save
2023-12-02 21:48:37,283 [INFO] CodeEngine:279 - Generated code: D:\EE3.1\ELM335_WS\lab3\problem1\MXTmpFiles\system.tmp
2023-12-02 21:48:37,299 [INFO] CodeEngine:311 - oldGeneratedFile, D:\EE3.1\ELM335_WS\lab3\problem1\Core\Inc\stm32g0xx_hal_conf.h_save
2023-12-02 21:48:37,390 [INFO] CodeEngine:335 - Generated code: D:\EE3.1\ELM335_WS\lab3\problem1\Core\Inc\stm32g0xx_hal_conf.h
2023-12-02 21:48:37,465 [INFO] CodeEngine:255 - oldGeneratedFile, D:\EE3.1\ELM335_WS\lab3\problem1\Core\Inc\main.h_save
2023-12-02 21:48:37,604 [INFO] CodeEngine:279 - Generated code: D:\EE3.1\ELM335_WS\lab3\problem1\Core\Inc\main.h
2023-12-02 21:48:37,614 [INFO] CodeEngine:255 - oldGeneratedFile, D:\EE3.1\ELM335_WS\lab3\problem1\Core\Src\main.c_save
2023-12-02 21:48:37,810 [INFO] CodeEngine:279 - Generated code: D:\EE3.1\ELM335_WS\lab3\problem1\Core\Src\main.c
2023-12-02 21:48:38,562 [INFO] ProjectBuilder:3064 - Time for Copy HAL[1] : 115mS.
2023-12-02 21:48:38,569 [INFO] ProjectBuilder:4404 - Project Generator version: 4.1.0
2023-12-02 21:48:38,921 [INFO] ConfigFileManager:1457 - The Die is : DIE466
2023-12-02 21:48:38,947 [INFO] ApiDbMcu:507 - Load IP Config File for FATFS
2023-12-02 21:48:38,965 [INFO] ApiDbMcu:507 - Load IP Config File for FREERTOS
2023-12-02 21:48:40,197 [INFO] LogOutputStream:77 - [STDOUT_REDIRECT] 
2023-12-02 21:48:44,124 [INFO] ProjectBuilder:4626 - Time for Generating toolchain IDE Files: 5555mS.
2023-12-02 21:48:44,125 [INFO] ProjectBuilder:2935 - Time for Copy CMSIS : 0mS.
2023-12-02 21:48:44,126 [INFO] ProjectBuilder:2935 - Time for Copy CMSIS : 0mS.
2023-12-02 21:48:45,478 [INFO] McuFinderGlobals:76 - Set McuFinderConnectedMode to true
2023-12-02 21:48:45,504 [INFO] ApiDb:448 - Save user favorites file C:\Users\umutu/.stm32cubeide/favorites.mcus.txt: 0 item(s)
2023-12-02 21:48:45,506 [INFO] ApiDb:452 - User favorites MCUs=[]
2023-12-02 21:49:07,480 [INFO] UtilMem:75 - End SaveConfig() Used Memory: 600465992 Bytes (1073741824)
2023-12-02 21:49:07,976 [INFO] BlockDiagram:2759 - set Specific Code input for plugin: NVIC
2023-12-02 21:49:07,978 [INFO] BlockDiagram:2759 - set Specific Code input for plugin: RCC
2023-12-02 21:49:07,978 [INFO] CodeGenerator:799 - code generatio: config db path: C:\ST\STM32CubeIDE_1.12.0\STM32CubeIDE\plugins\com.st.stm32cube.common.mx_6.9.2.202309101412\\db\
2023-12-02 21:49:08,139 [INFO] CodeEngine:255 - oldGeneratedFile, D:\EE3.1\ELM335_WS\lab3\problem1\MXTmpFiles\license.tmp_save
2023-12-02 21:49:08,225 [INFO] CodeEngine:279 - Generated code: D:\EE3.1\ELM335_WS\lab3\problem1\MXTmpFiles\license.tmp
2023-12-02 21:49:08,239 [INFO] CodeEngine:255 - oldGeneratedFile, D:\EE3.1\ELM335_WS\lab3\problem1\Core\Src\stm32g0xx_it.c_save
2023-12-02 21:49:08,330 [INFO] CodeEngine:279 - Generated code: D:\EE3.1\ELM335_WS\lab3\problem1\Core\Src\stm32g0xx_it.c
2023-12-02 21:49:08,335 [INFO] CodeEngine:255 - oldGeneratedFile, D:\EE3.1\ELM335_WS\lab3\problem1\Core\Inc\stm32g0xx_it.h_save
2023-12-02 21:49:08,428 [INFO] CodeEngine:279 - Generated code: D:\EE3.1\ELM335_WS\lab3\problem1\Core\Inc\stm32g0xx_it.h
2023-12-02 21:49:08,456 [INFO] CodeEngine:255 - oldGeneratedFile, D:\EE3.1\ELM335_WS\lab3\problem1\Core\Src\stm32g0xx_hal_msp.c_save
2023-12-02 21:49:08,558 [INFO] CodeEngine:279 - Generated code: D:\EE3.1\ELM335_WS\lab3\problem1\Core\Src\stm32g0xx_hal_msp.c
2023-12-02 21:49:08,561 [INFO] CodeEngine:255 - oldGeneratedFile, D:\EE3.1\ELM335_WS\lab3\problem1\MXTmpFiles\system.tmp_save
2023-12-02 21:49:08,619 [INFO] CodeEngine:279 - Generated code: D:\EE3.1\ELM335_WS\lab3\problem1\MXTmpFiles\system.tmp
2023-12-02 21:49:08,627 [INFO] CodeEngine:311 - oldGeneratedFile, D:\EE3.1\ELM335_WS\lab3\problem1\Core\Inc\stm32g0xx_hal_conf.h_save
2023-12-02 21:49:08,690 [INFO] CodeEngine:335 - Generated code: D:\EE3.1\ELM335_WS\lab3\problem1\Core\Inc\stm32g0xx_hal_conf.h
2023-12-02 21:49:08,721 [INFO] CodeEngine:255 - oldGeneratedFile, D:\EE3.1\ELM335_WS\lab3\problem1\Core\Inc\main.h_save
2023-12-02 21:49:08,792 [INFO] CodeEngine:279 - Generated code: D:\EE3.1\ELM335_WS\lab3\problem1\Core\Inc\main.h
2023-12-02 21:49:08,796 [INFO] CodeEngine:255 - oldGeneratedFile, D:\EE3.1\ELM335_WS\lab3\problem1\Core\Src\main.c_save
2023-12-02 21:49:08,862 [INFO] CodeEngine:279 - Generated code: D:\EE3.1\ELM335_WS\lab3\problem1\Core\Src\main.c
2023-12-02 21:49:09,409 [INFO] ProjectBuilder:3064 - Time for Copy HAL[1] : 142mS.
2023-12-02 21:49:09,417 [INFO] ProjectBuilder:4404 - Project Generator version: 4.1.0
2023-12-02 21:49:09,777 [INFO] ConfigFileManager:1457 - The Die is : DIE466
2023-12-02 21:49:11,882 [INFO] ProjectBuilder:4626 - Time for Generating toolchain IDE Files: 2465mS.
2023-12-02 21:49:11,884 [INFO] ProjectBuilder:2935 - Time for Copy CMSIS : 1mS.
2023-12-02 21:49:11,886 [INFO] ProjectBuilder:2935 - Time for Copy CMSIS : 0mS.
