2023-12-03 10:32:56,333 [INFO] Activator:176 - 


2023-12-03 10:32:56,340 [INFO] Activator:177 - !SESSION log4j initialized
2023-12-03 10:33:02,018 [INFO] LogOutputStream:77 - [STDOUT_REDIRECT] 
2023-12-03 10:33:03,457 [INFO] ApplicationProperties:184 - Using Application install path: C:\ST\STM32CubeIDE_1.12.0\STM32CubeIDE\plugins\com.st.stm32cube.common.mx_6.9.2.202309101412
2023-12-03 10:33:03,478 [INFO] DbMcusXml:78 - Set database path to: C:\ST\STM32CubeIDE_1.12.0\STM32CubeIDE\plugins\com.st.stm32cube.common.mx_6.9.2.202309101412\\db\/mcu/
2023-12-03 10:33:03,479 [INFO] ApiDb:274 - Set plugin database path to: C:\ST\STM32CubeIDE_1.12.0\STM32CubeIDE\plugins\com.st.stm32cube.common.mx_6.9.2.202309101412\\db\/plugins/boardmanager/
2023-12-03 10:33:03,480 [WARN] ApiDb:259 - Overriding images path with different value:  => C:\ST\STM32CubeIDE_1.12.0\STM32CubeIDE\plugins\com.st.stm32cube.common.mx_6.9.2.202309101412\\db\/plugins/mcufinder/images/
2023-12-03 10:33:03,501 [INFO] ApiDb:250 - Set database path to: C:\Users\umutu\.stmcufinder\plugins\mcufinder//mcu/
2023-12-03 10:33:03,503 [INFO] DbMcusAds:125 - Set database path to: C:\Users\umutu\.stmcufinder\plugins\mcufinder//mcu/
2023-12-03 10:33:03,506 [INFO] CrossReferenceDbSqlite:203 - Set database path to: C:\Users\umutu\.stmcufinder\plugins\mcufinder//mcu/cs/
2023-12-03 10:33:03,650 [INFO] RulesReader:64 - Compatibility file has been processed (293 Rules)
2023-12-03 10:33:03,743 [INFO] DbMcusXml:78 - Set database path to: C:\ST\STM32CubeIDE_1.12.0\STM32CubeIDE\plugins\com.st.stm32cube.common.mx_6.9.2.202309101412\\db\/mcu/
2023-12-03 10:33:03,743 [INFO] ApiDb:274 - Set plugin database path to: C:\ST\STM32CubeIDE_1.12.0\STM32CubeIDE\plugins\com.st.stm32cube.common.mx_6.9.2.202309101412\\db\/plugins/boardmanager/
2023-12-03 10:33:03,743 [INFO] ApiDb:261 - Set plugin images path to: C:\ST\STM32CubeIDE_1.12.0\STM32CubeIDE\plugins\com.st.stm32cube.common.mx_6.9.2.202309101412\\db\/plugins/mcufinder/images/
2023-12-03 10:33:03,743 [WARN] DbFile:41 - Overriding database path with different value: C:\Users\umutu\.stmcufinder\plugins\mcufinder/ => C:\Users\umutu\.stmcufinder\plugins\mcufinder
2023-12-03 10:33:03,743 [INFO] ApiDb:250 - Set database path to: C:\Users\umutu\.stmcufinder\plugins\mcufinder//mcu/
2023-12-03 10:33:03,743 [WARN] DbFile:41 - Overriding database path with different value: C:\Users\umutu\.stmcufinder\plugins\mcufinder/ => C:\Users\umutu\.stmcufinder\plugins\mcufinder
2023-12-03 10:33:03,743 [INFO] DbMcusAds:125 - Set database path to: C:\Users\umutu\.stmcufinder\plugins\mcufinder//mcu/
2023-12-03 10:33:03,743 [WARN] DbFile:41 - Overriding database path with different value: C:\Users\umutu\.stmcufinder\plugins\mcufinder/ => C:\Users\umutu\.stmcufinder\plugins\mcufinder
2023-12-03 10:33:03,743 [WARN] DbFile:41 - Overriding database path with different value: C:\Users\umutu\.stmcufinder\plugins\mcufinder/ => C:\Users\umutu\.stmcufinder\plugins\mcufinder
2023-12-03 10:33:03,744 [INFO] CrossReferenceDbSqlite:203 - Set database path to: C:\Users\umutu\.stmcufinder\plugins\mcufinder//mcu/cs/
2023-12-03 10:33:03,835 [INFO] MainPanel:262 - HeapMemory: 268435456
2023-12-03 10:33:03,994 [INFO] DbMcusXml:78 - Set database path to: C:\ST\STM32CubeIDE_1.12.0\STM32CubeIDE\plugins\com.st.stm32cube.common.mx_6.9.2.202309101412\\db\/mcu/
2023-12-03 10:33:03,994 [INFO] ApiDb:274 - Set plugin database path to: C:\ST\STM32CubeIDE_1.12.0\STM32CubeIDE\plugins\com.st.stm32cube.common.mx_6.9.2.202309101412\\db\/plugins/boardmanager/
2023-12-03 10:33:03,995 [INFO] ApiDb:261 - Set plugin images path to: C:\ST\STM32CubeIDE_1.12.0\STM32CubeIDE\plugins\com.st.stm32cube.common.mx_6.9.2.202309101412\\db\/plugins/mcufinder/images/
2023-12-03 10:33:03,995 [WARN] DbFile:41 - Overriding database path with different value: C:\Users\umutu\.stmcufinder\plugins\mcufinder/ => C:\Users\umutu\.stmcufinder\plugins\mcufinder
2023-12-03 10:33:03,995 [INFO] ApiDb:250 - Set database path to: C:\Users\umutu\.stmcufinder\plugins\mcufinder//mcu/
2023-12-03 10:33:03,995 [WARN] DbFile:41 - Overriding database path with different value: C:\Users\umutu\.stmcufinder\plugins\mcufinder/ => C:\Users\umutu\.stmcufinder\plugins\mcufinder
2023-12-03 10:33:03,995 [INFO] DbMcusAds:125 - Set database path to: C:\Users\umutu\.stmcufinder\plugins\mcufinder//mcu/
2023-12-03 10:33:03,995 [WARN] DbFile:41 - Overriding database path with different value: C:\Users\umutu\.stmcufinder\plugins\mcufinder/ => C:\Users\umutu\.stmcufinder\plugins\mcufinder
2023-12-03 10:33:03,995 [WARN] DbFile:41 - Overriding database path with different value: C:\Users\umutu\.stmcufinder\plugins\mcufinder/ => C:\Users\umutu\.stmcufinder\plugins\mcufinder
2023-12-03 10:33:03,995 [INFO] CrossReferenceDbSqlite:203 - Set database path to: C:\Users\umutu\.stmcufinder\plugins\mcufinder//mcu/cs/
2023-12-03 10:33:04,014 [INFO] ApplicationProperties:184 - Using Application install path: C:\ST\STM32CubeIDE_1.12.0\STM32CubeIDE\plugins\com.st.stm32cube.common.mx_6.9.2.202309101412
2023-12-03 10:33:04,016 [INFO] PluginManage:196 - Search for loadable plugins [exclusion list=, ]
2023-12-03 10:33:04,017 [INFO] PluginManage:310 - Check plugin analytics
2023-12-03 10:33:04,182 [INFO] AnalyticsPlugin:253 - Accepted Software Licenses: 
2023-12-03 10:33:04,183 [INFO] AnalyticsPlugin:255 - Accepted CMSIS Pack Licenses: 
2023-12-03 10:33:04,183 [INFO] AnalyticsPlugin:257 - Accepted Firmware Licenses: 
2023-12-03 10:33:04,186 [INFO] PluginManage:359 - Loaded plugin analytics (category:tool,tabindex:-1)
2023-12-03 10:33:04,187 [INFO] PluginManage:310 - Check plugin cadmodel
2023-12-03 10:33:04,200 [INFO] CADModel:105 - Init CAD model plugin
2023-12-03 10:33:04,200 [INFO] PluginManage:359 - Loaded plugin cadmodel (category:power,tabindex:5)
2023-12-03 10:33:04,200 [INFO] PluginManage:310 - Check plugin clock
2023-12-03 10:33:04,213 [INFO] PluginManage:359 - Loaded plugin clock (category:base,tabindex:2)
2023-12-03 10:33:04,213 [INFO] PluginManage:310 - Check plugin ddr
2023-12-03 10:33:04,216 [INFO] PluginManage:359 - Loaded plugin ddr (category:tool,tabindex:6)
2023-12-03 10:33:04,217 [INFO] PluginManage:310 - Check plugin filemanager
2023-12-03 10:33:04,382 [INFO] PluginManage:359 - Loaded plugin filemanager (category:base,tabindex:10)
2023-12-03 10:33:04,383 [INFO] PluginManage:310 - Check plugin ipmanager
2023-12-03 10:33:04,390 [INFO] PluginManage:359 - Loaded plugin ipmanager (category:base,tabindex:5)
2023-12-03 10:33:04,390 [INFO] PluginManage:310 - Check plugin lpbam
2023-12-03 10:33:04,561 [INFO] PluginManage:359 - Loaded plugin lpbam (category:base,tabindex:0)
2023-12-03 10:33:04,561 [INFO] PluginManage:310 - Check plugin memorymap
2023-12-03 10:33:04,677 [INFO] PluginManage:359 - Loaded plugin memorymap (category:base,tabindex:4)
2023-12-03 10:33:04,677 [INFO] PluginManage:310 - Check plugin pinoutandconfiguration
2023-12-03 10:33:04,687 [INFO] PluginManage:359 - Loaded plugin pinoutandconfiguration (category:base,tabindex:1)
2023-12-03 10:33:04,687 [INFO] PluginManage:310 - Check plugin pinoutconfig
2023-12-03 10:33:04,790 [WARN] SupportedApi:132 - Cannot load RTOS API schema: s4s-elt-must-match.1: The content of 'definitions' must match (annotation?, (simpleType | complexType)?, (unique | key | keyref)*)). A problem was found starting at: attribute.
2023-12-03 10:33:04,949 [INFO] PluginManage:359 - Loaded plugin pinoutconfig (category:base,tabindex:0)
2023-12-03 10:33:04,949 [INFO] PluginManage:310 - Check plugin power
2023-12-03 10:33:04,992 [INFO] PluginManage:359 - Loaded plugin power (category:power,tabindex:4)
2023-12-03 10:33:04,993 [INFO] PluginManage:310 - Check plugin projectmanager
2023-12-03 10:33:05,011 [INFO] PluginManage:359 - Loaded plugin projectmanager (category:projectmanager,tabindex:3)
2023-12-03 10:33:05,012 [INFO] PluginManage:310 - Check plugin thirdparty
2023-12-03 10:33:05,226 [INFO] PluginManage:359 - Loaded plugin thirdparty (category:base,tabindex:-1)
2023-12-03 10:33:05,226 [WARN] IntegrityCheckThread:84 - waiting for thirdparty lock release [integrity check]
2023-12-03 10:33:05,226 [INFO] IntegrityCheckThread:86 - entering critical section [integrity check]
2023-12-03 10:33:05,226 [INFO] PluginManage:310 - Check plugin tools
2023-12-03 10:33:05,227 [INFO] ThirdPartyUpdaterWithRetryManager:70 - Updater plugin not ready yet. [1/15]
2023-12-03 10:33:05,243 [INFO] PluginManage:359 - Loaded plugin tools (category:base,tabindex:7)
2023-12-03 10:33:05,243 [INFO] PluginManage:310 - Check plugin tutovideos
2023-12-03 10:33:05,449 [INFO] PluginManage:359 - Loaded plugin tutovideos (category:base,tabindex:-1)
2023-12-03 10:33:05,449 [INFO] PluginManage:310 - Check plugin updater
2023-12-03 10:33:05,459 [INFO] PluginManage:359 - Loaded plugin updater (category:base,tabindex:12)
2023-12-03 10:33:05,459 [INFO] PluginManage:310 - Check plugin userauth
2023-12-03 10:33:05,464 [INFO] UserAuth:113 - Init User Auth plugin
2023-12-03 10:33:05,464 [INFO] PluginManage:359 - Loaded plugin userauth (category:base,tabindex:14)
2023-12-03 10:33:05,465 [INFO] PluginManage:283 - PluginManage : Loaded plugins [17]
2023-12-03 10:33:05,684 [INFO] PinOutPanel:1499 - setPackage(No Configuration,No Configuration)
2023-12-03 10:33:05,800 [INFO] CADModel:165 - CPN selected for project level
2023-12-03 10:33:05,801 [INFO] CADModel:114 - Register for checkConnection events
2023-12-03 10:33:05,862 [INFO] IPUIPlugin:80 - create IPUIPlugin
2023-12-03 10:33:05,862 [INFO] PluginManager:220 - loadIPPluginJar : add adc
2023-12-03 10:33:05,879 [INFO] IPUIPlugin:80 - create IPUIPlugin
2023-12-03 10:33:05,879 [INFO] PluginManager:220 - loadIPPluginJar : add aes
2023-12-03 10:33:05,897 [INFO] IPUIPlugin:80 - create IPUIPlugin
2023-12-03 10:33:05,897 [INFO] PluginManager:220 - loadIPPluginJar : add can
2023-12-03 10:33:05,912 [INFO] IPUIPlugin:80 - create IPUIPlugin
2023-12-03 10:33:05,912 [INFO] PluginManager:220 - loadIPPluginJar : add comp
2023-12-03 10:33:05,930 [INFO] IPUIPlugin:80 - create IPUIPlugin
2023-12-03 10:33:05,930 [INFO] PluginManager:220 - loadIPPluginJar : add cryp
2023-12-03 10:33:05,945 [INFO] IPUIPlugin:80 - create IPUIPlugin
2023-12-03 10:33:05,946 [INFO] PluginManager:220 - loadIPPluginJar : add dfsdm
2023-12-03 10:33:05,986 [INFO] IPUIPlugin:80 - create IPUIPlugin
2023-12-03 10:33:05,986 [INFO] PluginManager:220 - loadIPPluginJar : add dma
2023-12-03 10:33:06,007 [INFO] IPUIPlugin:80 - create IPUIPlugin
2023-12-03 10:33:06,007 [INFO] PluginManager:220 - loadIPPluginJar : add dma3
2023-12-03 10:33:06,018 [INFO] IPUIPlugin:80 - create IPUIPlugin
2023-12-03 10:33:06,018 [INFO] PluginManager:220 - loadIPPluginJar : add fatfs
2023-12-03 10:33:06,039 [INFO] IPUIPlugin:80 - create IPUIPlugin
2023-12-03 10:33:06,039 [INFO] PluginManager:220 - loadIPPluginJar : add fmc
2023-12-03 10:33:06,050 [INFO] IPUIPlugin:80 - create IPUIPlugin
2023-12-03 10:33:06,051 [INFO] PluginManager:220 - loadIPPluginJar : add freertos
2023-12-03 10:33:06,061 [INFO] IPUIPlugin:80 - create IPUIPlugin
2023-12-03 10:33:06,062 [INFO] PluginManager:220 - loadIPPluginJar : add genericplugin
2023-12-03 10:33:06,096 [INFO] IPUIPlugin:80 - create IPUIPlugin
2023-12-03 10:33:06,096 [INFO] PluginManager:220 - loadIPPluginJar : add gfxmmu
2023-12-03 10:33:06,144 [INFO] IPUIPlugin:80 - create IPUIPlugin
2023-12-03 10:33:06,144 [INFO] PluginManager:220 - loadIPPluginJar : add gic
2023-12-03 10:33:06,239 [INFO] IPUIPlugin:80 - create IPUIPlugin
2023-12-03 10:33:06,239 [INFO] PluginManager:220 - loadIPPluginJar : add gpio
2023-12-03 10:33:06,270 [INFO] IPUIPlugin:80 - create IPUIPlugin
2023-12-03 10:33:06,270 [INFO] PluginManager:220 - loadIPPluginJar : add gtzc
2023-12-03 10:33:06,285 [INFO] IPUIPlugin:80 - create IPUIPlugin
2023-12-03 10:33:06,286 [INFO] PluginManager:220 - loadIPPluginJar : add hash
2023-12-03 10:33:06,307 [INFO] IPUIPlugin:80 - create IPUIPlugin
2023-12-03 10:33:06,307 [INFO] PluginManager:220 - loadIPPluginJar : add i2c
2023-12-03 10:33:06,324 [INFO] IPUIPlugin:80 - create IPUIPlugin
2023-12-03 10:33:06,324 [INFO] PluginManager:220 - loadIPPluginJar : add i2s
2023-12-03 10:33:06,341 [INFO] IPUIPlugin:80 - create IPUIPlugin
2023-12-03 10:33:06,341 [INFO] PluginManager:220 - loadIPPluginJar : add i3c
2023-12-03 10:33:06,371 [INFO] IPUIPlugin:80 - create IPUIPlugin
2023-12-03 10:33:06,372 [INFO] PluginManager:220 - loadIPPluginJar : add ipddr
2023-12-03 10:33:06,408 [INFO] IPUIPlugin:80 - create IPUIPlugin
2023-12-03 10:33:06,408 [INFO] PluginManager:220 - loadIPPluginJar : add linkedlist
2023-12-03 10:33:06,426 [INFO] IPUIPlugin:80 - create IPUIPlugin
2023-12-03 10:33:06,426 [INFO] PluginManager:220 - loadIPPluginJar : add lorawan
2023-12-03 10:33:06,442 [INFO] IPUIPlugin:80 - create IPUIPlugin
2023-12-03 10:33:06,442 [INFO] PluginManager:220 - loadIPPluginJar : add ltdc
2023-12-03 10:33:06,511 [INFO] IPUIPlugin:80 - create IPUIPlugin
2023-12-03 10:33:06,511 [INFO] PluginManager:220 - loadIPPluginJar : add mdma
2023-12-03 10:33:06,596 [INFO] IPUIPlugin:80 - create IPUIPlugin
2023-12-03 10:33:06,596 [INFO] PluginManager:220 - loadIPPluginJar : add nvic
2023-12-03 10:33:06,612 [INFO] IPUIPlugin:80 - create IPUIPlugin
2023-12-03 10:33:06,612 [INFO] PluginManager:220 - loadIPPluginJar : add opamp
2023-12-03 10:33:06,637 [INFO] IPUIPlugin:80 - create IPUIPlugin
2023-12-03 10:33:06,637 [INFO] PluginManager:220 - loadIPPluginJar : add openamp
2023-12-03 10:33:06,654 [INFO] IPUIPlugin:80 - create IPUIPlugin
2023-12-03 10:33:06,654 [INFO] PluginManager:220 - loadIPPluginJar : add pdm2pcm
2023-12-03 10:33:06,725 [INFO] IPUIPlugin:80 - create IPUIPlugin
2023-12-03 10:33:06,729 [INFO] PluginManager:220 - loadIPPluginJar : add plateformsettings
2023-12-03 10:33:06,738 [INFO] IPUIPlugin:80 - create IPUIPlugin
2023-12-03 10:33:06,739 [INFO] PluginManager:220 - loadIPPluginJar : add quadspi
2023-12-03 10:33:06,746 [INFO] IPUIPlugin:80 - create IPUIPlugin
2023-12-03 10:33:06,746 [INFO] PluginManager:220 - loadIPPluginJar : add resmgrutility
2023-12-03 10:33:06,763 [INFO] IPUIPlugin:80 - create IPUIPlugin
2023-12-03 10:33:06,763 [INFO] PluginManager:220 - loadIPPluginJar : add sai
2023-12-03 10:33:06,780 [INFO] IPUIPlugin:80 - create IPUIPlugin
2023-12-03 10:33:06,780 [INFO] PluginManager:220 - loadIPPluginJar : add spi
2023-12-03 10:33:06,799 [INFO] IPUIPlugin:80 - create IPUIPlugin
2023-12-03 10:33:06,799 [INFO] PluginManager:220 - loadIPPluginJar : add stm32_wpan
2023-12-03 10:33:06,809 [INFO] IPUIPlugin:80 - create IPUIPlugin
2023-12-03 10:33:06,809 [INFO] PluginManager:220 - loadIPPluginJar : add tim
2023-12-03 10:33:06,829 [INFO] IPUIPlugin:80 - create IPUIPlugin
2023-12-03 10:33:06,830 [INFO] PluginManager:220 - loadIPPluginJar : add touchsensing
2023-12-03 10:33:06,840 [INFO] IPUIPlugin:80 - create IPUIPlugin
2023-12-03 10:33:06,841 [INFO] PluginManager:220 - loadIPPluginJar : add tracer_emb
2023-12-03 10:33:06,850 [INFO] IPUIPlugin:80 - create IPUIPlugin
2023-12-03 10:33:06,850 [INFO] PluginManager:220 - loadIPPluginJar : add ts
2023-12-03 10:33:06,861 [INFO] IPUIPlugin:80 - create IPUIPlugin
2023-12-03 10:33:06,861 [INFO] PluginManager:220 - loadIPPluginJar : add tsc
2023-12-03 10:33:06,871 [INFO] IPUIPlugin:80 - create IPUIPlugin
2023-12-03 10:33:06,871 [INFO] PluginManager:220 - loadIPPluginJar : add ucpd
2023-12-03 10:33:06,888 [INFO] IPUIPlugin:80 - create IPUIPlugin
2023-12-03 10:33:06,888 [INFO] PluginManager:220 - loadIPPluginJar : add usart
2023-12-03 10:33:06,906 [INFO] IPUIPlugin:80 - create IPUIPlugin
2023-12-03 10:33:06,906 [INFO] PluginManager:220 - loadIPPluginJar : add usbx
2023-12-03 10:33:07,029 [INFO] CADModel:165 - CPN selected for project level
2023-12-03 10:33:07,029 [INFO] CADModel:114 - Register for checkConnection events
2023-12-03 10:33:07,029 [FATAL] Updater:308 - Updater called before beeing initialized
2023-12-03 10:33:07,029 [ERROR] CADModel:125 - Updater not yet initialized, retry later 
2023-12-03 10:33:07,205 [INFO] CADModel:165 - CPN selected for project level
2023-12-03 10:33:07,205 [INFO] CADModel:114 - Register for checkConnection events
2023-12-03 10:33:07,205 [FATAL] Updater:308 - Updater called before beeing initialized
2023-12-03 10:33:07,205 [ERROR] CADModel:125 - Updater not yet initialized, retry later 
2023-12-03 10:33:07,209 [FATAL] Updater:308 - Updater called before beeing initialized
2023-12-03 10:33:07,306 [FATAL] Updater:308 - Updater called before beeing initialized
2023-12-03 10:33:07,312 [INFO] DbMcusAds:53 - JSON generation date=Wed Nov 29 13:52:38 TRT 2023 (1701255158764)
2023-12-03 10:33:07,312 [FATAL] Updater:308 - Updater called before beeing initialized
2023-12-03 10:33:07,350 [WARN] DetailPanel:346 - Failed to get advertising image, set to default
2023-12-03 10:33:07,421 [FATAL] Updater:308 - Updater called before beeing initialized
2023-12-03 10:33:07,424 [FATAL] Updater:308 - Updater called before beeing initialized
2023-12-03 10:33:07,424 [FATAL] Updater:308 - Updater called before beeing initialized
2023-12-03 10:33:07,424 [WARN] DetailPanel:346 - Failed to get advertising image, set to default
2023-12-03 10:33:07,425 [FATAL] Updater:308 - Updater called before beeing initialized
2023-12-03 10:33:07,483 [ERROR] Updater:1120 - MainUpdater not yet initialized. External WinMGr cannot be set.
2023-12-03 10:33:07,489 [INFO] Updater:1056 - Updater Version found : 6.9.2
2023-12-03 10:33:07,512 [INFO] ApplicationProperties:184 - Using Application install path: C:\ST\STM32CubeIDE_1.12.0\STM32CubeIDE\plugins\com.st.stm32cube.common.mx_6.9.2.202309101412
2023-12-03 10:33:07,853 [INFO] MainUpdater:2868 - connection check result : 10
2023-12-03 10:33:07,854 [INFO] MainUpdater:285 - Updater Check For Update Now.
2023-12-03 10:33:07,854 [INFO] MicroXplorer:498 - Change Database Version : DB.6.0.92
2023-12-03 10:33:07,864 [INFO] McuFinderGlobals:63 - Set McuFinder mode to 2 (CubeIDE integrated)
2023-12-03 10:33:08,029 [INFO] CheckServerUpdateThread:120 - End of CheckServer Thread
2023-12-03 10:33:08,458 [WARN] PackLoader:240 - Cannot read IP mode file for STMicroelectronics.X-CUBE-SMBUS.2.1.0
2023-12-03 10:33:08,517 [WARN] PackLoader:240 - Cannot read IP mode file for STMicroelectronics.X-CUBE-AZRTOS-F7.1.1.0
2023-12-03 10:33:08,534 [WARN] PackLoader:240 - Cannot read IP mode file for STMicroelectronics.FP-SNS-MOTENV1.4.3.2
2023-12-03 10:33:08,549 [WARN] PackLoader:240 - Cannot read IP mode file for STMicroelectronics.X-CUBE-BLE1.6.2.4
2023-12-03 10:33:08,561 [WARN] PackLoader:240 - Cannot read IP mode file for STMicroelectronics.FP-SNS-FLIGHT1.5.0.2
2023-12-03 10:33:08,579 [WARN] PackLoader:240 - Cannot read IP mode file for STMicroelectronics.X-CUBE-DISPLAY.3.0.0
2023-12-03 10:33:08,600 [WARN] PackLoader:240 - Cannot read IP mode file for STMicroelectronics.X-CUBE-BLE1.7.0.0
2023-12-03 10:33:08,619 [WARN] PackLoader:240 - Cannot read IP mode file for emotas.I-CUBE-CANOPEN.1.3.0
2023-12-03 10:33:08,638 [WARN] PackLoader:240 - Cannot read IP mode file for STMicroelectronics.X-CUBE-TOUCHGFX.4.22.0
2023-12-03 10:33:08,654 [WARN] PackLoader:240 - Cannot read IP mode file for STMicroelectronics.X-CUBE-TOUCHGFX.4.22.1
2023-12-03 10:33:08,675 [WARN] PackLoader:240 - Cannot read IP mode file for STMicroelectronics.FP-SNS-SMARTAG2.1.2.0
2023-12-03 10:33:08,699 [INFO] LogOutputStream:77 - [STDOUT_REDIRECT] 1 : Invalid condition id : UX_CORESTACK_Condition cause : null
2023-12-03 10:33:08,700 [INFO] LogOutputStream:77 - [STDOUT_REDIRECT] 1 : Invalid condition id : UX_CORESTACK_Condition cause : null
2023-12-03 10:33:08,700 [INFO] LogOutputStream:77 - [STDOUT_REDIRECT] 1 : Invalid condition id : UX_CORESTACK_Condition cause : null
2023-12-03 10:33:08,702 [INFO] LogOutputStream:77 - [STDOUT_REDIRECT] 1 : Invalid condition id : UX_CORESTACK_Condition cause : null
2023-12-03 10:33:08,703 [INFO] LogOutputStream:77 - [STDOUT_REDIRECT] 1 : Invalid condition id : UX_CORESTACK_Condition cause : null
2023-12-03 10:33:08,706 [WARN] PackLoader:240 - Cannot read IP mode file for STMicroelectronics.X-CUBE-AZRTOS-WL.2.0.0
2023-12-03 10:33:08,721 [WARN] PackLoader:240 - Cannot read IP mode file for WES.I-CUBE-Cesium.1.3.0
2023-12-03 10:33:08,733 [WARN] PackLoader:240 - Cannot read IP mode file for STMicroelectronics.X-CUBE-BLE2.3.3.0
2023-12-03 10:33:08,742 [WARN] PackLoader:240 - Cannot read IP mode file for STMicroelectronics.X-CUBE-ALGOBUILD.1.3.0
2023-12-03 10:33:08,774 [WARN] PackLoader:240 - Cannot read IP mode file for STMicroelectronics.X-CUBE-AZRTOS-G0.1.1.0
2023-12-03 10:33:08,797 [WARN] PackLoader:240 - Cannot read IP mode file for STMicroelectronics.X-CUBE-NFC4.3.0.0
2023-12-03 10:33:08,823 [WARN] PackLoader:240 - Cannot read IP mode file for STMicroelectronics.X-CUBE-BLEMGR.3.0.0
2023-12-03 10:33:08,841 [WARN] PackLoader:240 - Cannot read IP mode file for STMicroelectronics.FP-ATR-SIGFOX1.3.2.0
2023-12-03 10:33:08,889 [WARN] PackLoader:240 - Cannot read IP mode file for SEGGER.I-CUBE-embOS.1.3.1
2023-12-03 10:33:08,952 [WARN] PackLoader:240 - Cannot read IP mode file for STMicroelectronics.X-CUBE-GNSS1.6.0.0
2023-12-03 10:33:08,988 [WARN] PackLoader:240 - Cannot read IP mode file for STMicroelectronics.X-CUBE-AZRTOS-F4.1.1.0
2023-12-03 10:33:09,015 [WARN] PackLoader:240 - Cannot read IP mode file for wolfSSL.I-CUBE-wolfSSL.5.6.3
2023-12-03 10:33:09,049 [WARN] PackLoader:240 - Cannot read IP mode file for STMicroelectronics.X-CUBE-AZRTOS-L5.2.0.0
2023-12-03 10:33:09,127 [WARN] PackLoader:240 - Cannot read IP mode file for STMicroelectronics.X-CUBE-MEMS1.9.6.0
2023-12-03 10:33:09,480 [WARN] PackLoader:240 - Cannot read IP mode file for STMicroelectronics.X-CUBE-EEPRMA1.4.2.0
2023-12-03 10:33:09,490 [WARN] PackLoader:240 - Cannot read IP mode file for ITTIA_DB.I-CUBE-ITTIADB.8.8.0
2023-12-03 10:33:09,511 [WARN] PackLoader:240 - Cannot read IP mode file for STMicroelectronics.X-CUBE-BLEMGR.2.0.0
2023-12-03 10:33:09,555 [WARN] ConditionMgr:438 - getConditionDescription Invalid condition id : UX DEVICE CLASS RTOS Condition cause : null
2023-12-03 10:33:09,555 [WARN] ConditionMgr:438 - getConditionDescription Invalid condition id : UX DEVICE CLASS RTOS Condition cause : null
2023-12-03 10:33:09,559 [WARN] PackLoader:240 - Cannot read IP mode file for STMicroelectronics.X-CUBE-AZRTOS-H7.3.1.0
2023-12-03 10:33:09,561 [WARN] ConditionMgr:1039 - genDependencies : Invalid condition id : UX DEVICE CLASS RTOS Condition cause : null
2023-12-03 10:33:09,561 [WARN] ConditionMgr:1039 - genDependencies : Invalid condition id : UX DEVICE CLASS RTOS Condition cause : null
2023-12-03 10:33:09,562 [WARN] ConditionMgr:1039 - genDependencies : Invalid condition id : UX DEVICE CLASS RTOS Condition cause : null
2023-12-03 10:33:09,562 [WARN] ConditionMgr:1039 - genDependencies : Invalid condition id : UX DEVICE CLASS RTOS Condition cause : null
2023-12-03 10:33:09,562 [WARN] ConditionMgr:1039 - genDependencies : Invalid condition id : UX DEVICE CLASS RTOS Condition cause : null
2023-12-03 10:33:09,581 [WARN] PackLoader:240 - Cannot read IP mode file for STMicroelectronics.X-CUBE-NFC7.1.0.1
2023-12-03 10:33:09,603 [WARN] PackLoader:240 - Cannot read IP mode file for STMicroelectronics.X-CUBE-NFC6.3.0.0
2023-12-03 10:33:09,641 [WARN] PackLoader:240 - Cannot read IP mode file for STMicroelectronics.X-CUBE-EEPRMA1.4.1.0
2023-12-03 10:33:09,655 [WARN] PackLoader:240 - Cannot read IP mode file for STMicroelectronics.X-CUBE-AI.8.1.0
2023-12-03 10:33:09,710 [WARN] ConditionMgr:438 - getConditionDescription Invalid condition id : LAN8742 Phy interface Condition cause : null
2023-12-03 10:33:09,711 [WARN] PackLoader:240 - Cannot read IP mode file for STMicroelectronics.X-CUBE-AZRTOS-L4.2.0.0
2023-12-03 10:33:09,713 [WARN] ConditionMgr:1039 - genDependencies : Invalid condition id : LAN8742 Phy interface Condition cause : null
2023-12-03 10:33:09,713 [WARN] ConditionMgr:1039 - genDependencies : Invalid condition id : LAN8742 Phy interface Condition cause : null
2023-12-03 10:33:09,714 [WARN] ConditionMgr:1039 - genDependencies : Invalid condition id : LAN8742 Phy interface Condition cause : null
2023-12-03 10:33:09,748 [WARN] PackLoader:240 - Cannot read IP mode file for STMicroelectronics.X-CUBE-SFXS2LP1.4.0.0
2023-12-03 10:33:09,765 [WARN] PackLoader:240 - Cannot read IP mode file for STMicroelectronics.X-CUBE-ISPU.1.1.0
2023-12-03 10:33:09,787 [WARN] ConditionMgr:438 - getConditionDescription Invalid condition id : UX DEVICE CLASS RTOS Condition cause : null
2023-12-03 10:33:09,788 [WARN] ConditionMgr:438 - getConditionDescription Invalid condition id : UX DEVICE CLASS RTOS Condition cause : null
2023-12-03 10:33:09,791 [WARN] PackLoader:240 - Cannot read IP mode file for STMicroelectronics.X-CUBE-AZRTOS-WB.2.0.0
2023-12-03 10:33:09,793 [WARN] ConditionMgr:1039 - genDependencies : Invalid condition id : UX DEVICE CLASS RTOS Condition cause : null
2023-12-03 10:33:09,793 [WARN] ConditionMgr:1039 - genDependencies : Invalid condition id : UX DEVICE CLASS RTOS Condition cause : null
2023-12-03 10:33:09,794 [WARN] ConditionMgr:1039 - genDependencies : Invalid condition id : UX DEVICE CLASS RTOS Condition cause : null
2023-12-03 10:33:09,794 [WARN] ConditionMgr:1039 - genDependencies : Invalid condition id : UX DEVICE CLASS RTOS Condition cause : null
2023-12-03 10:33:09,794 [WARN] ConditionMgr:1039 - genDependencies : Invalid condition id : UX DEVICE CLASS RTOS Condition cause : null
2023-12-03 10:33:09,811 [WARN] PackLoader:240 - Cannot read IP mode file for STMicroelectronics.X-CUBE-FREERTOS.1.0.1
2023-12-03 10:33:09,868 [WARN] PackLoader:240 - Cannot read IP mode file for STMicroelectronics.X-CUBE-AZRTOS-L5.1.1.0
2023-12-03 10:33:09,896 [WARN] PackLoader:240 - Cannot read IP mode file for STMicroelectronics.X-CUBE-AI.8.0.1
2023-12-03 10:33:09,938 [WARN] PackLoader:240 - Cannot read IP mode file for STMicroelectronics.X-CUBE-SUBG2.5.0.0
2023-12-03 10:33:09,999 [WARN] PackLoader:240 - Cannot read IP mode file for STMicroelectronics.X-CUBE-TOF1.3.3.1
2023-12-03 10:33:10,047 [WARN] PackLoader:240 - Cannot read IP mode file for STMicroelectronics.X-CUBE-AZRTOS-G4.2.0.0
2023-12-03 10:33:10,085 [WARN] PackLoader:240 - Cannot read IP mode file for Infineon.AIROC-Wi-Fi-Bluetooth-STM32.1.5.1
2023-12-03 10:33:10,107 [WARN] PackLoader:240 - Cannot read IP mode file for STMicroelectronics.FP-SNS-MOTENVWB1.1.3.0
2023-12-03 10:33:10,118 [WARN] PackLoader:240 - Cannot read IP mode file for STMicroelectronics.FP-SNS-MOTENVWB1.1.3.1
2023-12-03 10:33:10,165 [WARN] PackLoader:240 - Cannot read IP mode file for STMicroelectronics.X-CUBE-MEMS1.10.0.0
2023-12-03 10:33:10,390 [WARN] PackLoader:240 - Cannot read IP mode file for STMicroelectronics.X-CUBE-FREERTOS.1.1.0
2023-12-03 10:33:10,406 [WARN] PackLoader:240 - Cannot read IP mode file for portGmbH.I-Cube-SoM-uGOAL.1.1.0
2023-12-03 10:33:10,440 [WARN] PackLoader:240 - Cannot read IP mode file for STMicroelectronics.X-CUBE-ALS.1.0.1
2023-12-03 10:33:10,487 [WARN] PackLoader:240 - Cannot read IP mode file for STMicroelectronics.X-CUBE-AZRTOS-WB.1.1.0
2023-12-03 10:33:10,504 [WARN] PackLoader:240 - Cannot read IP mode file for STMicroelectronics.FP-ATR-ASTRA1.2.0.0
2023-12-03 10:33:10,531 [WARN] PackLoader:240 - Cannot read IP mode file for STMicroelectronics.X-CUBE-TOF1.3.4.0
2023-12-03 10:33:10,553 [INFO] ThirdParty:978 - Integrity check success = true
2023-12-03 10:33:10,553 [INFO] IntegrityCheckThread:100 - exiting critical section [integrity check]
2023-12-03 10:33:10,554 [INFO] IntegrityCheckThread:103 - End integrity checks thread
2023-12-03 16:54:13,543 [INFO] McuFinderGlobals:63 - Set McuFinder mode to 2 (CubeIDE integrated)
2023-12-03 16:54:13,923 [INFO] MainUpdater:2868 - connection check result : 10
2023-12-03 16:54:13,932 [INFO] MainUpdater:2868 - connection check result : 10
2023-12-03 16:54:14,105 [INFO] MicroXplorer:468 - Change Database Path : 
2023-12-03 16:54:14,105 [INFO] MicroXplorer:498 - Change Database Version : DB.6.0.92
2023-12-03 16:54:14,108 [WARN] ThirdParty:871 - waiting for thirdparty lock release [close project]
2023-12-03 16:54:14,108 [INFO] ThirdParty:873 - entering critical section [close project]
2023-12-03 16:54:14,112 [INFO] ThirdParty:883 - exiting critical section [close project]
2023-12-03 16:54:14,115 [INFO] PinOutPanel:1499 - setPackage(No Configuration,No Configuration)
2023-12-03 16:54:14,125 [INFO] UtilMem:75 - Begin LoadConfig() Used Memory: 717870152 Bytes (1005584384)
2023-12-03 16:54:14,127 [INFO] MicroXplorer:468 - Change Database Path : 
2023-12-03 16:54:14,127 [INFO] MicroXplorer:498 - Change Database Version : DB.6.0.92
2023-12-03 16:54:14,127 [INFO] OpenFileManager:308 - Change cursor
2023-12-03 16:54:14,178 [INFO] Mcu:1946 - Initializing MCU STM32G031K(4-6-8)Tx STM32G031K8Tx STM32G031K8T6
2023-12-03 16:54:15,379 [INFO] Context:659 - Trying to add GPIOservice into a context  which must be forbidden
2023-12-03 16:54:16,209 [INFO] RtosManager:555 - Registered RTOS mode: class=CMSIS, group=RTOS, mode=CMSIS_V1, owner=FREERTOS
2023-12-03 16:54:16,210 [INFO] RtosManager:555 - Registered RTOS mode: class=CMSIS, group=RTOS2, mode=CMSIS_V2, owner=FREERTOS
2023-12-03 16:54:16,210 [INFO] RtosManager:555 - Registered RTOS mode: class=RTOS, group=Core, mode=CMSIS_V1, owner=FREERTOS
2023-12-03 16:54:16,210 [INFO] RtosManager:555 - Registered RTOS mode: class=RTOS, group=Core, mode=CMSIS_V2, owner=FREERTOS
2023-12-03 16:54:16,210 [WARN] ModelIntegratedComponent:184 - Missing modes for component STMicroelectronics:FreeRTOS:0.0.1:STMicroelectronics:RTOS:FreeRTOS:Core:::10.2.0:
2023-12-03 16:54:16,226 [WARN] ModelIntegratedComponent:63 - No mode defined for component null
2023-12-03 16:54:16,226 [WARN] ModelIntegratedComponent:63 - No mode defined for component null
2023-12-03 16:54:16,226 [WARN] ModelIntegratedComponent:63 - No mode defined for component null
2023-12-03 16:54:16,226 [WARN] ModelIntegratedComponent:63 - No mode defined for component null
2023-12-03 16:54:16,226 [WARN] ModelIntegratedComponent:63 - No mode defined for component null
2023-12-03 16:54:16,226 [WARN] ModelIntegratedComponent:63 - No mode defined for component null
2023-12-03 16:54:16,226 [WARN] ModelIntegratedComponent:63 - No mode defined for component null
2023-12-03 16:54:16,226 [WARN] ModelIntegratedComponent:63 - No mode defined for component null
2023-12-03 16:54:16,226 [WARN] ModelIntegratedComponent:63 - No mode defined for component null
2023-12-03 16:54:16,226 [WARN] ModelIntegratedComponent:63 - No mode defined for component null
2023-12-03 16:54:16,226 [WARN] ModelIntegratedComponent:63 - No mode defined for component null
2023-12-03 16:54:16,226 [WARN] ModelIntegratedComponent:63 - No mode defined for component null
2023-12-03 16:54:16,226 [WARN] ModelIntegratedComponent:63 - No mode defined for component null
2023-12-03 16:54:16,226 [WARN] ModelIntegratedComponent:63 - No mode defined for component null
2023-12-03 16:54:16,226 [WARN] ModelIntegratedComponent:63 - No mode defined for component null
2023-12-03 16:54:16,226 [WARN] ModelIntegratedComponent:63 - No mode defined for component null
2023-12-03 16:54:16,226 [WARN] ModelIntegratedComponent:63 - No mode defined for component null
2023-12-03 16:54:16,226 [WARN] ModelIntegratedComponent:63 - No mode defined for component null
2023-12-03 16:54:16,226 [WARN] ModelIntegratedComponent:63 - No mode defined for component null
2023-12-03 16:54:16,226 [WARN] ModelIntegratedComponent:63 - No mode defined for component null
2023-12-03 16:54:16,227 [WARN] ModelIntegratedComponent:63 - No mode defined for component null
2023-12-03 16:54:16,227 [WARN] ModelIntegratedComponent:63 - No mode defined for component null
2023-12-03 16:54:16,227 [WARN] ModelIntegratedComponent:63 - No mode defined for component null
2023-12-03 16:54:16,227 [WARN] ModelIntegratedComponent:63 - No mode defined for component null
2023-12-03 16:54:16,227 [WARN] ModelIntegratedComponent:63 - No mode defined for component null
2023-12-03 16:54:16,227 [WARN] ModelIntegratedComponent:63 - No mode defined for component null
2023-12-03 16:54:16,227 [WARN] ModelIntegratedComponent:63 - No mode defined for component null
2023-12-03 16:54:16,227 [WARN] ModelIntegratedComponent:63 - No mode defined for component null
2023-12-03 16:54:16,227 [WARN] ModelIntegratedComponent:63 - No mode defined for component null
2023-12-03 16:54:16,227 [WARN] ModelIntegratedComponent:63 - No mode defined for component null
2023-12-03 16:54:16,227 [WARN] ModelIntegratedComponent:63 - No mode defined for component null
2023-12-03 16:54:16,227 [WARN] ModelIntegratedComponent:63 - No mode defined for component null
2023-12-03 16:54:16,227 [WARN] ModelIntegratedComponent:63 - No mode defined for component null
2023-12-03 16:54:16,297 [INFO] ThirdPartyModel:298 - Start build external matchings
2023-12-03 16:54:16,757 [INFO] ThirdPartyModel:316 - End build external matchings
2023-12-03 16:54:16,962 [INFO] UtilMem:75 - End LoadConfig() Used Memory: 926600808 Bytes (1073741824)
2023-12-03 16:54:17,099 [INFO] ApiDb:581 - Connected to CubeFinder SQLite database (C:\Users\umutu\.stmcufinder\plugins\mcufinder\mcu\cube-finder-db.db)
2023-12-03 16:54:17,157 [INFO] ApiDb:668 - CubeFinder database Data Model version=2.1
2023-12-03 16:54:17,158 [INFO] ApiDb:669 - CubeFinder database Configuration version=3.0.37
2023-12-03 16:54:17,161 [INFO] ApiDb:670 - CubeFinder database generation date=2023-10-13 (1697197505)
2023-12-03 16:54:17,161 [INFO] ApiDb:671 - CubeFinder database FW Pack versions=[FP-ATR-ASTRA1_V2.0.0, FP-SNS-FLIGHT1_V5.0.1, FP-SNS-FLIGHT1_V5.0.2, FP-SNS-MOTENV1_V4.3.1, FP-SNS-MOTENV1_V4.3.2, FP-SNS-SMARTAG2_V1.2.0, I-CUBE-ITTIADB_V8.6.3-1, STM32Cube_FW_C0_V1.1.0, STM32Cube_FW_F4_V1.27.1, STM32Cube_FW_F7_V1.17.0, STM32Cube_FW_G0_V1.6.1, STM32Cube_FW_G4_V1.5.1, STM32Cube_FW_H5_V0.5.1, STM32Cube_FW_H5_V1.1.1, STM32Cube_FW_H7_V1.11.0, STM32Cube_FW_L0_V1.12.2, STM32Cube_FW_L5_V1.5.0, STM32Cube_FW_U5_V1.3.0, STM32Cube_FW_U5_V1.3.0RC4, STM32Cube_FW_WBA_V1.0.0RC1, STM32Cube_FW_WBA_V1.1.0RC1, STM32Cube_FW_WBA_V1.1.1, STM32Cube_FW_WB_V1.15.0RC1, STM32Cube_FW_WB_V1.16.0, STM32Cube_FW_WB_V1.16.0RC2, STM32Cube_FW_WB_V1.17.3, STM32Cube_FW_WL_V1.3.0, X-CUBE-ALGOBUILD_V1.3.0, X-CUBE-ALS_V1.0.1, X-CUBE-AZRTOS-F4_V1.1.0, X-CUBE-AZRTOS-F7_V1.1.0, X-CUBE-AZRTOS-G0_V1.1.0, X-CUBE-AZRTOS-G4_V2.0.0, X-CUBE-AZRTOS-H7_V3.1.0, X-CUBE-AZRTOS-L4_V1.0.0, X-CUBE-AZRTOS-L4_V2.0.0, X-CUBE-AZRTOS-L5_V1.1.0, X-CUBE-AZRTOS-WB_V2.0.0, X-CUBE-AZRTOS-WL_V2.0.0, X-CUBE-BLE1_V7.0.0, X-CUBE-BLE2_V3.3.0, X-CUBE-BLEMGR_V2.0.0, X-CUBE-EEPRMA1_V4.1.0, X-CUBE-FREERTOS_V1.1.0, X-CUBE-GNSS1_V6.0.0, X-CUBE-MEMS1_V10.0.0, X-CUBE-MEMS1_V9.1.0, X-CUBE-MEMS1_V9.4.0, X-CUBE-MEMS1_V9.6.0, X-CUBE-NFC4_V3.0.0, X-CUBE-NFC7_V1.0.1, X-CUBE-SFXS2LP1_V4.0.0, X-CUBE-SUBG2_V5.0.0, X-CUBE-TOF1_V3.3.1]
2023-12-03 16:54:18,882 [INFO] ApiDb:240 - Found 323 in-development CPN: [B-G473E-ZEST1S, B-WB1M-WPAN1, B-WL5M-SUBG1, NUCLEO-C031C6, NUCLEO-H503RB, NUCLEO-H563ZI, NUCLEO-U545RE-Q, NUCLEO-U5A5ZJ-Q, NUCLEO-WBA52CG, STEVAL-PROTEUS1, STEVAL-SMARTAG2, STEVAL-STWINBX1, STM320518-EVAL, STM32C0116-DK, STM32C011D6Y3TR, STM32C011D6Y6TR, STM32C011F4P3, STM32C011F4P6, STM32C011F4U3, STM32C011F4U6TR, STM32C011F6P3, STM32C011F6P6, STM32C011F6U3, STM32C011F6U6TR, STM32C011J4M3, STM32C011J4M6, STM32C011J6M3, STM32C011J6M6, STM32C0316-DK, STM32C031C4T3, STM32C031C4T6, STM32C031C4U3, STM32C031C4U6, STM32C031C6T3, STM32C031C6T6, STM32C031C6U3, STM32C031C6U6, STM32C031F4P3, STM32C031F4P6, STM32C031F6P3, STM32C031F6P6, STM32C031G4U3, STM32C031G4U6, STM32C031G6U3, STM32C031G6U6, STM32C031K4T3, STM32C031K4T6, STM32C031K4U3, STM32C031K4U6, STM32C031K6T3, STM32C031K6T6, STM32C031K6U3, STM32C031K6U6, STM32G071K8TXN, STM32G071K8UXN, STM32G081GBU6N, STM32G081KBT6N, STM32G081KBUXN, STM32G0B1CCT6N, STM32G0B1KCT6, STM32G0B1NEY6TR, STM32G0B1RCT6N, STM32G0C1CCT6, STM32G0C1CCT6N, STM32G0C1CCU6N, STM32G0C1CET6N, STM32G0C1CEU6N, STM32G0C1KCT6, STM32G0C1NEY6TR, STM32G0C1RCI6N, STM32G0C1RCT6N, STM32G0C1REI6N, STM32G0C1RET6N, STM32G0C1VCI6, STM32G0C1VEI6, STM32G471CCT6, STM32G471CCU6, STM32G471CET3, STM32G471CET6, STM32G471CEU3, STM32G471CEU6, STM32G471MCT6, STM32G471MET3, STM32G471MET6, STM32G471MEY6TR, STM32G471QCT6, STM32G471QET3, STM32G471RCT6, STM32G471RET3, STM32G471RET6, STM32G471VCH6, STM32G471VCI6, STM32G471VCT6, STM32G471VEH3, STM32G471VEH6, STM32G471VEI3, STM32G471VEI6, STM32G471VET3, STM32G471VET6, STM32G474CCT6, STM32H503CBT6, STM32H503CBU6, STM32H503EBY6TR, STM32H503KBU6, STM32H503RBT6, STM32H562AGI6, STM32H562AII6, STM32H562IGK6, STM32H562IGT6, STM32H562IIK6, STM32H562IIT6, STM32H562RGT6, STM32H562RGV6, STM32H562RIT6, STM32H562RIV6, STM32H562VGT6, STM32H562VIT6, STM32H562ZGT6, STM32H562ZIT6, STM32H563AGI6, STM32H563AII3Q, STM32H563AII6, STM32H563IGK6, STM32H563IGT6, STM32H563IIK3Q, STM32H563IIK6, STM32H563IIT3Q, STM32H563IIT6, STM32H563MIY3QTR, STM32H563RGT6, STM32H563RGV6, STM32H563RIT6, STM32H563RIV6, STM32H563VGT6, STM32H563VIT3Q, STM32H563VIT6, STM32H563ZGT6, STM32H563ZIT3Q, STM32H563ZIT6, STM32H573AII3Q, STM32H573AII6, STM32H573I-DK, STM32H573IIK3Q, STM32H573IIK6, STM32H573IIT3Q, STM32H573IIT6, STM32H573MIY3QTR, STM32H573RIT6, STM32H573RIV6, STM32H573VIT3Q, STM32H573VIT6, STM32H573ZIT3Q, STM32H573ZIT6, STM32L4R5QGI6STR, STM32MP131AAE3, STM32MP131AAF3, STM32MP131AAG3, STM32MP131CAE3, STM32MP131CAF3, STM32MP131CAG3, STM32MP131DAE7, STM32MP131DAF7, STM32MP131DAG7, STM32MP131FAE7, STM32MP131FAF7, STM32MP131FAG7, STM32MP133AAE3, STM32MP133AAF3, STM32MP133AAG3, STM32MP133CAE3, STM32MP133CAF3, STM32MP133CAG3, STM32MP133DAE7, STM32MP133DAF7, STM32MP133DAG7, STM32MP133FAE7, STM32MP133FAF7, STM32MP133FAG7, STM32MP135AAE3, STM32MP135AAF3, STM32MP135AAG3, STM32MP135CAE3, STM32MP135CAF3, STM32MP135CAG3, STM32MP135DAE7, STM32MP135DAF7, STM32MP135DAG7, STM32MP135F-DK, STM32MP135FAE7, STM32MP135FAF7, STM32MP135FAF7T, STM32MP135FAF7U, STM32MP135FAG7, STM32U535CBT6, STM32U535CBT6Q, STM32U535CBU6, STM32U535CBU6Q, STM32U535CCT6, STM32U535CCT6Q, STM32U535CCU6, STM32U535CCU6Q, STM32U535CET6, STM32U535CET6Q, STM32U535CEU6, STM32U535CEU6Q, STM32U535JEY6QTR, STM32U535NCY6QTR, STM32U535NEY6QTR, STM32U535RBI6, STM32U535RBI6Q, STM32U535RBT6, STM32U535RBT6Q, STM32U535RCI6, STM32U535RCI6Q, STM32U535RCT6, STM32U535RCT6Q, STM32U535REI6, STM32U535REI6Q, STM32U535RET6, STM32U535RET6Q, STM32U535VCI6, STM32U535VCI6Q, STM32U535VCT6, STM32U535VCT6Q, STM32U535VEI6, STM32U535VEI6Q, STM32U535VET6, STM32U535VET6Q, STM32U545CET6, STM32U545CET6Q, STM32U545CEU6, STM32U545CEU6Q, STM32U545JEY6QTR, STM32U545NEY6QTR, STM32U545REI6, STM32U545REI6Q, STM32U545RET6, STM32U545RET6Q, STM32U545VEI6, STM32U545VEI6Q, STM32U545VET6, STM32U545VET6Q, STM32U595AIH6, STM32U595AIH6Q, STM32U595AJH6, STM32U595AJH6Q, STM32U595QII6, STM32U595QII6Q, STM32U595QJI6, STM32U595QJI6Q, STM32U595RIT6, STM32U595RIT6Q, STM32U595RJT6, STM32U595RJT6Q, STM32U595VIT6, STM32U595VIT6Q, STM32U595VJT6, STM32U595VJT6Q, STM32U595ZIT6, STM32U595ZIT6Q, STM32U595ZIY6QTR, STM32U595ZJT6, STM32U595ZJT6Q, STM32U595ZJY6QTR, STM32U599BJY6QTR, STM32U599NIH6Q, STM32U599NJH6Q, STM32U599VIT6Q, STM32U599VJT6, STM32U599VJT6Q, STM32U599ZIT6Q, STM32U599ZIY6QTR, STM32U599ZJT6Q, STM32U599ZJY6QTR, STM32U5A5AJH6, STM32U5A5AJH6Q, STM32U5A5QJI6, STM32U5A5QJI6Q, STM32U5A5RJT6, STM32U5A5RJT6Q, STM32U5A5VJT6, STM32U5A5VJT6Q, STM32U5A5ZJT6, STM32U5A5ZJT6Q, STM32U5A5ZJY6QTR, STM32U5A9BJY6QTR, STM32U5A9J-DK, STM32U5A9NJH6Q, STM32U5A9VJT6Q, STM32U5A9ZJT6Q, STM32U5A9ZJY6QTR, STM32U5F7VIT6, STM32U5F7VIT6Q, STM32U5F7VJT6, STM32U5F7VJT6Q, STM32U5F9BJY6QTR, STM32U5F9NJH6Q, STM32U5F9VIT6Q, STM32U5F9VJT6Q, STM32U5F9ZIJ6QTR, STM32U5F9ZIT6Q, STM32U5F9ZJJ6QTR, STM32U5F9ZJT6Q, STM32U5G7VJT6, STM32U5G7VJT6Q, STM32U5G9BJY6QTR, STM32U5G9J-DK1, STM32U5G9J-DK2, STM32U5G9NJH6Q, STM32U5G9VJT6Q, STM32U5G9ZJJ6QTR, STM32U5G9ZJT6Q, STM32WB1MMCH6, STM32WBA52CEU6, STM32WBA52CEU6T, STM32WBA52CGU6, STM32WBA52CGU6T, STM32WBA52KEU6, STM32WBA52KEU6T, STM32WBA52KGU6, STM32WBA52KGU6T, STM32WL5MOCH6, STM32WL5MOCH6TR]
2023-12-03 16:54:18,886 [INFO] DbMcus:217 - Found 3848 MCUs, 3848 are supported
2023-12-03 16:54:18,887 [INFO] ApiDb:423 - Load user favorites file C:\Users\umutu/.stm32cubeide/favorites.mcus.txt: 0 item(s)
2023-12-03 16:54:18,888 [INFO] ApiDb:427 - User favorites MCUs=[]
2023-12-03 16:54:18,888 [INFO] DbMcus:223 - Set 0 / 0 favorites MCUs
2023-12-03 16:54:19,291 [WARN] ThirdParty:833 - waiting for thirdparty lock release [change project]
2023-12-03 16:54:19,291 [INFO] ThirdParty:835 - entering critical section [change project]
2023-12-03 16:54:19,291 [INFO] ThirdParty:1030 - CMSIS Pack Vendor :STMicroelectronics X-CUBE-ISPU 1.1.0
2023-12-03 16:54:19,291 [INFO] ThirdParty:1030 - CMSIS Pack Vendor :STMicroelectronics USBPD 4.1
2023-12-03 16:54:19,291 [INFO] ThirdParty:1030 - CMSIS Pack Vendor :STMicroelectronics X-CUBE-GNSS1 6.0.0
2023-12-03 16:54:19,292 [INFO] ThirdParty:1030 - CMSIS Pack Vendor :STMicroelectronics USB_HOST 2.0.0
2023-12-03 16:54:19,292 [INFO] ThirdParty:1030 - CMSIS Pack Vendor :STMicroelectronics X-CUBE-AZRTOS-F4 1.1.0
2023-12-03 16:54:19,292 [INFO] ThirdParty:1030 - CMSIS Pack Vendor :STMicroelectronics LIBJPEG 8.0.0
2023-12-03 16:54:19,292 [INFO] ThirdParty:1030 - CMSIS Pack Vendor :wolfSSL I-CUBE-wolfSSL 5.6.3
2023-12-03 16:54:19,292 [INFO] ThirdParty:1030 - CMSIS Pack Vendor :STMicroelectronics X-CUBE-SMBUS 2.1.0
2023-12-03 16:54:19,292 [INFO] ThirdParty:1030 - CMSIS Pack Vendor :STMicroelectronics USB_DEVICE 3.0.0
2023-12-03 16:54:19,292 [INFO] ThirdParty:1030 - CMSIS Pack Vendor :STMicroelectronics X-CUBE-AZRTOS-WB 2.0.0
2023-12-03 16:54:19,292 [INFO] ThirdParty:1030 - CMSIS Pack Vendor :STMicroelectronics X-CUBE-FREERTOS 1.0.1
2023-12-03 16:54:19,292 [INFO] ThirdParty:1030 - CMSIS Pack Vendor :STMicroelectronics X-CUBE-AZRTOS-F7 1.1.0
2023-12-03 16:54:19,292 [INFO] ThirdParty:1030 - CMSIS Pack Vendor :STMicroelectronics X-CUBE-AZRTOS-L5 2.0.0
2023-12-03 16:54:19,292 [INFO] ThirdParty:1030 - CMSIS Pack Vendor :STMicroelectronics USB_DEVICE 2.0.0
2023-12-03 16:54:19,292 [INFO] ThirdParty:1030 - CMSIS Pack Vendor :STMicroelectronics X-CUBE-MEMS1 9.6.0
2023-12-03 16:54:19,292 [INFO] ThirdParty:1030 - CMSIS Pack Vendor :STMicroelectronics X-CUBE-EEPRMA1 4.2.0
2023-12-03 16:54:19,292 [INFO] ThirdParty:1030 - CMSIS Pack Vendor :ITTIA_DB I-CUBE-ITTIADB 8.8.0
2023-12-03 16:54:19,292 [INFO] ThirdParty:1030 - CMSIS Pack Vendor :STMicroelectronics FP-SNS-MOTENV1 4.3.2
2023-12-03 16:54:19,292 [INFO] ThirdParty:1030 - CMSIS Pack Vendor :STMicroelectronics X-CUBE-ALGOBUILD 1.3.0
2023-12-03 16:54:19,292 [INFO] ThirdParty:1030 - CMSIS Pack Vendor :STMicroelectronics X-CUBE-BLE1 6.2.4
2023-12-03 16:54:19,292 [INFO] ThirdParty:1030 - CMSIS Pack Vendor :STMicroelectronics X-CUBE-AZRTOS-L5 1.1.0
2023-12-03 16:54:19,292 [INFO] ThirdParty:1030 - CMSIS Pack Vendor :STMicroelectronics FreeRTOS 0.0.1
2023-12-03 16:54:19,292 [INFO] ThirdParty:1030 - CMSIS Pack Vendor :STMicroelectronics X-CUBE-AZRTOS-G0 1.1.0
2023-12-03 16:54:19,292 [INFO] ThirdParty:1030 - CMSIS Pack Vendor :STMicroelectronics X-CUBE-BLEMGR 2.0.0
2023-12-03 16:54:19,292 [INFO] ThirdParty:1030 - CMSIS Pack Vendor :STMicroelectronics X-CUBE-AI 8.0.1
2023-12-03 16:54:19,292 [INFO] ThirdParty:1030 - CMSIS Pack Vendor :STMicroelectronics X-CUBE-NFC4 3.0.0
2023-12-03 16:54:19,292 [INFO] ThirdParty:1030 - CMSIS Pack Vendor :STMicroelectronics X-CUBE-SUBG2 5.0.0
2023-12-03 16:54:19,292 [INFO] ThirdParty:1030 - CMSIS Pack Vendor :STMicroelectronics STM32_WPAN 1.0.0
2023-12-03 16:54:19,292 [INFO] ThirdParty:1030 - CMSIS Pack Vendor :STMicroelectronics lwIP 2.0.3
2023-12-03 16:54:19,292 [INFO] ThirdParty:1030 - CMSIS Pack Vendor :STMicroelectronics FP-SNS-FLIGHT1 5.0.2
2023-12-03 16:54:19,292 [INFO] ThirdParty:1030 - CMSIS Pack Vendor :STMicroelectronics USB_HOST 1.0.0
2023-12-03 16:54:19,292 [INFO] ThirdParty:1030 - CMSIS Pack Vendor :STMicroelectronics X-CUBE-TOF1 3.3.1
2023-12-03 16:54:19,292 [INFO] ThirdParty:1030 - CMSIS Pack Vendor :STMicroelectronics X-CUBE-AZRTOS-G4 2.0.0
2023-12-03 16:54:19,292 [INFO] ThirdParty:1030 - CMSIS Pack Vendor :STMicroelectronics PDM2PCM 3.1.0
2023-12-03 16:54:19,292 [INFO] ThirdParty:1030 - CMSIS Pack Vendor :STMicroelectronics X-CUBE-AZRTOS-H7 3.1.0
2023-12-03 16:54:19,292 [INFO] ThirdParty:1030 - CMSIS Pack Vendor :Infineon AIROC-Wi-Fi-Bluetooth-STM32 1.5.1
2023-12-03 16:54:19,292 [INFO] ThirdParty:1030 - CMSIS Pack Vendor :STMicroelectronics X-CUBE-BLEMGR 3.0.0
2023-12-03 16:54:19,292 [INFO] ThirdParty:1030 - CMSIS Pack Vendor :STMicroelectronics PDM2PCM 3.3.0
2023-12-03 16:54:19,292 [INFO] ThirdParty:1030 - CMSIS Pack Vendor :STMicroelectronics X-CUBE-DISPLAY 3.0.0
2023-12-03 16:54:19,292 [INFO] ThirdParty:1030 - CMSIS Pack Vendor :STMicroelectronics FP-SNS-MOTENVWB1 1.3.0
2023-12-03 16:54:19,292 [INFO] ThirdParty:1030 - CMSIS Pack Vendor :STMicroelectronics FP-SNS-MOTENVWB1 1.3.1
2023-12-03 16:54:19,292 [INFO] ThirdParty:1030 - CMSIS Pack Vendor :STMicroelectronics X-CUBE-BLE1 7.0.0
2023-12-03 16:54:19,293 [INFO] ThirdParty:1030 - CMSIS Pack Vendor :STMicroelectronics FP-ATR-SIGFOX1 3.2.0
2023-12-03 16:54:19,293 [INFO] ThirdParty:1030 - CMSIS Pack Vendor :STMicroelectronics HAL Drivers 0.0.0
2023-12-03 16:54:19,293 [INFO] ThirdParty:1030 - CMSIS Pack Vendor :STMicroelectronics MBEDTLS 2.16.2
2023-12-03 16:54:19,293 [INFO] ThirdParty:1030 - CMSIS Pack Vendor :emotas I-CUBE-CANOPEN 1.3.0
2023-12-03 16:54:19,293 [INFO] ThirdParty:1030 - CMSIS Pack Vendor :STMicroelectronics X-CUBE-MEMS1 10.0.0
2023-12-03 16:54:19,293 [INFO] ThirdParty:1030 - CMSIS Pack Vendor :STMicroelectronics X-CUBE-FREERTOS 1.1.0
2023-12-03 16:54:19,293 [INFO] ThirdParty:1030 - CMSIS Pack Vendor :STMicroelectronics X-CUBE-TOUCHGFX 4.22.0
2023-12-03 16:54:19,293 [INFO] ThirdParty:1030 - CMSIS Pack Vendor :STMicroelectronics X-CUBE-NFC7 1.0.1
2023-12-03 16:54:19,293 [INFO] ThirdParty:1030 - CMSIS Pack Vendor :STMicroelectronics MBEDTLS 2.14.1
2023-12-03 16:54:19,293 [INFO] ThirdParty:1030 - CMSIS Pack Vendor :STMicroelectronics X-CUBE-TOUCHGFX 4.22.1
2023-12-03 16:54:19,293 [INFO] ThirdParty:1030 - CMSIS Pack Vendor :STMicroelectronics X-CUBE-NFC6 3.0.0
2023-12-03 16:54:19,293 [INFO] ThirdParty:1030 - CMSIS Pack Vendor :STMicroelectronics X-CUBE-EEPRMA1 4.1.0
2023-12-03 16:54:19,293 [INFO] ThirdParty:1030 - CMSIS Pack Vendor :portGmbH I-Cube-SoM-uGOAL 1.1.0
2023-12-03 16:54:19,293 [INFO] ThirdParty:1030 - CMSIS Pack Vendor :STMicroelectronics X-CUBE-ALS 1.0.1
2023-12-03 16:54:19,293 [INFO] ThirdParty:1030 - CMSIS Pack Vendor :STMicroelectronics ThreadX 1.0.0
2023-12-03 16:54:19,293 [INFO] ThirdParty:1030 - CMSIS Pack Vendor :STMicroelectronics FP-SNS-SMARTAG2 1.2.0
2023-12-03 16:54:19,293 [INFO] ThirdParty:1030 - CMSIS Pack Vendor :STMicroelectronics X-CUBE-AZRTOS-WB 1.1.0
2023-12-03 16:54:19,293 [INFO] ThirdParty:1030 - CMSIS Pack Vendor :STMicroelectronics X-CUBE-AZRTOS-WL 2.0.0
2023-12-03 16:54:19,293 [INFO] ThirdParty:1030 - CMSIS Pack Vendor :SEGGER I-CUBE-embOS 1.3.1
2023-12-03 16:54:19,293 [INFO] ThirdParty:1030 - CMSIS Pack Vendor :STMicroelectronics USB_DEVICE 1.0.0
2023-12-03 16:54:19,293 [INFO] ThirdParty:1030 - CMSIS Pack Vendor :STMicroelectronics X-CUBE-AI 8.1.0
2023-12-03 16:54:19,293 [INFO] ThirdParty:1030 - CMSIS Pack Vendor :STMicroelectronics X-CUBE-AZRTOS-L4 2.0.0
2023-12-03 16:54:19,293 [INFO] ThirdParty:1030 - CMSIS Pack Vendor :STMicroelectronics ThreadX 0.0.2
2023-12-03 16:54:19,293 [INFO] ThirdParty:1030 - CMSIS Pack Vendor :WES I-CUBE-Cesium 1.3.0
2023-12-03 16:54:19,293 [INFO] ThirdParty:1030 - CMSIS Pack Vendor :STMicroelectronics FP-ATR-ASTRA1 2.0.0
2023-12-03 16:54:19,293 [INFO] ThirdParty:1030 - CMSIS Pack Vendor :STMicroelectronics lwIP 2.1.2
2023-12-03 16:54:19,293 [INFO] ThirdParty:1030 - CMSIS Pack Vendor :STMicroelectronics X-CUBE-SFXS2LP1 4.0.0
2023-12-03 16:54:19,293 [INFO] ThirdParty:1030 - CMSIS Pack Vendor :STMicroelectronics X-CUBE-BLE2 3.3.0
2023-12-03 16:54:19,293 [INFO] ThirdParty:1030 - CMSIS Pack Vendor :STMicroelectronics X-CUBE-TOF1 3.4.0
2023-12-03 16:54:19,293 [INFO] ThirdParty:1030 - CMSIS Pack Vendor :STMicroelectronics PDM2PCM 3.2.0
2023-12-03 16:54:19,293 [INFO] ThirdParty:841 - exiting critical section [change project]
2023-12-03 16:54:19,593 [INFO] PinOutPanel:1499 - setPackage(No Configuration,No Configuration)
2023-12-03 16:54:19,597 [INFO] PinOutPanel:1499 - setPackage(STM32G031K8Tx,LQFP32)
2023-12-03 16:54:20,040 [INFO] UtilMem:75 - Before build in PCC Used Memory: 611332432 Bytes (1073741824)
2023-12-03 16:54:21,095 [INFO] UtilMem:75 - After build in PCC Used Memory: 735974504 Bytes (1073741824)
2023-12-03 16:54:21,127 [INFO] IPUIPlugin:80 - create IPUIPlugin
2023-12-03 16:54:21,127 [INFO] IPUIPlugin:80 - create IPUIPlugin
2023-12-03 16:54:21,127 [INFO] IPUIPlugin:80 - create IPUIPlugin
2023-12-03 16:54:21,127 [INFO] IPUIPlugin:80 - create IPUIPlugin
2023-12-03 16:54:21,128 [INFO] IPUIPlugin:80 - create IPUIPlugin
2023-12-03 16:54:21,128 [INFO] IPUIPlugin:80 - create IPUIPlugin
2023-12-03 16:54:21,128 [INFO] IPUIPlugin:80 - create IPUIPlugin
2023-12-03 16:54:21,128 [INFO] IPUIPlugin:80 - create IPUIPlugin
2023-12-03 16:54:21,128 [INFO] IPUIPlugin:80 - create IPUIPlugin
2023-12-03 16:54:21,128 [INFO] IPUIPlugin:80 - create IPUIPlugin
2023-12-03 16:54:21,128 [INFO] IPUIPlugin:80 - create IPUIPlugin
2023-12-03 16:54:21,128 [INFO] IPUIPlugin:80 - create IPUIPlugin
2023-12-03 16:54:21,129 [INFO] IPUIPlugin:80 - create IPUIPlugin
2023-12-03 16:54:21,129 [INFO] IPUIPlugin:80 - create IPUIPlugin
2023-12-03 16:54:21,129 [INFO] IPUIPlugin:80 - create IPUIPlugin
2023-12-03 16:54:21,129 [INFO] IPUIPlugin:80 - create IPUIPlugin
2023-12-03 16:54:21,129 [INFO] IPUIPlugin:80 - create IPUIPlugin
2023-12-03 16:54:21,130 [INFO] IPUIPlugin:80 - create IPUIPlugin
2023-12-03 16:54:21,130 [INFO] IPUIPlugin:80 - create IPUIPlugin
2023-12-03 16:54:21,130 [INFO] IPUIPlugin:80 - create IPUIPlugin
2023-12-03 16:54:21,130 [INFO] IPUIPlugin:80 - create IPUIPlugin
2023-12-03 16:54:21,130 [INFO] IPUIPlugin:80 - create IPUIPlugin
2023-12-03 16:54:21,130 [INFO] IPUIPlugin:80 - create IPUIPlugin
2023-12-03 16:54:21,130 [INFO] IPUIPlugin:80 - create IPUIPlugin
2023-12-03 16:54:21,131 [INFO] IPUIPlugin:80 - create IPUIPlugin
2023-12-03 16:54:21,131 [INFO] IPUIPlugin:80 - create IPUIPlugin
2023-12-03 16:54:21,131 [INFO] IPUIPlugin:80 - create IPUIPlugin
2023-12-03 16:54:21,131 [INFO] IPUIPlugin:80 - create IPUIPlugin
2023-12-03 16:54:21,131 [INFO] IPUIPlugin:80 - create IPUIPlugin
2023-12-03 16:54:21,366 [INFO] CADModel:165 - CPN selected for project levelSTM32G031K8T6
2023-12-03 16:54:21,366 [INFO] CADModel:114 - Register for checkConnection events
2023-12-03 16:54:21,429 [INFO] OpenFileManager:328 - Restore cursor
2023-12-03 16:55:24,915 [INFO] Gpio:273 - dependency for GPIO []
2023-12-03 16:55:30,832 [INFO] UtilMem:75 - End SaveConfig() Used Memory: 673905224 Bytes (1073741824)
2023-12-03 16:55:33,035 [INFO] UtilMem:75 - End SaveConfig() Used Memory: 712173552 Bytes (1073741824)
2023-12-03 16:55:33,554 [INFO] BlockDiagram:2759 - set Specific Code input for plugin: NVIC
2023-12-03 16:55:33,554 [INFO] BlockDiagram:2759 - set Specific Code input for plugin: GPIO
2023-12-03 16:55:33,554 [INFO] BlockDiagram:2759 - set Specific Code input for plugin: RCC
2023-12-03 16:55:33,555 [INFO] CodeGenerator:799 - code generatio: config db path: C:\ST\STM32CubeIDE_1.12.0\STM32CubeIDE\plugins\com.st.stm32cube.common.mx_6.9.2.202309101412\\db\
2023-12-03 16:55:33,725 [INFO] CodeEngine:255 - oldGeneratedFile, D:\EE3.1\ELM335_WS\lab3\problem3\MXTmpFiles\license.tmp_save
2023-12-03 16:55:34,059 [INFO] CodeEngine:279 - Generated code: D:\EE3.1\ELM335_WS\lab3\problem3\MXTmpFiles\license.tmp
2023-12-03 16:55:34,180 [INFO] CodeEngine:255 - oldGeneratedFile, D:\EE3.1\ELM335_WS\lab3\problem3\MXTmpFiles\gpio.tmp_save
2023-12-03 16:55:34,309 [INFO] CodeEngine:279 - Generated code: D:\EE3.1\ELM335_WS\lab3\problem3\MXTmpFiles\gpio.tmp
2023-12-03 16:55:34,321 [INFO] CodeEngine:255 - oldGeneratedFile, D:\EE3.1\ELM335_WS\lab3\problem3\Core\Src\stm32g0xx_it.c_save
2023-12-03 16:55:34,420 [INFO] CodeEngine:279 - Generated code: D:\EE3.1\ELM335_WS\lab3\problem3\Core\Src\stm32g0xx_it.c
2023-12-03 16:55:34,430 [INFO] CodeEngine:255 - oldGeneratedFile, D:\EE3.1\ELM335_WS\lab3\problem3\Core\Inc\stm32g0xx_it.h_save
2023-12-03 16:55:34,498 [INFO] CodeEngine:279 - Generated code: D:\EE3.1\ELM335_WS\lab3\problem3\Core\Inc\stm32g0xx_it.h
2023-12-03 16:55:34,541 [INFO] CodeEngine:255 - oldGeneratedFile, D:\EE3.1\ELM335_WS\lab3\problem3\Core\Src\stm32g0xx_hal_msp.c_save
2023-12-03 16:55:34,621 [INFO] CodeEngine:279 - Generated code: D:\EE3.1\ELM335_WS\lab3\problem3\Core\Src\stm32g0xx_hal_msp.c
2023-12-03 16:55:34,632 [INFO] CodeEngine:255 - oldGeneratedFile, D:\EE3.1\ELM335_WS\lab3\problem3\MXTmpFiles\system.tmp_save
2023-12-03 16:55:34,685 [INFO] CodeEngine:279 - Generated code: D:\EE3.1\ELM335_WS\lab3\problem3\MXTmpFiles\system.tmp
2023-12-03 16:55:34,697 [INFO] CodeEngine:311 - oldGeneratedFile, D:\EE3.1\ELM335_WS\lab3\problem3\Core\Inc\stm32g0xx_hal_conf.h_save
2023-12-03 16:55:34,760 [INFO] CodeEngine:335 - Generated code: D:\EE3.1\ELM335_WS\lab3\problem3\Core\Inc\stm32g0xx_hal_conf.h
2023-12-03 16:55:34,802 [INFO] CodeEngine:255 - oldGeneratedFile, D:\EE3.1\ELM335_WS\lab3\problem3\Core\Inc\main.h_save
2023-12-03 16:55:34,943 [INFO] CodeEngine:279 - Generated code: D:\EE3.1\ELM335_WS\lab3\problem3\Core\Inc\main.h
2023-12-03 16:55:34,952 [INFO] CodeEngine:255 - oldGeneratedFile, D:\EE3.1\ELM335_WS\lab3\problem3\Core\Src\main.c_save
2023-12-03 16:55:35,091 [INFO] CodeEngine:279 - Generated code: D:\EE3.1\ELM335_WS\lab3\problem3\Core\Src\main.c
2023-12-03 16:55:35,611 [INFO] ProjectBuilder:3064 - Time for Copy HAL[1] : 117mS.
2023-12-03 16:55:35,617 [INFO] ProjectBuilder:4404 - Project Generator version: 4.1.0
2023-12-03 16:55:35,941 [INFO] ConfigFileManager:1457 - The Die is : DIE466
2023-12-03 16:55:35,957 [INFO] ApiDbMcu:507 - Load IP Config File for FATFS
2023-12-03 16:55:35,973 [INFO] ApiDbMcu:507 - Load IP Config File for FREERTOS
2023-12-03 16:55:36,867 [INFO] LogOutputStream:77 - [STDOUT_REDIRECT] 
2023-12-03 16:55:38,181 [INFO] ProjectBuilder:4626 - Time for Generating toolchain IDE Files: 2564mS.
2023-12-03 16:55:38,182 [INFO] ProjectBuilder:2935 - Time for Copy CMSIS : 1mS.
2023-12-03 16:55:38,184 [INFO] ProjectBuilder:2935 - Time for Copy CMSIS : 0mS.
2023-12-03 16:58:23,601 [INFO] Gpio:273 - dependency for GPIO []
2023-12-03 16:58:28,456 [INFO] Gpio:273 - dependency for GPIO []
2023-12-03 16:58:45,569 [INFO] UtilMem:75 - End SaveConfig() Used Memory: 850166592 Bytes (1073741824)
2023-12-03 16:58:47,263 [INFO] UtilMem:75 - End SaveConfig() Used Memory: 887393088 Bytes (1073741824)
2023-12-03 16:58:47,588 [INFO] BlockDiagram:2759 - set Specific Code input for plugin: NVIC
2023-12-03 16:58:47,589 [INFO] BlockDiagram:2759 - set Specific Code input for plugin: RCC
2023-12-03 16:58:47,589 [INFO] CodeGenerator:799 - code generatio: config db path: C:\ST\STM32CubeIDE_1.12.0\STM32CubeIDE\plugins\com.st.stm32cube.common.mx_6.9.2.202309101412\\db\
2023-12-03 16:58:47,713 [INFO] CodeEngine:255 - oldGeneratedFile, D:\EE3.1\ELM335_WS\lab3\problem3\MXTmpFiles\license.tmp_save
2023-12-03 16:58:47,781 [INFO] CodeEngine:279 - Generated code: D:\EE3.1\ELM335_WS\lab3\problem3\MXTmpFiles\license.tmp
2023-12-03 16:58:47,791 [INFO] CodeEngine:255 - oldGeneratedFile, D:\EE3.1\ELM335_WS\lab3\problem3\Core\Src\stm32g0xx_it.c_save
2023-12-03 16:58:47,875 [INFO] CodeEngine:279 - Generated code: D:\EE3.1\ELM335_WS\lab3\problem3\Core\Src\stm32g0xx_it.c
2023-12-03 16:58:47,881 [INFO] CodeEngine:255 - oldGeneratedFile, D:\EE3.1\ELM335_WS\lab3\problem3\Core\Inc\stm32g0xx_it.h_save
2023-12-03 16:58:47,947 [INFO] CodeEngine:279 - Generated code: D:\EE3.1\ELM335_WS\lab3\problem3\Core\Inc\stm32g0xx_it.h
2023-12-03 16:58:47,963 [INFO] CodeEngine:255 - oldGeneratedFile, D:\EE3.1\ELM335_WS\lab3\problem3\Core\Src\stm32g0xx_hal_msp.c_save
2023-12-03 16:58:48,043 [INFO] CodeEngine:279 - Generated code: D:\EE3.1\ELM335_WS\lab3\problem3\Core\Src\stm32g0xx_hal_msp.c
2023-12-03 16:58:48,046 [INFO] CodeEngine:255 - oldGeneratedFile, D:\EE3.1\ELM335_WS\lab3\problem3\MXTmpFiles\system.tmp_save
2023-12-03 16:58:48,091 [INFO] CodeEngine:279 - Generated code: D:\EE3.1\ELM335_WS\lab3\problem3\MXTmpFiles\system.tmp
2023-12-03 16:58:48,096 [INFO] CodeEngine:311 - oldGeneratedFile, D:\EE3.1\ELM335_WS\lab3\problem3\Core\Inc\stm32g0xx_hal_conf.h_save
2023-12-03 16:58:48,176 [INFO] CodeEngine:335 - Generated code: D:\EE3.1\ELM335_WS\lab3\problem3\Core\Inc\stm32g0xx_hal_conf.h
2023-12-03 16:58:48,193 [INFO] CodeEngine:255 - oldGeneratedFile, D:\EE3.1\ELM335_WS\lab3\problem3\Core\Inc\main.h_save
2023-12-03 16:58:48,245 [INFO] CodeEngine:279 - Generated code: D:\EE3.1\ELM335_WS\lab3\problem3\Core\Inc\main.h
2023-12-03 16:58:48,248 [INFO] CodeEngine:255 - oldGeneratedFile, D:\EE3.1\ELM335_WS\lab3\problem3\Core\Src\main.c_save
2023-12-03 16:58:48,333 [INFO] CodeEngine:279 - Generated code: D:\EE3.1\ELM335_WS\lab3\problem3\Core\Src\main.c
2023-12-03 16:58:48,723 [INFO] ProjectBuilder:3064 - Time for Copy HAL[1] : 67mS.
2023-12-03 16:58:48,725 [INFO] ProjectBuilder:4404 - Project Generator version: 4.1.0
2023-12-03 16:58:48,963 [INFO] ConfigFileManager:1457 - The Die is : DIE466
2023-12-03 16:58:50,170 [INFO] ProjectBuilder:4626 - Time for Generating toolchain IDE Files: 1445mS.
2023-12-03 16:58:50,171 [INFO] ProjectBuilder:2935 - Time for Copy CMSIS : 1mS.
2023-12-03 16:58:50,176 [INFO] ProjectBuilder:2935 - Time for Copy CMSIS : 0mS.
2023-12-03 23:12:45,733 [INFO] Activator:176 - 


2023-12-03 23:12:45,736 [INFO] Activator:177 - !SESSION log4j initialized
2023-12-03 23:12:52,309 [INFO] LogOutputStream:77 - [STDOUT_REDIRECT] 
2023-12-03 23:12:54,056 [INFO] ApplicationProperties:184 - Using Application install path: C:\ST\STM32CubeIDE_1.12.0\STM32CubeIDE\plugins\com.st.stm32cube.common.mx_6.9.2.202309101412
2023-12-03 23:12:54,078 [INFO] DbMcusXml:78 - Set database path to: C:\ST\STM32CubeIDE_1.12.0\STM32CubeIDE\plugins\com.st.stm32cube.common.mx_6.9.2.202309101412\\db\/mcu/
2023-12-03 23:12:54,079 [INFO] ApiDb:274 - Set plugin database path to: C:\ST\STM32CubeIDE_1.12.0\STM32CubeIDE\plugins\com.st.stm32cube.common.mx_6.9.2.202309101412\\db\/plugins/boardmanager/
2023-12-03 23:12:54,079 [WARN] ApiDb:259 - Overriding images path with different value:  => C:\ST\STM32CubeIDE_1.12.0\STM32CubeIDE\plugins\com.st.stm32cube.common.mx_6.9.2.202309101412\\db\/plugins/mcufinder/images/
2023-12-03 23:12:54,094 [INFO] ApiDb:250 - Set database path to: C:\Users\umutu\.stmcufinder\plugins\mcufinder//mcu/
2023-12-03 23:12:54,096 [INFO] DbMcusAds:125 - Set database path to: C:\Users\umutu\.stmcufinder\plugins\mcufinder//mcu/
2023-12-03 23:12:54,098 [INFO] CrossReferenceDbSqlite:203 - Set database path to: C:\Users\umutu\.stmcufinder\plugins\mcufinder//mcu/cs/
2023-12-03 23:12:54,234 [INFO] RulesReader:64 - Compatibility file has been processed (293 Rules)
2023-12-03 23:12:54,323 [INFO] DbMcusXml:78 - Set database path to: C:\ST\STM32CubeIDE_1.12.0\STM32CubeIDE\plugins\com.st.stm32cube.common.mx_6.9.2.202309101412\\db\/mcu/
2023-12-03 23:12:54,323 [INFO] ApiDb:274 - Set plugin database path to: C:\ST\STM32CubeIDE_1.12.0\STM32CubeIDE\plugins\com.st.stm32cube.common.mx_6.9.2.202309101412\\db\/plugins/boardmanager/
2023-12-03 23:12:54,323 [INFO] ApiDb:261 - Set plugin images path to: C:\ST\STM32CubeIDE_1.12.0\STM32CubeIDE\plugins\com.st.stm32cube.common.mx_6.9.2.202309101412\\db\/plugins/mcufinder/images/
2023-12-03 23:12:54,323 [WARN] DbFile:41 - Overriding database path with different value: C:\Users\umutu\.stmcufinder\plugins\mcufinder/ => C:\Users\umutu\.stmcufinder\plugins\mcufinder
2023-12-03 23:12:54,323 [INFO] ApiDb:250 - Set database path to: C:\Users\umutu\.stmcufinder\plugins\mcufinder//mcu/
2023-12-03 23:12:54,323 [WARN] DbFile:41 - Overriding database path with different value: C:\Users\umutu\.stmcufinder\plugins\mcufinder/ => C:\Users\umutu\.stmcufinder\plugins\mcufinder
2023-12-03 23:12:54,324 [INFO] DbMcusAds:125 - Set database path to: C:\Users\umutu\.stmcufinder\plugins\mcufinder//mcu/
2023-12-03 23:12:54,324 [WARN] DbFile:41 - Overriding database path with different value: C:\Users\umutu\.stmcufinder\plugins\mcufinder/ => C:\Users\umutu\.stmcufinder\plugins\mcufinder
2023-12-03 23:12:54,324 [WARN] DbFile:41 - Overriding database path with different value: C:\Users\umutu\.stmcufinder\plugins\mcufinder/ => C:\Users\umutu\.stmcufinder\plugins\mcufinder
2023-12-03 23:12:54,324 [INFO] CrossReferenceDbSqlite:203 - Set database path to: C:\Users\umutu\.stmcufinder\plugins\mcufinder//mcu/cs/
2023-12-03 23:12:54,424 [INFO] MainPanel:262 - HeapMemory: 268435456
2023-12-03 23:12:54,577 [INFO] DbMcusXml:78 - Set database path to: C:\ST\STM32CubeIDE_1.12.0\STM32CubeIDE\plugins\com.st.stm32cube.common.mx_6.9.2.202309101412\\db\/mcu/
2023-12-03 23:12:54,577 [INFO] ApiDb:274 - Set plugin database path to: C:\ST\STM32CubeIDE_1.12.0\STM32CubeIDE\plugins\com.st.stm32cube.common.mx_6.9.2.202309101412\\db\/plugins/boardmanager/
2023-12-03 23:12:54,577 [INFO] ApiDb:261 - Set plugin images path to: C:\ST\STM32CubeIDE_1.12.0\STM32CubeIDE\plugins\com.st.stm32cube.common.mx_6.9.2.202309101412\\db\/plugins/mcufinder/images/
2023-12-03 23:12:54,578 [WARN] DbFile:41 - Overriding database path with different value: C:\Users\umutu\.stmcufinder\plugins\mcufinder/ => C:\Users\umutu\.stmcufinder\plugins\mcufinder
2023-12-03 23:12:54,578 [INFO] ApiDb:250 - Set database path to: C:\Users\umutu\.stmcufinder\plugins\mcufinder//mcu/
2023-12-03 23:12:54,578 [WARN] DbFile:41 - Overriding database path with different value: C:\Users\umutu\.stmcufinder\plugins\mcufinder/ => C:\Users\umutu\.stmcufinder\plugins\mcufinder
2023-12-03 23:12:54,578 [INFO] DbMcusAds:125 - Set database path to: C:\Users\umutu\.stmcufinder\plugins\mcufinder//mcu/
2023-12-03 23:12:54,578 [WARN] DbFile:41 - Overriding database path with different value: C:\Users\umutu\.stmcufinder\plugins\mcufinder/ => C:\Users\umutu\.stmcufinder\plugins\mcufinder
2023-12-03 23:12:54,579 [WARN] DbFile:41 - Overriding database path with different value: C:\Users\umutu\.stmcufinder\plugins\mcufinder/ => C:\Users\umutu\.stmcufinder\plugins\mcufinder
2023-12-03 23:12:54,579 [INFO] CrossReferenceDbSqlite:203 - Set database path to: C:\Users\umutu\.stmcufinder\plugins\mcufinder//mcu/cs/
2023-12-03 23:12:54,606 [INFO] ApplicationProperties:184 - Using Application install path: C:\ST\STM32CubeIDE_1.12.0\STM32CubeIDE\plugins\com.st.stm32cube.common.mx_6.9.2.202309101412
2023-12-03 23:12:54,607 [INFO] PluginManage:196 - Search for loadable plugins [exclusion list=, ]
2023-12-03 23:12:54,609 [INFO] PluginManage:310 - Check plugin analytics
2023-12-03 23:12:54,792 [INFO] AnalyticsPlugin:253 - Accepted Software Licenses: 
2023-12-03 23:12:54,792 [INFO] AnalyticsPlugin:255 - Accepted CMSIS Pack Licenses: 
2023-12-03 23:12:54,793 [INFO] AnalyticsPlugin:257 - Accepted Firmware Licenses: 
2023-12-03 23:12:54,796 [INFO] PluginManage:359 - Loaded plugin analytics (category:tool,tabindex:-1)
2023-12-03 23:12:54,797 [INFO] PluginManage:310 - Check plugin cadmodel
2023-12-03 23:12:54,804 [INFO] CADModel:105 - Init CAD model plugin
2023-12-03 23:12:54,804 [INFO] PluginManage:359 - Loaded plugin cadmodel (category:power,tabindex:5)
2023-12-03 23:12:54,805 [INFO] PluginManage:310 - Check plugin clock
2023-12-03 23:12:54,817 [INFO] PluginManage:359 - Loaded plugin clock (category:base,tabindex:2)
2023-12-03 23:12:54,817 [INFO] PluginManage:310 - Check plugin ddr
2023-12-03 23:12:54,822 [INFO] PluginManage:359 - Loaded plugin ddr (category:tool,tabindex:6)
2023-12-03 23:12:54,823 [INFO] PluginManage:310 - Check plugin filemanager
2023-12-03 23:12:55,003 [INFO] PluginManage:359 - Loaded plugin filemanager (category:base,tabindex:10)
2023-12-03 23:12:55,004 [INFO] PluginManage:310 - Check plugin ipmanager
2023-12-03 23:12:55,025 [INFO] PluginManage:359 - Loaded plugin ipmanager (category:base,tabindex:5)
2023-12-03 23:12:55,026 [INFO] PluginManage:310 - Check plugin lpbam
2023-12-03 23:12:55,046 [INFO] PluginManage:359 - Loaded plugin lpbam (category:base,tabindex:0)
2023-12-03 23:12:55,047 [INFO] PluginManage:310 - Check plugin memorymap
2023-12-03 23:12:55,065 [INFO] PluginManage:359 - Loaded plugin memorymap (category:base,tabindex:4)
2023-12-03 23:12:55,066 [INFO] PluginManage:310 - Check plugin pinoutandconfiguration
2023-12-03 23:12:55,074 [INFO] PluginManage:359 - Loaded plugin pinoutandconfiguration (category:base,tabindex:1)
2023-12-03 23:12:55,074 [INFO] PluginManage:310 - Check plugin pinoutconfig
2023-12-03 23:12:55,173 [WARN] SupportedApi:132 - Cannot load RTOS API schema: s4s-elt-must-match.1: The content of 'definitions' must match (annotation?, (simpleType | complexType)?, (unique | key | keyref)*)). A problem was found starting at: attribute.
2023-12-03 23:12:55,346 [INFO] PluginManage:359 - Loaded plugin pinoutconfig (category:base,tabindex:0)
2023-12-03 23:12:55,346 [INFO] PluginManage:310 - Check plugin power
2023-12-03 23:12:55,357 [INFO] PluginManage:359 - Loaded plugin power (category:power,tabindex:4)
2023-12-03 23:12:55,357 [INFO] PluginManage:310 - Check plugin projectmanager
2023-12-03 23:12:55,375 [INFO] PluginManage:359 - Loaded plugin projectmanager (category:projectmanager,tabindex:3)
2023-12-03 23:12:55,375 [INFO] PluginManage:310 - Check plugin thirdparty
2023-12-03 23:12:55,539 [INFO] PluginManage:359 - Loaded plugin thirdparty (category:base,tabindex:-1)
2023-12-03 23:12:55,539 [WARN] IntegrityCheckThread:84 - waiting for thirdparty lock release [integrity check]
2023-12-03 23:12:55,539 [INFO] IntegrityCheckThread:86 - entering critical section [integrity check]
2023-12-03 23:12:55,539 [INFO] PluginManage:310 - Check plugin tools
2023-12-03 23:12:55,540 [INFO] ThirdPartyUpdaterWithRetryManager:70 - Updater plugin not ready yet. [1/15]
2023-12-03 23:12:55,543 [INFO] PluginManage:359 - Loaded plugin tools (category:base,tabindex:7)
2023-12-03 23:12:55,543 [INFO] PluginManage:310 - Check plugin tutovideos
2023-12-03 23:12:55,735 [INFO] PluginManage:359 - Loaded plugin tutovideos (category:base,tabindex:-1)
2023-12-03 23:12:55,735 [INFO] PluginManage:310 - Check plugin updater
2023-12-03 23:12:55,746 [INFO] PluginManage:359 - Loaded plugin updater (category:base,tabindex:12)
2023-12-03 23:12:55,747 [INFO] PluginManage:310 - Check plugin userauth
2023-12-03 23:12:55,753 [INFO] UserAuth:113 - Init User Auth plugin
2023-12-03 23:12:55,753 [INFO] PluginManage:359 - Loaded plugin userauth (category:base,tabindex:14)
2023-12-03 23:12:55,753 [INFO] PluginManage:283 - PluginManage : Loaded plugins [17]
2023-12-03 23:12:56,006 [INFO] PinOutPanel:1499 - setPackage(No Configuration,No Configuration)
2023-12-03 23:12:56,115 [INFO] CADModel:165 - CPN selected for project level
2023-12-03 23:12:56,115 [INFO] CADModel:114 - Register for checkConnection events
2023-12-03 23:12:56,133 [INFO] IPUIPlugin:80 - create IPUIPlugin
2023-12-03 23:12:56,134 [INFO] PluginManager:220 - loadIPPluginJar : add adc
2023-12-03 23:12:56,138 [INFO] IPUIPlugin:80 - create IPUIPlugin
2023-12-03 23:12:56,138 [INFO] PluginManager:220 - loadIPPluginJar : add aes
2023-12-03 23:12:56,142 [INFO] IPUIPlugin:80 - create IPUIPlugin
2023-12-03 23:12:56,143 [INFO] PluginManager:220 - loadIPPluginJar : add can
2023-12-03 23:12:56,146 [INFO] IPUIPlugin:80 - create IPUIPlugin
2023-12-03 23:12:56,146 [INFO] PluginManager:220 - loadIPPluginJar : add comp
2023-12-03 23:12:56,151 [INFO] IPUIPlugin:80 - create IPUIPlugin
2023-12-03 23:12:56,151 [INFO] PluginManager:220 - loadIPPluginJar : add cryp
2023-12-03 23:12:56,155 [INFO] IPUIPlugin:80 - create IPUIPlugin
2023-12-03 23:12:56,155 [INFO] PluginManager:220 - loadIPPluginJar : add dfsdm
2023-12-03 23:12:56,163 [INFO] IPUIPlugin:80 - create IPUIPlugin
2023-12-03 23:12:56,163 [INFO] PluginManager:220 - loadIPPluginJar : add dma
2023-12-03 23:12:56,167 [INFO] IPUIPlugin:80 - create IPUIPlugin
2023-12-03 23:12:56,168 [INFO] PluginManager:220 - loadIPPluginJar : add dma3
2023-12-03 23:12:56,172 [INFO] IPUIPlugin:80 - create IPUIPlugin
2023-12-03 23:12:56,172 [INFO] PluginManager:220 - loadIPPluginJar : add fatfs
2023-12-03 23:12:56,179 [INFO] IPUIPlugin:80 - create IPUIPlugin
2023-12-03 23:12:56,180 [INFO] PluginManager:220 - loadIPPluginJar : add fmc
2023-12-03 23:12:56,186 [INFO] IPUIPlugin:80 - create IPUIPlugin
2023-12-03 23:12:56,186 [INFO] PluginManager:220 - loadIPPluginJar : add freertos
2023-12-03 23:12:56,189 [INFO] IPUIPlugin:80 - create IPUIPlugin
2023-12-03 23:12:56,190 [INFO] PluginManager:220 - loadIPPluginJar : add genericplugin
2023-12-03 23:12:56,192 [INFO] IPUIPlugin:80 - create IPUIPlugin
2023-12-03 23:12:56,192 [INFO] PluginManager:220 - loadIPPluginJar : add gfxmmu
2023-12-03 23:12:56,199 [INFO] IPUIPlugin:80 - create IPUIPlugin
2023-12-03 23:12:56,199 [INFO] PluginManager:220 - loadIPPluginJar : add gic
2023-12-03 23:12:56,206 [INFO] IPUIPlugin:80 - create IPUIPlugin
2023-12-03 23:12:56,206 [INFO] PluginManager:220 - loadIPPluginJar : add gpio
2023-12-03 23:12:56,210 [INFO] IPUIPlugin:80 - create IPUIPlugin
2023-12-03 23:12:56,210 [INFO] PluginManager:220 - loadIPPluginJar : add gtzc
2023-12-03 23:12:56,213 [INFO] IPUIPlugin:80 - create IPUIPlugin
2023-12-03 23:12:56,214 [INFO] PluginManager:220 - loadIPPluginJar : add hash
2023-12-03 23:12:56,220 [INFO] IPUIPlugin:80 - create IPUIPlugin
2023-12-03 23:12:56,220 [INFO] PluginManager:220 - loadIPPluginJar : add i2c
2023-12-03 23:12:56,225 [INFO] IPUIPlugin:80 - create IPUIPlugin
2023-12-03 23:12:56,225 [INFO] PluginManager:220 - loadIPPluginJar : add i2s
2023-12-03 23:12:56,231 [INFO] IPUIPlugin:80 - create IPUIPlugin
2023-12-03 23:12:56,231 [INFO] PluginManager:220 - loadIPPluginJar : add i3c
2023-12-03 23:12:56,238 [INFO] IPUIPlugin:80 - create IPUIPlugin
2023-12-03 23:12:56,238 [INFO] PluginManager:220 - loadIPPluginJar : add ipddr
2023-12-03 23:12:56,248 [INFO] IPUIPlugin:80 - create IPUIPlugin
2023-12-03 23:12:56,248 [INFO] PluginManager:220 - loadIPPluginJar : add linkedlist
2023-12-03 23:12:56,251 [INFO] IPUIPlugin:80 - create IPUIPlugin
2023-12-03 23:12:56,251 [INFO] PluginManager:220 - loadIPPluginJar : add lorawan
2023-12-03 23:12:56,254 [INFO] IPUIPlugin:80 - create IPUIPlugin
2023-12-03 23:12:56,254 [INFO] PluginManager:220 - loadIPPluginJar : add ltdc
2023-12-03 23:12:56,261 [INFO] IPUIPlugin:80 - create IPUIPlugin
2023-12-03 23:12:56,261 [INFO] PluginManager:220 - loadIPPluginJar : add mdma
2023-12-03 23:12:56,265 [INFO] IPUIPlugin:80 - create IPUIPlugin
2023-12-03 23:12:56,265 [INFO] PluginManager:220 - loadIPPluginJar : add nvic
2023-12-03 23:12:56,272 [INFO] IPUIPlugin:80 - create IPUIPlugin
2023-12-03 23:12:56,272 [INFO] PluginManager:220 - loadIPPluginJar : add opamp
2023-12-03 23:12:56,277 [INFO] IPUIPlugin:80 - create IPUIPlugin
2023-12-03 23:12:56,277 [INFO] PluginManager:220 - loadIPPluginJar : add openamp
2023-12-03 23:12:56,284 [INFO] IPUIPlugin:80 - create IPUIPlugin
2023-12-03 23:12:56,284 [INFO] PluginManager:220 - loadIPPluginJar : add pdm2pcm
2023-12-03 23:12:56,292 [INFO] IPUIPlugin:80 - create IPUIPlugin
2023-12-03 23:12:56,295 [INFO] PluginManager:220 - loadIPPluginJar : add plateformsettings
2023-12-03 23:12:56,298 [INFO] IPUIPlugin:80 - create IPUIPlugin
2023-12-03 23:12:56,298 [INFO] PluginManager:220 - loadIPPluginJar : add quadspi
2023-12-03 23:12:56,304 [INFO] IPUIPlugin:80 - create IPUIPlugin
2023-12-03 23:12:56,304 [INFO] PluginManager:220 - loadIPPluginJar : add resmgrutility
2023-12-03 23:12:56,308 [INFO] IPUIPlugin:80 - create IPUIPlugin
2023-12-03 23:12:56,308 [INFO] PluginManager:220 - loadIPPluginJar : add sai
2023-12-03 23:12:56,313 [INFO] IPUIPlugin:80 - create IPUIPlugin
2023-12-03 23:12:56,313 [INFO] PluginManager:220 - loadIPPluginJar : add spi
2023-12-03 23:12:56,320 [INFO] IPUIPlugin:80 - create IPUIPlugin
2023-12-03 23:12:56,320 [INFO] PluginManager:220 - loadIPPluginJar : add stm32_wpan
2023-12-03 23:12:56,324 [INFO] IPUIPlugin:80 - create IPUIPlugin
2023-12-03 23:12:56,324 [INFO] PluginManager:220 - loadIPPluginJar : add tim
2023-12-03 23:12:56,332 [INFO] IPUIPlugin:80 - create IPUIPlugin
2023-12-03 23:12:56,332 [INFO] PluginManager:220 - loadIPPluginJar : add touchsensing
2023-12-03 23:12:56,335 [INFO] IPUIPlugin:80 - create IPUIPlugin
2023-12-03 23:12:56,336 [INFO] PluginManager:220 - loadIPPluginJar : add tracer_emb
2023-12-03 23:12:56,338 [INFO] IPUIPlugin:80 - create IPUIPlugin
2023-12-03 23:12:56,338 [INFO] PluginManager:220 - loadIPPluginJar : add ts
2023-12-03 23:12:56,340 [INFO] IPUIPlugin:80 - create IPUIPlugin
2023-12-03 23:12:56,340 [INFO] PluginManager:220 - loadIPPluginJar : add tsc
2023-12-03 23:12:56,344 [INFO] IPUIPlugin:80 - create IPUIPlugin
2023-12-03 23:12:56,344 [INFO] PluginManager:220 - loadIPPluginJar : add ucpd
2023-12-03 23:12:56,348 [INFO] IPUIPlugin:80 - create IPUIPlugin
2023-12-03 23:12:56,348 [INFO] PluginManager:220 - loadIPPluginJar : add usart
2023-12-03 23:12:56,352 [INFO] IPUIPlugin:80 - create IPUIPlugin
2023-12-03 23:12:56,352 [INFO] PluginManager:220 - loadIPPluginJar : add usbx
2023-12-03 23:12:56,475 [INFO] CADModel:165 - CPN selected for project level
2023-12-03 23:12:56,475 [INFO] CADModel:114 - Register for checkConnection events
2023-12-03 23:12:56,476 [FATAL] Updater:308 - Updater called before beeing initialized
2023-12-03 23:12:56,476 [ERROR] CADModel:125 - Updater not yet initialized, retry later 
2023-12-03 23:12:56,636 [INFO] CADModel:165 - CPN selected for project level
2023-12-03 23:12:56,637 [INFO] CADModel:114 - Register for checkConnection events
2023-12-03 23:12:56,637 [FATAL] Updater:308 - Updater called before beeing initialized
2023-12-03 23:12:56,637 [ERROR] CADModel:125 - Updater not yet initialized, retry later 
2023-12-03 23:12:56,643 [FATAL] Updater:308 - Updater called before beeing initialized
2023-12-03 23:12:56,757 [FATAL] Updater:308 - Updater called before beeing initialized
2023-12-03 23:12:56,763 [INFO] DbMcusAds:53 - JSON generation date=Wed Nov 29 13:52:38 TRT 2023 (1701255158764)
2023-12-03 23:12:56,764 [FATAL] Updater:308 - Updater called before beeing initialized
2023-12-03 23:12:56,806 [WARN] DetailPanel:346 - Failed to get advertising image, set to default
2023-12-03 23:12:56,903 [FATAL] Updater:308 - Updater called before beeing initialized
2023-12-03 23:12:56,906 [FATAL] Updater:308 - Updater called before beeing initialized
2023-12-03 23:12:56,907 [FATAL] Updater:308 - Updater called before beeing initialized
2023-12-03 23:12:56,907 [WARN] DetailPanel:346 - Failed to get advertising image, set to default
2023-12-03 23:12:56,912 [FATAL] Updater:308 - Updater called before beeing initialized
2023-12-03 23:12:56,995 [ERROR] Updater:1120 - MainUpdater not yet initialized. External WinMGr cannot be set.
2023-12-03 23:12:57,003 [INFO] Updater:1056 - Updater Version found : 6.9.2
2023-12-03 23:12:57,037 [INFO] ApplicationProperties:184 - Using Application install path: C:\ST\STM32CubeIDE_1.12.0\STM32CubeIDE\plugins\com.st.stm32cube.common.mx_6.9.2.202309101412
2023-12-03 23:12:57,563 [INFO] MainUpdater:2868 - connection check result : 10
2023-12-03 23:12:57,564 [INFO] MainUpdater:285 - Updater Check For Update Now.
2023-12-03 23:12:57,564 [INFO] MicroXplorer:498 - Change Database Version : DB.6.0.92
2023-12-03 23:12:57,571 [INFO] McuFinderGlobals:63 - Set McuFinder mode to 2 (CubeIDE integrated)
2023-12-03 23:12:57,745 [INFO] CheckServerUpdateThread:120 - End of CheckServer Thread
2023-12-03 23:12:58,767 [WARN] PackLoader:240 - Cannot read IP mode file for STMicroelectronics.X-CUBE-SMBUS.2.1.0
2023-12-03 23:12:58,825 [WARN] PackLoader:240 - Cannot read IP mode file for STMicroelectronics.X-CUBE-AZRTOS-F7.1.1.0
2023-12-03 23:12:58,846 [WARN] PackLoader:240 - Cannot read IP mode file for STMicroelectronics.FP-SNS-MOTENV1.4.3.2
2023-12-03 23:12:58,878 [WARN] PackLoader:240 - Cannot read IP mode file for STMicroelectronics.X-CUBE-BLE1.6.2.4
2023-12-03 23:12:58,894 [WARN] PackLoader:240 - Cannot read IP mode file for STMicroelectronics.FP-SNS-FLIGHT1.5.0.2
2023-12-03 23:12:58,931 [WARN] PackLoader:240 - Cannot read IP mode file for STMicroelectronics.X-CUBE-DISPLAY.3.0.0
2023-12-03 23:12:58,958 [WARN] PackLoader:240 - Cannot read IP mode file for STMicroelectronics.X-CUBE-BLE1.7.0.0
2023-12-03 23:12:58,968 [WARN] PackLoader:240 - Cannot read IP mode file for emotas.I-CUBE-CANOPEN.1.3.0
2023-12-03 23:12:58,986 [WARN] PackLoader:240 - Cannot read IP mode file for STMicroelectronics.X-CUBE-TOUCHGFX.4.22.0
2023-12-03 23:12:58,997 [WARN] PackLoader:240 - Cannot read IP mode file for STMicroelectronics.X-CUBE-TOUCHGFX.4.22.1
2023-12-03 23:12:59,004 [WARN] PackLoader:240 - Cannot read IP mode file for STMicroelectronics.FP-SNS-SMARTAG2.1.2.0
2023-12-03 23:12:59,026 [INFO] LogOutputStream:77 - [STDOUT_REDIRECT] 1 : Invalid condition id : UX_CORESTACK_Condition cause : null
2023-12-03 23:12:59,027 [INFO] LogOutputStream:77 - [STDOUT_REDIRECT] 1 : Invalid condition id : UX_CORESTACK_Condition cause : null
2023-12-03 23:12:59,028 [INFO] LogOutputStream:77 - [STDOUT_REDIRECT] 1 : Invalid condition id : UX_CORESTACK_Condition cause : null
2023-12-03 23:12:59,030 [INFO] LogOutputStream:77 - [STDOUT_REDIRECT] 1 : Invalid condition id : UX_CORESTACK_Condition cause : null
2023-12-03 23:12:59,031 [INFO] LogOutputStream:77 - [STDOUT_REDIRECT] 1 : Invalid condition id : UX_CORESTACK_Condition cause : null
2023-12-03 23:12:59,036 [WARN] PackLoader:240 - Cannot read IP mode file for STMicroelectronics.X-CUBE-AZRTOS-WL.2.0.0
2023-12-03 23:12:59,055 [WARN] PackLoader:240 - Cannot read IP mode file for WES.I-CUBE-Cesium.1.3.0
2023-12-03 23:12:59,074 [WARN] PackLoader:240 - Cannot read IP mode file for STMicroelectronics.X-CUBE-BLE2.3.3.0
2023-12-03 23:12:59,085 [WARN] PackLoader:240 - Cannot read IP mode file for STMicroelectronics.X-CUBE-ALGOBUILD.1.3.0
2023-12-03 23:12:59,117 [WARN] PackLoader:240 - Cannot read IP mode file for STMicroelectronics.X-CUBE-AZRTOS-G0.1.1.0
2023-12-03 23:12:59,145 [WARN] PackLoader:240 - Cannot read IP mode file for STMicroelectronics.X-CUBE-NFC4.3.0.0
2023-12-03 23:12:59,158 [WARN] PackLoader:240 - Cannot read IP mode file for STMicroelectronics.X-CUBE-BLEMGR.3.0.0
2023-12-03 23:12:59,171 [WARN] PackLoader:240 - Cannot read IP mode file for STMicroelectronics.FP-ATR-SIGFOX1.3.2.0
2023-12-03 23:12:59,210 [WARN] PackLoader:240 - Cannot read IP mode file for SEGGER.I-CUBE-embOS.1.3.1
2023-12-03 23:12:59,262 [WARN] PackLoader:240 - Cannot read IP mode file for STMicroelectronics.X-CUBE-GNSS1.6.0.0
2023-12-03 23:12:59,295 [WARN] PackLoader:240 - Cannot read IP mode file for STMicroelectronics.X-CUBE-AZRTOS-F4.1.1.0
2023-12-03 23:12:59,309 [WARN] PackLoader:240 - Cannot read IP mode file for wolfSSL.I-CUBE-wolfSSL.5.6.3
2023-12-03 23:12:59,330 [WARN] PackLoader:240 - Cannot read IP mode file for STMicroelectronics.X-CUBE-AZRTOS-L5.2.0.0
2023-12-03 23:12:59,587 [WARN] PackLoader:240 - Cannot read IP mode file for STMicroelectronics.X-CUBE-MEMS1.9.6.0
2023-12-03 23:12:59,789 [WARN] PackLoader:240 - Cannot read IP mode file for STMicroelectronics.X-CUBE-EEPRMA1.4.2.0
2023-12-03 23:12:59,803 [WARN] PackLoader:240 - Cannot read IP mode file for ITTIA_DB.I-CUBE-ITTIADB.8.8.0
2023-12-03 23:12:59,897 [WARN] PackLoader:240 - Cannot read IP mode file for STMicroelectronics.X-CUBE-BLEMGR.2.0.0
2023-12-03 23:12:59,921 [WARN] ConditionMgr:438 - getConditionDescription Invalid condition id : UX DEVICE CLASS RTOS Condition cause : null
2023-12-03 23:12:59,921 [WARN] ConditionMgr:438 - getConditionDescription Invalid condition id : UX DEVICE CLASS RTOS Condition cause : null
2023-12-03 23:12:59,926 [WARN] PackLoader:240 - Cannot read IP mode file for STMicroelectronics.X-CUBE-AZRTOS-H7.3.1.0
2023-12-03 23:12:59,928 [WARN] ConditionMgr:1039 - genDependencies : Invalid condition id : UX DEVICE CLASS RTOS Condition cause : null
2023-12-03 23:12:59,928 [WARN] ConditionMgr:1039 - genDependencies : Invalid condition id : UX DEVICE CLASS RTOS Condition cause : null
2023-12-03 23:12:59,929 [WARN] ConditionMgr:1039 - genDependencies : Invalid condition id : UX DEVICE CLASS RTOS Condition cause : null
2023-12-03 23:12:59,930 [WARN] ConditionMgr:1039 - genDependencies : Invalid condition id : UX DEVICE CLASS RTOS Condition cause : null
2023-12-03 23:12:59,930 [WARN] ConditionMgr:1039 - genDependencies : Invalid condition id : UX DEVICE CLASS RTOS Condition cause : null
2023-12-03 23:12:59,947 [WARN] PackLoader:240 - Cannot read IP mode file for STMicroelectronics.X-CUBE-NFC7.1.0.1
2023-12-03 23:12:59,960 [WARN] PackLoader:240 - Cannot read IP mode file for STMicroelectronics.X-CUBE-NFC6.3.0.0
2023-12-03 23:12:59,972 [WARN] PackLoader:240 - Cannot read IP mode file for STMicroelectronics.X-CUBE-EEPRMA1.4.1.0
2023-12-03 23:12:59,980 [WARN] PackLoader:240 - Cannot read IP mode file for STMicroelectronics.X-CUBE-AI.8.1.0
2023-12-03 23:13:00,000 [WARN] ConditionMgr:438 - getConditionDescription Invalid condition id : LAN8742 Phy interface Condition cause : null
2023-12-03 23:13:00,002 [WARN] PackLoader:240 - Cannot read IP mode file for STMicroelectronics.X-CUBE-AZRTOS-L4.2.0.0
2023-12-03 23:13:00,004 [WARN] ConditionMgr:1039 - genDependencies : Invalid condition id : LAN8742 Phy interface Condition cause : null
2023-12-03 23:13:00,005 [WARN] ConditionMgr:1039 - genDependencies : Invalid condition id : LAN8742 Phy interface Condition cause : null
2023-12-03 23:13:00,006 [WARN] ConditionMgr:1039 - genDependencies : Invalid condition id : LAN8742 Phy interface Condition cause : null
2023-12-03 23:13:00,036 [WARN] PackLoader:240 - Cannot read IP mode file for STMicroelectronics.X-CUBE-SFXS2LP1.4.0.0
2023-12-03 23:13:00,045 [WARN] PackLoader:240 - Cannot read IP mode file for STMicroelectronics.X-CUBE-ISPU.1.1.0
2023-12-03 23:13:00,056 [WARN] ConditionMgr:438 - getConditionDescription Invalid condition id : UX DEVICE CLASS RTOS Condition cause : null
2023-12-03 23:13:00,056 [WARN] ConditionMgr:438 - getConditionDescription Invalid condition id : UX DEVICE CLASS RTOS Condition cause : null
2023-12-03 23:13:00,059 [WARN] PackLoader:240 - Cannot read IP mode file for STMicroelectronics.X-CUBE-AZRTOS-WB.2.0.0
2023-12-03 23:13:00,059 [WARN] ConditionMgr:1039 - genDependencies : Invalid condition id : UX DEVICE CLASS RTOS Condition cause : null
2023-12-03 23:13:00,059 [WARN] ConditionMgr:1039 - genDependencies : Invalid condition id : UX DEVICE CLASS RTOS Condition cause : null
2023-12-03 23:13:00,060 [WARN] ConditionMgr:1039 - genDependencies : Invalid condition id : UX DEVICE CLASS RTOS Condition cause : null
2023-12-03 23:13:00,060 [WARN] ConditionMgr:1039 - genDependencies : Invalid condition id : UX DEVICE CLASS RTOS Condition cause : null
2023-12-03 23:13:00,060 [WARN] ConditionMgr:1039 - genDependencies : Invalid condition id : UX DEVICE CLASS RTOS Condition cause : null
2023-12-03 23:13:00,070 [WARN] PackLoader:240 - Cannot read IP mode file for STMicroelectronics.X-CUBE-FREERTOS.1.0.1
2023-12-03 23:13:00,091 [WARN] PackLoader:240 - Cannot read IP mode file for STMicroelectronics.X-CUBE-AZRTOS-L5.1.1.0
2023-12-03 23:13:00,101 [WARN] PackLoader:240 - Cannot read IP mode file for STMicroelectronics.X-CUBE-AI.8.0.1
2023-12-03 23:13:00,111 [WARN] PackLoader:240 - Cannot read IP mode file for STMicroelectronics.X-CUBE-SUBG2.5.0.0
2023-12-03 23:13:00,127 [WARN] PackLoader:240 - Cannot read IP mode file for STMicroelectronics.X-CUBE-TOF1.3.3.1
2023-12-03 23:13:00,147 [WARN] PackLoader:240 - Cannot read IP mode file for STMicroelectronics.X-CUBE-AZRTOS-G4.2.0.0
2023-12-03 23:13:00,157 [WARN] PackLoader:240 - Cannot read IP mode file for Infineon.AIROC-Wi-Fi-Bluetooth-STM32.1.5.1
2023-12-03 23:13:00,165 [WARN] PackLoader:240 - Cannot read IP mode file for STMicroelectronics.FP-SNS-MOTENVWB1.1.3.0
2023-12-03 23:13:00,171 [WARN] PackLoader:240 - Cannot read IP mode file for STMicroelectronics.FP-SNS-MOTENVWB1.1.3.1
2023-12-03 23:13:00,206 [WARN] PackLoader:240 - Cannot read IP mode file for STMicroelectronics.X-CUBE-MEMS1.10.0.0
2023-12-03 23:13:00,315 [WARN] PackLoader:240 - Cannot read IP mode file for STMicroelectronics.X-CUBE-FREERTOS.1.1.0
2023-12-03 23:13:00,345 [WARN] PackLoader:240 - Cannot read IP mode file for portGmbH.I-Cube-SoM-uGOAL.1.1.0
2023-12-03 23:13:00,356 [WARN] PackLoader:240 - Cannot read IP mode file for STMicroelectronics.X-CUBE-ALS.1.0.1
2023-12-03 23:13:00,394 [WARN] PackLoader:240 - Cannot read IP mode file for STMicroelectronics.X-CUBE-AZRTOS-WB.1.1.0
2023-12-03 23:13:00,407 [WARN] PackLoader:240 - Cannot read IP mode file for STMicroelectronics.FP-ATR-ASTRA1.2.0.0
2023-12-03 23:13:00,439 [WARN] PackLoader:240 - Cannot read IP mode file for STMicroelectronics.X-CUBE-TOF1.3.4.0
2023-12-03 23:13:00,447 [INFO] ThirdParty:978 - Integrity check success = true
2023-12-03 23:13:00,448 [INFO] IntegrityCheckThread:100 - exiting critical section [integrity check]
2023-12-03 23:13:00,448 [INFO] IntegrityCheckThread:103 - End integrity checks thread
