2024-01-06 11:08:43,310 [INFO] Activator:176 - 


2024-01-06 11:08:43,310 [INFO] Activator:177 - !SESSION log4j initialized
2024-01-06 11:08:49,834 [INFO] LogOutputStream:77 - [STDOUT_REDIRECT] 
2024-01-06 11:08:50,634 [INFO] ApplicationProperties:184 - Using Application install path: C:\ST\STM32CubeIDE_1.12.0\STM32CubeIDE\plugins\com.st.stm32cube.common.mx_6.10.0.202311202037
2024-01-06 11:08:50,649 [INFO] DbMcusXml:78 - Set database path to: C:\ST\STM32CubeIDE_1.12.0\STM32CubeIDE\plugins\com.st.stm32cube.common.mx_6.10.0.202311202037\\db\/mcu/
2024-01-06 11:08:50,649 [INFO] ApiDb:274 - Set plugin database path to: C:\ST\STM32CubeIDE_1.12.0\STM32CubeIDE\plugins\com.st.stm32cube.common.mx_6.10.0.202311202037\\db\/plugins/boardmanager/
2024-01-06 11:08:50,649 [WARN] ApiDb:259 - Overriding images path with different value:  => C:\ST\STM32CubeIDE_1.12.0\STM32CubeIDE\plugins\com.st.stm32cube.common.mx_6.10.0.202311202037\\db\/plugins/mcufinder/images/
2024-01-06 11:08:50,659 [INFO] ApiDb:250 - Set database path to: C:\Users\umutu\.stmcufinder\plugins\mcufinder//mcu/
2024-01-06 11:08:50,660 [INFO] DbMcusAds:125 - Set database path to: C:\Users\umutu\.stmcufinder\plugins\mcufinder//mcu/
2024-01-06 11:08:50,662 [INFO] CrossReferenceDbSqlite:203 - Set database path to: C:\Users\umutu\.stmcufinder\plugins\mcufinder//mcu/cs/
2024-01-06 11:08:50,768 [INFO] RulesReader:64 - Compatibility file has been processed (297 Rules)
2024-01-06 11:08:50,827 [INFO] DbMcusXml:78 - Set database path to: C:\ST\STM32CubeIDE_1.12.0\STM32CubeIDE\plugins\com.st.stm32cube.common.mx_6.10.0.202311202037\\db\/mcu/
2024-01-06 11:08:50,827 [INFO] ApiDb:274 - Set plugin database path to: C:\ST\STM32CubeIDE_1.12.0\STM32CubeIDE\plugins\com.st.stm32cube.common.mx_6.10.0.202311202037\\db\/plugins/boardmanager/
2024-01-06 11:08:50,827 [INFO] ApiDb:261 - Set plugin images path to: C:\ST\STM32CubeIDE_1.12.0\STM32CubeIDE\plugins\com.st.stm32cube.common.mx_6.10.0.202311202037\\db\/plugins/mcufinder/images/
2024-01-06 11:08:50,827 [WARN] DbFile:41 - Overriding database path with different value: C:\Users\umutu\.stmcufinder\plugins\mcufinder/ => C:\Users\umutu\.stmcufinder\plugins\mcufinder
2024-01-06 11:08:50,827 [INFO] ApiDb:250 - Set database path to: C:\Users\umutu\.stmcufinder\plugins\mcufinder//mcu/
2024-01-06 11:08:50,827 [WARN] DbFile:41 - Overriding database path with different value: C:\Users\umutu\.stmcufinder\plugins\mcufinder/ => C:\Users\umutu\.stmcufinder\plugins\mcufinder
2024-01-06 11:08:50,828 [INFO] DbMcusAds:125 - Set database path to: C:\Users\umutu\.stmcufinder\plugins\mcufinder//mcu/
2024-01-06 11:08:50,828 [WARN] DbFile:41 - Overriding database path with different value: C:\Users\umutu\.stmcufinder\plugins\mcufinder/ => C:\Users\umutu\.stmcufinder\plugins\mcufinder
2024-01-06 11:08:50,828 [WARN] DbFile:41 - Overriding database path with different value: C:\Users\umutu\.stmcufinder\plugins\mcufinder/ => C:\Users\umutu\.stmcufinder\plugins\mcufinder
2024-01-06 11:08:50,828 [INFO] CrossReferenceDbSqlite:203 - Set database path to: C:\Users\umutu\.stmcufinder\plugins\mcufinder//mcu/cs/
2024-01-06 11:08:50,918 [INFO] MainPanel:264 - HeapMemory: 268435456
2024-01-06 11:08:51,004 [INFO] DbMcusXml:78 - Set database path to: C:\ST\STM32CubeIDE_1.12.0\STM32CubeIDE\plugins\com.st.stm32cube.common.mx_6.10.0.202311202037\\db\/mcu/
2024-01-06 11:08:51,004 [INFO] ApiDb:274 - Set plugin database path to: C:\ST\STM32CubeIDE_1.12.0\STM32CubeIDE\plugins\com.st.stm32cube.common.mx_6.10.0.202311202037\\db\/plugins/boardmanager/
2024-01-06 11:08:51,004 [INFO] ApiDb:261 - Set plugin images path to: C:\ST\STM32CubeIDE_1.12.0\STM32CubeIDE\plugins\com.st.stm32cube.common.mx_6.10.0.202311202037\\db\/plugins/mcufinder/images/
2024-01-06 11:08:51,006 [WARN] DbFile:41 - Overriding database path with different value: C:\Users\umutu\.stmcufinder\plugins\mcufinder/ => C:\Users\umutu\.stmcufinder\plugins\mcufinder
2024-01-06 11:08:51,006 [INFO] ApiDb:250 - Set database path to: C:\Users\umutu\.stmcufinder\plugins\mcufinder//mcu/
2024-01-06 11:08:51,006 [WARN] DbFile:41 - Overriding database path with different value: C:\Users\umutu\.stmcufinder\plugins\mcufinder/ => C:\Users\umutu\.stmcufinder\plugins\mcufinder
2024-01-06 11:08:51,006 [INFO] DbMcusAds:125 - Set database path to: C:\Users\umutu\.stmcufinder\plugins\mcufinder//mcu/
2024-01-06 11:08:51,006 [WARN] DbFile:41 - Overriding database path with different value: C:\Users\umutu\.stmcufinder\plugins\mcufinder/ => C:\Users\umutu\.stmcufinder\plugins\mcufinder
2024-01-06 11:08:51,006 [WARN] DbFile:41 - Overriding database path with different value: C:\Users\umutu\.stmcufinder\plugins\mcufinder/ => C:\Users\umutu\.stmcufinder\plugins\mcufinder
2024-01-06 11:08:51,006 [INFO] CrossReferenceDbSqlite:203 - Set database path to: C:\Users\umutu\.stmcufinder\plugins\mcufinder//mcu/cs/
2024-01-06 11:08:51,024 [INFO] ApplicationProperties:184 - Using Application install path: C:\ST\STM32CubeIDE_1.12.0\STM32CubeIDE\plugins\com.st.stm32cube.common.mx_6.10.0.202311202037
2024-01-06 11:08:51,025 [INFO] PluginManage:196 - Search for loadable plugins [exclusion list=, ]
2024-01-06 11:08:51,027 [INFO] PluginManage:310 - Check plugin analytics
2024-01-06 11:08:51,193 [INFO] AnalyticsPlugin:253 - Accepted Software Licenses: 
2024-01-06 11:08:51,194 [INFO] AnalyticsPlugin:255 - Accepted CMSIS Pack Licenses: 
2024-01-06 11:08:51,194 [INFO] AnalyticsPlugin:257 - Accepted Firmware Licenses: 
2024-01-06 11:08:51,197 [INFO] PluginManage:359 - Loaded plugin analytics (category:tool,tabindex:-1)
2024-01-06 11:08:51,197 [INFO] PluginManage:310 - Check plugin cadmodel
2024-01-06 11:08:51,219 [INFO] CADModel:105 - Init CAD model plugin
2024-01-06 11:08:51,219 [INFO] PluginManage:359 - Loaded plugin cadmodel (category:power,tabindex:5)
2024-01-06 11:08:51,220 [INFO] PluginManage:310 - Check plugin clock
2024-01-06 11:08:51,237 [INFO] PluginManage:359 - Loaded plugin clock (category:base,tabindex:2)
2024-01-06 11:08:51,237 [INFO] PluginManage:310 - Check plugin ddr
2024-01-06 11:08:51,240 [INFO] PluginManage:359 - Loaded plugin ddr (category:tool,tabindex:6)
2024-01-06 11:08:51,240 [INFO] PluginManage:310 - Check plugin filemanager
2024-01-06 11:08:51,384 [INFO] PluginManage:359 - Loaded plugin filemanager (category:base,tabindex:10)
2024-01-06 11:08:51,386 [INFO] PluginManage:310 - Check plugin ipmanager
2024-01-06 11:08:51,393 [INFO] PluginManage:359 - Loaded plugin ipmanager (category:base,tabindex:5)
2024-01-06 11:08:51,393 [INFO] PluginManage:310 - Check plugin lpbam
2024-01-06 11:08:51,504 [INFO] PluginManage:359 - Loaded plugin lpbam (category:base,tabindex:0)
2024-01-06 11:08:51,504 [INFO] PluginManage:310 - Check plugin memorymap
2024-01-06 11:08:51,601 [INFO] PluginManage:359 - Loaded plugin memorymap (category:base,tabindex:4)
2024-01-06 11:08:51,602 [INFO] PluginManage:310 - Check plugin pinoutandconfiguration
2024-01-06 11:08:51,614 [INFO] PluginManage:359 - Loaded plugin pinoutandconfiguration (category:base,tabindex:1)
2024-01-06 11:08:51,614 [INFO] PluginManage:310 - Check plugin pinoutconfig
2024-01-06 11:08:51,688 [WARN] SupportedApi:132 - Cannot load RTOS API schema: s4s-elt-must-match.1: The content of 'definitions' must match (annotation?, (simpleType | complexType)?, (unique | key | keyref)*)). A problem was found starting at: attribute.
2024-01-06 11:08:51,795 [INFO] PluginManage:359 - Loaded plugin pinoutconfig (category:base,tabindex:0)
2024-01-06 11:08:51,795 [INFO] PluginManage:310 - Check plugin power
2024-01-06 11:08:51,832 [INFO] PluginManage:359 - Loaded plugin power (category:power,tabindex:4)
2024-01-06 11:08:51,832 [INFO] PluginManage:310 - Check plugin projectmanager
2024-01-06 11:08:51,849 [INFO] PluginManage:359 - Loaded plugin projectmanager (category:projectmanager,tabindex:3)
2024-01-06 11:08:51,849 [INFO] PluginManage:310 - Check plugin thirdparty
2024-01-06 11:08:52,027 [INFO] PluginManage:359 - Loaded plugin thirdparty (category:base,tabindex:-1)
2024-01-06 11:08:52,027 [WARN] IntegrityCheckThread:84 - waiting for thirdparty lock release [integrity check]
2024-01-06 11:08:52,027 [INFO] PluginManage:310 - Check plugin tools
2024-01-06 11:08:52,027 [INFO] IntegrityCheckThread:86 - entering critical section [integrity check]
2024-01-06 11:08:52,028 [INFO] ThirdPartyUpdaterWithRetryManager:70 - Updater plugin not ready yet. [1/15]
2024-01-06 11:08:52,041 [INFO] PluginManage:359 - Loaded plugin tools (category:base,tabindex:7)
2024-01-06 11:08:52,042 [INFO] PluginManage:310 - Check plugin tutovideos
2024-01-06 11:08:52,234 [INFO] PluginManage:359 - Loaded plugin tutovideos (category:base,tabindex:-1)
2024-01-06 11:08:52,234 [INFO] PluginManage:310 - Check plugin updater
2024-01-06 11:08:52,245 [INFO] PluginManage:359 - Loaded plugin updater (category:base,tabindex:12)
2024-01-06 11:08:52,245 [INFO] PluginManage:310 - Check plugin userauth
2024-01-06 11:08:52,250 [INFO] UserAuth:114 - Init User Auth plugin
2024-01-06 11:08:52,250 [INFO] PluginManage:359 - Loaded plugin userauth (category:base,tabindex:14)
2024-01-06 11:08:52,250 [INFO] PluginManage:283 - PluginManage : Loaded plugins [17]
2024-01-06 11:08:52,416 [INFO] PinOutPanel:1499 - setPackage(No Configuration,No Configuration)
2024-01-06 11:08:52,473 [INFO] CADModel:165 - CPN selected for project level
2024-01-06 11:08:52,473 [INFO] CADModel:114 - Register for checkConnection events
2024-01-06 11:08:52,517 [INFO] IPUIPlugin:80 - create IPUIPlugin
2024-01-06 11:08:52,517 [INFO] PluginManager:220 - loadIPPluginJar : add adc
2024-01-06 11:08:52,531 [INFO] IPUIPlugin:80 - create IPUIPlugin
2024-01-06 11:08:52,531 [INFO] PluginManager:220 - loadIPPluginJar : add aes
2024-01-06 11:08:52,546 [INFO] IPUIPlugin:80 - create IPUIPlugin
2024-01-06 11:08:52,547 [INFO] PluginManager:220 - loadIPPluginJar : add can
2024-01-06 11:08:52,556 [INFO] IPUIPlugin:80 - create IPUIPlugin
2024-01-06 11:08:52,556 [INFO] PluginManager:220 - loadIPPluginJar : add comp
2024-01-06 11:08:52,570 [INFO] IPUIPlugin:80 - create IPUIPlugin
2024-01-06 11:08:52,570 [INFO] PluginManager:220 - loadIPPluginJar : add cryp
2024-01-06 11:08:52,583 [INFO] IPUIPlugin:80 - create IPUIPlugin
2024-01-06 11:08:52,583 [INFO] PluginManager:220 - loadIPPluginJar : add dfsdm
2024-01-06 11:08:52,616 [INFO] IPUIPlugin:80 - create IPUIPlugin
2024-01-06 11:08:52,616 [INFO] PluginManager:220 - loadIPPluginJar : add dma
2024-01-06 11:08:52,636 [INFO] IPUIPlugin:80 - create IPUIPlugin
2024-01-06 11:08:52,636 [INFO] PluginManager:220 - loadIPPluginJar : add dma3
2024-01-06 11:08:52,647 [INFO] IPUIPlugin:80 - create IPUIPlugin
2024-01-06 11:08:52,647 [INFO] PluginManager:220 - loadIPPluginJar : add fatfs
2024-01-06 11:08:52,666 [INFO] IPUIPlugin:80 - create IPUIPlugin
2024-01-06 11:08:52,666 [INFO] PluginManager:220 - loadIPPluginJar : add fmc
2024-01-06 11:08:52,675 [INFO] IPUIPlugin:80 - create IPUIPlugin
2024-01-06 11:08:52,676 [INFO] PluginManager:220 - loadIPPluginJar : add freertos
2024-01-06 11:08:52,686 [INFO] IPUIPlugin:80 - create IPUIPlugin
2024-01-06 11:08:52,686 [INFO] PluginManager:220 - loadIPPluginJar : add genericplugin
2024-01-06 11:08:52,715 [INFO] IPUIPlugin:80 - create IPUIPlugin
2024-01-06 11:08:52,715 [INFO] PluginManager:220 - loadIPPluginJar : add gfxmmu
2024-01-06 11:08:52,757 [INFO] IPUIPlugin:80 - create IPUIPlugin
2024-01-06 11:08:52,757 [INFO] PluginManager:220 - loadIPPluginJar : add gic
2024-01-06 11:08:52,830 [INFO] IPUIPlugin:80 - create IPUIPlugin
2024-01-06 11:08:52,830 [INFO] PluginManager:220 - loadIPPluginJar : add gpio
2024-01-06 11:08:52,857 [INFO] IPUIPlugin:80 - create IPUIPlugin
2024-01-06 11:08:52,857 [INFO] PluginManager:220 - loadIPPluginJar : add gtzc
2024-01-06 11:08:52,869 [INFO] IPUIPlugin:80 - create IPUIPlugin
2024-01-06 11:08:52,869 [INFO] PluginManager:220 - loadIPPluginJar : add hash
2024-01-06 11:08:52,889 [INFO] IPUIPlugin:80 - create IPUIPlugin
2024-01-06 11:08:52,889 [INFO] PluginManager:220 - loadIPPluginJar : add i2c
2024-01-06 11:08:52,904 [INFO] IPUIPlugin:80 - create IPUIPlugin
2024-01-06 11:08:52,904 [INFO] PluginManager:220 - loadIPPluginJar : add i2s
2024-01-06 11:08:52,920 [INFO] IPUIPlugin:80 - create IPUIPlugin
2024-01-06 11:08:52,920 [INFO] PluginManager:220 - loadIPPluginJar : add i3c
2024-01-06 11:08:52,946 [INFO] IPUIPlugin:80 - create IPUIPlugin
2024-01-06 11:08:52,946 [INFO] PluginManager:220 - loadIPPluginJar : add ipddr
2024-01-06 11:08:52,977 [INFO] IPUIPlugin:80 - create IPUIPlugin
2024-01-06 11:08:52,978 [INFO] PluginManager:220 - loadIPPluginJar : add linkedlist
2024-01-06 11:08:52,992 [INFO] IPUIPlugin:80 - create IPUIPlugin
2024-01-06 11:08:52,992 [INFO] PluginManager:220 - loadIPPluginJar : add lorawan
2024-01-06 11:08:53,006 [INFO] IPUIPlugin:80 - create IPUIPlugin
2024-01-06 11:08:53,006 [INFO] PluginManager:220 - loadIPPluginJar : add ltdc
2024-01-06 11:08:53,070 [INFO] IPUIPlugin:80 - create IPUIPlugin
2024-01-06 11:08:53,070 [INFO] PluginManager:220 - loadIPPluginJar : add mdma
2024-01-06 11:08:53,137 [INFO] IPUIPlugin:80 - create IPUIPlugin
2024-01-06 11:08:53,137 [INFO] PluginManager:220 - loadIPPluginJar : add nvic
2024-01-06 11:08:53,156 [INFO] IPUIPlugin:80 - create IPUIPlugin
2024-01-06 11:08:53,156 [INFO] PluginManager:220 - loadIPPluginJar : add opamp
2024-01-06 11:08:53,180 [INFO] IPUIPlugin:80 - create IPUIPlugin
2024-01-06 11:08:53,180 [INFO] PluginManager:220 - loadIPPluginJar : add openamp
2024-01-06 11:08:53,200 [INFO] IPUIPlugin:80 - create IPUIPlugin
2024-01-06 11:08:53,200 [INFO] PluginManager:220 - loadIPPluginJar : add pdm2pcm
2024-01-06 11:08:53,266 [INFO] IPUIPlugin:80 - create IPUIPlugin
2024-01-06 11:08:53,268 [INFO] PluginManager:220 - loadIPPluginJar : add plateformsettings
2024-01-06 11:08:53,282 [INFO] IPUIPlugin:80 - create IPUIPlugin
2024-01-06 11:08:53,282 [INFO] PluginManager:220 - loadIPPluginJar : add quadspi
2024-01-06 11:08:53,291 [INFO] IPUIPlugin:80 - create IPUIPlugin
2024-01-06 11:08:53,291 [INFO] PluginManager:220 - loadIPPluginJar : add resmgrutility
2024-01-06 11:08:53,307 [INFO] IPUIPlugin:80 - create IPUIPlugin
2024-01-06 11:08:53,307 [INFO] PluginManager:220 - loadIPPluginJar : add sai
2024-01-06 11:08:53,322 [INFO] IPUIPlugin:80 - create IPUIPlugin
2024-01-06 11:08:53,322 [INFO] PluginManager:220 - loadIPPluginJar : add spi
2024-01-06 11:08:53,346 [INFO] IPUIPlugin:80 - create IPUIPlugin
2024-01-06 11:08:53,346 [INFO] PluginManager:220 - loadIPPluginJar : add stm32_wpan
2024-01-06 11:08:53,356 [INFO] IPUIPlugin:80 - create IPUIPlugin
2024-01-06 11:08:53,356 [INFO] PluginManager:220 - loadIPPluginJar : add tim
2024-01-06 11:08:53,377 [INFO] IPUIPlugin:80 - create IPUIPlugin
2024-01-06 11:08:53,377 [INFO] PluginManager:220 - loadIPPluginJar : add touchsensing
2024-01-06 11:08:53,389 [INFO] IPUIPlugin:80 - create IPUIPlugin
2024-01-06 11:08:53,389 [INFO] PluginManager:220 - loadIPPluginJar : add tracer_emb
2024-01-06 11:08:53,400 [INFO] IPUIPlugin:80 - create IPUIPlugin
2024-01-06 11:08:53,400 [INFO] PluginManager:220 - loadIPPluginJar : add ts
2024-01-06 11:08:53,409 [INFO] IPUIPlugin:80 - create IPUIPlugin
2024-01-06 11:08:53,409 [INFO] PluginManager:220 - loadIPPluginJar : add tsc
2024-01-06 11:08:53,419 [INFO] IPUIPlugin:80 - create IPUIPlugin
2024-01-06 11:08:53,419 [INFO] PluginManager:220 - loadIPPluginJar : add ucpd
2024-01-06 11:08:53,434 [INFO] IPUIPlugin:80 - create IPUIPlugin
2024-01-06 11:08:53,435 [INFO] PluginManager:220 - loadIPPluginJar : add usart
2024-01-06 11:08:53,452 [INFO] IPUIPlugin:80 - create IPUIPlugin
2024-01-06 11:08:53,452 [INFO] PluginManager:220 - loadIPPluginJar : add usbx
2024-01-06 11:08:53,571 [INFO] CADModel:165 - CPN selected for project level
2024-01-06 11:08:53,571 [INFO] CADModel:114 - Register for checkConnection events
2024-01-06 11:08:53,572 [FATAL] Updater:308 - Updater called before beeing initialized
2024-01-06 11:08:53,572 [ERROR] CADModel:125 - Updater not yet initialized, retry later 
2024-01-06 11:08:53,709 [INFO] CADModel:165 - CPN selected for project level
2024-01-06 11:08:53,710 [INFO] CADModel:114 - Register for checkConnection events
2024-01-06 11:08:53,710 [FATAL] Updater:308 - Updater called before beeing initialized
2024-01-06 11:08:53,710 [ERROR] CADModel:125 - Updater not yet initialized, retry later 
2024-01-06 11:08:53,712 [FATAL] Updater:308 - Updater called before beeing initialized
2024-01-06 11:08:53,808 [FATAL] Updater:308 - Updater called before beeing initialized
2024-01-06 11:08:53,815 [INFO] DbMcusAds:53 - JSON generation date=Wed Nov 29 13:52:27 TRT 2023 (1701255147349)
2024-01-06 11:08:53,815 [FATAL] Updater:308 - Updater called before beeing initialized
2024-01-06 11:08:53,893 [WARN] DetailPanel:346 - Failed to get advertising image, set to default
2024-01-06 11:08:53,971 [FATAL] Updater:308 - Updater called before beeing initialized
2024-01-06 11:08:53,972 [FATAL] Updater:308 - Updater called before beeing initialized
2024-01-06 11:08:53,972 [FATAL] Updater:308 - Updater called before beeing initialized
2024-01-06 11:08:53,972 [WARN] DetailPanel:346 - Failed to get advertising image, set to default
2024-01-06 11:08:53,973 [FATAL] Updater:308 - Updater called before beeing initialized
2024-01-06 11:08:54,054 [ERROR] Updater:1120 - MainUpdater not yet initialized. External WinMGr cannot be set.
2024-01-06 11:08:54,060 [INFO] Updater:1056 - Updater Version found : 6.10.0
2024-01-06 11:08:54,079 [INFO] ApplicationProperties:184 - Using Application install path: C:\ST\STM32CubeIDE_1.12.0\STM32CubeIDE\plugins\com.st.stm32cube.common.mx_6.10.0.202311202037
2024-01-06 11:08:55,030 [INFO] ThirdPartyUpdaterWithRetryManager:70 - Updater plugin not ready yet. [2/15]
2024-01-06 11:08:55,664 [ERROR] LogOutputStream:75 - [STDERR_REDIRECT] Jan 06, 2024 11:08:55 AM java.util.prefs.WindowsPreferences <init>
2024-01-06 11:08:55,668 [ERROR] LogOutputStream:75 - [STDERR_REDIRECT] WARNING: Could not open/create prefs root node Software\JavaSoft\Prefs at root 0xffffffff80000002. Windows RegCreateKeyEx(...) returned error code 5.
2024-01-06 11:08:55,668 [ERROR] LogOutputStream:75 - [STDERR_REDIRECT] 
2024-01-06 11:08:56,184 [INFO] MainUpdater:2873 - connection check result : 10
2024-01-06 11:08:56,184 [INFO] MainUpdater:3567 - Updater definition file requires update
2024-01-06 11:08:56,186 [INFO] MainUpdater:290 - Updater Check For Update Now.
2024-01-06 11:08:56,186 [INFO] MicroXplorer:498 - Change Database Version : DB.6.0.100
2024-01-06 11:08:56,200 [INFO] McuFinderGlobals:63 - Set McuFinder mode to 2 (CubeIDE integrated)
2024-01-06 11:08:56,209 [INFO] UserAuth:404 - Internet connection configuration mode: 1
2024-01-06 11:08:56,220 [INFO] JxBrowserEngine:152 - Initiate JxBrowser Engine with user profile folder
2024-01-06 11:08:56,536 [INFO] ServerAccessManage:473 - Download File updaters.zip
2024-01-06 11:08:56,698 [INFO] FileExtend:240 - Unzip File : updaters.zip
2024-01-06 11:08:56,698 [INFO] FileExtend:255 - Standard Zip Deflate
2024-01-06 11:08:57,089 [INFO] ServerAccessManage:473 - Download File PacksControlFlags.xml
2024-01-06 11:08:57,336 [INFO] ServerAccessManage:473 - Download File cubemx.pidx
2024-01-06 11:08:57,419 [INFO] LoadServerUpdatesThread:375 - End of LoadServerUpdate Thread
2024-01-06 11:08:57,575 [INFO] CheckServerUpdateThread:120 - End of CheckServer Thread
2024-01-06 11:08:57,990 [INFO] WebApp:161 - Instantiating new browser for Auth
2024-01-06 11:08:58,302 [WARN] PackLoader:240 - Cannot read IP mode file for STMicroelectronics.X-CUBE-SMBUS.2.1.0
2024-01-06 11:08:58,320 [WARN] PackLoader:240 - Cannot read IP mode file for STMicroelectronics.X-CUBE-TOUCHGFX.4.23.0
2024-01-06 11:08:58,380 [WARN] PackLoader:240 - Cannot read IP mode file for STMicroelectronics.X-CUBE-AZRTOS-F7.1.1.0
2024-01-06 11:08:58,409 [WARN] PackLoader:240 - Cannot read IP mode file for STMicroelectronics.FP-SNS-MOTENV1.4.3.2
2024-01-06 11:08:58,432 [WARN] PackLoader:240 - Cannot read IP mode file for STMicroelectronics.X-CUBE-BLE1.6.2.4
2024-01-06 11:08:58,444 [WARN] PackLoader:240 - Cannot read IP mode file for STMicroelectronics.FP-SNS-FLIGHT1.5.0.2
2024-01-06 11:08:58,464 [WARN] PackLoader:240 - Cannot read IP mode file for STMicroelectronics.X-CUBE-DISPLAY.3.0.0
2024-01-06 11:08:58,485 [WARN] PackLoader:240 - Cannot read IP mode file for STMicroelectronics.X-CUBE-BLE1.7.0.0
2024-01-06 11:08:58,499 [WARN] PackLoader:240 - Cannot read IP mode file for emotas.I-CUBE-CANOPEN.1.3.0
2024-01-06 11:08:58,512 [WARN] PackLoader:240 - Cannot read IP mode file for STMicroelectronics.X-CUBE-TOUCHGFX.4.22.0
2024-01-06 11:08:58,521 [WARN] PackLoader:240 - Cannot read IP mode file for STMicroelectronics.X-CUBE-TOUCHGFX.4.22.1
2024-01-06 11:08:58,535 [WARN] PackLoader:240 - Cannot read IP mode file for STMicroelectronics.FP-SNS-SMARTAG2.1.2.0
2024-01-06 11:08:58,555 [INFO] LogOutputStream:77 - [STDOUT_REDIRECT] 1 : Invalid condition id : UX_CORESTACK_Condition cause : null
2024-01-06 11:08:58,556 [INFO] LogOutputStream:77 - [STDOUT_REDIRECT] 1 : Invalid condition id : UX_CORESTACK_Condition cause : null
2024-01-06 11:08:58,558 [INFO] LogOutputStream:77 - [STDOUT_REDIRECT] 1 : Invalid condition id : UX_CORESTACK_Condition cause : null
2024-01-06 11:08:58,559 [INFO] LogOutputStream:77 - [STDOUT_REDIRECT] 1 : Invalid condition id : UX_CORESTACK_Condition cause : null
2024-01-06 11:08:58,560 [INFO] LogOutputStream:77 - [STDOUT_REDIRECT] 1 : Invalid condition id : UX_CORESTACK_Condition cause : null
2024-01-06 11:08:58,563 [WARN] PackLoader:240 - Cannot read IP mode file for STMicroelectronics.X-CUBE-AZRTOS-WL.2.0.0
2024-01-06 11:08:58,578 [WARN] PackLoader:240 - Cannot read IP mode file for WES.I-CUBE-Cesium.1.3.0
2024-01-06 11:08:58,590 [WARN] PackLoader:240 - Cannot read IP mode file for STMicroelectronics.X-CUBE-BLE2.3.3.0
2024-01-06 11:08:58,601 [WARN] PackLoader:240 - Cannot read IP mode file for STMicroelectronics.X-CUBE-ALGOBUILD.1.3.0
2024-01-06 11:08:58,633 [WARN] PackLoader:240 - Cannot read IP mode file for STMicroelectronics.X-CUBE-AZRTOS-G0.1.1.0
2024-01-06 11:08:58,661 [WARN] PackLoader:240 - Cannot read IP mode file for STMicroelectronics.X-CUBE-NFC4.3.0.0
2024-01-06 11:08:58,680 [WARN] PackLoader:240 - Cannot read IP mode file for STMicroelectronics.X-CUBE-BLEMGR.3.0.0
2024-01-06 11:08:58,694 [WARN] PackLoader:240 - Cannot read IP mode file for STMicroelectronics.FP-ATR-SIGFOX1.3.2.0
2024-01-06 11:08:58,695 [INFO] WebApp:780 - Register for checkConnection events
2024-01-06 11:08:58,695 [INFO] WebApp:414 - Apply proxy settings
2024-01-06 11:08:58,695 [INFO] WebApp:499 - Chromium requires no authentication
2024-01-06 11:08:58,706 [INFO] WebApp:442 - Direct internet connection detected
2024-01-06 11:08:58,732 [WARN] PackLoader:240 - Cannot read IP mode file for SEGGER.I-CUBE-embOS.1.3.1
2024-01-06 11:08:58,787 [WARN] PackLoader:240 - Cannot read IP mode file for STMicroelectronics.X-CUBE-GNSS1.6.0.0
2024-01-06 11:08:58,824 [WARN] PackLoader:240 - Cannot read IP mode file for STMicroelectronics.X-CUBE-AZRTOS-F4.1.1.0
2024-01-06 11:08:58,844 [WARN] PackLoader:240 - Cannot read IP mode file for wolfSSL.I-CUBE-wolfSSL.5.6.3
2024-01-06 11:08:58,896 [WARN] PackLoader:240 - Cannot read IP mode file for STMicroelectronics.X-CUBE-AZRTOS-L5.2.0.0
2024-01-06 11:08:58,956 [WARN] PackLoader:240 - Cannot read IP mode file for STMicroelectronics.X-CUBE-MEMS1.9.6.0
2024-01-06 11:08:59,001 [INFO] WebApp:192 - Starting web application
2024-01-06 11:08:59,002 [INFO] WebApp:544 - Web application path used C:\ST\STM32CubeIDE_1.12.0\STM32CubeIDE\plugins\com.st.stm32cube.common.mx_6.10.0.202311202037\db\plugins\mcufinder\reactClient1\index.html
2024-01-06 11:08:59,145 [WARN] PackLoader:240 - Cannot read IP mode file for STMicroelectronics.X-CUBE-EEPRMA1.4.2.0
2024-01-06 11:08:59,170 [WARN] PackLoader:240 - Cannot read IP mode file for ITTIA_DB.I-CUBE-ITTIADB.8.8.0
2024-01-06 11:08:59,206 [WARN] PackLoader:240 - Cannot read IP mode file for STMicroelectronics.X-CUBE-BLEMGR.2.0.0
2024-01-06 11:08:59,245 [WARN] ConditionMgr:438 - getConditionDescription Invalid condition id : UX DEVICE CLASS RTOS Condition cause : null
2024-01-06 11:08:59,245 [WARN] ConditionMgr:438 - getConditionDescription Invalid condition id : UX DEVICE CLASS RTOS Condition cause : null
2024-01-06 11:08:59,250 [WARN] PackLoader:240 - Cannot read IP mode file for STMicroelectronics.X-CUBE-AZRTOS-H7.3.1.0
2024-01-06 11:08:59,252 [WARN] ConditionMgr:1039 - genDependencies : Invalid condition id : UX DEVICE CLASS RTOS Condition cause : null
2024-01-06 11:08:59,252 [WARN] ConditionMgr:1039 - genDependencies : Invalid condition id : UX DEVICE CLASS RTOS Condition cause : null
2024-01-06 11:08:59,253 [WARN] ConditionMgr:1039 - genDependencies : Invalid condition id : UX DEVICE CLASS RTOS Condition cause : null
2024-01-06 11:08:59,254 [WARN] ConditionMgr:1039 - genDependencies : Invalid condition id : UX DEVICE CLASS RTOS Condition cause : null
2024-01-06 11:08:59,254 [WARN] ConditionMgr:1039 - genDependencies : Invalid condition id : UX DEVICE CLASS RTOS Condition cause : null
2024-01-06 11:08:59,271 [WARN] PackLoader:240 - Cannot read IP mode file for STMicroelectronics.X-CUBE-NFC7.1.0.1
2024-01-06 11:08:59,291 [WARN] PackLoader:240 - Cannot read IP mode file for STMicroelectronics.X-CUBE-NFC6.3.0.0
2024-01-06 11:08:59,308 [WARN] PackLoader:240 - Cannot read IP mode file for STMicroelectronics.X-CUBE-EEPRMA1.4.1.0
2024-01-06 11:08:59,321 [WARN] PackLoader:240 - Cannot read IP mode file for STMicroelectronics.X-CUBE-AI.8.1.0
2024-01-06 11:08:59,360 [WARN] ConditionMgr:438 - getConditionDescription Invalid condition id : LAN8742 Phy interface Condition cause : null
2024-01-06 11:08:59,361 [WARN] PackLoader:240 - Cannot read IP mode file for STMicroelectronics.X-CUBE-AZRTOS-L4.2.0.0
2024-01-06 11:08:59,362 [WARN] ConditionMgr:1039 - genDependencies : Invalid condition id : LAN8742 Phy interface Condition cause : null
2024-01-06 11:08:59,362 [WARN] ConditionMgr:1039 - genDependencies : Invalid condition id : LAN8742 Phy interface Condition cause : null
2024-01-06 11:08:59,363 [WARN] ConditionMgr:1039 - genDependencies : Invalid condition id : LAN8742 Phy interface Condition cause : null
2024-01-06 11:08:59,380 [WARN] PackLoader:240 - Cannot read IP mode file for STMicroelectronics.X-CUBE-SFXS2LP1.4.0.0
2024-01-06 11:08:59,391 [WARN] PackLoader:240 - Cannot read IP mode file for STMicroelectronics.X-CUBE-ISPU.1.1.0
2024-01-06 11:08:59,422 [WARN] ConditionMgr:438 - getConditionDescription Invalid condition id : UX DEVICE CLASS RTOS Condition cause : null
2024-01-06 11:08:59,422 [WARN] ConditionMgr:438 - getConditionDescription Invalid condition id : UX DEVICE CLASS RTOS Condition cause : null
2024-01-06 11:08:59,425 [WARN] PackLoader:240 - Cannot read IP mode file for STMicroelectronics.X-CUBE-AZRTOS-WB.2.0.0
2024-01-06 11:08:59,426 [WARN] ConditionMgr:1039 - genDependencies : Invalid condition id : UX DEVICE CLASS RTOS Condition cause : null
2024-01-06 11:08:59,427 [WARN] ConditionMgr:1039 - genDependencies : Invalid condition id : UX DEVICE CLASS RTOS Condition cause : null
2024-01-06 11:08:59,427 [WARN] ConditionMgr:1039 - genDependencies : Invalid condition id : UX DEVICE CLASS RTOS Condition cause : null
2024-01-06 11:08:59,427 [WARN] ConditionMgr:1039 - genDependencies : Invalid condition id : UX DEVICE CLASS RTOS Condition cause : null
2024-01-06 11:08:59,428 [WARN] ConditionMgr:1039 - genDependencies : Invalid condition id : UX DEVICE CLASS RTOS Condition cause : null
2024-01-06 11:08:59,441 [WARN] PackLoader:240 - Cannot read IP mode file for STMicroelectronics.X-CUBE-FREERTOS.1.0.1
2024-01-06 11:08:59,487 [WARN] PackLoader:240 - Cannot read IP mode file for STMicroelectronics.X-CUBE-AZRTOS-L5.1.1.0
2024-01-06 11:08:59,502 [WARN] PackLoader:240 - Cannot read IP mode file for STMicroelectronics.X-CUBE-AI.8.0.1
2024-01-06 11:08:59,526 [WARN] PackLoader:240 - Cannot read IP mode file for STMicroelectronics.X-CUBE-SUBG2.5.0.0
2024-01-06 11:08:59,559 [WARN] PackLoader:240 - Cannot read IP mode file for STMicroelectronics.X-CUBE-TOF1.3.3.1
2024-01-06 11:08:59,596 [WARN] PackLoader:240 - Cannot read IP mode file for STMicroelectronics.X-CUBE-AZRTOS-G4.2.0.0
2024-01-06 11:08:59,624 [WARN] PackLoader:240 - Cannot read IP mode file for Infineon.AIROC-Wi-Fi-Bluetooth-STM32.1.5.1
2024-01-06 11:08:59,635 [WARN] PackLoader:240 - Cannot read IP mode file for STMicroelectronics.FP-SNS-MOTENVWB1.1.3.0
2024-01-06 11:08:59,648 [WARN] PackLoader:240 - Cannot read IP mode file for STMicroelectronics.FP-SNS-MOTENVWB1.1.3.1
2024-01-06 11:08:59,659 [WARN] PackLoader:240 - Cannot read IP mode file for STMicroelectronics.X-CUBE-ISPU.2.0.0
2024-01-06 11:08:59,717 [WARN] PackLoader:240 - Cannot read IP mode file for STMicroelectronics.X-CUBE-MEMS1.10.0.0
2024-01-06 11:08:59,844 [WARN] PackLoader:240 - Cannot read IP mode file for STMicroelectronics.X-CUBE-FREERTOS.1.1.0
2024-01-06 11:08:59,859 [WARN] PackLoader:240 - Cannot read IP mode file for portGmbH.I-Cube-SoM-uGOAL.1.1.0
2024-01-06 11:08:59,874 [WARN] PackLoader:240 - Cannot read IP mode file for STMicroelectronics.X-CUBE-ALS.1.0.1
2024-01-06 11:08:59,896 [WARN] PackLoader:240 - Cannot read IP mode file for STMicroelectronics.X-CUBE-AZRTOS-WB.1.1.0
2024-01-06 11:08:59,910 [WARN] PackLoader:240 - Cannot read IP mode file for STMicroelectronics.FP-ATR-ASTRA1.2.0.0
2024-01-06 11:08:59,925 [WARN] PackLoader:240 - Cannot read IP mode file for STMicroelectronics.X-CUBE-TOF1.3.4.0
2024-01-06 11:08:59,959 [WARN] PackLoader:240 - Cannot read IP mode file for STMicroelectronics.X-CUBE-AZRTOS-H7.3.2.0
2024-01-06 11:08:59,961 [INFO] ThirdParty:978 - Integrity check success = true
2024-01-06 11:08:59,961 [INFO] IntegrityCheckThread:100 - exiting critical section [integrity check]
2024-01-06 11:08:59,961 [INFO] IntegrityCheckThread:103 - End integrity checks thread
2024-01-06 17:42:21,088 [ERROR] LogOutputStream:75 - [STDERR_REDIRECT] 
