2023-12-31 13:39:29,973 [INFO] Activator:176 - 


2023-12-31 13:39:29,977 [INFO] Activator:177 - !SESSION log4j initialized
2023-12-31 13:39:36,183 [INFO] LogOutputStream:77 - [STDOUT_REDIRECT] 
2023-12-31 13:39:37,034 [INFO] ApplicationProperties:184 - Using Application install path: C:\ST\STM32CubeIDE_1.12.0\STM32CubeIDE\plugins\com.st.stm32cube.common.mx_6.10.0.202311202037
2023-12-31 13:39:37,049 [INFO] DbMcusXml:78 - Set database path to: C:\ST\STM32CubeIDE_1.12.0\STM32CubeIDE\plugins\com.st.stm32cube.common.mx_6.10.0.202311202037\\db\/mcu/
2023-12-31 13:39:37,050 [INFO] ApiDb:274 - Set plugin database path to: C:\ST\STM32CubeIDE_1.12.0\STM32CubeIDE\plugins\com.st.stm32cube.common.mx_6.10.0.202311202037\\db\/plugins/boardmanager/
2023-12-31 13:39:37,050 [WARN] ApiDb:259 - Overriding images path with different value:  => C:\ST\STM32CubeIDE_1.12.0\STM32CubeIDE\plugins\com.st.stm32cube.common.mx_6.10.0.202311202037\\db\/plugins/mcufinder/images/
2023-12-31 13:39:37,058 [INFO] ApiDb:250 - Set database path to: C:\Users\umutu\.stmcufinder\plugins\mcufinder//mcu/
2023-12-31 13:39:37,060 [INFO] DbMcusAds:125 - Set database path to: C:\Users\umutu\.stmcufinder\plugins\mcufinder//mcu/
2023-12-31 13:39:37,062 [INFO] CrossReferenceDbSqlite:203 - Set database path to: C:\Users\umutu\.stmcufinder\plugins\mcufinder//mcu/cs/
2023-12-31 13:39:37,164 [INFO] RulesReader:64 - Compatibility file has been processed (297 Rules)
2023-12-31 13:39:37,220 [INFO] DbMcusXml:78 - Set database path to: C:\ST\STM32CubeIDE_1.12.0\STM32CubeIDE\plugins\com.st.stm32cube.common.mx_6.10.0.202311202037\\db\/mcu/
2023-12-31 13:39:37,220 [INFO] ApiDb:274 - Set plugin database path to: C:\ST\STM32CubeIDE_1.12.0\STM32CubeIDE\plugins\com.st.stm32cube.common.mx_6.10.0.202311202037\\db\/plugins/boardmanager/
2023-12-31 13:39:37,221 [INFO] ApiDb:261 - Set plugin images path to: C:\ST\STM32CubeIDE_1.12.0\STM32CubeIDE\plugins\com.st.stm32cube.common.mx_6.10.0.202311202037\\db\/plugins/mcufinder/images/
2023-12-31 13:39:37,221 [WARN] DbFile:41 - Overriding database path with different value: C:\Users\umutu\.stmcufinder\plugins\mcufinder/ => C:\Users\umutu\.stmcufinder\plugins\mcufinder
2023-12-31 13:39:37,221 [INFO] ApiDb:250 - Set database path to: C:\Users\umutu\.stmcufinder\plugins\mcufinder//mcu/
2023-12-31 13:39:37,221 [WARN] DbFile:41 - Overriding database path with different value: C:\Users\umutu\.stmcufinder\plugins\mcufinder/ => C:\Users\umutu\.stmcufinder\plugins\mcufinder
2023-12-31 13:39:37,221 [INFO] DbMcusAds:125 - Set database path to: C:\Users\umutu\.stmcufinder\plugins\mcufinder//mcu/
2023-12-31 13:39:37,221 [WARN] DbFile:41 - Overriding database path with different value: C:\Users\umutu\.stmcufinder\plugins\mcufinder/ => C:\Users\umutu\.stmcufinder\plugins\mcufinder
2023-12-31 13:39:37,221 [WARN] DbFile:41 - Overriding database path with different value: C:\Users\umutu\.stmcufinder\plugins\mcufinder/ => C:\Users\umutu\.stmcufinder\plugins\mcufinder
2023-12-31 13:39:37,221 [INFO] CrossReferenceDbSqlite:203 - Set database path to: C:\Users\umutu\.stmcufinder\plugins\mcufinder//mcu/cs/
2023-12-31 13:39:37,285 [INFO] MainPanel:264 - HeapMemory: 268435456
2023-12-31 13:39:37,371 [INFO] DbMcusXml:78 - Set database path to: C:\ST\STM32CubeIDE_1.12.0\STM32CubeIDE\plugins\com.st.stm32cube.common.mx_6.10.0.202311202037\\db\/mcu/
2023-12-31 13:39:37,371 [INFO] ApiDb:274 - Set plugin database path to: C:\ST\STM32CubeIDE_1.12.0\STM32CubeIDE\plugins\com.st.stm32cube.common.mx_6.10.0.202311202037\\db\/plugins/boardmanager/
2023-12-31 13:39:37,371 [INFO] ApiDb:261 - Set plugin images path to: C:\ST\STM32CubeIDE_1.12.0\STM32CubeIDE\plugins\com.st.stm32cube.common.mx_6.10.0.202311202037\\db\/plugins/mcufinder/images/
2023-12-31 13:39:37,372 [WARN] DbFile:41 - Overriding database path with different value: C:\Users\umutu\.stmcufinder\plugins\mcufinder/ => C:\Users\umutu\.stmcufinder\plugins\mcufinder
2023-12-31 13:39:37,372 [INFO] ApiDb:250 - Set database path to: C:\Users\umutu\.stmcufinder\plugins\mcufinder//mcu/
2023-12-31 13:39:37,372 [WARN] DbFile:41 - Overriding database path with different value: C:\Users\umutu\.stmcufinder\plugins\mcufinder/ => C:\Users\umutu\.stmcufinder\plugins\mcufinder
2023-12-31 13:39:37,372 [INFO] DbMcusAds:125 - Set database path to: C:\Users\umutu\.stmcufinder\plugins\mcufinder//mcu/
2023-12-31 13:39:37,372 [WARN] DbFile:41 - Overriding database path with different value: C:\Users\umutu\.stmcufinder\plugins\mcufinder/ => C:\Users\umutu\.stmcufinder\plugins\mcufinder
2023-12-31 13:39:37,372 [WARN] DbFile:41 - Overriding database path with different value: C:\Users\umutu\.stmcufinder\plugins\mcufinder/ => C:\Users\umutu\.stmcufinder\plugins\mcufinder
2023-12-31 13:39:37,372 [INFO] CrossReferenceDbSqlite:203 - Set database path to: C:\Users\umutu\.stmcufinder\plugins\mcufinder//mcu/cs/
2023-12-31 13:39:37,386 [INFO] ApplicationProperties:184 - Using Application install path: C:\ST\STM32CubeIDE_1.12.0\STM32CubeIDE\plugins\com.st.stm32cube.common.mx_6.10.0.202311202037
2023-12-31 13:39:37,387 [INFO] PluginManage:196 - Search for loadable plugins [exclusion list=, ]
2023-12-31 13:39:37,389 [INFO] PluginManage:310 - Check plugin analytics
2023-12-31 13:39:37,547 [INFO] AnalyticsPlugin:253 - Accepted Software Licenses: 
2023-12-31 13:39:37,547 [INFO] AnalyticsPlugin:255 - Accepted CMSIS Pack Licenses: 
2023-12-31 13:39:37,548 [INFO] AnalyticsPlugin:257 - Accepted Firmware Licenses: 
2023-12-31 13:39:37,551 [INFO] PluginManage:359 - Loaded plugin analytics (category:tool,tabindex:-1)
2023-12-31 13:39:37,552 [INFO] PluginManage:310 - Check plugin cadmodel
2023-12-31 13:39:37,572 [INFO] CADModel:105 - Init CAD model plugin
2023-12-31 13:39:37,572 [INFO] PluginManage:359 - Loaded plugin cadmodel (category:power,tabindex:5)
2023-12-31 13:39:37,572 [INFO] PluginManage:310 - Check plugin clock
2023-12-31 13:39:37,587 [INFO] PluginManage:359 - Loaded plugin clock (category:base,tabindex:2)
2023-12-31 13:39:37,587 [INFO] PluginManage:310 - Check plugin ddr
2023-12-31 13:39:37,589 [INFO] PluginManage:359 - Loaded plugin ddr (category:tool,tabindex:6)
2023-12-31 13:39:37,589 [INFO] PluginManage:310 - Check plugin filemanager
2023-12-31 13:39:37,721 [INFO] PluginManage:359 - Loaded plugin filemanager (category:base,tabindex:10)
2023-12-31 13:39:37,721 [INFO] PluginManage:310 - Check plugin ipmanager
2023-12-31 13:39:37,726 [INFO] PluginManage:359 - Loaded plugin ipmanager (category:base,tabindex:5)
2023-12-31 13:39:37,726 [INFO] PluginManage:310 - Check plugin lpbam
2023-12-31 13:39:37,844 [INFO] PluginManage:359 - Loaded plugin lpbam (category:base,tabindex:0)
2023-12-31 13:39:37,844 [INFO] PluginManage:310 - Check plugin memorymap
2023-12-31 13:39:37,957 [INFO] PluginManage:359 - Loaded plugin memorymap (category:base,tabindex:4)
2023-12-31 13:39:37,957 [INFO] PluginManage:310 - Check plugin pinoutandconfiguration
2023-12-31 13:39:37,971 [INFO] PluginManage:359 - Loaded plugin pinoutandconfiguration (category:base,tabindex:1)
2023-12-31 13:39:37,972 [INFO] PluginManage:310 - Check plugin pinoutconfig
2023-12-31 13:39:38,056 [WARN] SupportedApi:132 - Cannot load RTOS API schema: s4s-elt-must-match.1: The content of 'definitions' must match (annotation?, (simpleType | complexType)?, (unique | key | keyref)*)). A problem was found starting at: attribute.
2023-12-31 13:39:38,178 [INFO] PluginManage:359 - Loaded plugin pinoutconfig (category:base,tabindex:0)
2023-12-31 13:39:38,178 [INFO] PluginManage:310 - Check plugin power
2023-12-31 13:39:38,211 [INFO] PluginManage:359 - Loaded plugin power (category:power,tabindex:4)
2023-12-31 13:39:38,212 [INFO] PluginManage:310 - Check plugin projectmanager
2023-12-31 13:39:38,227 [INFO] PluginManage:359 - Loaded plugin projectmanager (category:projectmanager,tabindex:3)
2023-12-31 13:39:38,227 [INFO] PluginManage:310 - Check plugin thirdparty
2023-12-31 13:39:38,421 [INFO] PluginManage:359 - Loaded plugin thirdparty (category:base,tabindex:-1)
2023-12-31 13:39:38,422 [INFO] PluginManage:310 - Check plugin tools
2023-12-31 13:39:38,421 [WARN] IntegrityCheckThread:84 - waiting for thirdparty lock release [integrity check]
2023-12-31 13:39:38,422 [INFO] IntegrityCheckThread:86 - entering critical section [integrity check]
2023-12-31 13:39:38,422 [INFO] ThirdPartyUpdaterWithRetryManager:70 - Updater plugin not ready yet. [1/15]
2023-12-31 13:39:38,441 [INFO] PluginManage:359 - Loaded plugin tools (category:base,tabindex:7)
2023-12-31 13:39:38,441 [INFO] PluginManage:310 - Check plugin tutovideos
2023-12-31 13:39:38,623 [INFO] PluginManage:359 - Loaded plugin tutovideos (category:base,tabindex:-1)
2023-12-31 13:39:38,623 [INFO] PluginManage:310 - Check plugin updater
2023-12-31 13:39:38,632 [INFO] PluginManage:359 - Loaded plugin updater (category:base,tabindex:12)
2023-12-31 13:39:38,633 [INFO] PluginManage:310 - Check plugin userauth
2023-12-31 13:39:38,637 [INFO] UserAuth:114 - Init User Auth plugin
2023-12-31 13:39:38,638 [INFO] PluginManage:359 - Loaded plugin userauth (category:base,tabindex:14)
2023-12-31 13:39:38,638 [INFO] PluginManage:283 - PluginManage : Loaded plugins [17]
2023-12-31 13:39:38,813 [INFO] PinOutPanel:1499 - setPackage(No Configuration,No Configuration)
2023-12-31 13:39:38,876 [INFO] CADModel:165 - CPN selected for project level
2023-12-31 13:39:38,876 [INFO] CADModel:114 - Register for checkConnection events
2023-12-31 13:39:38,932 [INFO] IPUIPlugin:80 - create IPUIPlugin
2023-12-31 13:39:38,932 [INFO] PluginManager:220 - loadIPPluginJar : add adc
2023-12-31 13:39:38,946 [INFO] IPUIPlugin:80 - create IPUIPlugin
2023-12-31 13:39:38,946 [INFO] PluginManager:220 - loadIPPluginJar : add aes
2023-12-31 13:39:38,963 [INFO] IPUIPlugin:80 - create IPUIPlugin
2023-12-31 13:39:38,963 [INFO] PluginManager:220 - loadIPPluginJar : add can
2023-12-31 13:39:38,972 [INFO] IPUIPlugin:80 - create IPUIPlugin
2023-12-31 13:39:38,972 [INFO] PluginManager:220 - loadIPPluginJar : add comp
2023-12-31 13:39:38,986 [INFO] IPUIPlugin:80 - create IPUIPlugin
2023-12-31 13:39:38,986 [INFO] PluginManager:220 - loadIPPluginJar : add cryp
2023-12-31 13:39:39,000 [INFO] IPUIPlugin:80 - create IPUIPlugin
2023-12-31 13:39:39,001 [INFO] PluginManager:220 - loadIPPluginJar : add dfsdm
2023-12-31 13:39:39,036 [INFO] IPUIPlugin:80 - create IPUIPlugin
2023-12-31 13:39:39,037 [INFO] PluginManager:220 - loadIPPluginJar : add dma
2023-12-31 13:39:39,056 [INFO] IPUIPlugin:80 - create IPUIPlugin
2023-12-31 13:39:39,056 [INFO] PluginManager:220 - loadIPPluginJar : add dma3
2023-12-31 13:39:39,067 [INFO] IPUIPlugin:80 - create IPUIPlugin
2023-12-31 13:39:39,067 [INFO] PluginManager:220 - loadIPPluginJar : add fatfs
2023-12-31 13:39:39,086 [INFO] IPUIPlugin:80 - create IPUIPlugin
2023-12-31 13:39:39,086 [INFO] PluginManager:220 - loadIPPluginJar : add fmc
2023-12-31 13:39:39,094 [INFO] IPUIPlugin:80 - create IPUIPlugin
2023-12-31 13:39:39,094 [INFO] PluginManager:220 - loadIPPluginJar : add freertos
2023-12-31 13:39:39,104 [INFO] IPUIPlugin:80 - create IPUIPlugin
2023-12-31 13:39:39,105 [INFO] PluginManager:220 - loadIPPluginJar : add genericplugin
2023-12-31 13:39:39,135 [INFO] IPUIPlugin:80 - create IPUIPlugin
2023-12-31 13:39:39,136 [INFO] PluginManager:220 - loadIPPluginJar : add gfxmmu
2023-12-31 13:39:39,180 [INFO] IPUIPlugin:80 - create IPUIPlugin
2023-12-31 13:39:39,180 [INFO] PluginManager:220 - loadIPPluginJar : add gic
2023-12-31 13:39:39,257 [INFO] IPUIPlugin:80 - create IPUIPlugin
2023-12-31 13:39:39,257 [INFO] PluginManager:220 - loadIPPluginJar : add gpio
2023-12-31 13:39:39,287 [INFO] IPUIPlugin:80 - create IPUIPlugin
2023-12-31 13:39:39,287 [INFO] PluginManager:220 - loadIPPluginJar : add gtzc
2023-12-31 13:39:39,301 [INFO] IPUIPlugin:80 - create IPUIPlugin
2023-12-31 13:39:39,301 [INFO] PluginManager:220 - loadIPPluginJar : add hash
2023-12-31 13:39:39,322 [INFO] IPUIPlugin:80 - create IPUIPlugin
2023-12-31 13:39:39,323 [INFO] PluginManager:220 - loadIPPluginJar : add i2c
2023-12-31 13:39:39,337 [INFO] IPUIPlugin:80 - create IPUIPlugin
2023-12-31 13:39:39,338 [INFO] PluginManager:220 - loadIPPluginJar : add i2s
2023-12-31 13:39:39,353 [INFO] IPUIPlugin:80 - create IPUIPlugin
2023-12-31 13:39:39,353 [INFO] PluginManager:220 - loadIPPluginJar : add i3c
2023-12-31 13:39:39,381 [INFO] IPUIPlugin:80 - create IPUIPlugin
2023-12-31 13:39:39,381 [INFO] PluginManager:220 - loadIPPluginJar : add ipddr
2023-12-31 13:39:39,417 [INFO] IPUIPlugin:80 - create IPUIPlugin
2023-12-31 13:39:39,418 [INFO] PluginManager:220 - loadIPPluginJar : add linkedlist
2023-12-31 13:39:39,433 [INFO] IPUIPlugin:80 - create IPUIPlugin
2023-12-31 13:39:39,433 [INFO] PluginManager:220 - loadIPPluginJar : add lorawan
2023-12-31 13:39:39,448 [INFO] IPUIPlugin:80 - create IPUIPlugin
2023-12-31 13:39:39,448 [INFO] PluginManager:220 - loadIPPluginJar : add ltdc
2023-12-31 13:39:39,517 [INFO] IPUIPlugin:80 - create IPUIPlugin
2023-12-31 13:39:39,517 [INFO] PluginManager:220 - loadIPPluginJar : add mdma
2023-12-31 13:39:39,589 [INFO] IPUIPlugin:80 - create IPUIPlugin
2023-12-31 13:39:39,589 [INFO] PluginManager:220 - loadIPPluginJar : add nvic
2023-12-31 13:39:39,604 [INFO] IPUIPlugin:80 - create IPUIPlugin
2023-12-31 13:39:39,604 [INFO] PluginManager:220 - loadIPPluginJar : add opamp
2023-12-31 13:39:39,627 [INFO] IPUIPlugin:80 - create IPUIPlugin
2023-12-31 13:39:39,628 [INFO] PluginManager:220 - loadIPPluginJar : add openamp
2023-12-31 13:39:39,645 [INFO] IPUIPlugin:80 - create IPUIPlugin
2023-12-31 13:39:39,645 [INFO] PluginManager:220 - loadIPPluginJar : add pdm2pcm
2023-12-31 13:39:39,714 [INFO] IPUIPlugin:80 - create IPUIPlugin
2023-12-31 13:39:39,716 [INFO] PluginManager:220 - loadIPPluginJar : add plateformsettings
2023-12-31 13:39:39,727 [INFO] IPUIPlugin:80 - create IPUIPlugin
2023-12-31 13:39:39,727 [INFO] PluginManager:220 - loadIPPluginJar : add quadspi
2023-12-31 13:39:39,736 [INFO] IPUIPlugin:80 - create IPUIPlugin
2023-12-31 13:39:39,736 [INFO] PluginManager:220 - loadIPPluginJar : add resmgrutility
2023-12-31 13:39:39,756 [INFO] IPUIPlugin:80 - create IPUIPlugin
2023-12-31 13:39:39,756 [INFO] PluginManager:220 - loadIPPluginJar : add sai
2023-12-31 13:39:39,772 [INFO] IPUIPlugin:80 - create IPUIPlugin
2023-12-31 13:39:39,772 [INFO] PluginManager:220 - loadIPPluginJar : add spi
2023-12-31 13:39:39,801 [INFO] IPUIPlugin:80 - create IPUIPlugin
2023-12-31 13:39:39,801 [INFO] PluginManager:220 - loadIPPluginJar : add stm32_wpan
2023-12-31 13:39:39,811 [INFO] IPUIPlugin:80 - create IPUIPlugin
2023-12-31 13:39:39,811 [INFO] PluginManager:220 - loadIPPluginJar : add tim
2023-12-31 13:39:39,832 [INFO] IPUIPlugin:80 - create IPUIPlugin
2023-12-31 13:39:39,832 [INFO] PluginManager:220 - loadIPPluginJar : add touchsensing
2023-12-31 13:39:39,843 [INFO] IPUIPlugin:80 - create IPUIPlugin
2023-12-31 13:39:39,843 [INFO] PluginManager:220 - loadIPPluginJar : add tracer_emb
2023-12-31 13:39:39,853 [INFO] IPUIPlugin:80 - create IPUIPlugin
2023-12-31 13:39:39,854 [INFO] PluginManager:220 - loadIPPluginJar : add ts
2023-12-31 13:39:39,864 [INFO] IPUIPlugin:80 - create IPUIPlugin
2023-12-31 13:39:39,864 [INFO] PluginManager:220 - loadIPPluginJar : add tsc
2023-12-31 13:39:39,874 [INFO] IPUIPlugin:80 - create IPUIPlugin
2023-12-31 13:39:39,874 [INFO] PluginManager:220 - loadIPPluginJar : add ucpd
2023-12-31 13:39:39,891 [INFO] IPUIPlugin:80 - create IPUIPlugin
2023-12-31 13:39:39,891 [INFO] PluginManager:220 - loadIPPluginJar : add usart
2023-12-31 13:39:39,906 [INFO] IPUIPlugin:80 - create IPUIPlugin
2023-12-31 13:39:39,907 [INFO] PluginManager:220 - loadIPPluginJar : add usbx
2023-12-31 13:39:40,028 [INFO] CADModel:165 - CPN selected for project level
2023-12-31 13:39:40,028 [INFO] CADModel:114 - Register for checkConnection events
2023-12-31 13:39:40,029 [FATAL] Updater:308 - Updater called before beeing initialized
2023-12-31 13:39:40,029 [ERROR] CADModel:125 - Updater not yet initialized, retry later 
2023-12-31 13:39:40,155 [INFO] CADModel:165 - CPN selected for project level
2023-12-31 13:39:40,155 [INFO] CADModel:114 - Register for checkConnection events
2023-12-31 13:39:40,155 [FATAL] Updater:308 - Updater called before beeing initialized
2023-12-31 13:39:40,155 [ERROR] CADModel:125 - Updater not yet initialized, retry later 
2023-12-31 13:39:40,158 [FATAL] Updater:308 - Updater called before beeing initialized
2023-12-31 13:39:40,255 [FATAL] Updater:308 - Updater called before beeing initialized
2023-12-31 13:39:40,263 [INFO] DbMcusAds:53 - JSON generation date=Wed Nov 29 13:52:27 TRT 2023 (1701255147349)
2023-12-31 13:39:40,263 [FATAL] Updater:308 - Updater called before beeing initialized
2023-12-31 13:39:40,344 [WARN] DetailPanel:346 - Failed to get advertising image, set to default
2023-12-31 13:39:40,425 [FATAL] Updater:308 - Updater called before beeing initialized
2023-12-31 13:39:40,427 [FATAL] Updater:308 - Updater called before beeing initialized
2023-12-31 13:39:40,427 [FATAL] Updater:308 - Updater called before beeing initialized
2023-12-31 13:39:40,427 [WARN] DetailPanel:346 - Failed to get advertising image, set to default
2023-12-31 13:39:40,429 [FATAL] Updater:308 - Updater called before beeing initialized
2023-12-31 13:39:40,496 [ERROR] Updater:1120 - MainUpdater not yet initialized. External WinMGr cannot be set.
2023-12-31 13:39:40,502 [INFO] Updater:1056 - Updater Version found : 6.10.0
2023-12-31 13:39:40,531 [INFO] ApplicationProperties:184 - Using Application install path: C:\ST\STM32CubeIDE_1.12.0\STM32CubeIDE\plugins\com.st.stm32cube.common.mx_6.10.0.202311202037
2023-12-31 13:39:41,424 [INFO] ThirdPartyUpdaterWithRetryManager:70 - Updater plugin not ready yet. [2/15]
2023-12-31 13:39:42,118 [ERROR] LogOutputStream:75 - [STDERR_REDIRECT] Dec 31, 2023 1:39:42 PM java.util.prefs.WindowsPreferences <init>
2023-12-31 13:39:42,122 [ERROR] LogOutputStream:75 - [STDERR_REDIRECT] WARNING: Could not open/create prefs root node Software\JavaSoft\Prefs at root 0xffffffff80000002. Windows RegCreateKeyEx(...) returned error code 5.
2023-12-31 13:39:42,122 [ERROR] LogOutputStream:75 - [STDERR_REDIRECT] 
2023-12-31 13:39:42,429 [INFO] MainUpdater:2873 - connection check result : 10
2023-12-31 13:39:42,430 [INFO] MainUpdater:290 - Updater Check For Update Now.
2023-12-31 13:39:42,430 [INFO] MicroXplorer:498 - Change Database Version : DB.6.0.100
2023-12-31 13:39:42,440 [INFO] McuFinderGlobals:63 - Set McuFinder mode to 2 (CubeIDE integrated)
2023-12-31 13:39:42,453 [INFO] UserAuth:404 - Internet connection configuration mode: 1
2023-12-31 13:39:42,474 [INFO] JxBrowserEngine:152 - Initiate JxBrowser Engine with user profile folder
2023-12-31 13:39:42,613 [INFO] CheckServerUpdateThread:120 - End of CheckServer Thread
2023-12-31 13:39:44,092 [INFO] WebApp:161 - Instantiating new browser for Auth
2023-12-31 13:39:44,597 [WARN] PackLoader:240 - Cannot read IP mode file for STMicroelectronics.X-CUBE-SMBUS.2.1.0
2023-12-31 13:39:44,603 [INFO] WebApp:780 - Register for checkConnection events
2023-12-31 13:39:44,603 [INFO] WebApp:414 - Apply proxy settings
2023-12-31 13:39:44,604 [INFO] WebApp:499 - Chromium requires no authentication
2023-12-31 13:39:44,610 [WARN] PackLoader:240 - Cannot read IP mode file for STMicroelectronics.X-CUBE-TOUCHGFX.4.23.0
2023-12-31 13:39:44,611 [INFO] WebApp:442 - Direct internet connection detected
2023-12-31 13:39:44,671 [WARN] PackLoader:240 - Cannot read IP mode file for STMicroelectronics.X-CUBE-AZRTOS-F7.1.1.0
2023-12-31 13:39:44,694 [WARN] PackLoader:240 - Cannot read IP mode file for STMicroelectronics.FP-SNS-MOTENV1.4.3.2
2023-12-31 13:39:44,712 [WARN] PackLoader:240 - Cannot read IP mode file for STMicroelectronics.X-CUBE-BLE1.6.2.4
2023-12-31 13:39:44,722 [WARN] PackLoader:240 - Cannot read IP mode file for STMicroelectronics.FP-SNS-FLIGHT1.5.0.2
2023-12-31 13:39:44,735 [WARN] PackLoader:240 - Cannot read IP mode file for STMicroelectronics.X-CUBE-DISPLAY.3.0.0
2023-12-31 13:39:44,755 [WARN] PackLoader:240 - Cannot read IP mode file for STMicroelectronics.X-CUBE-BLE1.7.0.0
2023-12-31 13:39:44,765 [WARN] PackLoader:240 - Cannot read IP mode file for emotas.I-CUBE-CANOPEN.1.3.0
2023-12-31 13:39:44,777 [WARN] PackLoader:240 - Cannot read IP mode file for STMicroelectronics.X-CUBE-TOUCHGFX.4.22.0
2023-12-31 13:39:44,786 [WARN] PackLoader:240 - Cannot read IP mode file for STMicroelectronics.X-CUBE-TOUCHGFX.4.22.1
2023-12-31 13:39:44,794 [WARN] PackLoader:240 - Cannot read IP mode file for STMicroelectronics.FP-SNS-SMARTAG2.1.2.0
2023-12-31 13:39:44,814 [INFO] LogOutputStream:77 - [STDOUT_REDIRECT] 1 : Invalid condition id : UX_CORESTACK_Condition cause : null
2023-12-31 13:39:44,815 [INFO] LogOutputStream:77 - [STDOUT_REDIRECT] 1 : Invalid condition id : UX_CORESTACK_Condition cause : null
2023-12-31 13:39:44,816 [INFO] LogOutputStream:77 - [STDOUT_REDIRECT] 1 : Invalid condition id : UX_CORESTACK_Condition cause : null
2023-12-31 13:39:44,818 [INFO] LogOutputStream:77 - [STDOUT_REDIRECT] 1 : Invalid condition id : UX_CORESTACK_Condition cause : null
2023-12-31 13:39:44,819 [INFO] LogOutputStream:77 - [STDOUT_REDIRECT] 1 : Invalid condition id : UX_CORESTACK_Condition cause : null
2023-12-31 13:39:44,824 [WARN] PackLoader:240 - Cannot read IP mode file for STMicroelectronics.X-CUBE-AZRTOS-WL.2.0.0
2023-12-31 13:39:44,843 [WARN] PackLoader:240 - Cannot read IP mode file for WES.I-CUBE-Cesium.1.3.0
2023-12-31 13:39:44,852 [INFO] WebApp:192 - Starting web application
2023-12-31 13:39:44,853 [INFO] WebApp:544 - Web application path used C:\ST\STM32CubeIDE_1.12.0\STM32CubeIDE\plugins\com.st.stm32cube.common.mx_6.10.0.202311202037\db\plugins\mcufinder\reactClient1\index.html
2023-12-31 13:39:44,857 [WARN] PackLoader:240 - Cannot read IP mode file for STMicroelectronics.X-CUBE-BLE2.3.3.0
2023-12-31 13:39:44,872 [WARN] PackLoader:240 - Cannot read IP mode file for STMicroelectronics.X-CUBE-ALGOBUILD.1.3.0
2023-12-31 13:39:44,915 [WARN] PackLoader:240 - Cannot read IP mode file for STMicroelectronics.X-CUBE-AZRTOS-G0.1.1.0
2023-12-31 13:39:44,929 [WARN] PackLoader:240 - Cannot read IP mode file for STMicroelectronics.X-CUBE-NFC4.3.0.0
2023-12-31 13:39:44,946 [WARN] PackLoader:240 - Cannot read IP mode file for STMicroelectronics.X-CUBE-BLEMGR.3.0.0
2023-12-31 13:39:44,964 [WARN] PackLoader:240 - Cannot read IP mode file for STMicroelectronics.FP-ATR-SIGFOX1.3.2.0
2023-12-31 13:39:45,010 [WARN] PackLoader:240 - Cannot read IP mode file for SEGGER.I-CUBE-embOS.1.3.1
2023-12-31 13:39:45,079 [WARN] PackLoader:240 - Cannot read IP mode file for STMicroelectronics.X-CUBE-GNSS1.6.0.0
2023-12-31 13:39:45,126 [WARN] PackLoader:240 - Cannot read IP mode file for STMicroelectronics.X-CUBE-AZRTOS-F4.1.1.0
2023-12-31 13:39:45,161 [WARN] PackLoader:240 - Cannot read IP mode file for wolfSSL.I-CUBE-wolfSSL.5.6.3
2023-12-31 13:39:45,227 [WARN] PackLoader:240 - Cannot read IP mode file for STMicroelectronics.X-CUBE-AZRTOS-L5.2.0.0
2023-12-31 13:39:45,280 [WARN] PackLoader:240 - Cannot read IP mode file for STMicroelectronics.X-CUBE-MEMS1.9.6.0
2023-12-31 13:39:45,447 [WARN] PackLoader:240 - Cannot read IP mode file for STMicroelectronics.X-CUBE-EEPRMA1.4.2.0
2023-12-31 13:39:45,465 [WARN] PackLoader:240 - Cannot read IP mode file for ITTIA_DB.I-CUBE-ITTIADB.8.8.0
2023-12-31 13:39:45,488 [WARN] PackLoader:240 - Cannot read IP mode file for STMicroelectronics.X-CUBE-BLEMGR.2.0.0
2023-12-31 13:39:45,521 [WARN] ConditionMgr:438 - getConditionDescription Invalid condition id : UX DEVICE CLASS RTOS Condition cause : null
2023-12-31 13:39:45,522 [WARN] ConditionMgr:438 - getConditionDescription Invalid condition id : UX DEVICE CLASS RTOS Condition cause : null
2023-12-31 13:39:45,523 [WARN] PackLoader:240 - Cannot read IP mode file for STMicroelectronics.X-CUBE-AZRTOS-H7.3.1.0
2023-12-31 13:39:45,524 [WARN] ConditionMgr:1039 - genDependencies : Invalid condition id : UX DEVICE CLASS RTOS Condition cause : null
2023-12-31 13:39:45,524 [WARN] ConditionMgr:1039 - genDependencies : Invalid condition id : UX DEVICE CLASS RTOS Condition cause : null
2023-12-31 13:39:45,525 [WARN] ConditionMgr:1039 - genDependencies : Invalid condition id : UX DEVICE CLASS RTOS Condition cause : null
2023-12-31 13:39:45,526 [WARN] ConditionMgr:1039 - genDependencies : Invalid condition id : UX DEVICE CLASS RTOS Condition cause : null
2023-12-31 13:39:45,526 [WARN] ConditionMgr:1039 - genDependencies : Invalid condition id : UX DEVICE CLASS RTOS Condition cause : null
2023-12-31 13:39:45,543 [WARN] PackLoader:240 - Cannot read IP mode file for STMicroelectronics.X-CUBE-NFC7.1.0.1
2023-12-31 13:39:45,561 [WARN] PackLoader:240 - Cannot read IP mode file for STMicroelectronics.X-CUBE-NFC6.3.0.0
2023-12-31 13:39:45,574 [WARN] PackLoader:240 - Cannot read IP mode file for STMicroelectronics.X-CUBE-EEPRMA1.4.1.0
2023-12-31 13:39:45,582 [WARN] PackLoader:240 - Cannot read IP mode file for STMicroelectronics.X-CUBE-AI.8.1.0
2023-12-31 13:39:45,622 [WARN] ConditionMgr:438 - getConditionDescription Invalid condition id : LAN8742 Phy interface Condition cause : null
2023-12-31 13:39:45,622 [WARN] PackLoader:240 - Cannot read IP mode file for STMicroelectronics.X-CUBE-AZRTOS-L4.2.0.0
2023-12-31 13:39:45,623 [WARN] ConditionMgr:1039 - genDependencies : Invalid condition id : LAN8742 Phy interface Condition cause : null
2023-12-31 13:39:45,623 [WARN] ConditionMgr:1039 - genDependencies : Invalid condition id : LAN8742 Phy interface Condition cause : null
2023-12-31 13:39:45,624 [WARN] ConditionMgr:1039 - genDependencies : Invalid condition id : LAN8742 Phy interface Condition cause : null
2023-12-31 13:39:45,637 [WARN] PackLoader:240 - Cannot read IP mode file for STMicroelectronics.X-CUBE-SFXS2LP1.4.0.0
2023-12-31 13:39:45,646 [WARN] PackLoader:240 - Cannot read IP mode file for STMicroelectronics.X-CUBE-ISPU.1.1.0
2023-12-31 13:39:45,672 [WARN] ConditionMgr:438 - getConditionDescription Invalid condition id : UX DEVICE CLASS RTOS Condition cause : null
2023-12-31 13:39:45,672 [WARN] ConditionMgr:438 - getConditionDescription Invalid condition id : UX DEVICE CLASS RTOS Condition cause : null
2023-12-31 13:39:45,674 [WARN] PackLoader:240 - Cannot read IP mode file for STMicroelectronics.X-CUBE-AZRTOS-WB.2.0.0
2023-12-31 13:39:45,675 [WARN] ConditionMgr:1039 - genDependencies : Invalid condition id : UX DEVICE CLASS RTOS Condition cause : null
2023-12-31 13:39:45,675 [WARN] ConditionMgr:1039 - genDependencies : Invalid condition id : UX DEVICE CLASS RTOS Condition cause : null
2023-12-31 13:39:45,675 [WARN] ConditionMgr:1039 - genDependencies : Invalid condition id : UX DEVICE CLASS RTOS Condition cause : null
2023-12-31 13:39:45,676 [WARN] ConditionMgr:1039 - genDependencies : Invalid condition id : UX DEVICE CLASS RTOS Condition cause : null
2023-12-31 13:39:45,676 [WARN] ConditionMgr:1039 - genDependencies : Invalid condition id : UX DEVICE CLASS RTOS Condition cause : null
2023-12-31 13:39:45,690 [WARN] PackLoader:240 - Cannot read IP mode file for STMicroelectronics.X-CUBE-FREERTOS.1.0.1
2023-12-31 13:39:45,741 [WARN] PackLoader:240 - Cannot read IP mode file for STMicroelectronics.X-CUBE-AZRTOS-L5.1.1.0
2023-12-31 13:39:45,760 [WARN] PackLoader:240 - Cannot read IP mode file for STMicroelectronics.X-CUBE-AI.8.0.1
2023-12-31 13:39:45,786 [WARN] PackLoader:240 - Cannot read IP mode file for STMicroelectronics.X-CUBE-SUBG2.5.0.0
2023-12-31 13:39:45,824 [WARN] PackLoader:240 - Cannot read IP mode file for STMicroelectronics.X-CUBE-TOF1.3.3.1
2023-12-31 13:39:45,856 [WARN] PackLoader:240 - Cannot read IP mode file for STMicroelectronics.X-CUBE-AZRTOS-G4.2.0.0
2023-12-31 13:39:45,879 [WARN] PackLoader:240 - Cannot read IP mode file for Infineon.AIROC-Wi-Fi-Bluetooth-STM32.1.5.1
2023-12-31 13:39:45,891 [WARN] PackLoader:240 - Cannot read IP mode file for STMicroelectronics.FP-SNS-MOTENVWB1.1.3.0
2023-12-31 13:39:45,897 [WARN] PackLoader:240 - Cannot read IP mode file for STMicroelectronics.FP-SNS-MOTENVWB1.1.3.1
2023-12-31 13:39:45,907 [WARN] PackLoader:240 - Cannot read IP mode file for STMicroelectronics.X-CUBE-ISPU.2.0.0
2023-12-31 13:39:45,946 [WARN] PackLoader:240 - Cannot read IP mode file for STMicroelectronics.X-CUBE-MEMS1.10.0.0
2023-12-31 13:39:46,044 [WARN] PackLoader:240 - Cannot read IP mode file for STMicroelectronics.X-CUBE-FREERTOS.1.1.0
2023-12-31 13:39:46,056 [WARN] PackLoader:240 - Cannot read IP mode file for portGmbH.I-Cube-SoM-uGOAL.1.1.0
2023-12-31 13:39:46,070 [WARN] PackLoader:240 - Cannot read IP mode file for STMicroelectronics.X-CUBE-ALS.1.0.1
2023-12-31 13:39:46,094 [WARN] PackLoader:240 - Cannot read IP mode file for STMicroelectronics.X-CUBE-AZRTOS-WB.1.1.0
2023-12-31 13:39:46,108 [WARN] PackLoader:240 - Cannot read IP mode file for STMicroelectronics.FP-ATR-ASTRA1.2.0.0
2023-12-31 13:39:46,122 [WARN] PackLoader:240 - Cannot read IP mode file for STMicroelectronics.X-CUBE-TOF1.3.4.0
2023-12-31 13:39:46,161 [WARN] PackLoader:240 - Cannot read IP mode file for STMicroelectronics.X-CUBE-AZRTOS-H7.3.2.0
2023-12-31 13:39:46,164 [INFO] ThirdParty:978 - Integrity check success = true
2023-12-31 13:39:46,164 [INFO] IntegrityCheckThread:100 - exiting critical section [integrity check]
2023-12-31 13:39:46,164 [INFO] IntegrityCheckThread:103 - End integrity checks thread
2023-12-31 17:04:39,367 [ERROR] LogOutputStream:75 - [STDERR_REDIRECT] 
2023-12-31 18:30:28,205 [INFO] Activator:176 - 


2023-12-31 18:30:28,208 [INFO] Activator:177 - !SESSION log4j initialized
2023-12-31 18:30:36,354 [INFO] LogOutputStream:77 - [STDOUT_REDIRECT] 
2023-12-31 18:30:37,497 [INFO] ApplicationProperties:184 - Using Application install path: C:\ST\STM32CubeIDE_1.12.0\STM32CubeIDE\plugins\com.st.stm32cube.common.mx_6.10.0.202311202037
2023-12-31 18:30:37,519 [INFO] DbMcusXml:78 - Set database path to: C:\ST\STM32CubeIDE_1.12.0\STM32CubeIDE\plugins\com.st.stm32cube.common.mx_6.10.0.202311202037\\db\/mcu/
2023-12-31 18:30:37,520 [INFO] ApiDb:274 - Set plugin database path to: C:\ST\STM32CubeIDE_1.12.0\STM32CubeIDE\plugins\com.st.stm32cube.common.mx_6.10.0.202311202037\\db\/plugins/boardmanager/
2023-12-31 18:30:37,520 [WARN] ApiDb:259 - Overriding images path with different value:  => C:\ST\STM32CubeIDE_1.12.0\STM32CubeIDE\plugins\com.st.stm32cube.common.mx_6.10.0.202311202037\\db\/plugins/mcufinder/images/
2023-12-31 18:30:37,540 [INFO] ApiDb:250 - Set database path to: C:\Users\umutu\.stmcufinder\plugins\mcufinder//mcu/
2023-12-31 18:30:37,544 [INFO] DbMcusAds:125 - Set database path to: C:\Users\umutu\.stmcufinder\plugins\mcufinder//mcu/
2023-12-31 18:30:37,546 [INFO] CrossReferenceDbSqlite:203 - Set database path to: C:\Users\umutu\.stmcufinder\plugins\mcufinder//mcu/cs/
2023-12-31 18:30:37,665 [INFO] RulesReader:64 - Compatibility file has been processed (297 Rules)
2023-12-31 18:30:37,737 [INFO] DbMcusXml:78 - Set database path to: C:\ST\STM32CubeIDE_1.12.0\STM32CubeIDE\plugins\com.st.stm32cube.common.mx_6.10.0.202311202037\\db\/mcu/
2023-12-31 18:30:37,737 [INFO] ApiDb:274 - Set plugin database path to: C:\ST\STM32CubeIDE_1.12.0\STM32CubeIDE\plugins\com.st.stm32cube.common.mx_6.10.0.202311202037\\db\/plugins/boardmanager/
2023-12-31 18:30:37,737 [INFO] ApiDb:261 - Set plugin images path to: C:\ST\STM32CubeIDE_1.12.0\STM32CubeIDE\plugins\com.st.stm32cube.common.mx_6.10.0.202311202037\\db\/plugins/mcufinder/images/
2023-12-31 18:30:37,738 [WARN] DbFile:41 - Overriding database path with different value: C:\Users\umutu\.stmcufinder\plugins\mcufinder/ => C:\Users\umutu\.stmcufinder\plugins\mcufinder
2023-12-31 18:30:37,738 [INFO] ApiDb:250 - Set database path to: C:\Users\umutu\.stmcufinder\plugins\mcufinder//mcu/
2023-12-31 18:30:37,738 [WARN] DbFile:41 - Overriding database path with different value: C:\Users\umutu\.stmcufinder\plugins\mcufinder/ => C:\Users\umutu\.stmcufinder\plugins\mcufinder
2023-12-31 18:30:37,738 [INFO] DbMcusAds:125 - Set database path to: C:\Users\umutu\.stmcufinder\plugins\mcufinder//mcu/
2023-12-31 18:30:37,738 [WARN] DbFile:41 - Overriding database path with different value: C:\Users\umutu\.stmcufinder\plugins\mcufinder/ => C:\Users\umutu\.stmcufinder\plugins\mcufinder
2023-12-31 18:30:37,738 [WARN] DbFile:41 - Overriding database path with different value: C:\Users\umutu\.stmcufinder\plugins\mcufinder/ => C:\Users\umutu\.stmcufinder\plugins\mcufinder
2023-12-31 18:30:37,738 [INFO] CrossReferenceDbSqlite:203 - Set database path to: C:\Users\umutu\.stmcufinder\plugins\mcufinder//mcu/cs/
2023-12-31 18:30:37,901 [INFO] MainPanel:264 - HeapMemory: 268435456
2023-12-31 18:30:38,081 [INFO] DbMcusXml:78 - Set database path to: C:\ST\STM32CubeIDE_1.12.0\STM32CubeIDE\plugins\com.st.stm32cube.common.mx_6.10.0.202311202037\\db\/mcu/
2023-12-31 18:30:38,081 [INFO] ApiDb:274 - Set plugin database path to: C:\ST\STM32CubeIDE_1.12.0\STM32CubeIDE\plugins\com.st.stm32cube.common.mx_6.10.0.202311202037\\db\/plugins/boardmanager/
2023-12-31 18:30:38,081 [INFO] ApiDb:261 - Set plugin images path to: C:\ST\STM32CubeIDE_1.12.0\STM32CubeIDE\plugins\com.st.stm32cube.common.mx_6.10.0.202311202037\\db\/plugins/mcufinder/images/
2023-12-31 18:30:38,082 [WARN] DbFile:41 - Overriding database path with different value: C:\Users\umutu\.stmcufinder\plugins\mcufinder/ => C:\Users\umutu\.stmcufinder\plugins\mcufinder
2023-12-31 18:30:38,082 [INFO] ApiDb:250 - Set database path to: C:\Users\umutu\.stmcufinder\plugins\mcufinder//mcu/
2023-12-31 18:30:38,082 [WARN] DbFile:41 - Overriding database path with different value: C:\Users\umutu\.stmcufinder\plugins\mcufinder/ => C:\Users\umutu\.stmcufinder\plugins\mcufinder
2023-12-31 18:30:38,082 [INFO] DbMcusAds:125 - Set database path to: C:\Users\umutu\.stmcufinder\plugins\mcufinder//mcu/
2023-12-31 18:30:38,082 [WARN] DbFile:41 - Overriding database path with different value: C:\Users\umutu\.stmcufinder\plugins\mcufinder/ => C:\Users\umutu\.stmcufinder\plugins\mcufinder
2023-12-31 18:30:38,082 [WARN] DbFile:41 - Overriding database path with different value: C:\Users\umutu\.stmcufinder\plugins\mcufinder/ => C:\Users\umutu\.stmcufinder\plugins\mcufinder
2023-12-31 18:30:38,082 [INFO] CrossReferenceDbSqlite:203 - Set database path to: C:\Users\umutu\.stmcufinder\plugins\mcufinder//mcu/cs/
2023-12-31 18:30:38,100 [INFO] ApplicationProperties:184 - Using Application install path: C:\ST\STM32CubeIDE_1.12.0\STM32CubeIDE\plugins\com.st.stm32cube.common.mx_6.10.0.202311202037
2023-12-31 18:30:38,102 [INFO] PluginManage:196 - Search for loadable plugins [exclusion list=, ]
2023-12-31 18:30:38,103 [INFO] PluginManage:310 - Check plugin analytics
2023-12-31 18:30:38,303 [INFO] AnalyticsPlugin:253 - Accepted Software Licenses: 
2023-12-31 18:30:38,303 [INFO] AnalyticsPlugin:255 - Accepted CMSIS Pack Licenses: 
2023-12-31 18:30:38,303 [INFO] AnalyticsPlugin:257 - Accepted Firmware Licenses: 
2023-12-31 18:30:38,306 [INFO] PluginManage:359 - Loaded plugin analytics (category:tool,tabindex:-1)
2023-12-31 18:30:38,307 [INFO] PluginManage:310 - Check plugin cadmodel
2023-12-31 18:30:38,312 [INFO] CADModel:105 - Init CAD model plugin
2023-12-31 18:30:38,313 [INFO] PluginManage:359 - Loaded plugin cadmodel (category:power,tabindex:5)
2023-12-31 18:30:38,313 [INFO] PluginManage:310 - Check plugin clock
2023-12-31 18:30:38,329 [INFO] PluginManage:359 - Loaded plugin clock (category:base,tabindex:2)
2023-12-31 18:30:38,329 [INFO] PluginManage:310 - Check plugin ddr
2023-12-31 18:30:38,332 [INFO] PluginManage:359 - Loaded plugin ddr (category:tool,tabindex:6)
2023-12-31 18:30:38,332 [INFO] PluginManage:310 - Check plugin filemanager
2023-12-31 18:30:38,485 [INFO] PluginManage:359 - Loaded plugin filemanager (category:base,tabindex:10)
2023-12-31 18:30:38,485 [INFO] PluginManage:310 - Check plugin ipmanager
2023-12-31 18:30:38,490 [INFO] PluginManage:359 - Loaded plugin ipmanager (category:base,tabindex:5)
2023-12-31 18:30:38,490 [INFO] PluginManage:310 - Check plugin lpbam
2023-12-31 18:30:38,500 [INFO] PluginManage:359 - Loaded plugin lpbam (category:base,tabindex:0)
2023-12-31 18:30:38,500 [INFO] PluginManage:310 - Check plugin memorymap
2023-12-31 18:30:38,513 [INFO] PluginManage:359 - Loaded plugin memorymap (category:base,tabindex:4)
2023-12-31 18:30:38,513 [INFO] PluginManage:310 - Check plugin pinoutandconfiguration
2023-12-31 18:30:38,522 [INFO] PluginManage:359 - Loaded plugin pinoutandconfiguration (category:base,tabindex:1)
2023-12-31 18:30:38,522 [INFO] PluginManage:310 - Check plugin pinoutconfig
2023-12-31 18:30:38,605 [WARN] SupportedApi:132 - Cannot load RTOS API schema: s4s-elt-must-match.1: The content of 'definitions' must match (annotation?, (simpleType | complexType)?, (unique | key | keyref)*)). A problem was found starting at: attribute.
2023-12-31 18:30:38,772 [INFO] PluginManage:359 - Loaded plugin pinoutconfig (category:base,tabindex:0)
2023-12-31 18:30:38,772 [INFO] PluginManage:310 - Check plugin power
2023-12-31 18:30:38,787 [INFO] PluginManage:359 - Loaded plugin power (category:power,tabindex:4)
2023-12-31 18:30:38,787 [INFO] PluginManage:310 - Check plugin projectmanager
2023-12-31 18:30:38,808 [INFO] PluginManage:359 - Loaded plugin projectmanager (category:projectmanager,tabindex:3)
2023-12-31 18:30:38,809 [INFO] PluginManage:310 - Check plugin thirdparty
2023-12-31 18:30:39,019 [INFO] PluginManage:359 - Loaded plugin thirdparty (category:base,tabindex:-1)
2023-12-31 18:30:39,019 [WARN] IntegrityCheckThread:84 - waiting for thirdparty lock release [integrity check]
2023-12-31 18:30:39,019 [INFO] IntegrityCheckThread:86 - entering critical section [integrity check]
2023-12-31 18:30:39,019 [INFO] PluginManage:310 - Check plugin tools
2023-12-31 18:30:39,020 [INFO] ThirdPartyUpdaterWithRetryManager:70 - Updater plugin not ready yet. [1/15]
2023-12-31 18:30:39,023 [INFO] PluginManage:359 - Loaded plugin tools (category:base,tabindex:7)
2023-12-31 18:30:39,023 [INFO] PluginManage:310 - Check plugin tutovideos
2023-12-31 18:30:39,229 [INFO] PluginManage:359 - Loaded plugin tutovideos (category:base,tabindex:-1)
2023-12-31 18:30:39,229 [INFO] PluginManage:310 - Check plugin updater
2023-12-31 18:30:39,242 [INFO] PluginManage:359 - Loaded plugin updater (category:base,tabindex:12)
2023-12-31 18:30:39,242 [INFO] PluginManage:310 - Check plugin userauth
2023-12-31 18:30:39,248 [INFO] UserAuth:114 - Init User Auth plugin
2023-12-31 18:30:39,248 [INFO] PluginManage:359 - Loaded plugin userauth (category:base,tabindex:14)
2023-12-31 18:30:39,248 [INFO] PluginManage:283 - PluginManage : Loaded plugins [17]
2023-12-31 18:30:39,483 [INFO] PinOutPanel:1499 - setPackage(No Configuration,No Configuration)
2023-12-31 18:30:39,549 [INFO] CADModel:165 - CPN selected for project level
2023-12-31 18:30:39,549 [INFO] CADModel:114 - Register for checkConnection events
2023-12-31 18:30:39,571 [INFO] IPUIPlugin:80 - create IPUIPlugin
2023-12-31 18:30:39,572 [INFO] PluginManager:220 - loadIPPluginJar : add adc
2023-12-31 18:30:39,575 [INFO] IPUIPlugin:80 - create IPUIPlugin
2023-12-31 18:30:39,576 [INFO] PluginManager:220 - loadIPPluginJar : add aes
2023-12-31 18:30:39,580 [INFO] IPUIPlugin:80 - create IPUIPlugin
2023-12-31 18:30:39,580 [INFO] PluginManager:220 - loadIPPluginJar : add can
2023-12-31 18:30:39,584 [INFO] IPUIPlugin:80 - create IPUIPlugin
2023-12-31 18:30:39,584 [INFO] PluginManager:220 - loadIPPluginJar : add comp
2023-12-31 18:30:39,587 [INFO] IPUIPlugin:80 - create IPUIPlugin
2023-12-31 18:30:39,587 [INFO] PluginManager:220 - loadIPPluginJar : add cryp
2023-12-31 18:30:39,590 [INFO] IPUIPlugin:80 - create IPUIPlugin
2023-12-31 18:30:39,590 [INFO] PluginManager:220 - loadIPPluginJar : add dfsdm
2023-12-31 18:30:39,596 [INFO] IPUIPlugin:80 - create IPUIPlugin
2023-12-31 18:30:39,596 [INFO] PluginManager:220 - loadIPPluginJar : add dma
2023-12-31 18:30:39,600 [INFO] IPUIPlugin:80 - create IPUIPlugin
2023-12-31 18:30:39,600 [INFO] PluginManager:220 - loadIPPluginJar : add dma3
2023-12-31 18:30:39,602 [INFO] IPUIPlugin:80 - create IPUIPlugin
2023-12-31 18:30:39,602 [INFO] PluginManager:220 - loadIPPluginJar : add fatfs
2023-12-31 18:30:39,607 [INFO] IPUIPlugin:80 - create IPUIPlugin
2023-12-31 18:30:39,607 [INFO] PluginManager:220 - loadIPPluginJar : add fmc
2023-12-31 18:30:39,613 [INFO] IPUIPlugin:80 - create IPUIPlugin
2023-12-31 18:30:39,613 [INFO] PluginManager:220 - loadIPPluginJar : add freertos
2023-12-31 18:30:39,616 [INFO] IPUIPlugin:80 - create IPUIPlugin
2023-12-31 18:30:39,616 [INFO] PluginManager:220 - loadIPPluginJar : add genericplugin
2023-12-31 18:30:39,619 [INFO] IPUIPlugin:80 - create IPUIPlugin
2023-12-31 18:30:39,620 [INFO] PluginManager:220 - loadIPPluginJar : add gfxmmu
2023-12-31 18:30:39,627 [INFO] IPUIPlugin:80 - create IPUIPlugin
2023-12-31 18:30:39,627 [INFO] PluginManager:220 - loadIPPluginJar : add gic
2023-12-31 18:30:39,632 [INFO] IPUIPlugin:80 - create IPUIPlugin
2023-12-31 18:30:39,632 [INFO] PluginManager:220 - loadIPPluginJar : add gpio
2023-12-31 18:30:39,636 [INFO] IPUIPlugin:80 - create IPUIPlugin
2023-12-31 18:30:39,636 [INFO] PluginManager:220 - loadIPPluginJar : add gtzc
2023-12-31 18:30:39,639 [INFO] IPUIPlugin:80 - create IPUIPlugin
2023-12-31 18:30:39,639 [INFO] PluginManager:220 - loadIPPluginJar : add hash
2023-12-31 18:30:39,643 [INFO] IPUIPlugin:80 - create IPUIPlugin
2023-12-31 18:30:39,643 [INFO] PluginManager:220 - loadIPPluginJar : add i2c
2023-12-31 18:30:39,646 [INFO] IPUIPlugin:80 - create IPUIPlugin
2023-12-31 18:30:39,647 [INFO] PluginManager:220 - loadIPPluginJar : add i2s
2023-12-31 18:30:39,650 [INFO] IPUIPlugin:80 - create IPUIPlugin
2023-12-31 18:30:39,650 [INFO] PluginManager:220 - loadIPPluginJar : add i3c
2023-12-31 18:30:39,654 [INFO] IPUIPlugin:80 - create IPUIPlugin
2023-12-31 18:30:39,654 [INFO] PluginManager:220 - loadIPPluginJar : add ipddr
2023-12-31 18:30:39,663 [INFO] IPUIPlugin:80 - create IPUIPlugin
2023-12-31 18:30:39,663 [INFO] PluginManager:220 - loadIPPluginJar : add linkedlist
2023-12-31 18:30:39,667 [INFO] IPUIPlugin:80 - create IPUIPlugin
2023-12-31 18:30:39,667 [INFO] PluginManager:220 - loadIPPluginJar : add lorawan
2023-12-31 18:30:39,670 [INFO] IPUIPlugin:80 - create IPUIPlugin
2023-12-31 18:30:39,670 [INFO] PluginManager:220 - loadIPPluginJar : add ltdc
2023-12-31 18:30:39,676 [INFO] IPUIPlugin:80 - create IPUIPlugin
2023-12-31 18:30:39,677 [INFO] PluginManager:220 - loadIPPluginJar : add mdma
2023-12-31 18:30:39,681 [INFO] IPUIPlugin:80 - create IPUIPlugin
2023-12-31 18:30:39,681 [INFO] PluginManager:220 - loadIPPluginJar : add nvic
2023-12-31 18:30:39,685 [INFO] IPUIPlugin:80 - create IPUIPlugin
2023-12-31 18:30:39,685 [INFO] PluginManager:220 - loadIPPluginJar : add opamp
2023-12-31 18:30:39,689 [INFO] IPUIPlugin:80 - create IPUIPlugin
2023-12-31 18:30:39,689 [INFO] PluginManager:220 - loadIPPluginJar : add openamp
2023-12-31 18:30:39,695 [INFO] IPUIPlugin:80 - create IPUIPlugin
2023-12-31 18:30:39,695 [INFO] PluginManager:220 - loadIPPluginJar : add pdm2pcm
2023-12-31 18:30:39,702 [INFO] IPUIPlugin:80 - create IPUIPlugin
2023-12-31 18:30:39,703 [INFO] PluginManager:220 - loadIPPluginJar : add plateformsettings
2023-12-31 18:30:39,706 [INFO] IPUIPlugin:80 - create IPUIPlugin
2023-12-31 18:30:39,706 [INFO] PluginManager:220 - loadIPPluginJar : add quadspi
2023-12-31 18:30:39,711 [INFO] IPUIPlugin:80 - create IPUIPlugin
2023-12-31 18:30:39,711 [INFO] PluginManager:220 - loadIPPluginJar : add resmgrutility
2023-12-31 18:30:39,715 [INFO] IPUIPlugin:80 - create IPUIPlugin
2023-12-31 18:30:39,715 [INFO] PluginManager:220 - loadIPPluginJar : add sai
2023-12-31 18:30:39,717 [INFO] IPUIPlugin:80 - create IPUIPlugin
2023-12-31 18:30:39,718 [INFO] PluginManager:220 - loadIPPluginJar : add spi
2023-12-31 18:30:39,722 [INFO] IPUIPlugin:80 - create IPUIPlugin
2023-12-31 18:30:39,722 [INFO] PluginManager:220 - loadIPPluginJar : add stm32_wpan
2023-12-31 18:30:39,725 [INFO] IPUIPlugin:80 - create IPUIPlugin
2023-12-31 18:30:39,725 [INFO] PluginManager:220 - loadIPPluginJar : add tim
2023-12-31 18:30:39,729 [INFO] IPUIPlugin:80 - create IPUIPlugin
2023-12-31 18:30:39,729 [INFO] PluginManager:220 - loadIPPluginJar : add touchsensing
2023-12-31 18:30:39,731 [INFO] IPUIPlugin:80 - create IPUIPlugin
2023-12-31 18:30:39,731 [INFO] PluginManager:220 - loadIPPluginJar : add tracer_emb
2023-12-31 18:30:39,734 [INFO] IPUIPlugin:80 - create IPUIPlugin
2023-12-31 18:30:39,734 [INFO] PluginManager:220 - loadIPPluginJar : add ts
2023-12-31 18:30:39,736 [INFO] IPUIPlugin:80 - create IPUIPlugin
2023-12-31 18:30:39,736 [INFO] PluginManager:220 - loadIPPluginJar : add tsc
2023-12-31 18:30:39,738 [INFO] IPUIPlugin:80 - create IPUIPlugin
2023-12-31 18:30:39,738 [INFO] PluginManager:220 - loadIPPluginJar : add ucpd
2023-12-31 18:30:39,741 [INFO] IPUIPlugin:80 - create IPUIPlugin
2023-12-31 18:30:39,741 [INFO] PluginManager:220 - loadIPPluginJar : add usart
2023-12-31 18:30:39,744 [INFO] IPUIPlugin:80 - create IPUIPlugin
2023-12-31 18:30:39,744 [INFO] PluginManager:220 - loadIPPluginJar : add usbx
2023-12-31 18:30:39,859 [INFO] CADModel:165 - CPN selected for project level
2023-12-31 18:30:39,859 [INFO] CADModel:114 - Register for checkConnection events
2023-12-31 18:30:39,859 [FATAL] Updater:308 - Updater called before beeing initialized
2023-12-31 18:30:39,859 [ERROR] CADModel:125 - Updater not yet initialized, retry later 
2023-12-31 18:30:39,965 [INFO] CADModel:165 - CPN selected for project level
2023-12-31 18:30:39,965 [INFO] CADModel:114 - Register for checkConnection events
2023-12-31 18:30:39,965 [FATAL] Updater:308 - Updater called before beeing initialized
2023-12-31 18:30:39,965 [ERROR] CADModel:125 - Updater not yet initialized, retry later 
2023-12-31 18:30:39,968 [FATAL] Updater:308 - Updater called before beeing initialized
2023-12-31 18:30:40,049 [FATAL] Updater:308 - Updater called before beeing initialized
2023-12-31 18:30:40,056 [INFO] DbMcusAds:53 - JSON generation date=Wed Nov 29 13:52:27 TRT 2023 (1701255147349)
2023-12-31 18:30:40,056 [FATAL] Updater:308 - Updater called before beeing initialized
2023-12-31 18:30:40,087 [WARN] DetailPanel:346 - Failed to get advertising image, set to default
2023-12-31 18:30:40,163 [FATAL] Updater:308 - Updater called before beeing initialized
2023-12-31 18:30:40,164 [FATAL] Updater:308 - Updater called before beeing initialized
2023-12-31 18:30:40,165 [FATAL] Updater:308 - Updater called before beeing initialized
2023-12-31 18:30:40,165 [WARN] DetailPanel:346 - Failed to get advertising image, set to default
2023-12-31 18:30:40,165 [FATAL] Updater:308 - Updater called before beeing initialized
2023-12-31 18:30:40,227 [ERROR] Updater:1120 - MainUpdater not yet initialized. External WinMGr cannot be set.
2023-12-31 18:30:40,230 [INFO] Updater:1056 - Updater Version found : 6.10.0
2023-12-31 18:30:40,263 [INFO] ApplicationProperties:184 - Using Application install path: C:\ST\STM32CubeIDE_1.12.0\STM32CubeIDE\plugins\com.st.stm32cube.common.mx_6.10.0.202311202037
2023-12-31 18:30:41,930 [ERROR] LogOutputStream:75 - [STDERR_REDIRECT] Dec 31, 2023 6:30:41 PM java.util.prefs.WindowsPreferences <init>
2023-12-31 18:30:41,932 [ERROR] LogOutputStream:75 - [STDERR_REDIRECT] WARNING: Could not open/create prefs root node Software\JavaSoft\Prefs at root 0xffffffff80000002. Windows RegCreateKeyEx(...) returned error code 5.
2023-12-31 18:30:41,932 [ERROR] LogOutputStream:75 - [STDERR_REDIRECT] 
2023-12-31 18:30:42,020 [INFO] ThirdPartyUpdaterWithRetryManager:70 - Updater plugin not ready yet. [2/15]
2023-12-31 18:30:44,314 [INFO] MainUpdater:2873 - connection check result : 10
2023-12-31 18:30:44,315 [INFO] MainUpdater:290 - Updater Check For Update Now.
2023-12-31 18:30:44,315 [INFO] MicroXplorer:498 - Change Database Version : DB.6.0.100
2023-12-31 18:30:44,321 [INFO] McuFinderGlobals:63 - Set McuFinder mode to 2 (CubeIDE integrated)
2023-12-31 18:30:44,336 [INFO] UserAuth:404 - Internet connection configuration mode: 1
2023-12-31 18:30:44,370 [INFO] JxBrowserEngine:152 - Initiate JxBrowser Engine with user profile folder
2023-12-31 18:30:44,525 [INFO] CheckServerUpdateThread:120 - End of CheckServer Thread
2023-12-31 18:30:45,413 [WARN] PackLoader:240 - Cannot read IP mode file for STMicroelectronics.X-CUBE-SMBUS.2.1.0
2023-12-31 18:30:45,428 [WARN] PackLoader:240 - Cannot read IP mode file for STMicroelectronics.X-CUBE-TOUCHGFX.4.23.0
2023-12-31 18:30:45,488 [WARN] PackLoader:240 - Cannot read IP mode file for STMicroelectronics.X-CUBE-AZRTOS-F7.1.1.0
2023-12-31 18:30:45,544 [WARN] PackLoader:240 - Cannot read IP mode file for STMicroelectronics.FP-SNS-MOTENV1.4.3.2
2023-12-31 18:30:45,586 [WARN] PackLoader:240 - Cannot read IP mode file for STMicroelectronics.X-CUBE-BLE1.6.2.4
2023-12-31 18:30:45,614 [WARN] PackLoader:240 - Cannot read IP mode file for STMicroelectronics.FP-SNS-FLIGHT1.5.0.2
2023-12-31 18:30:45,643 [WARN] PackLoader:240 - Cannot read IP mode file for STMicroelectronics.X-CUBE-DISPLAY.3.0.0
2023-12-31 18:30:45,680 [WARN] PackLoader:240 - Cannot read IP mode file for STMicroelectronics.X-CUBE-BLE1.7.0.0
2023-12-31 18:30:45,707 [WARN] PackLoader:240 - Cannot read IP mode file for emotas.I-CUBE-CANOPEN.1.3.0
2023-12-31 18:30:45,724 [WARN] PackLoader:240 - Cannot read IP mode file for STMicroelectronics.X-CUBE-TOUCHGFX.4.22.0
2023-12-31 18:30:45,742 [WARN] PackLoader:240 - Cannot read IP mode file for STMicroelectronics.X-CUBE-TOUCHGFX.4.22.1
2023-12-31 18:30:45,759 [WARN] PackLoader:240 - Cannot read IP mode file for STMicroelectronics.FP-SNS-SMARTAG2.1.2.0
2023-12-31 18:30:45,788 [INFO] LogOutputStream:77 - [STDOUT_REDIRECT] 1 : Invalid condition id : UX_CORESTACK_Condition cause : null
2023-12-31 18:30:45,789 [INFO] LogOutputStream:77 - [STDOUT_REDIRECT] 1 : Invalid condition id : UX_CORESTACK_Condition cause : null
2023-12-31 18:30:45,790 [INFO] LogOutputStream:77 - [STDOUT_REDIRECT] 1 : Invalid condition id : UX_CORESTACK_Condition cause : null
2023-12-31 18:30:45,791 [INFO] LogOutputStream:77 - [STDOUT_REDIRECT] 1 : Invalid condition id : UX_CORESTACK_Condition cause : null
2023-12-31 18:30:45,794 [INFO] LogOutputStream:77 - [STDOUT_REDIRECT] 1 : Invalid condition id : UX_CORESTACK_Condition cause : null
2023-12-31 18:30:45,801 [WARN] PackLoader:240 - Cannot read IP mode file for STMicroelectronics.X-CUBE-AZRTOS-WL.2.0.0
2023-12-31 18:30:45,821 [WARN] PackLoader:240 - Cannot read IP mode file for WES.I-CUBE-Cesium.1.3.0
2023-12-31 18:30:45,834 [WARN] PackLoader:240 - Cannot read IP mode file for STMicroelectronics.X-CUBE-BLE2.3.3.0
2023-12-31 18:30:45,854 [WARN] PackLoader:240 - Cannot read IP mode file for STMicroelectronics.X-CUBE-ALGOBUILD.1.3.0
2023-12-31 18:30:45,875 [INFO] WebApp:161 - Instantiating new browser for Auth
2023-12-31 18:30:45,915 [WARN] PackLoader:240 - Cannot read IP mode file for STMicroelectronics.X-CUBE-AZRTOS-G0.1.1.0
2023-12-31 18:30:45,945 [WARN] PackLoader:240 - Cannot read IP mode file for STMicroelectronics.X-CUBE-NFC4.3.0.0
2023-12-31 18:30:45,967 [WARN] PackLoader:240 - Cannot read IP mode file for STMicroelectronics.X-CUBE-BLEMGR.3.0.0
2023-12-31 18:30:45,985 [WARN] PackLoader:240 - Cannot read IP mode file for STMicroelectronics.FP-ATR-SIGFOX1.3.2.0
2023-12-31 18:30:46,146 [WARN] PackLoader:240 - Cannot read IP mode file for SEGGER.I-CUBE-embOS.1.3.1
2023-12-31 18:30:46,329 [WARN] PackLoader:240 - Cannot read IP mode file for STMicroelectronics.X-CUBE-GNSS1.6.0.0
2023-12-31 18:30:46,400 [WARN] PackLoader:240 - Cannot read IP mode file for STMicroelectronics.X-CUBE-AZRTOS-F4.1.1.0
2023-12-31 18:30:46,440 [WARN] PackLoader:240 - Cannot read IP mode file for wolfSSL.I-CUBE-wolfSSL.5.6.3
2023-12-31 18:30:46,611 [WARN] PackLoader:240 - Cannot read IP mode file for STMicroelectronics.X-CUBE-AZRTOS-L5.2.0.0
2023-12-31 18:30:46,944 [WARN] PackLoader:240 - Cannot read IP mode file for STMicroelectronics.X-CUBE-MEMS1.9.6.0
2023-12-31 18:30:47,219 [WARN] PackLoader:240 - Cannot read IP mode file for STMicroelectronics.X-CUBE-EEPRMA1.4.2.0
2023-12-31 18:30:47,244 [WARN] PackLoader:240 - Cannot read IP mode file for ITTIA_DB.I-CUBE-ITTIADB.8.8.0
2023-12-31 18:30:47,275 [WARN] PackLoader:240 - Cannot read IP mode file for STMicroelectronics.X-CUBE-BLEMGR.2.0.0
2023-12-31 18:30:47,371 [WARN] ConditionMgr:438 - getConditionDescription Invalid condition id : UX DEVICE CLASS RTOS Condition cause : null
2023-12-31 18:30:47,371 [WARN] ConditionMgr:438 - getConditionDescription Invalid condition id : UX DEVICE CLASS RTOS Condition cause : null
2023-12-31 18:30:47,376 [WARN] PackLoader:240 - Cannot read IP mode file for STMicroelectronics.X-CUBE-AZRTOS-H7.3.1.0
2023-12-31 18:30:47,379 [WARN] ConditionMgr:1039 - genDependencies : Invalid condition id : UX DEVICE CLASS RTOS Condition cause : null
2023-12-31 18:30:47,379 [WARN] ConditionMgr:1039 - genDependencies : Invalid condition id : UX DEVICE CLASS RTOS Condition cause : null
2023-12-31 18:30:47,380 [WARN] ConditionMgr:1039 - genDependencies : Invalid condition id : UX DEVICE CLASS RTOS Condition cause : null
2023-12-31 18:30:47,381 [WARN] ConditionMgr:1039 - genDependencies : Invalid condition id : UX DEVICE CLASS RTOS Condition cause : null
2023-12-31 18:30:47,381 [WARN] ConditionMgr:1039 - genDependencies : Invalid condition id : UX DEVICE CLASS RTOS Condition cause : null
2023-12-31 18:30:47,405 [WARN] PackLoader:240 - Cannot read IP mode file for STMicroelectronics.X-CUBE-NFC7.1.0.1
2023-12-31 18:30:47,421 [INFO] WebApp:780 - Register for checkConnection events
2023-12-31 18:30:47,421 [INFO] WebApp:414 - Apply proxy settings
2023-12-31 18:30:47,429 [INFO] WebApp:499 - Chromium requires no authentication
2023-12-31 18:30:47,434 [WARN] PackLoader:240 - Cannot read IP mode file for STMicroelectronics.X-CUBE-NFC6.3.0.0
2023-12-31 18:30:47,445 [INFO] WebApp:442 - Direct internet connection detected
2023-12-31 18:30:47,455 [WARN] PackLoader:240 - Cannot read IP mode file for STMicroelectronics.X-CUBE-EEPRMA1.4.1.0
2023-12-31 18:30:47,468 [WARN] PackLoader:240 - Cannot read IP mode file for STMicroelectronics.X-CUBE-AI.8.1.0
2023-12-31 18:30:47,543 [WARN] ConditionMgr:438 - getConditionDescription Invalid condition id : LAN8742 Phy interface Condition cause : null
2023-12-31 18:30:47,544 [WARN] PackLoader:240 - Cannot read IP mode file for STMicroelectronics.X-CUBE-AZRTOS-L4.2.0.0
2023-12-31 18:30:47,545 [WARN] ConditionMgr:1039 - genDependencies : Invalid condition id : LAN8742 Phy interface Condition cause : null
2023-12-31 18:30:47,545 [WARN] ConditionMgr:1039 - genDependencies : Invalid condition id : LAN8742 Phy interface Condition cause : null
2023-12-31 18:30:47,546 [WARN] ConditionMgr:1039 - genDependencies : Invalid condition id : LAN8742 Phy interface Condition cause : null
2023-12-31 18:30:47,593 [WARN] PackLoader:240 - Cannot read IP mode file for STMicroelectronics.X-CUBE-SFXS2LP1.4.0.0
2023-12-31 18:30:47,614 [WARN] PackLoader:240 - Cannot read IP mode file for STMicroelectronics.X-CUBE-ISPU.1.1.0
2023-12-31 18:30:47,661 [WARN] ConditionMgr:438 - getConditionDescription Invalid condition id : UX DEVICE CLASS RTOS Condition cause : null
2023-12-31 18:30:47,662 [WARN] ConditionMgr:438 - getConditionDescription Invalid condition id : UX DEVICE CLASS RTOS Condition cause : null
2023-12-31 18:30:47,666 [WARN] PackLoader:240 - Cannot read IP mode file for STMicroelectronics.X-CUBE-AZRTOS-WB.2.0.0
2023-12-31 18:30:47,666 [WARN] ConditionMgr:1039 - genDependencies : Invalid condition id : UX DEVICE CLASS RTOS Condition cause : null
2023-12-31 18:30:47,667 [WARN] ConditionMgr:1039 - genDependencies : Invalid condition id : UX DEVICE CLASS RTOS Condition cause : null
2023-12-31 18:30:47,667 [WARN] ConditionMgr:1039 - genDependencies : Invalid condition id : UX DEVICE CLASS RTOS Condition cause : null
2023-12-31 18:30:47,668 [WARN] ConditionMgr:1039 - genDependencies : Invalid condition id : UX DEVICE CLASS RTOS Condition cause : null
2023-12-31 18:30:47,668 [WARN] ConditionMgr:1039 - genDependencies : Invalid condition id : UX DEVICE CLASS RTOS Condition cause : null
2023-12-31 18:30:47,719 [WARN] PackLoader:240 - Cannot read IP mode file for STMicroelectronics.X-CUBE-FREERTOS.1.0.1
2023-12-31 18:30:47,802 [WARN] PackLoader:240 - Cannot read IP mode file for STMicroelectronics.X-CUBE-AZRTOS-L5.1.1.0
2023-12-31 18:30:47,823 [WARN] PackLoader:240 - Cannot read IP mode file for STMicroelectronics.X-CUBE-AI.8.0.1
2023-12-31 18:30:47,847 [WARN] PackLoader:240 - Cannot read IP mode file for STMicroelectronics.X-CUBE-SUBG2.5.0.0
2023-12-31 18:30:47,847 [INFO] WebApp:192 - Starting web application
2023-12-31 18:30:47,847 [INFO] WebApp:544 - Web application path used C:\ST\STM32CubeIDE_1.12.0\STM32CubeIDE\plugins\com.st.stm32cube.common.mx_6.10.0.202311202037\db\plugins\mcufinder\reactClient1\index.html
2023-12-31 18:30:47,902 [WARN] PackLoader:240 - Cannot read IP mode file for STMicroelectronics.X-CUBE-TOF1.3.3.1
2023-12-31 18:30:47,969 [WARN] PackLoader:240 - Cannot read IP mode file for STMicroelectronics.X-CUBE-AZRTOS-G4.2.0.0
2023-12-31 18:30:48,406 [WARN] PackLoader:240 - Cannot read IP mode file for Infineon.AIROC-Wi-Fi-Bluetooth-STM32.1.5.1
2023-12-31 18:30:48,448 [WARN] PackLoader:240 - Cannot read IP mode file for STMicroelectronics.FP-SNS-MOTENVWB1.1.3.0
2023-12-31 18:30:48,458 [WARN] PackLoader:240 - Cannot read IP mode file for STMicroelectronics.FP-SNS-MOTENVWB1.1.3.1
2023-12-31 18:30:48,555 [WARN] PackLoader:240 - Cannot read IP mode file for STMicroelectronics.X-CUBE-ISPU.2.0.0
2023-12-31 18:30:48,660 [WARN] PackLoader:240 - Cannot read IP mode file for STMicroelectronics.X-CUBE-MEMS1.10.0.0
2023-12-31 18:30:48,793 [WARN] PackLoader:240 - Cannot read IP mode file for STMicroelectronics.X-CUBE-FREERTOS.1.1.0
2023-12-31 18:30:48,810 [WARN] PackLoader:240 - Cannot read IP mode file for portGmbH.I-Cube-SoM-uGOAL.1.1.0
2023-12-31 18:30:48,830 [WARN] PackLoader:240 - Cannot read IP mode file for STMicroelectronics.X-CUBE-ALS.1.0.1
2023-12-31 18:30:48,865 [WARN] PackLoader:240 - Cannot read IP mode file for STMicroelectronics.X-CUBE-AZRTOS-WB.1.1.0
2023-12-31 18:30:48,889 [WARN] PackLoader:240 - Cannot read IP mode file for STMicroelectronics.FP-ATR-ASTRA1.2.0.0
2023-12-31 18:30:48,912 [WARN] PackLoader:240 - Cannot read IP mode file for STMicroelectronics.X-CUBE-TOF1.3.4.0
2023-12-31 18:30:48,970 [WARN] PackLoader:240 - Cannot read IP mode file for STMicroelectronics.X-CUBE-AZRTOS-H7.3.2.0
2023-12-31 18:30:48,975 [INFO] ThirdParty:978 - Integrity check success = true
2023-12-31 18:30:48,975 [INFO] IntegrityCheckThread:100 - exiting critical section [integrity check]
2023-12-31 18:30:48,976 [INFO] IntegrityCheckThread:103 - End integrity checks thread
2023-12-31 19:53:03,047 [ERROR] LogOutputStream:75 - [STDERR_REDIRECT] 
2023-12-31 19:53:03,049 [ERROR] LogOutputStream:75 - [STDERR_REDIRECT] 
